<?xml version="1.0" encoding="UTF-8"?>
<coverage generated="1527066996663" clover="3.2.0">
  <project timestamp="1527066996663" name="All files">
    <metrics statements="1556" coveredstatements="758" conditionals="726" coveredconditionals="273" methods="560" coveredmethods="269" elements="2842" coveredelements="1300" complexity="0" loc="1556" ncloc="1556" packages="42" files="163" classes="163">
      <package name="src">
        <metrics statements="11" coveredstatements="9" conditionals="4" coveredconditionals="3" methods="0" coveredmethods="0"/>
        <file name="axios.js" path="/Users/jordy/Projects/coinaly-app/src/axios.js">
          <metrics statements="11" coveredstatements="9" conditionals="4" coveredconditionals="3" methods="0" coveredmethods="0"/>
          <line num="1" count="41" type="stmt"/>
          <line num="2" count="41" type="stmt"/>
          <line num="6" count="41" type="cond" truecount="2" falsecount="0"/>
          <line num="7" count="1" type="stmt"/>
          <line num="9" count="40" type="stmt"/>
          <line num="12" count="41" type="stmt"/>
          <line num="17" count="41" type="cond" truecount="1" falsecount="1"/>
          <line num="18" count="0" type="stmt"/>
          <line num="19" count="0" type="stmt"/>
          <line num="21" count="41" type="stmt"/>
          <line num="24" count="41" type="stmt"/>
        </file>
      </package>
      <package name="src.api">
        <metrics statements="37" coveredstatements="33" conditionals="7" coveredconditionals="2" methods="36" coveredmethods="32"/>
        <file name="auth.js" path="/Users/jordy/Projects/coinaly-app/src/api/auth.js">
          <metrics statements="8" coveredstatements="8" conditionals="0" coveredconditionals="0" methods="8" coveredmethods="8"/>
          <line num="4" count="5" type="stmt"/>
          <line num="8" count="2" type="stmt"/>
          <line num="12" count="2" type="stmt"/>
          <line num="15" count="2" type="stmt"/>
          <line num="19" count="2" type="stmt"/>
          <line num="22" count="2" type="stmt"/>
          <line num="26" count="2" type="stmt"/>
          <line num="30" count="2" type="stmt"/>
        </file>
        <file name="balances.js" path="/Users/jordy/Projects/coinaly-app/src/api/balances.js">
          <metrics statements="3" coveredstatements="3" conditionals="3" coveredconditionals="1" methods="2" coveredmethods="2"/>
          <line num="4" count="2" type="cond" truecount="1" falsecount="1"/>
          <line num="6" count="2" type="stmt"/>
          <line num="7" count="2" type="stmt"/>
        </file>
        <file name="deposits.js" path="/Users/jordy/Projects/coinaly-app/src/api/deposits.js">
          <metrics statements="2" coveredstatements="2" conditionals="1" coveredconditionals="1" methods="2" coveredmethods="2"/>
          <line num="4" count="2" type="stmt"/>
          <line num="10" count="2" type="stmt"/>
        </file>
        <file name="exchanges.js" path="/Users/jordy/Projects/coinaly-app/src/api/exchanges.js">
          <metrics statements="2" coveredstatements="2" conditionals="0" coveredconditionals="0" methods="2" coveredmethods="2"/>
          <line num="4" count="2" type="stmt"/>
          <line num="5" count="2" type="stmt"/>
        </file>
        <file name="keys.js" path="/Users/jordy/Projects/coinaly-app/src/api/keys.js">
          <metrics statements="6" coveredstatements="4" conditionals="0" coveredconditionals="0" methods="6" coveredmethods="4"/>
          <line num="4" count="2" type="stmt"/>
          <line num="5" count="2" type="stmt"/>
          <line num="9" count="2" type="stmt"/>
          <line num="14" count="2" type="stmt"/>
          <line num="18" count="0" type="stmt"/>
          <line num="23" count="0" type="stmt"/>
        </file>
        <file name="markets.js" path="/Users/jordy/Projects/coinaly-app/src/api/markets.js">
          <metrics statements="4" coveredstatements="4" conditionals="2" coveredconditionals="0" methods="4" coveredmethods="4"/>
          <line num="4" count="2" type="stmt"/>
          <line num="9" count="2" type="stmt"/>
          <line num="13" count="1" type="stmt"/>
          <line num="20" count="1" type="stmt"/>
        </file>
        <file name="orders.js" path="/Users/jordy/Projects/coinaly-app/src/api/orders.js">
          <metrics statements="2" coveredstatements="2" conditionals="0" coveredconditionals="0" methods="2" coveredmethods="2"/>
          <line num="4" count="2" type="stmt"/>
          <line num="5" count="2" type="stmt"/>
        </file>
        <file name="prices.js" path="/Users/jordy/Projects/coinaly-app/src/api/prices.js">
          <metrics statements="2" coveredstatements="2" conditionals="0" coveredconditionals="0" methods="2" coveredmethods="2"/>
          <line num="4" count="2" type="stmt"/>
          <line num="5" count="2" type="stmt"/>
        </file>
        <file name="symbols.js" path="/Users/jordy/Projects/coinaly-app/src/api/symbols.js">
          <metrics statements="2" coveredstatements="2" conditionals="1" coveredconditionals="0" methods="2" coveredmethods="2"/>
          <line num="4" count="2" type="stmt"/>
          <line num="5" count="2" type="stmt"/>
        </file>
        <file name="users.js" path="/Users/jordy/Projects/coinaly-app/src/api/users.js">
          <metrics statements="6" coveredstatements="4" conditionals="0" coveredconditionals="0" methods="6" coveredmethods="4"/>
          <line num="4" count="2" type="stmt"/>
          <line num="9" count="2" type="stmt"/>
          <line num="13" count="2" type="stmt"/>
          <line num="14" count="2" type="stmt"/>
          <line num="18" count="0" type="stmt"/>
          <line num="19" count="0" type="stmt"/>
        </file>
      </package>
      <package name="src.components">
        <metrics statements="94" coveredstatements="53" conditionals="56" coveredconditionals="35" methods="44" coveredmethods="26"/>
        <file name="BalancesSummary.vue" path="/Users/jordy/Projects/coinaly-app/src/components/BalancesSummary.vue">
          <metrics statements="6" coveredstatements="5" conditionals="6" coveredconditionals="3" methods="2" coveredmethods="2"/>
          <line num="11" count="2" type="stmt"/>
          <line num="22" count="3" type="cond" truecount="1" falsecount="1"/>
          <line num="23" count="3" type="stmt"/>
          <line num="26" count="3" type="cond" truecount="2" falsecount="2"/>
          <line num="27" count="0" type="stmt"/>
          <line num="29" count="3" type="stmt"/>
        </file>
        <file name="EmptyState.vue" path="/Users/jordy/Projects/coinaly-app/src/components/EmptyState.vue">
          <metrics statements="1" coveredstatements="1" conditionals="0" coveredconditionals="0" methods="1" coveredmethods="1"/>
          <line num="19" count="1" type="stmt"/>
        </file>
        <file name="ExchangeStatus.vue" path="/Users/jordy/Projects/coinaly-app/src/components/ExchangeStatus.vue">
          <metrics statements="6" coveredstatements="5" conditionals="6" coveredconditionals="4" methods="2" coveredmethods="2"/>
          <line num="10" count="1" type="stmt"/>
          <line num="21" count="2" type="cond" truecount="1" falsecount="1"/>
          <line num="22" count="0" type="stmt"/>
          <line num="25" count="1" type="cond" truecount="1" falsecount="1"/>
          <line num="26" count="1" type="cond" truecount="2" falsecount="0"/>
          <line num="27" count="1" type="stmt"/>
        </file>
        <file name="Icon.vue" path="/Users/jordy/Projects/coinaly-app/src/components/Icon.vue">
          <metrics statements="2" coveredstatements="2" conditionals="4" coveredconditionals="4" methods="2" coveredmethods="2"/>
          <line num="13" count="4" type="cond" truecount="2" falsecount="0"/>
          <line num="16" count="4" type="cond" truecount="2" falsecount="0"/>
        </file>
        <file name="Logo.vue" path="/Users/jordy/Projects/coinaly-app/src/components/Logo.vue">
          <metrics statements="3" coveredstatements="3" conditionals="6" coveredconditionals="6" methods="3" coveredmethods="3"/>
          <line num="26" count="8" type="cond" truecount="2" falsecount="0"/>
          <line num="29" count="9" type="cond" truecount="2" falsecount="0"/>
          <line num="32" count="9" type="cond" truecount="2" falsecount="0"/>
        </file>
        <file name="NavBar.vue" path="/Users/jordy/Projects/coinaly-app/src/components/NavBar.vue">
          <metrics statements="13" coveredstatements="13" conditionals="8" coveredconditionals="7" methods="3" coveredmethods="3"/>
          <line num="26" count="2" type="stmt"/>
          <line num="27" count="2" type="stmt"/>
          <line num="28" count="2" type="stmt"/>
          <line num="29" count="2" type="stmt"/>
          <line num="30" count="2" type="stmt"/>
          <line num="31" count="2" type="stmt"/>
          <line num="42" count="6" type="stmt"/>
          <line num="50" count="32" type="cond" truecount="2" falsecount="0"/>
          <line num="53" count="17" type="cond" truecount="3" falsecount="1"/>
          <line num="54" count="17" type="stmt"/>
          <line num="55" count="17" type="cond" truecount="2" falsecount="0"/>
          <line num="56" count="9" type="stmt"/>
          <line num="59" count="8" type="stmt"/>
        </file>
        <file name="OrdersTimeline.vue" path="/Users/jordy/Projects/coinaly-app/src/components/OrdersTimeline.vue">
          <metrics statements="5" coveredstatements="3" conditionals="2" coveredconditionals="0" methods="2" coveredmethods="0"/>
          <line num="34" count="1" type="stmt"/>
          <line num="35" count="1" type="stmt"/>
          <line num="36" count="1" type="stmt"/>
          <line num="45" count="0" type="stmt"/>
          <line num="54" count="0" type="cond" truecount="0" falsecount="2"/>
        </file>
        <file name="PercentageBadge.vue" path="/Users/jordy/Projects/coinaly-app/src/components/PercentageBadge.vue">
          <metrics statements="5" coveredstatements="5" conditionals="4" coveredconditionals="4" methods="1" coveredmethods="1"/>
          <line num="16" count="15" type="cond" truecount="2" falsecount="0"/>
          <line num="17" count="6" type="stmt"/>
          <line num="18" count="9" type="cond" truecount="2" falsecount="0"/>
          <line num="19" count="2" type="stmt"/>
          <line num="21" count="7" type="stmt"/>
        </file>
        <file name="Search.vue" path="/Users/jordy/Projects/coinaly-app/src/components/Search.vue">
          <metrics statements="3" coveredstatements="3" conditionals="2" coveredconditionals="2" methods="3" coveredmethods="3"/>
          <line num="20" count="6" type="stmt"/>
          <line num="26" count="8" type="cond" truecount="2" falsecount="0"/>
          <line num="31" count="1" type="stmt"/>
        </file>
        <file name="SelectMarketQuote.vue" path="/Users/jordy/Projects/coinaly-app/src/components/SelectMarketQuote.vue">
          <metrics statements="8" coveredstatements="0" conditionals="0" coveredconditionals="0" methods="6" coveredmethods="0"/>
          <line num="26" count="0" type="stmt"/>
          <line num="27" count="0" type="stmt"/>
          <line num="44" count="0" type="stmt"/>
          <line num="51" count="0" type="stmt"/>
          <line num="56" count="0" type="stmt"/>
          <line num="59" count="0" type="stmt"/>
          <line num="62" count="0" type="stmt"/>
          <line num="67" count="0" type="stmt"/>
        </file>
        <file name="Sorting.vue" path="/Users/jordy/Projects/coinaly-app/src/components/Sorting.vue">
          <metrics statements="1" coveredstatements="0" conditionals="0" coveredconditionals="0" methods="1" coveredmethods="0"/>
          <line num="13" count="0" type="stmt"/>
        </file>
        <file name="SubNav.vue" path="/Users/jordy/Projects/coinaly-app/src/components/SubNav.vue">
          <metrics statements="1" coveredstatements="1" conditionals="0" coveredconditionals="0" methods="1" coveredmethods="1"/>
          <line num="17" count="1" type="stmt"/>
        </file>
        <file name="SupportChat.vue" path="/Users/jordy/Projects/coinaly-app/src/components/SupportChat.vue">
          <metrics statements="5" coveredstatements="2" conditionals="6" coveredconditionals="4" methods="3" coveredmethods="2"/>
          <line num="20" count="7" type="cond" truecount="2" falsecount="0"/>
          <line num="23" count="7" type="cond" truecount="2" falsecount="0"/>
          <line num="28" count="0" type="cond" truecount="0" falsecount="2"/>
          <line num="29" count="0" type="stmt"/>
          <line num="31" count="0" type="stmt"/>
        </file>
        <file name="TabBar.vue" path="/Users/jordy/Projects/coinaly-app/src/components/TabBar.vue">
          <metrics statements="1" coveredstatements="1" conditionals="0" coveredconditionals="0" methods="0" coveredmethods="0"/>
          <line num="27" count="1" type="stmt"/>
        </file>
        <file name="TradingViewChart.vue" path="/Users/jordy/Projects/coinaly-app/src/components/TradingViewChart.vue">
          <metrics statements="6" coveredstatements="5" conditionals="2" coveredconditionals="1" methods="5" coveredmethods="4"/>
          <line num="26" count="6" type="stmt"/>
          <line num="30" count="1" type="stmt"/>
          <line num="35" count="1" type="cond" truecount="1" falsecount="1"/>
          <line num="38" count="6" type="stmt"/>
          <line num="39" count="6" type="stmt"/>
          <line num="41" count="0" type="stmt"/>
        </file>
        <file name="UpdateBanner.vue" path="/Users/jordy/Projects/coinaly-app/src/components/UpdateBanner.vue">
          <metrics statements="28" coveredstatements="4" conditionals="10" coveredconditionals="0" methods="9" coveredmethods="2"/>
          <line num="12" count="1" type="stmt"/>
          <line num="19" count="4" type="stmt"/>
          <line num="36" count="4" type="stmt"/>
          <line num="37" count="4" type="stmt"/>
          <line num="38" count="0" type="stmt"/>
          <line num="40" count="0" type="cond" truecount="0" falsecount="2"/>
          <line num="41" count="0" type="stmt"/>
          <line num="43" count="0" type="stmt"/>
          <line num="46" count="0" type="cond" truecount="0" falsecount="2"/>
          <line num="47" count="0" type="stmt"/>
          <line num="48" count="0" type="stmt"/>
          <line num="50" count="0" type="cond" truecount="0" falsecount="2"/>
          <line num="52" count="0" type="stmt"/>
          <line num="55" count="0" type="stmt"/>
          <line num="59" count="0" type="stmt"/>
          <line num="63" count="0" type="stmt"/>
          <line num="70" count="0" type="cond" truecount="0" falsecount="2"/>
          <line num="71" count="0" type="stmt"/>
          <line num="73" count="0" type="stmt"/>
          <line num="79" count="0" type="stmt"/>
          <line num="83" count="0" type="stmt"/>
          <line num="84" count="0" type="stmt"/>
          <line num="85" count="0" type="cond" truecount="0" falsecount="2"/>
          <line num="86" count="0" type="stmt"/>
          <line num="87" count="0" type="stmt"/>
          <line num="88" count="0" type="stmt"/>
          <line num="89" count="0" type="stmt"/>
          <line num="91" count="0" type="stmt"/>
        </file>
      </package>
      <package name="src.components.btn">
        <metrics statements="47" coveredstatements="31" conditionals="40" coveredconditionals="31" methods="22" coveredmethods="12"/>
        <file name="Back.vue" path="/Users/jordy/Projects/coinaly-app/src/components/btn/Back.vue">
          <metrics statements="1" coveredstatements="0" conditionals="0" coveredconditionals="0" methods="1" coveredmethods="0"/>
          <line num="14" count="0" type="stmt"/>
        </file>
        <file name="DeleteAccount.vue" path="/Users/jordy/Projects/coinaly-app/src/components/btn/DeleteAccount.vue">
          <metrics statements="13" coveredstatements="7" conditionals="10" coveredconditionals="8" methods="6" coveredmethods="3"/>
          <line num="14" count="2" type="stmt"/>
          <line num="18" count="3" type="stmt"/>
          <line num="27" count="4" type="cond" truecount="2" falsecount="0"/>
          <line num="31" count="12" type="cond" truecount="5" falsecount="1"/>
          <line num="34" count="1" type="stmt"/>
          <line num="36" count="1" type="cond" truecount="1" falsecount="1"/>
          <line num="37" count="1" type="stmt"/>
          <line num="39" count="0" type="stmt"/>
          <line num="45" count="0" type="stmt"/>
          <line num="47" count="0" type="stmt"/>
          <line num="48" count="0" type="stmt"/>
          <line num="49" count="0" type="stmt"/>
          <line num="50" count="0" type="stmt"/>
        </file>
        <file name="Favorite.vue" path="/Users/jordy/Projects/coinaly-app/src/components/btn/Favorite.vue">
          <metrics statements="5" coveredstatements="5" conditionals="8" coveredconditionals="8" methods="2" coveredmethods="2"/>
          <line num="8" count="7" type="stmt"/>
          <line num="22" count="8" type="cond" truecount="2" falsecount="0"/>
          <line num="23" count="6" type="cond" truecount="2" falsecount="0"/>
          <line num="26" count="8" type="cond" truecount="2" falsecount="0"/>
          <line num="27" count="6" type="cond" truecount="2" falsecount="0"/>
        </file>
        <file name="Refresh.vue" path="/Users/jordy/Projects/coinaly-app/src/components/btn/Refresh.vue">
          <metrics statements="5" coveredstatements="1" conditionals="2" coveredconditionals="0" methods="2" coveredmethods="0"/>
          <line num="8" count="3" type="stmt"/>
          <line num="17" count="0" type="cond" truecount="0" falsecount="2"/>
          <line num="18" count="0" type="stmt"/>
          <line num="20" count="0" type="stmt"/>
          <line num="26" count="0" type="stmt"/>
        </file>
        <file name="SelectExchange.vue" path="/Users/jordy/Projects/coinaly-app/src/components/btn/SelectExchange.vue">
          <metrics statements="22" coveredstatements="17" conditionals="20" coveredconditionals="15" methods="11" coveredmethods="7"/>
          <line num="17" count="3" type="stmt"/>
          <line num="22" count="8" type="stmt"/>
          <line num="35" count="20" type="cond" truecount="2" falsecount="0"/>
          <line num="36" count="16" type="cond" truecount="4" falsecount="1"/>
          <line num="37" count="16" type="stmt"/>
          <line num="39" count="16" type="stmt"/>
          <line num="40" count="16" type="cond" truecount="4" falsecount="0"/>
          <line num="41" count="8" type="stmt"/>
          <line num="42" count="16" type="stmt"/>
          <line num="43" count="32" type="cond" truecount="2" falsecount="0"/>
          <line num="44" count="16" type="stmt"/>
          <line num="47" count="16" type="stmt"/>
          <line num="50" count="8" type="stmt"/>
          <line num="56" count="3" type="stmt"/>
          <line num="59" count="0" type="stmt"/>
          <line num="62" count="0" type="stmt"/>
          <line num="65" count="0" type="stmt"/>
          <line num="67" count="20" type="cond" truecount="3" falsecount="0"/>
          <line num="68" count="2" type="stmt"/>
          <line num="69" count="2" type="stmt"/>
          <line num="73" count="0" type="cond" truecount="0" falsecount="4"/>
          <line num="90" count="0" type="stmt"/>
        </file>
        <file name="Settings.vue" path="/Users/jordy/Projects/coinaly-app/src/components/btn/Settings.vue">
          <metrics statements="1" coveredstatements="1" conditionals="0" coveredconditionals="0" methods="0" coveredmethods="0"/>
          <line num="8" count="2" type="stmt"/>
        </file>
      </package>
      <package name="src.components.card">
        <metrics statements="339" coveredstatements="100" conditionals="240" coveredconditionals="46" methods="144" coveredmethods="36"/>
        <file name="BalanceQuoteMarkets.vue" path="/Users/jordy/Projects/coinaly-app/src/components/card/BalanceQuoteMarkets.vue">
          <metrics statements="18" coveredstatements="0" conditionals="10" coveredconditionals="0" methods="7" coveredmethods="0"/>
          <line num="23" count="0" type="stmt"/>
          <line num="24" count="0" type="stmt"/>
          <line num="25" count="0" type="stmt"/>
          <line num="26" count="0" type="stmt"/>
          <line num="27" count="0" type="stmt"/>
          <line num="57" count="0" type="cond" truecount="0" falsecount="4"/>
          <line num="61" count="0" type="stmt"/>
          <line num="62" count="0" type="cond" truecount="0" falsecount="4"/>
          <line num="63" count="0" type="stmt"/>
          <line num="64" count="0" type="stmt"/>
          <line num="65" count="0" type="stmt"/>
          <line num="69" count="0" type="stmt"/>
          <line num="71" count="0" type="stmt"/>
          <line num="72" count="0" type="stmt"/>
          <line num="73" count="0" type="stmt"/>
          <line num="74" count="0" type="stmt"/>
          <line num="78" count="0" type="cond" truecount="0" falsecount="2"/>
          <line num="79" count="0" type="stmt"/>
        </file>
        <file name="Balances.vue" path="/Users/jordy/Projects/coinaly-app/src/components/card/Balances.vue">
          <metrics statements="7" coveredstatements="4" conditionals="7" coveredconditionals="0" methods="2" coveredmethods="0"/>
          <line num="20" count="1" type="stmt"/>
          <line num="21" count="1" type="stmt"/>
          <line num="22" count="1" type="stmt"/>
          <line num="23" count="1" type="stmt"/>
          <line num="47" count="0" type="cond" truecount="0" falsecount="5"/>
          <line num="50" count="0" type="cond" truecount="0" falsecount="2"/>
          <line num="51" count="0" type="stmt"/>
        </file>
        <file name="BaseMarkets.vue" path="/Users/jordy/Projects/coinaly-app/src/components/card/BaseMarkets.vue">
          <metrics statements="43" coveredstatements="0" conditionals="32" coveredconditionals="0" methods="17" coveredmethods="0"/>
          <line num="28" count="0" type="stmt"/>
          <line num="29" count="0" type="stmt"/>
          <line num="30" count="0" type="stmt"/>
          <line num="31" count="0" type="stmt"/>
          <line num="32" count="0" type="stmt"/>
          <line num="33" count="0" type="stmt"/>
          <line num="34" count="0" type="stmt"/>
          <line num="35" count="0" type="stmt"/>
          <line num="47" count="0" type="stmt"/>
          <line num="69" count="0" type="stmt"/>
          <line num="75" count="0" type="cond" truecount="0" falsecount="5"/>
          <line num="78" count="0" type="stmt"/>
          <line num="81" count="0" type="cond" truecount="0" falsecount="2"/>
          <line num="82" count="0" type="stmt"/>
          <line num="84" count="0" type="stmt"/>
          <line num="88" count="0" type="cond" truecount="0" falsecount="2"/>
          <line num="89" count="0" type="stmt"/>
          <line num="90" count="0" type="stmt"/>
          <line num="91" count="0" type="stmt"/>
          <line num="92" count="0" type="stmt"/>
          <line num="95" count="0" type="stmt"/>
          <line num="99" count="0" type="cond" truecount="0" falsecount="2"/>
          <line num="100" count="0" type="stmt"/>
          <line num="104" count="0" type="cond" truecount="0" falsecount="5"/>
          <line num="105" count="0" type="stmt"/>
          <line num="106" count="0" type="cond" truecount="0" falsecount="4"/>
          <line num="107" count="0" type="stmt"/>
          <line num="108" count="0" type="cond" truecount="0" falsecount="4"/>
          <line num="109" count="0" type="stmt"/>
          <line num="111" count="0" type="stmt"/>
          <line num="117" count="0" type="stmt"/>
          <line num="120" count="0" type="stmt"/>
          <line num="123" count="0" type="stmt"/>
          <line num="130" count="0" type="cond" truecount="0" falsecount="2"/>
          <line num="133" count="0" type="cond" truecount="0" falsecount="2"/>
          <line num="136" count="0" type="stmt"/>
          <line num="139" count="0" type="cond" truecount="0" falsecount="2"/>
          <line num="140" count="0" type="stmt"/>
          <line num="143" count="0" type="stmt"/>
          <line num="144" count="0" type="stmt"/>
          <line num="145" count="0" type="cond" truecount="0" falsecount="2"/>
          <line num="146" count="0" type="stmt"/>
          <line num="148" count="0" type="stmt"/>
        </file>
        <file name="CardPartialLoading.vue" path="/Users/jordy/Projects/coinaly-app/src/components/card/CardPartialLoading.vue">
          <metrics statements="1" coveredstatements="1" conditionals="0" coveredconditionals="0" methods="1" coveredmethods="1"/>
          <line num="13" count="3" type="stmt"/>
        </file>
        <file name="CardSelectBalance.vue" path="/Users/jordy/Projects/coinaly-app/src/components/card/CardSelectBalance.vue">
          <metrics statements="13" coveredstatements="6" conditionals="11" coveredconditionals="4" methods="8" coveredmethods="2"/>
          <line num="21" count="1" type="stmt"/>
          <line num="22" count="1" type="stmt"/>
          <line num="23" count="1" type="stmt"/>
          <line num="24" count="1" type="stmt"/>
          <line num="35" count="1" type="stmt"/>
          <line num="47" count="0" type="stmt"/>
          <line num="50" count="2" type="cond" truecount="2" falsecount="0"/>
          <line num="51" count="0" type="stmt"/>
          <line num="56" count="0" type="cond" truecount="0" falsecount="2"/>
          <line num="59" count="0" type="cond" truecount="0" falsecount="2"/>
          <line num="62" count="0" type="stmt"/>
          <line num="65" count="0" type="cond" truecount="0" falsecount="3"/>
          <line num="68" count="0" type="stmt"/>
        </file>
        <file name="CardSelectMarket.vue" path="/Users/jordy/Projects/coinaly-app/src/components/card/CardSelectMarket.vue">
          <metrics statements="8" coveredstatements="8" conditionals="2" coveredconditionals="2" methods="5" coveredmethods="5"/>
          <line num="23" count="1" type="stmt"/>
          <line num="24" count="1" type="stmt"/>
          <line num="44" count="2" type="stmt"/>
          <line num="50" count="5" type="cond" truecount="2" falsecount="0"/>
          <line num="51" count="1" type="stmt"/>
          <line num="54" count="3" type="stmt"/>
          <line num="59" count="1" type="stmt"/>
          <line num="64" count="1" type="stmt"/>
        </file>
        <file name="CardTrade.vue" path="/Users/jordy/Projects/coinaly-app/src/components/card/CardTrade.vue">
          <metrics statements="1" coveredstatements="1" conditionals="0" coveredconditionals="0" methods="1" coveredmethods="1"/>
          <line num="19" count="1" type="stmt"/>
        </file>
        <file name="Chart.vue" path="/Users/jordy/Projects/coinaly-app/src/components/card/Chart.vue">
          <metrics statements="32" coveredstatements="4" conditionals="24" coveredconditionals="0" methods="13" coveredmethods="0"/>
          <line num="15" count="1" type="stmt"/>
          <line num="16" count="1" type="stmt"/>
          <line num="17" count="1" type="stmt"/>
          <line num="18" count="1" type="stmt"/>
          <line num="38" count="0" type="stmt"/>
          <line num="49" count="0" type="cond" truecount="0" falsecount="2"/>
          <line num="53" count="0" type="cond" truecount="0" falsecount="2"/>
          <line num="56" count="0" type="stmt"/>
          <line num="57" count="0" type="cond" truecount="0" falsecount="2"/>
          <line num="60" count="0" type="cond" truecount="0" falsecount="2"/>
          <line num="61" count="0" type="stmt"/>
          <line num="62" count="0" type="cond" truecount="0" falsecount="2"/>
          <line num="64" count="0" type="stmt"/>
          <line num="68" count="0" type="cond" truecount="0" falsecount="2"/>
          <line num="69" count="0" type="stmt"/>
          <line num="70" count="0" type="cond" truecount="0" falsecount="2"/>
          <line num="71" count="0" type="stmt"/>
          <line num="86" count="0" type="stmt"/>
          <line num="89" count="0" type="stmt"/>
          <line num="90" count="0" type="cond" truecount="0" falsecount="2"/>
          <line num="91" count="0" type="stmt"/>
          <line num="92" count="0" type="stmt"/>
          <line num="94" count="0" type="stmt"/>
          <line num="98" count="0" type="cond" truecount="0" falsecount="2"/>
          <line num="99" count="0" type="stmt"/>
          <line num="100" count="0" type="stmt"/>
          <line num="102" count="0" type="stmt"/>
          <line num="108" count="0" type="stmt"/>
          <line num="113" count="0" type="cond" truecount="0" falsecount="2"/>
          <line num="114" count="0" type="stmt"/>
          <line num="125" count="0" type="cond" truecount="0" falsecount="4"/>
          <line num="126" count="0" type="stmt"/>
        </file>
        <file name="Login.vue" path="/Users/jordy/Projects/coinaly-app/src/components/card/Login.vue">
          <metrics statements="23" coveredstatements="14" conditionals="28" coveredconditionals="14" methods="8" coveredmethods="6"/>
          <line num="33" count="2" type="stmt"/>
          <line num="34" count="2" type="stmt"/>
          <line num="45" count="13" type="stmt"/>
          <line num="52" count="13" type="stmt"/>
          <line num="63" count="35" type="cond" truecount="2" falsecount="0"/>
          <line num="66" count="13" type="stmt"/>
          <line num="70" count="80" type="cond" truecount="8" falsecount="0"/>
          <line num="71" count="5" type="stmt"/>
          <line num="73" count="2" type="stmt"/>
          <line num="76" count="2" type="cond" truecount="1" falsecount="1"/>
          <line num="77" count="2" type="cond" truecount="1" falsecount="1"/>
          <line num="78" count="0" type="stmt"/>
          <line num="80" count="2" type="stmt"/>
          <line num="83" count="2" type="stmt"/>
          <line num="86" count="0" type="cond" truecount="0" falsecount="3"/>
          <line num="92" count="0" type="cond" truecount="0" falsecount="3"/>
          <line num="96" count="1" type="cond" truecount="2" falsecount="2"/>
          <line num="97" count="0" type="stmt"/>
          <line num="99" count="0" type="cond" truecount="0" falsecount="2"/>
          <line num="100" count="0" type="stmt"/>
          <line num="101" count="0" type="cond" truecount="0" falsecount="2"/>
          <line num="102" count="0" type="stmt"/>
          <line num="104" count="0" type="stmt"/>
        </file>
        <file name="LoginForgotPassword.vue" path="/Users/jordy/Projects/coinaly-app/src/components/card/LoginForgotPassword.vue">
          <metrics statements="6" coveredstatements="4" conditionals="8" coveredconditionals="1" methods="3" coveredmethods="2"/>
          <line num="47" count="2" type="stmt"/>
          <line num="48" count="2" type="stmt"/>
          <line num="59" count="1" type="stmt"/>
          <line num="66" count="1" type="stmt"/>
          <line num="76" count="0" type="cond" truecount="0" falsecount="6"/>
          <line num="77" count="0" type="stmt"/>
        </file>
        <file name="LoginForgotReset.vue" path="/Users/jordy/Projects/coinaly-app/src/components/card/LoginForgotReset.vue">
          <metrics statements="18" coveredstatements="0" conditionals="14" coveredconditionals="0" methods="5" coveredmethods="0"/>
          <line num="53" count="0" type="stmt"/>
          <line num="54" count="0" type="stmt"/>
          <line num="55" count="0" type="stmt"/>
          <line num="66" count="0" type="stmt"/>
          <line num="77" count="0" type="cond" truecount="0" falsecount="4"/>
          <line num="78" count="0" type="stmt"/>
          <line num="80" count="0" type="stmt"/>
          <line num="85" count="0" type="cond" truecount="0" falsecount="6"/>
          <line num="86" count="0" type="stmt"/>
          <line num="95" count="0" type="cond" truecount="0" falsecount="2"/>
          <line num="96" count="0" type="stmt"/>
          <line num="98" count="0" type="stmt"/>
          <line num="102" count="0" type="stmt"/>
          <line num="103" count="0" type="cond" truecount="0" falsecount="2"/>
          <line num="104" count="0" type="stmt"/>
          <line num="105" count="0" type="stmt"/>
          <line num="107" count="0" type="stmt"/>
          <line num="108" count="0" type="stmt"/>
        </file>
        <file name="Markets.vue" path="/Users/jordy/Projects/coinaly-app/src/components/card/Markets.vue">
          <metrics statements="17" coveredstatements="15" conditionals="7" coveredconditionals="6" methods="7" coveredmethods="5"/>
          <line num="23" count="2" type="stmt"/>
          <line num="24" count="2" type="stmt"/>
          <line num="25" count="2" type="stmt"/>
          <line num="26" count="2" type="stmt"/>
          <line num="27" count="2" type="stmt"/>
          <line num="28" count="2" type="stmt"/>
          <line num="52" count="2" type="cond" truecount="3" falsecount="0"/>
          <line num="55" count="6" type="cond" truecount="2" falsecount="0"/>
          <line num="56" count="2" type="stmt"/>
          <line num="59" count="2" type="stmt"/>
          <line num="63" count="2" type="stmt"/>
          <line num="64" count="4" type="stmt"/>
          <line num="73" count="2" type="stmt"/>
          <line num="76" count="2" type="cond" truecount="1" falsecount="1"/>
          <line num="77" count="2" type="stmt"/>
          <line num="82" count="0" type="stmt"/>
          <line num="85" count="0" type="stmt"/>
        </file>
        <file name="MarketsFavorites.vue" path="/Users/jordy/Projects/coinaly-app/src/components/card/MarketsFavorites.vue">
          <metrics statements="13" coveredstatements="4" conditionals="7" coveredconditionals="0" methods="5" coveredmethods="0"/>
          <line num="24" count="1" type="stmt"/>
          <line num="25" count="1" type="stmt"/>
          <line num="26" count="1" type="stmt"/>
          <line num="27" count="1" type="stmt"/>
          <line num="37" count="0" type="stmt"/>
          <line num="57" count="0" type="cond" truecount="0" falsecount="3"/>
          <line num="62" count="0" type="stmt"/>
          <line num="65" count="0" type="stmt"/>
          <line num="66" count="0" type="cond" truecount="0" falsecount="2"/>
          <line num="67" count="0" type="stmt"/>
          <line num="69" count="0" type="stmt"/>
          <line num="73" count="0" type="cond" truecount="0" falsecount="2"/>
          <line num="74" count="0" type="stmt"/>
        </file>
        <file name="Onboarding.vue" path="/Users/jordy/Projects/coinaly-app/src/components/card/Onboarding.vue">
          <metrics statements="12" coveredstatements="2" conditionals="12" coveredconditionals="0" methods="4" coveredmethods="0"/>
          <line num="73" count="1" type="stmt"/>
          <line num="74" count="1" type="stmt"/>
          <line num="84" count="0" type="stmt"/>
          <line num="96" count="0" type="cond" truecount="0" falsecount="2"/>
          <line num="100" count="0" type="stmt"/>
          <line num="101" count="0" type="stmt"/>
          <line num="104" count="0" type="cond" truecount="0" falsecount="10"/>
          <line num="105" count="0" type="stmt"/>
          <line num="107" count="0" type="stmt"/>
          <line num="117" count="0" type="stmt"/>
          <line num="122" count="0" type="stmt"/>
          <line num="124" count="0" type="stmt"/>
        </file>
        <file name="PartialEmpty.vue" path="/Users/jordy/Projects/coinaly-app/src/components/card/PartialEmpty.vue">
          <metrics statements="1" coveredstatements="1" conditionals="0" coveredconditionals="0" methods="1" coveredmethods="1"/>
          <line num="16" count="3" type="stmt"/>
        </file>
        <file name="QuoteMarkets.vue" path="/Users/jordy/Projects/coinaly-app/src/components/card/QuoteMarkets.vue">
          <metrics statements="9" coveredstatements="0" conditionals="6" coveredconditionals="0" methods="4" coveredmethods="0"/>
          <line num="23" count="0" type="stmt"/>
          <line num="24" count="0" type="stmt"/>
          <line num="25" count="0" type="stmt"/>
          <line num="26" count="0" type="stmt"/>
          <line num="56" count="0" type="cond" truecount="0" falsecount="4"/>
          <line num="59" count="0" type="stmt"/>
          <line num="62" count="0" type="cond" truecount="0" falsecount="2"/>
          <line num="63" count="0" type="stmt"/>
          <line num="68" count="0" type="stmt"/>
        </file>
        <file name="SelectPricing.vue" path="/Users/jordy/Projects/coinaly-app/src/components/card/SelectPricing.vue">
          <metrics statements="39" coveredstatements="0" conditionals="19" coveredconditionals="0" methods="20" coveredmethods="0"/>
          <line num="93" count="0" type="stmt"/>
          <line num="120" count="0" type="stmt"/>
          <line num="124" count="0" type="stmt"/>
          <line num="131" count="0" type="stmt"/>
          <line num="134" count="0" type="cond" truecount="0" falsecount="2"/>
          <line num="135" count="0" type="stmt"/>
          <line num="138" count="0" type="cond" truecount="0" falsecount="2"/>
          <line num="139" count="0" type="stmt"/>
          <line num="143" count="0" type="cond" truecount="0" falsecount="2"/>
          <line num="144" count="0" type="stmt"/>
          <line num="146" count="0" type="stmt"/>
          <line num="150" count="0" type="stmt"/>
          <line num="153" count="0" type="cond" truecount="0" falsecount="2"/>
          <line num="154" count="0" type="stmt"/>
          <line num="157" count="0" type="stmt"/>
          <line num="160" count="0" type="stmt"/>
          <line num="163" count="0" type="stmt"/>
          <line num="166" count="0" type="cond" truecount="0" falsecount="2"/>
          <line num="167" count="0" type="stmt"/>
          <line num="168" count="0" type="cond" truecount="0" falsecount="2"/>
          <line num="169" count="0" type="stmt"/>
          <line num="171" count="0" type="stmt"/>
          <line num="175" count="0" type="stmt"/>
          <line num="178" count="0" type="stmt"/>
          <line num="181" count="0" type="cond" truecount="0" falsecount="3"/>
          <line num="186" count="0" type="cond" truecount="0" falsecount="2"/>
          <line num="187" count="0" type="stmt"/>
          <line num="190" count="0" type="stmt"/>
          <line num="191" count="0" type="stmt"/>
          <line num="192" count="0" type="stmt"/>
          <line num="196" count="0" type="stmt"/>
          <line num="199" count="0" type="stmt"/>
          <line num="200" count="0" type="stmt"/>
          <line num="201" count="0" type="stmt"/>
          <line num="202" count="0" type="cond" truecount="0" falsecount="2"/>
          <line num="203" count="0" type="stmt"/>
          <line num="206" count="0" type="stmt"/>
          <line num="209" count="0" type="stmt"/>
          <line num="216" count="0" type="stmt"/>
        </file>
        <file name="Signup.vue" path="/Users/jordy/Projects/coinaly-app/src/components/card/Signup.vue">
          <metrics statements="19" coveredstatements="15" conditionals="16" coveredconditionals="9" methods="8" coveredmethods="6"/>
          <line num="80" count="2" type="stmt"/>
          <line num="82" count="2" type="stmt"/>
          <line num="92" count="13" type="stmt"/>
          <line num="101" count="13" type="stmt"/>
          <line num="109" count="13" type="stmt"/>
          <line num="112" count="19" type="stmt"/>
          <line num="116" count="72" type="cond" truecount="7" falsecount="0"/>
          <line num="117" count="5" type="stmt"/>
          <line num="119" count="2" type="stmt"/>
          <line num="121" count="4" type="cond" truecount="1" falsecount="1"/>
          <line num="122" count="2" type="stmt"/>
          <line num="125" count="0" type="cond" truecount="0" falsecount="3"/>
          <line num="133" count="0" type="cond" truecount="0" falsecount="2"/>
          <line num="136" count="2" type="stmt"/>
          <line num="137" count="2" type="cond" truecount="1" falsecount="1"/>
          <line num="138" count="2" type="stmt"/>
          <line num="139" count="2" type="stmt"/>
          <line num="141" count="0" type="stmt"/>
          <line num="142" count="0" type="stmt"/>
        </file>
        <file name="SignupVerify.vue" path="/Users/jordy/Projects/coinaly-app/src/components/card/SignupVerify.vue">
          <metrics statements="32" coveredstatements="21" conditionals="23" coveredconditionals="10" methods="11" coveredmethods="7"/>
          <line num="18" count="1" type="stmt"/>
          <line num="19" count="1" type="stmt"/>
          <line num="20" count="1" type="stmt"/>
          <line num="29" count="0" type="cond" truecount="0" falsecount="3"/>
          <line num="38" count="0" type="cond" truecount="0" falsecount="2"/>
          <line num="39" count="0" type="stmt"/>
          <line num="41" count="0" type="stmt"/>
          <line num="45" count="1" type="stmt"/>
          <line num="46" count="1" type="stmt"/>
          <line num="48" count="1" type="stmt"/>
          <line num="49" count="0" type="stmt"/>
          <line num="59" count="1" type="cond" truecount="1" falsecount="1"/>
          <line num="62" count="2" type="stmt"/>
          <line num="65" count="1" type="stmt"/>
          <line num="68" count="2" type="cond" truecount="1" falsecount="1"/>
          <line num="69" count="0" type="stmt"/>
          <line num="70" count="2" type="cond" truecount="2" falsecount="0"/>
          <line num="71" count="1" type="stmt"/>
          <line num="73" count="1" type="stmt"/>
          <line num="77" count="2" type="cond" truecount="1" falsecount="1"/>
          <line num="78" count="0" type="stmt"/>
          <line num="79" count="2" type="cond" truecount="2" falsecount="0"/>
          <line num="80" count="1" type="stmt"/>
          <line num="82" count="1" type="stmt"/>
          <line num="86" count="2" type="cond" truecount="1" falsecount="1"/>
          <line num="87" count="0" type="stmt"/>
          <line num="88" count="2" type="cond" truecount="2" falsecount="0"/>
          <line num="89" count="1" type="stmt"/>
          <line num="91" count="1" type="stmt"/>
          <line num="95" count="0" type="cond" truecount="0" falsecount="4"/>
          <line num="96" count="0" type="stmt"/>
          <line num="98" count="0" type="stmt"/>
        </file>
        <file name="Wallets.vue" path="/Users/jordy/Projects/coinaly-app/src/components/card/Wallets.vue">
          <metrics statements="27" coveredstatements="0" conditionals="14" coveredconditionals="0" methods="14" coveredmethods="0"/>
          <line num="40" count="0" type="stmt"/>
          <line num="41" count="0" type="stmt"/>
          <line num="42" count="0" type="stmt"/>
          <line num="43" count="0" type="stmt"/>
          <line num="52" count="0" type="stmt"/>
          <line num="69" count="0" type="cond" truecount="0" falsecount="2"/>
          <line num="71" count="0" type="stmt"/>
          <line num="73" count="0" type="cond" truecount="0" falsecount="2"/>
          <line num="74" count="0" type="stmt"/>
          <line num="76" count="0" type="stmt"/>
          <line num="80" count="0" type="cond" truecount="0" falsecount="2"/>
          <line num="81" count="0" type="stmt"/>
          <line num="86" count="0" type="stmt"/>
          <line num="89" count="0" type="stmt"/>
          <line num="92" count="0" type="cond" truecount="0" falsecount="2"/>
          <line num="95" count="0" type="stmt"/>
          <line num="96" count="0" type="cond" truecount="0" falsecount="2"/>
          <line num="97" count="0" type="stmt"/>
          <line num="100" count="0" type="stmt"/>
          <line num="102" count="0" type="cond" truecount="0" falsecount="4"/>
          <line num="103" count="0" type="stmt"/>
          <line num="108" count="0" type="stmt"/>
          <line num="109" count="0" type="stmt"/>
          <line num="112" count="0" type="stmt"/>
          <line num="115" count="0" type="stmt"/>
          <line num="116" count="0" type="stmt"/>
          <line num="119" count="0" type="stmt"/>
        </file>
      </package>
      <package name="src.components.charts">
        <metrics statements="19" coveredstatements="3" conditionals="4" coveredconditionals="0" methods="1" coveredmethods="0"/>
        <file name="Line.js" path="/Users/jordy/Projects/coinaly-app/src/components/charts/Line.js">
          <metrics statements="19" coveredstatements="3" conditionals="4" coveredconditionals="0" methods="1" coveredmethods="0"/>
          <line num="4" count="1" type="stmt"/>
          <line num="5" count="1" type="stmt"/>
          <line num="7" count="0" type="stmt"/>
          <line num="9" count="0" type="cond" truecount="0" falsecount="4"/>
          <line num="10" count="0" type="stmt"/>
          <line num="11" count="0" type="stmt"/>
          <line num="12" count="0" type="stmt"/>
          <line num="13" count="0" type="stmt"/>
          <line num="14" count="0" type="stmt"/>
          <line num="17" count="0" type="stmt"/>
          <line num="18" count="0" type="stmt"/>
          <line num="19" count="0" type="stmt"/>
          <line num="20" count="0" type="stmt"/>
          <line num="21" count="0" type="stmt"/>
          <line num="22" count="0" type="stmt"/>
          <line num="23" count="0" type="stmt"/>
          <line num="24" count="0" type="stmt"/>
          <line num="29" count="1" type="stmt"/>
          <line num="38" count="0" type="stmt"/>
        </file>
      </package>
      <package name="src.components.list-group">
        <metrics statements="30" coveredstatements="8" conditionals="20" coveredconditionals="1" methods="12" coveredmethods="2"/>
        <file name="Balances.vue" path="/Users/jordy/Projects/coinaly-app/src/components/list-group/Balances.vue">
          <metrics statements="12" coveredstatements="1" conditionals="10" coveredconditionals="0" methods="4" coveredmethods="0"/>
          <line num="25" count="1" type="stmt"/>
          <line num="53" count="0" type="stmt"/>
          <line num="54" count="0" type="cond" truecount="0" falsecount="2"/>
          <line num="55" count="0" type="stmt"/>
          <line num="58" count="0" type="stmt"/>
          <line num="61" count="0" type="cond" truecount="0" falsecount="2"/>
          <line num="62" count="0" type="stmt"/>
          <line num="65" count="0" type="cond" truecount="0" falsecount="4"/>
          <line num="66" count="0" type="stmt"/>
          <line num="67" count="0" type="cond" truecount="0" falsecount="2"/>
          <line num="68" count="0" type="stmt"/>
          <line num="70" count="0" type="stmt"/>
        </file>
        <file name="Markets.vue" path="/Users/jordy/Projects/coinaly-app/src/components/list-group/Markets.vue">
          <metrics statements="18" coveredstatements="7" conditionals="10" coveredconditionals="1" methods="8" coveredmethods="2"/>
          <line num="16" count="2" type="stmt"/>
          <line num="17" count="2" type="stmt"/>
          <line num="18" count="2" type="stmt"/>
          <line num="29" count="1" type="stmt"/>
          <line num="48" count="0" type="cond" truecount="0" falsecount="4"/>
          <line num="50" count="1" type="stmt"/>
          <line num="51" count="1" type="cond" truecount="1" falsecount="1"/>
          <line num="52" count="0" type="stmt"/>
          <line num="54" count="1" type="stmt"/>
          <line num="55" count="0" type="stmt"/>
          <line num="62" count="0" type="stmt"/>
          <line num="65" count="0" type="stmt"/>
          <line num="66" count="0" type="cond" truecount="0" falsecount="2"/>
          <line num="67" count="0" type="stmt"/>
          <line num="69" count="0" type="stmt"/>
          <line num="73" count="0" type="stmt"/>
          <line num="76" count="0" type="cond" truecount="0" falsecount="2"/>
          <line num="77" count="0" type="stmt"/>
        </file>
      </package>
      <package name="src.components.list-group-item">
        <metrics statements="50" coveredstatements="27" conditionals="36" coveredconditionals="15" methods="21" coveredmethods="15"/>
        <file name="Balance.vue" path="/Users/jordy/Projects/coinaly-app/src/components/list-group-item/Balance.vue">
          <metrics statements="19" coveredstatements="7" conditionals="10" coveredconditionals="2" methods="6" coveredmethods="3"/>
          <line num="23" count="2" type="stmt"/>
          <line num="24" count="2" type="stmt"/>
          <line num="25" count="2" type="stmt"/>
          <line num="60" count="4" type="stmt"/>
          <line num="65" count="4" type="cond" truecount="1" falsecount="1"/>
          <line num="66" count="4" type="stmt"/>
          <line num="68" count="0" type="stmt"/>
          <line num="72" count="8" type="cond" truecount="1" falsecount="1"/>
          <line num="73" count="0" type="stmt"/>
          <line num="77" count="0" type="stmt"/>
          <line num="81" count="0" type="cond" truecount="0" falsecount="2"/>
          <line num="82" count="0" type="cond" truecount="0" falsecount="2"/>
          <line num="83" count="0" type="stmt"/>
          <line num="84" count="0" type="stmt"/>
          <line num="85" count="0" type="stmt"/>
          <line num="87" count="0" type="cond" truecount="0" falsecount="2"/>
          <line num="88" count="0" type="stmt"/>
          <line num="89" count="0" type="stmt"/>
          <line num="90" count="0" type="stmt"/>
        </file>
        <file name="Market.vue" path="/Users/jordy/Projects/coinaly-app/src/components/list-group-item/Market.vue">
          <metrics statements="23" coveredstatements="17" conditionals="22" coveredconditionals="12" methods="11" coveredmethods="10"/>
          <line num="29" count="4" type="stmt"/>
          <line num="30" count="4" type="stmt"/>
          <line num="31" count="4" type="stmt"/>
          <line num="54" count="0" type="stmt"/>
          <line num="55" count="0" type="stmt"/>
          <line num="60" count="1" type="cond" truecount="2" falsecount="0"/>
          <line num="63" count="1" type="stmt"/>
          <line num="66" count="1" type="cond" truecount="1" falsecount="1"/>
          <line num="67" count="0" type="stmt"/>
          <line num="69" count="1" type="stmt"/>
          <line num="73" count="1" type="stmt"/>
          <line num="76" count="1" type="cond" truecount="1" falsecount="1"/>
          <line num="77" count="0" type="stmt"/>
          <line num="79" count="1" type="stmt"/>
          <line num="83" count="1" type="cond" truecount="1" falsecount="1"/>
          <line num="86" count="1" type="cond" truecount="2" falsecount="2"/>
          <line num="87" count="0" type="stmt"/>
          <line num="89" count="1" type="cond" truecount="1" falsecount="1"/>
          <line num="93" count="1" type="cond" truecount="1" falsecount="1"/>
          <line num="96" count="1" type="cond" truecount="1" falsecount="1"/>
          <line num="99" count="1" type="cond" truecount="1" falsecount="1"/>
          <line num="100" count="0" type="stmt"/>
          <line num="102" count="1" type="cond" truecount="1" falsecount="1"/>
        </file>
        <file name="MarketSimple.vue" path="/Users/jordy/Projects/coinaly-app/src/components/list-group-item/MarketSimple.vue">
          <metrics statements="3" coveredstatements="0" conditionals="2" coveredconditionals="0" methods="1" coveredmethods="0"/>
          <line num="35" count="0" type="cond" truecount="0" falsecount="2"/>
          <line num="36" count="0" type="stmt"/>
          <line num="38" count="0" type="stmt"/>
        </file>
        <file name="SymbolSelect.vue" path="/Users/jordy/Projects/coinaly-app/src/components/list-group-item/SymbolSelect.vue">
          <metrics statements="5" coveredstatements="3" conditionals="2" coveredconditionals="1" methods="3" coveredmethods="2"/>
          <line num="30" count="2" type="stmt"/>
          <line num="37" count="2" type="stmt"/>
          <line num="56" count="4" type="cond" truecount="1" falsecount="1"/>
          <line num="57" count="0" type="stmt"/>
          <line num="62" count="0" type="stmt"/>
        </file>
      </package>
      <package name="src.directives">
        <metrics statements="23" coveredstatements="23" conditionals="18" coveredconditionals="16" methods="9" coveredmethods="9"/>
        <file name="click-outside.js" path="/Users/jordy/Projects/coinaly-app/src/directives/click-outside.js">
          <metrics statements="23" coveredstatements="23" conditionals="18" coveredconditionals="16" methods="9" coveredmethods="9"/>
          <line num="1" count="2" type="cond" truecount="2" falsecount="0"/>
          <line num="3" count="2" type="stmt"/>
          <line num="8" count="2" type="stmt"/>
          <line num="9" count="2" type="stmt"/>
          <line num="10" count="2" type="cond" truecount="4" falsecount="0"/>
          <line num="11" count="1" type="cond" truecount="2" falsecount="0"/>
          <line num="16" count="2" type="stmt"/>
          <line num="17" count="18" type="stmt"/>
          <line num="18" count="18" type="cond" truecount="2" falsecount="0"/>
          <line num="19" count="11" type="stmt"/>
          <line num="23" count="2" type="stmt"/>
          <line num="24" count="17" type="cond" truecount="2" falsecount="0"/>
          <line num="25" count="1" type="stmt"/>
          <line num="27" count="42" type="stmt"/>
          <line num="28" count="16" type="stmt"/>
          <line num="31" count="2" type="stmt"/>
          <line num="32" count="4" type="stmt"/>
          <line num="33" count="4" type="cond" truecount="1" falsecount="1"/>
          <line num="34" count="4" type="stmt"/>
          <line num="36" count="4" type="cond" truecount="2" falsecount="0"/>
          <line num="37" count="4" type="stmt"/>
          <line num="41" count="2" type="stmt"/>
          <line num="43" count="2" type="stmt"/>
        </file>
      </package>
      <package name="src.filters">
        <metrics statements="16" coveredstatements="16" conditionals="12" coveredconditionals="12" methods="6" coveredmethods="6"/>
        <file name="index.js" path="/Users/jordy/Projects/coinaly-app/src/filters/index.js">
          <metrics statements="16" coveredstatements="16" conditionals="12" coveredconditionals="12" methods="6" coveredmethods="6"/>
          <line num="6" count="5" type="stmt"/>
          <line num="7" count="1" type="stmt"/>
          <line num="10" count="5" type="cond" truecount="1" falsecount="0"/>
          <line num="11" count="8" type="cond" truecount="2" falsecount="0"/>
          <line num="12" count="7" type="stmt"/>
          <line num="15" count="5" type="stmt"/>
          <line num="16" count="19" type="cond" truecount="4" falsecount="0"/>
          <line num="17" count="17" type="stmt"/>
          <line num="20" count="5" type="stmt"/>
          <line num="21" count="1" type="stmt"/>
          <line num="24" count="5" type="cond" truecount="1" falsecount="0"/>
          <line num="25" count="4" type="cond" truecount="2" falsecount="0"/>
          <line num="26" count="3" type="stmt"/>
          <line num="29" count="5" type="stmt"/>
          <line num="30" count="5" type="cond" truecount="2" falsecount="0"/>
          <line num="31" count="3" type="stmt"/>
        </file>
      </package>
      <package name="src.helpers">
        <metrics statements="13" coveredstatements="13" conditionals="2" coveredconditionals="2" methods="9" coveredmethods="9"/>
        <file name="numbers.js" path="/Users/jordy/Projects/coinaly-app/src/helpers/numbers.js">
          <metrics statements="7" coveredstatements="7" conditionals="2" coveredconditionals="2" methods="5" coveredmethods="5"/>
          <line num="2" count="2" type="stmt"/>
          <line num="3" count="2" type="stmt"/>
          <line num="7" count="2" type="stmt"/>
          <line num="8" count="2" type="stmt"/>
          <line num="12" count="2" type="stmt"/>
          <line num="16" count="2" type="stmt"/>
          <line num="20" count="3" type="stmt"/>
        </file>
        <file name="objects.js" path="/Users/jordy/Projects/coinaly-app/src/helpers/objects.js">
          <metrics statements="2" coveredstatements="2" conditionals="0" coveredconditionals="0" methods="2" coveredmethods="2"/>
          <line num="4" count="1" type="stmt"/>
          <line num="5" count="3" type="stmt"/>
        </file>
        <file name="symbols.js" path="/Users/jordy/Projects/coinaly-app/src/helpers/symbols.js">
          <metrics statements="4" coveredstatements="4" conditionals="0" coveredconditionals="0" methods="2" coveredmethods="2"/>
          <line num="3" count="3" type="stmt"/>
          <line num="4" count="3" type="stmt"/>
          <line num="9" count="3" type="stmt"/>
          <line num="10" count="3" type="stmt"/>
        </file>
      </package>
      <package name="src.layouts">
        <metrics statements="33" coveredstatements="6" conditionals="12" coveredconditionals="0" methods="8" coveredmethods="2"/>
        <file name="Dashboard.vue" path="/Users/jordy/Projects/coinaly-app/src/layouts/Dashboard.vue">
          <metrics statements="27" coveredstatements="0" conditionals="12" coveredconditionals="0" methods="6" coveredmethods="0"/>
          <line num="19" count="0" type="stmt"/>
          <line num="20" count="0" type="stmt"/>
          <line num="21" count="0" type="stmt"/>
          <line num="22" count="0" type="stmt"/>
          <line num="23" count="0" type="stmt"/>
          <line num="24" count="0" type="stmt"/>
          <line num="36" count="0" type="stmt"/>
          <line num="39" count="0" type="cond" truecount="0" falsecount="2"/>
          <line num="40" count="0" type="stmt"/>
          <line num="44" count="0" type="cond" truecount="0" falsecount="2"/>
          <line num="45" count="0" type="stmt"/>
          <line num="46" count="0" type="stmt"/>
          <line num="47" count="0" type="stmt"/>
          <line num="48" count="0" type="stmt"/>
          <line num="50" count="0" type="cond" truecount="0" falsecount="2"/>
          <line num="51" count="0" type="stmt"/>
          <line num="55" count="0" type="stmt"/>
          <line num="65" count="0" type="stmt"/>
          <line num="68" count="0" type="stmt"/>
          <line num="69" count="0" type="stmt"/>
          <line num="72" count="0" type="stmt"/>
          <line num="73" count="0" type="stmt"/>
          <line num="74" count="0" type="stmt"/>
          <line num="81" count="0" type="cond" truecount="0" falsecount="2"/>
          <line num="82" count="0" type="stmt"/>
          <line num="89" count="0" type="cond" truecount="0" falsecount="4"/>
          <line num="90" count="0" type="stmt"/>
        </file>
        <file name="Focus.vue" path="/Users/jordy/Projects/coinaly-app/src/layouts/Focus.vue">
          <metrics statements="3" coveredstatements="3" conditionals="0" coveredconditionals="0" methods="1" coveredmethods="1"/>
          <line num="20" count="1" type="stmt"/>
          <line num="21" count="1" type="stmt"/>
          <line num="30" count="1" type="stmt"/>
        </file>
        <file name="Page.vue" path="/Users/jordy/Projects/coinaly-app/src/layouts/Page.vue">
          <metrics statements="3" coveredstatements="3" conditionals="0" coveredconditionals="0" methods="1" coveredmethods="1"/>
          <line num="20" count="1" type="stmt"/>
          <line num="21" count="1" type="stmt"/>
          <line num="30" count="1" type="stmt"/>
        </file>
      </package>
      <package name="src.pages.balances">
        <metrics statements="4" coveredstatements="4" conditionals="2" coveredconditionals="1" methods="1" coveredmethods="1"/>
        <file name="Home.vue" path="/Users/jordy/Projects/coinaly-app/src/pages/balances/Home.vue">
          <metrics statements="3" coveredstatements="3" conditionals="0" coveredconditionals="0" methods="0" coveredmethods="0"/>
          <line num="17" count="1" type="stmt"/>
          <line num="18" count="1" type="stmt"/>
          <line num="19" count="1" type="stmt"/>
        </file>
        <file name="Symbol.vue" path="/Users/jordy/Projects/coinaly-app/src/pages/balances/Symbol.vue">
          <metrics statements="1" coveredstatements="1" conditionals="2" coveredconditionals="1" methods="1" coveredmethods="1"/>
          <line num="16" count="1" type="cond" truecount="1" falsecount="1"/>
        </file>
      </package>
      <package name="src.pages.buy">
        <metrics statements="21" coveredstatements="0" conditionals="7" coveredconditionals="0" methods="10" coveredmethods="0"/>
        <file name="Index.vue" path="/Users/jordy/Projects/coinaly-app/src/pages/buy/Index.vue">
          <metrics statements="8" coveredstatements="0" conditionals="4" coveredconditionals="0" methods="2" coveredmethods="0"/>
          <line num="10" count="0" type="stmt"/>
          <line num="15" count="0" type="stmt"/>
          <line num="16" count="0" type="stmt"/>
          <line num="18" count="0" type="cond" truecount="0" falsecount="2"/>
          <line num="19" count="0" type="stmt"/>
          <line num="20" count="0" type="cond" truecount="0" falsecount="2"/>
          <line num="21" count="0" type="stmt"/>
          <line num="23" count="0" type="stmt"/>
        </file>
        <file name="SelectBase.vue" path="/Users/jordy/Projects/coinaly-app/src/pages/buy/SelectBase.vue">
          <metrics statements="1" coveredstatements="0" conditionals="0" coveredconditionals="0" methods="0" coveredmethods="0"/>
          <line num="16" count="0" type="stmt"/>
        </file>
        <file name="SelectPricing.vue" path="/Users/jordy/Projects/coinaly-app/src/pages/buy/SelectPricing.vue">
          <metrics statements="10" coveredstatements="0" conditionals="3" coveredconditionals="0" methods="7" coveredmethods="0"/>
          <line num="27" count="0" type="stmt"/>
          <line num="28" count="0" type="stmt"/>
          <line num="29" count="0" type="stmt"/>
          <line num="47" count="0" type="cond" truecount="0" falsecount="3"/>
          <line num="50" count="0" type="stmt"/>
          <line num="53" count="0" type="stmt"/>
          <line num="56" count="0" type="stmt"/>
          <line num="59" count="0" type="stmt"/>
          <line num="62" count="0" type="stmt"/>
          <line num="65" count="0" type="stmt"/>
        </file>
        <file name="SelectQuote.vue" path="/Users/jordy/Projects/coinaly-app/src/pages/buy/SelectQuote.vue">
          <metrics statements="2" coveredstatements="0" conditionals="0" coveredconditionals="0" methods="1" coveredmethods="0"/>
          <line num="18" count="0" type="stmt"/>
          <line num="27" count="0" type="stmt"/>
        </file>
      </package>
      <package name="src.pages.login">
        <metrics statements="1" coveredstatements="1" conditionals="0" coveredconditionals="0" methods="0" coveredmethods="0"/>
        <file name="Index.vue" path="/Users/jordy/Projects/coinaly-app/src/pages/login/Index.vue">
          <metrics statements="1" coveredstatements="1" conditionals="0" coveredconditionals="0" methods="0" coveredmethods="0"/>
          <line num="6" count="1" type="stmt"/>
        </file>
      </package>
      <package name="src.pages.login.forgot">
        <metrics statements="2" coveredstatements="1" conditionals="0" coveredconditionals="0" methods="0" coveredmethods="0"/>
        <file name="Index.vue" path="/Users/jordy/Projects/coinaly-app/src/pages/login/forgot/Index.vue">
          <metrics statements="1" coveredstatements="1" conditionals="0" coveredconditionals="0" methods="0" coveredmethods="0"/>
          <line num="6" count="1" type="stmt"/>
        </file>
        <file name="Reset.vue" path="/Users/jordy/Projects/coinaly-app/src/pages/login/forgot/Reset.vue">
          <metrics statements="1" coveredstatements="0" conditionals="0" coveredconditionals="0" methods="0" coveredmethods="0"/>
          <line num="6" count="0" type="stmt"/>
        </file>
      </package>
      <package name="src.pages.markets">
        <metrics statements="3" coveredstatements="3" conditionals="0" coveredconditionals="0" methods="1" coveredmethods="1"/>
        <file name="Index.vue" path="/Users/jordy/Projects/coinaly-app/src/pages/markets/Index.vue">
          <metrics statements="3" coveredstatements="3" conditionals="0" coveredconditionals="0" methods="1" coveredmethods="1"/>
          <line num="15" count="1" type="stmt"/>
          <line num="16" count="1" type="stmt"/>
          <line num="25" count="1" type="stmt"/>
        </file>
      </package>
      <package name="src.pages.markets.quote">
        <metrics statements="2" coveredstatements="2" conditionals="2" coveredconditionals="2" methods="1" coveredmethods="1"/>
        <file name="Index.vue" path="/Users/jordy/Projects/coinaly-app/src/pages/markets/quote/Index.vue">
          <metrics statements="2" coveredstatements="2" conditionals="2" coveredconditionals="2" methods="1" coveredmethods="1"/>
          <line num="6" count="1" type="stmt"/>
          <line num="15" count="1" type="cond" truecount="2" falsecount="0"/>
        </file>
      </package>
      <package name="src.pages.markets.quote.base">
        <metrics statements="9" coveredstatements="5" conditionals="11" coveredconditionals="4" methods="5" coveredmethods="3"/>
        <file name="Index.vue" path="/Users/jordy/Projects/coinaly-app/src/pages/markets/quote/base/Index.vue">
          <metrics statements="9" coveredstatements="5" conditionals="11" coveredconditionals="4" methods="5" coveredmethods="3"/>
          <line num="19" count="1" type="stmt"/>
          <line num="20" count="1" type="stmt"/>
          <line num="30" count="1" type="cond" truecount="1" falsecount="1"/>
          <line num="33" count="1" type="cond" truecount="1" falsecount="1"/>
          <line num="36" count="1" type="cond" truecount="2" falsecount="3"/>
          <line num="41" count="0" type="stmt"/>
          <line num="43" count="0" type="cond" truecount="0" falsecount="2"/>
          <line num="44" count="0" type="stmt"/>
          <line num="49" count="0" type="stmt"/>
        </file>
      </package>
      <package name="src.pages.onboarding">
        <metrics statements="1" coveredstatements="1" conditionals="0" coveredconditionals="0" methods="0" coveredmethods="0"/>
        <file name="Index.vue" path="/Users/jordy/Projects/coinaly-app/src/pages/onboarding/Index.vue">
          <metrics statements="1" coveredstatements="1" conditionals="0" coveredconditionals="0" methods="0" coveredmethods="0"/>
          <line num="6" count="1" type="stmt"/>
        </file>
      </package>
      <package name="src.pages.sell">
        <metrics statements="17" coveredstatements="0" conditionals="4" coveredconditionals="0" methods="9" coveredmethods="0"/>
        <file name="SelectBase.vue" path="/Users/jordy/Projects/coinaly-app/src/pages/sell/SelectBase.vue">
          <metrics statements="1" coveredstatements="0" conditionals="0" coveredconditionals="0" methods="0" coveredmethods="0"/>
          <line num="19" count="0" type="stmt"/>
        </file>
        <file name="SelectPricing.vue" path="/Users/jordy/Projects/coinaly-app/src/pages/sell/SelectPricing.vue">
          <metrics statements="14" coveredstatements="0" conditionals="4" coveredconditionals="0" methods="8" coveredmethods="0"/>
          <line num="26" count="0" type="stmt"/>
          <line num="27" count="0" type="stmt"/>
          <line num="28" count="0" type="stmt"/>
          <line num="29" count="0" type="stmt"/>
          <line num="38" count="0" type="stmt"/>
          <line num="52" count="0" type="stmt"/>
          <line num="53" count="0" type="stmt"/>
          <line num="54" count="0" type="stmt"/>
          <line num="57" count="0" type="stmt"/>
          <line num="58" count="0" type="stmt"/>
          <line num="59" count="0" type="stmt"/>
          <line num="63" count="0" type="stmt"/>
          <line num="66" count="0" type="cond" truecount="0" falsecount="2"/>
          <line num="69" count="0" type="cond" truecount="0" falsecount="2"/>
        </file>
        <file name="SelectQuote.vue" path="/Users/jordy/Projects/coinaly-app/src/pages/sell/SelectQuote.vue">
          <metrics statements="2" coveredstatements="0" conditionals="0" coveredconditionals="0" methods="1" coveredmethods="0"/>
          <line num="18" count="0" type="stmt"/>
          <line num="27" count="0" type="stmt"/>
        </file>
      </package>
      <package name="src.pages.settings">
        <metrics statements="6" coveredstatements="5" conditionals="4" coveredconditionals="2" methods="3" coveredmethods="2"/>
        <file name="Index.vue" path="/Users/jordy/Projects/coinaly-app/src/pages/settings/Index.vue">
          <metrics statements="6" coveredstatements="5" conditionals="4" coveredconditionals="2" methods="3" coveredmethods="2"/>
          <line num="22" count="1" type="stmt"/>
          <line num="23" count="1" type="stmt"/>
          <line num="24" count="1" type="stmt"/>
          <line num="33" count="1" type="stmt"/>
          <line num="54" count="0" type="cond" truecount="0" falsecount="2"/>
          <line num="57" count="1" type="cond" truecount="2" falsecount="0"/>
        </file>
      </package>
      <package name="src.pages.settings.account">
        <metrics statements="18" coveredstatements="4" conditionals="6" coveredconditionals="2" methods="6" coveredmethods="2"/>
        <file name="Index.vue" path="/Users/jordy/Projects/coinaly-app/src/pages/settings/account/Index.vue">
          <metrics statements="18" coveredstatements="4" conditionals="6" coveredconditionals="2" methods="6" coveredmethods="2"/>
          <line num="31" count="1" type="stmt"/>
          <line num="50" count="1" type="cond" truecount="1" falsecount="1"/>
          <line num="51" count="0" type="stmt"/>
          <line num="52" count="1" type="cond" truecount="1" falsecount="1"/>
          <line num="53" count="0" type="stmt"/>
          <line num="55" count="1" type="stmt"/>
          <line num="61" count="0" type="stmt"/>
          <line num="62" count="0" type="stmt"/>
          <line num="63" count="0" type="stmt"/>
          <line num="65" count="0" type="stmt"/>
          <line num="66" count="0" type="stmt"/>
          <line num="67" count="0" type="stmt"/>
          <line num="68" count="0" type="cond" truecount="0" falsecount="2"/>
          <line num="69" count="0" type="stmt"/>
          <line num="70" count="0" type="stmt"/>
          <line num="72" count="0" type="stmt"/>
          <line num="73" count="0" type="stmt"/>
          <line num="76" count="0" type="stmt"/>
        </file>
      </package>
      <package name="src.pages.settings.exchanges">
        <metrics statements="38" coveredstatements="18" conditionals="23" coveredconditionals="13" methods="16" coveredmethods="9"/>
        <file name="Add.vue" path="/Users/jordy/Projects/coinaly-app/src/pages/settings/exchanges/Add.vue">
          <metrics statements="2" coveredstatements="0" conditionals="0" coveredconditionals="0" methods="1" coveredmethods="0"/>
          <line num="9" count="0" type="stmt"/>
          <line num="19" count="0" type="stmt"/>
        </file>
        <file name="Edit.vue" path="/Users/jordy/Projects/coinaly-app/src/pages/settings/exchanges/Edit.vue">
          <metrics statements="17" coveredstatements="16" conditionals="17" coveredconditionals="13" methods="9" coveredmethods="8"/>
          <line num="56" count="1" type="stmt"/>
          <line num="57" count="1" type="stmt"/>
          <line num="67" count="8" type="stmt"/>
          <line num="81" count="8" type="cond" truecount="1" falsecount="1"/>
          <line num="84" count="8" type="cond" truecount="1" falsecount="1"/>
          <line num="86" count="9" type="stmt"/>
          <line num="87" count="9" type="cond" truecount="2" falsecount="0"/>
          <line num="88" count="8" type="stmt"/>
          <line num="89" count="16" type="stmt"/>
          <line num="92" count="1" type="stmt"/>
          <line num="96" count="9" type="cond" truecount="1" falsecount="1"/>
          <line num="99" count="9" type="cond" truecount="1" falsecount="1"/>
          <line num="103" count="29" type="cond" truecount="7" falsecount="0"/>
          <line num="104" count="2" type="stmt"/>
          <line num="106" count="1" type="stmt"/>
          <line num="111" count="2" type="stmt"/>
          <line num="114" count="0" type="stmt"/>
        </file>
        <file name="Index.vue" path="/Users/jordy/Projects/coinaly-app/src/pages/settings/exchanges/Index.vue">
          <metrics statements="19" coveredstatements="2" conditionals="6" coveredconditionals="0" methods="6" coveredmethods="1"/>
          <line num="32" count="1" type="stmt"/>
          <line num="37" count="1" type="stmt"/>
          <line num="59" count="0" type="cond" truecount="0" falsecount="2"/>
          <line num="60" count="0" type="stmt"/>
          <line num="61" count="0" type="cond" truecount="0" falsecount="2"/>
          <line num="62" count="0" type="stmt"/>
          <line num="64" count="0" type="stmt"/>
          <line num="70" count="0" type="stmt"/>
          <line num="71" count="0" type="stmt"/>
          <line num="72" count="0" type="stmt"/>
          <line num="74" count="0" type="stmt"/>
          <line num="75" count="0" type="stmt"/>
          <line num="76" count="0" type="stmt"/>
          <line num="77" count="0" type="cond" truecount="0" falsecount="2"/>
          <line num="78" count="0" type="stmt"/>
          <line num="79" count="0" type="stmt"/>
          <line num="81" count="0" type="stmt"/>
          <line num="82" count="0" type="stmt"/>
          <line num="85" count="0" type="stmt"/>
        </file>
      </package>
      <package name="src.pages.signup">
        <metrics statements="1" coveredstatements="1" conditionals="0" coveredconditionals="0" methods="0" coveredmethods="0"/>
        <file name="Index.vue" path="/Users/jordy/Projects/coinaly-app/src/pages/signup/Index.vue">
          <metrics statements="1" coveredstatements="1" conditionals="0" coveredconditionals="0" methods="0" coveredmethods="0"/>
          <line num="6" count="1" type="stmt"/>
        </file>
      </package>
      <package name="src.pages.signup.success">
        <metrics statements="1" coveredstatements="1" conditionals="0" coveredconditionals="0" methods="0" coveredmethods="0"/>
        <file name="Index.vue" path="/Users/jordy/Projects/coinaly-app/src/pages/signup/success/Index.vue">
          <metrics statements="1" coveredstatements="1" conditionals="0" coveredconditionals="0" methods="0" coveredmethods="0"/>
          <line num="6" count="1" type="stmt"/>
        </file>
      </package>
      <package name="src.pages.signup.verify">
        <metrics statements="1" coveredstatements="0" conditionals="0" coveredconditionals="0" methods="0" coveredmethods="0"/>
        <file name="Index.vue" path="/Users/jordy/Projects/coinaly-app/src/pages/signup/verify/Index.vue">
          <metrics statements="1" coveredstatements="0" conditionals="0" coveredconditionals="0" methods="0" coveredmethods="0"/>
          <line num="6" count="0" type="stmt"/>
        </file>
      </package>
      <package name="src.pages.wallets">
        <metrics statements="1" coveredstatements="0" conditionals="0" coveredconditionals="0" methods="0" coveredmethods="0"/>
        <file name="Index.vue" path="/Users/jordy/Projects/coinaly-app/src/pages/wallets/Index.vue">
          <metrics statements="1" coveredstatements="0" conditionals="0" coveredconditionals="0" methods="0" coveredmethods="0"/>
          <line num="16" count="0" type="stmt"/>
        </file>
      </package>
      <package name="src.store">
        <metrics statements="16" coveredstatements="0" conditionals="0" coveredconditionals="0" methods="0" coveredmethods="0"/>
        <file name="index.js" path="/Users/jordy/Projects/coinaly-app/src/store/index.js">
          <metrics statements="16" coveredstatements="0" conditionals="0" coveredconditionals="0" methods="0" coveredmethods="0"/>
          <line num="1" count="0" type="stmt"/>
          <line num="2" count="0" type="stmt"/>
          <line num="3" count="0" type="stmt"/>
          <line num="5" count="0" type="stmt"/>
          <line num="6" count="0" type="stmt"/>
          <line num="7" count="0" type="stmt"/>
          <line num="8" count="0" type="stmt"/>
          <line num="9" count="0" type="stmt"/>
          <line num="10" count="0" type="stmt"/>
          <line num="11" count="0" type="stmt"/>
          <line num="12" count="0" type="stmt"/>
          <line num="13" count="0" type="stmt"/>
          <line num="14" count="0" type="stmt"/>
          <line num="15" count="0" type="stmt"/>
          <line num="16" count="0" type="stmt"/>
          <line num="18" count="0" type="stmt"/>
        </file>
      </package>
      <package name="src.store.modules">
        <metrics statements="180" coveredstatements="1" conditionals="44" coveredconditionals="0" methods="79" coveredmethods="1"/>
        <file name="markets.old.js" path="/Users/jordy/Projects/coinaly-app/src/store/modules/markets.old.js">
          <metrics statements="58" coveredstatements="0" conditionals="22" coveredconditionals="0" methods="31" coveredmethods="0"/>
          <line num="1" count="0" type="stmt"/>
          <line num="2" count="0" type="stmt"/>
          <line num="3" count="0" type="stmt"/>
          <line num="4" count="0" type="stmt"/>
          <line num="6" count="0" type="stmt"/>
          <line num="7" count="0" type="stmt"/>
          <line num="9" count="0" type="cond" truecount="0" falsecount="2"/>
          <line num="10" count="0" type="cond" truecount="0" falsecount="2"/>
          <line num="13" count="0" type="stmt"/>
          <line num="14" count="0" type="stmt"/>
          <line num="18" count="0" type="stmt"/>
          <line num="31" count="0" type="stmt"/>
          <line num="34" count="0" type="stmt"/>
          <line num="56" count="0" type="stmt"/>
          <line num="59" count="0" type="stmt"/>
          <line num="62" count="0" type="stmt"/>
          <line num="63" count="0" type="cond" truecount="0" falsecount="2"/>
          <line num="64" count="0" type="stmt"/>
          <line num="66" count="0" type="stmt"/>
          <line num="70" count="0" type="stmt"/>
          <line num="71" count="0" type="stmt"/>
          <line num="76" count="0" type="stmt"/>
          <line num="79" count="0" type="stmt"/>
          <line num="82" count="0" type="stmt"/>
          <line num="85" count="0" type="stmt"/>
          <line num="86" count="0" type="cond" truecount="0" falsecount="4"/>
          <line num="87" count="0" type="stmt"/>
          <line num="88" count="0" type="stmt"/>
          <line num="91" count="0" type="stmt"/>
          <line num="94" count="0" type="cond" truecount="0" falsecount="2"/>
          <line num="97" count="0" type="cond" truecount="0" falsecount="2"/>
          <line num="100" count="0" type="stmt"/>
          <line num="103" count="0" type="cond" truecount="0" falsecount="2"/>
          <line num="105" count="0" type="stmt"/>
          <line num="106" count="0" type="cond" truecount="0" falsecount="2"/>
          <line num="108" count="0" type="stmt"/>
          <line num="112" count="0" type="cond" truecount="0" falsecount="2"/>
          <line num="114" count="0" type="stmt"/>
[...]
          <line num="111" count="0" type="stmt"/>
          <line num="112" count="0" type="cond" truecount="0" falsecount="2"/>
          <line num="113" count="0" type="stmt"/>
          <line num="114" count="0" type="stmt"/>
          <line num="117" count="0" type="stmt"/>
          <line num="120" count="2" type="stmt"/>
          <line num="122" count="2" type="cond" truecount="1" falsecount="1"/>
          <line num="123" count="2" type="stmt"/>
          <line num="124" count="4" type="stmt"/>
          <line num="127" count="0" type="stmt"/>
          <line num="130" count="1" type="stmt"/>
          <line num="132" count="1" type="cond" truecount="1" falsecount="1"/>
          <line num="133" count="1" type="stmt"/>
          <line num="135" count="0" type="stmt"/>
          <line num="138" count="1" type="stmt"/>
          <line num="141" count="6" type="cond" truecount="2" falsecount="0"/>
          <line num="144" count="5" type="cond" truecount="2" falsecount="0"/>
          <line num="147" count="4" type="stmt"/>
          <line num="150" count="1" type="stmt"/>
        </file>
        <file name="index.js" path="/Users/jordy/Projects/coinaly-app/src/store/modules/markets/index.js">
          <metrics statements="0" coveredstatements="0" conditionals="0" coveredconditionals="0" methods="0" coveredmethods="0"/>
        </file>
        <file name="initialState.js" path="/Users/jordy/Projects/coinaly-app/src/store/modules/markets/initialState.js">
          <metrics statements="1" coveredstatements="1" conditionals="0" coveredconditionals="0" methods="1" coveredmethods="1"/>
          <line num="2" count="7" type="stmt"/>
        </file>
        <file name="mutations.js" path="/Users/jordy/Projects/coinaly-app/src/store/modules/markets/mutations.js">
          <metrics statements="12" coveredstatements="12" conditionals="0" coveredconditionals="0" methods="1" coveredmethods="1"/>
          <line num="6" count="2" type="stmt"/>
          <line num="9" count="1" type="stmt"/>
          <line num="12" count="1" type="stmt"/>
          <line num="15" count="1" type="stmt"/>
          <line num="18" count="2" type="stmt"/>
          <line num="21" count="1" type="stmt"/>
          <line num="24" count="1" type="stmt"/>
          <line num="25" count="1" type="stmt"/>
          <line num="26" count="5" type="stmt"/>
          <line num="30" count="2" type="stmt"/>
          <line num="31" count="2" type="stmt"/>
          <line num="38" count="2" type="stmt"/>
        </file>
        <file name="state.js" path="/Users/jordy/Projects/coinaly-app/src/store/modules/markets/state.js">
          <metrics statements="0" coveredstatements="0" conditionals="0" coveredconditionals="0" methods="0" coveredmethods="0"/>
        </file>
      </package>
      <package name="src.store.modules.orders">
        <metrics statements="29" coveredstatements="21" conditionals="6" coveredconditionals="3" methods="6" coveredmethods="6"/>
        <file name="actions.js" path="/Users/jordy/Projects/coinaly-app/src/store/modules/orders/actions.js">
          <metrics statements="12" coveredstatements="8" conditionals="4" coveredconditionals="1" methods="0" coveredmethods="0"/>
          <line num="5" count="1" type="stmt"/>
          <line num="6" count="1" type="stmt"/>
          <line num="8" count="1" type="stmt"/>
          <line num="9" count="1" type="stmt"/>
          <line num="10" count="1" type="cond" truecount="1" falsecount="1"/>
          <line num="11" count="1" type="stmt"/>
          <line num="12" count="1" type="stmt"/>
          <line num="14" count="1" type="stmt"/>
          <line num="16" count="0" type="cond" truecount="0" falsecount="2"/>
          <line num="17" count="0" type="stmt"/>
          <line num="18" count="0" type="stmt"/>
          <line num="19" count="0" type="stmt"/>
        </file>
        <file name="getters.js" path="/Users/jordy/Projects/coinaly-app/src/store/modules/orders/getters.js">
          <metrics statements="4" coveredstatements="4" conditionals="2" coveredconditionals="2" methods="4" coveredmethods="4"/>
          <line num="3" count="1" type="stmt"/>
          <line num="6" count="2" type="cond" truecount="2" falsecount="0"/>
          <line num="9" count="2" type="stmt"/>
          <line num="12" count="1" type="stmt"/>
        </file>
        <file name="index.js" path="/Users/jordy/Projects/coinaly-app/src/store/modules/orders/index.js">
          <metrics statements="4" coveredstatements="0" conditionals="0" coveredconditionals="0" methods="0" coveredmethods="0"/>
          <line num="1" count="0" type="stmt"/>
          <line num="2" count="0" type="stmt"/>
          <line num="3" count="0" type="stmt"/>
          <line num="4" count="0" type="stmt"/>
        </file>
        <file name="initialState.js" path="/Users/jordy/Projects/coinaly-app/src/store/modules/orders/initialState.js">
          <metrics statements="1" coveredstatements="1" conditionals="0" coveredconditionals="0" methods="1" coveredmethods="1"/>
          <line num="2" count="5" type="stmt"/>
        </file>
        <file name="mutations.js" path="/Users/jordy/Projects/coinaly-app/src/store/modules/orders/mutations.js">
          <metrics statements="8" coveredstatements="8" conditionals="0" coveredconditionals="0" methods="1" coveredmethods="1"/>
          <line num="6" count="1" type="stmt"/>
          <line num="9" count="1" type="stmt"/>
          <line num="12" count="1" type="stmt"/>
          <line num="15" count="2" type="stmt"/>
          <line num="18" count="1" type="stmt"/>
          <line num="21" count="1" type="stmt"/>
          <line num="22" count="1" type="stmt"/>
          <line num="23" count="4" type="stmt"/>
        </file>
        <file name="state.js" path="/Users/jordy/Projects/coinaly-app/src/store/modules/orders/state.js">
          <metrics statements="0" coveredstatements="0" conditionals="0" coveredconditionals="0" methods="0" coveredmethods="0"/>
        </file>
      </package>
      <package name="src.store.modules.prices">
        <metrics statements="28" coveredstatements="24" conditionals="8" coveredconditionals="5" methods="8" coveredmethods="8"/>
        <file name="actions.js" path="/Users/jordy/Projects/coinaly-app/src/store/modules/prices/actions.js">
          <metrics statements="12" coveredstatements="8" conditionals="4" coveredconditionals="1" methods="0" coveredmethods="0"/>
          <line num="5" count="1" type="stmt"/>
          <line num="6" count="1" type="stmt"/>
          <line num="8" count="1" type="stmt"/>
          <line num="9" count="1" type="stmt"/>
          <line num="10" count="1" type="cond" truecount="1" falsecount="1"/>
          <line num="11" count="1" type="stmt"/>
          <line num="12" count="1" type="stmt"/>
          <line num="14" count="1" type="stmt"/>
          <line num="16" count="0" type="cond" truecount="0" falsecount="2"/>
          <line num="17" count="0" type="stmt"/>
          <line num="18" count="0" type="stmt"/>
          <line num="19" count="0" type="stmt"/>
        </file>
        <file name="getters.js" path="/Users/jordy/Projects/coinaly-app/src/store/modules/prices/getters.js">
          <metrics statements="7" coveredstatements="7" conditionals="4" coveredconditionals="4" methods="6" coveredmethods="6"/>
          <line num="3" count="1" type="stmt"/>
          <line num="6" count="2" type="cond" truecount="2" falsecount="0"/>
          <line num="8" count="5" type="stmt"/>
          <line num="9" count="2" type="cond" truecount="2" falsecount="0"/>
          <line num="10" count="1" type="stmt"/>
          <line num="13" count="5" type="stmt"/>
          <line num="16" count="1" type="stmt"/>
        </file>
        <file name="index.js" path="/Users/jordy/Projects/coinaly-app/src/store/modules/prices/index.js">
          <metrics statements="0" coveredstatements="0" conditionals="0" coveredconditionals="0" methods="0" coveredmethods="0"/>
        </file>
        <file name="initialState.js" path="/Users/jordy/Projects/coinaly-app/src/store/modules/prices/initialState.js">
          <metrics statements="1" coveredstatements="1" conditionals="0" coveredconditionals="0" methods="1" coveredmethods="1"/>
          <line num="2" count="6" type="stmt"/>
        </file>
        <file name="mutations.js" path="/Users/jordy/Projects/coinaly-app/src/store/modules/prices/mutations.js">
          <metrics statements="8" coveredstatements="8" conditionals="0" coveredconditionals="0" methods="1" coveredmethods="1"/>
          <line num="6" count="1" type="stmt"/>
          <line num="9" count="1" type="stmt"/>
          <line num="12" count="1" type="stmt"/>
          <line num="15" count="2" type="stmt"/>
          <line num="18" count="1" type="stmt"/>
          <line num="21" count="1" type="stmt"/>
          <line num="22" count="1" type="stmt"/>
          <line num="23" count="3" type="stmt"/>
        </file>
        <file name="state.js" path="/Users/jordy/Projects/coinaly-app/src/store/modules/prices/state.js">
          <metrics statements="0" coveredstatements="0" conditionals="0" coveredconditionals="0" methods="0" coveredmethods="0"/>
        </file>
      </package>
      <package name="src.store.modules.symbols">
        <metrics statements="23" coveredstatements="20" conditionals="6" coveredconditionals="5" methods="4" coveredmethods="4"/>
        <file name="actions.js" path="/Users/jordy/Projects/coinaly-app/src/store/modules/symbols/actions.js">
          <metrics statements="10" coveredstatements="7" conditionals="2" coveredconditionals="1" methods="0" coveredmethods="0"/>
          <line num="5" count="1" type="stmt"/>
          <line num="7" count="1" type="stmt"/>
          <line num="8" count="1" type="stmt"/>
          <line num="9" count="1" type="cond" truecount="1" falsecount="1"/>
          <line num="10" count="1" type="stmt"/>
          <line num="11" count="1" type="stmt"/>
          <line num="13" count="1" type="stmt"/>
          <line num="15" count="0" type="stmt"/>
          <line num="16" count="0" type="stmt"/>
          <line num="17" count="0" type="stmt"/>
        </file>
        <file name="getters.js" path="/Users/jordy/Projects/coinaly-app/src/store/modules/symbols/getters.js">
          <metrics statements="5" coveredstatements="5" conditionals="4" coveredconditionals="4" methods="2" coveredmethods="2"/>
          <line num="3" count="2" type="stmt"/>
          <line num="6" count="4" type="stmt"/>
          <line num="8" count="2" type="stmt"/>
          <line num="9" count="2" type="cond" truecount="4" falsecount="0"/>
          <line num="10" count="1" type="stmt"/>
        </file>
        <file name="index.js" path="/Users/jordy/Projects/coinaly-app/src/store/modules/symbols/index.js">
          <metrics statements="0" coveredstatements="0" conditionals="0" coveredconditionals="0" methods="0" coveredmethods="0"/>
        </file>
        <file name="initialState.js" path="/Users/jordy/Projects/coinaly-app/src/store/modules/symbols/initialState.js">
          <metrics statements="1" coveredstatements="1" conditionals="0" coveredconditionals="0" methods="1" coveredmethods="1"/>
          <line num="2" count="6" type="stmt"/>
        </file>
        <file name="mutations.js" path="/Users/jordy/Projects/coinaly-app/src/store/modules/symbols/mutations.js">
          <metrics statements="7" coveredstatements="7" conditionals="0" coveredconditionals="0" methods="1" coveredmethods="1"/>
          <line num="6" count="1" type="stmt"/>
          <line num="9" count="1" type="stmt"/>
          <line num="12" count="2" type="stmt"/>
          <line num="15" count="1" type="stmt"/>
          <line num="18" count="1" type="stmt"/>
          <line num="19" count="1" type="stmt"/>
          <line num="20" count="2" type="stmt"/>
        </file>
        <file name="state.js" path="/Users/jordy/Projects/coinaly-app/src/store/modules/symbols/state.js">
          <metrics statements="0" coveredstatements="0" conditionals="0" coveredconditionals="0" methods="0" coveredmethods="0"/>
        </file>
      </package>
      <package name="src.store.modules.tickers">
        <metrics statements="15" coveredstatements="14" conditionals="4" coveredconditionals="3" methods="5" coveredmethods="5"/>
        <file name="getters.js" path="/Users/jordy/Projects/coinaly-app/src/store/modules/tickers/getters.js">
          <metrics statements="6" coveredstatements="5" conditionals="4" coveredconditionals="3" methods="2" coveredmethods="2"/>
          <line num="3" count="4" type="stmt"/>
          <line num="6" count="4" type="stmt"/>
          <line num="8" count="1" type="stmt"/>
          <line num="9" count="1" type="cond" truecount="3" falsecount="1"/>
          <line num="10" count="1" type="stmt"/>
          <line num="12" count="0" type="stmt"/>
        </file>
        <file name="index.js" path="/Users/jordy/Projects/coinaly-app/src/store/modules/tickers/index.js">
          <metrics statements="0" coveredstatements="0" conditionals="0" coveredconditionals="0" methods="0" coveredmethods="0"/>
        </file>
        <file name="initialState.js" path="/Users/jordy/Projects/coinaly-app/src/store/modules/tickers/initialState.js">
          <metrics statements="1" coveredstatements="1" conditionals="0" coveredconditionals="0" methods="1" coveredmethods="1"/>
          <line num="2" count="6" type="stmt"/>
        </file>
        <file name="mutations.js" path="/Users/jordy/Projects/coinaly-app/src/store/modules/tickers/mutations.js">
          <metrics statements="8" coveredstatements="8" conditionals="0" coveredconditionals="0" methods="2" coveredmethods="2"/>
          <line num="6" count="1" type="stmt"/>
          <line num="9" count="2" type="stmt"/>
          <line num="10" count="4" type="stmt"/>
          <line num="14" count="1" type="stmt"/>
          <line num="17" count="1" type="stmt"/>
          <line num="20" count="1" type="stmt"/>
          <line num="21" count="1" type="stmt"/>
          <line num="22" count="2" type="stmt"/>
        </file>
        <file name="state.js" path="/Users/jordy/Projects/coinaly-app/src/store/modules/tickers/state.js">
          <metrics statements="0" coveredstatements="0" conditionals="0" coveredconditionals="0" methods="0" coveredmethods="0"/>
        </file>
      </package>
      <package name="src.store.modules.user">
        <metrics statements="58" coveredstatements="36" conditionals="16" coveredconditionals="5" methods="9" coveredmethods="8"/>
        <file name="actions.js" path="/Users/jordy/Projects/coinaly-app/src/store/modules/user/actions.js">
          <metrics statements="37" coveredstatements="16" conditionals="12" coveredconditionals="2" methods="0" coveredmethods="0"/>
          <line num="5" count="1" type="stmt"/>
          <line num="6" count="1" type="stmt"/>
          <line num="8" count="1" type="stmt"/>
          <line num="9" count="1" type="stmt"/>
          <line num="10" count="1" type="cond" truecount="1" falsecount="1"/>
          <line num="11" count="1" type="stmt"/>
          <line num="12" count="1" type="stmt"/>
          <line num="14" count="1" type="stmt"/>
          <line num="16" count="0" type="cond" truecount="0" falsecount="2"/>
          <line num="17" count="0" type="stmt"/>
          <line num="18" count="0" type="stmt"/>
          <line num="19" count="0" type="stmt"/>
          <line num="24" count="1" type="stmt"/>
          <line num="25" count="1" type="stmt"/>
          <line num="27" count="1" type="stmt"/>
          <line num="28" count="1" type="stmt"/>
          <line num="29" count="1" type="cond" truecount="1" falsecount="1"/>
          <line num="30" count="1" type="stmt"/>
          <line num="31" count="1" type="stmt"/>
          <line num="33" count="1" type="stmt"/>
          <line num="35" count="0" type="cond" truecount="0" falsecount="2"/>
          <line num="36" count="0" type="stmt"/>
          <line num="37" count="0" type="stmt"/>
          <line num="38" count="0" type="stmt"/>
          <line num="43" count="0" type="stmt"/>
          <line num="44" count="0" type="stmt"/>
          <line num="45" count="0" type="stmt"/>
          <line num="47" count="0" type="stmt"/>
          <line num="48" count="0" type="stmt"/>
          <line num="49" count="0" type="cond" truecount="0" falsecount="2"/>
          <line num="50" count="0" type="stmt"/>
          <line num="51" count="0" type="stmt"/>
          <line num="53" count="0" type="stmt"/>
          <line num="55" count="0" type="cond" truecount="0" falsecount="2"/>
          <line num="56" count="0" type="stmt"/>
          <line num="57" count="0" type="stmt"/>
          <line num="58" count="0" type="stmt"/>
        </file>
        <file name="getters.js" path="/Users/jordy/Projects/coinaly-app/src/store/modules/user/getters.js">
          <metrics statements="7" coveredstatements="6" conditionals="2" coveredconditionals="2" methods="7" coveredmethods="6"/>
          <line num="3" count="3" type="stmt"/>
          <line num="6" count="0" type="stmt"/>
          <line num="9" count="1" type="stmt"/>
          <line num="12" count="1" type="stmt"/>
          <line num="15" count="17" type="stmt"/>
          <line num="18" count="4" type="stmt"/>
          <line num="21" count="4" type="cond" truecount="2" falsecount="0"/>
        </file>
        <file name="index.js" path="/Users/jordy/Projects/coinaly-app/src/store/modules/user/index.js">
          <metrics statements="0" coveredstatements="0" conditionals="0" coveredconditionals="0" methods="0" coveredmethods="0"/>
        </file>
        <file name="initialState.js" path="/Users/jordy/Projects/coinaly-app/src/store/modules/user/initialState.js">
          <metrics statements="2" coveredstatements="2" conditionals="2" coveredconditionals="1" methods="1" coveredmethods="1"/>
          <line num="1" count="7" type="cond" truecount="1" falsecount="1"/>
          <line num="4" count="9" type="stmt"/>
        </file>
        <file name="mutations.js" path="/Users/jordy/Projects/coinaly-app/src/store/modules/user/mutations.js">
          <metrics statements="12" coveredstatements="12" conditionals="0" coveredconditionals="0" methods="1" coveredmethods="1"/>
          <line num="6" count="1" type="stmt"/>
          <line num="9" count="1" type="stmt"/>
          <line num="12" count="2" type="stmt"/>
          <line num="15" count="2" type="stmt"/>
          <line num="18" count="1" type="stmt"/>
          <line num="21" count="1" type="stmt"/>
          <line num="24" count="1" type="stmt"/>
          <line num="27" count="1" type="stmt"/>
          <line num="30" count="1" type="stmt"/>
          <line num="33" count="1" type="stmt"/>
          <line num="34" count="1" type="stmt"/>
          <line num="35" count="6" type="stmt"/>
        </file>
        <file name="state.js" path="/Users/jordy/Projects/coinaly-app/src/store/modules/user/state.js">
          <metrics statements="0" coveredstatements="0" conditionals="0" coveredconditionals="0" methods="0" coveredmethods="0"/>
        </file>
      </package>
      <package name="src.websocket">
        <metrics statements="6" coveredstatements="1" conditionals="0" coveredconditionals="0" methods="5" coveredmethods="0"/>
        <file name="index.js" path="/Users/jordy/Projects/coinaly-app/src/websocket/index.js">
          <metrics statements="6" coveredstatements="1" conditionals="0" coveredconditionals="0" methods="5" coveredmethods="0"/>
          <line num="3" count="1" type="stmt"/>
          <line num="19" count="0" type="stmt"/>
          <line num="23" count="0" type="stmt"/>
          <line num="27" count="0" type="stmt"/>
          <line num="31" count="0" type="stmt"/>
          <line num="35" count="0" type="stmt"/>
        </file>
      </package>
    </metrics>
  </project>
</coverage>
