{"/Users/jordy/Projects/coinaly-app/src/axios.js": {"path":"/Users/jordy/Projects/coinaly-app/src/axios.js","statementMap":{"0":{"start":{"line":1,"column":12},"end":{"line":1,"column":28}},"1":{"start":{"line":2,"column":0},"end":{"line":2,"column":36}},"2":{"start":{"line":6,"column":0},"end":{"line":10,"column":1}},"3":{"start":{"line":7,"column":2},"end":{"line":7,"column":36}},"4":{"start":{"line":9,"column":2},"end":{"line":9,"column":35}},"5":{"start":{"line":12,"column":20},"end":{"line":15,"column":2}},"6":{"start":{"line":17,"column":0},"end":{"line":22,"column":1}},"7":{"start":{"line":18,"column":16},"end":{"line":18,"column":45}},"8":{"start":{"line":19,"column":2},"end":{"line":19,"column":56}},"9":{"start":{"line":21,"column":2},"end":{"line":21,"column":55}},"10":{"start":{"line":24,"column":0},"end":{"line":24,"column":30}}},"fnMap":{},"branchMap":{"0":{"loc":{"start":{"line":6,"column":0},"end":{"line":10,"column":1}},"type":"if","locations":[{"start":{"line":6,"column":0},"end":{"line":10,"column":1}},{"start":{"line":6,"column":0},"end":{"line":10,"column":1}}],"line":6},"1":{"loc":{"start":{"line":17,"column":0},"end":{"line":22,"column":1}},"type":"if","locations":[{"start":{"line":17,"column":0},"end":{"line":22,"column":1}},{"start":{"line":17,"column":0},"end":{"line":22,"column":1}}],"line":17}},"s":{"0":41,"1":41,"2":41,"3":1,"4":40,"5":41,"6":41,"7":0,"8":0,"9":41,"10":41},"f":{},"b":{"0":[1,40],"1":[0,41]},"_coverageSchema":"332fd63041d2c1bcb487cc26dd0d5f7d97098a6c","hash":"5d1384e3f3793d97b78edb9d16e9e0fb19a89646"}
,"/Users/jordy/Projects/coinaly-app/src/api/auth.js": {"path":"/Users/jordy/Projects/coinaly-app/src/api/auth.js","statementMap":{"0":{"start":{"line":4,"column":2},"end":{"line":8,"column":36}},"1":{"start":{"line":8,"column":22},"end":{"line":8,"column":35}},"2":{"start":{"line":12,"column":2},"end":{"line":15,"column":36}},"3":{"start":{"line":15,"column":22},"end":{"line":15,"column":35}},"4":{"start":{"line":19,"column":2},"end":{"line":22,"column":36}},"5":{"start":{"line":22,"column":22},"end":{"line":22,"column":35}},"6":{"start":{"line":26,"column":2},"end":{"line":30,"column":36}},"7":{"start":{"line":30,"column":22},"end":{"line":30,"column":35}}},"fnMap":{"0":{"name":"login","decl":{"start":{"line":3,"column":16},"end":{"line":3,"column":21}},"loc":{"start":{"line":3,"column":40},"end":{"line":9,"column":1}},"line":3},"1":{"name":"(anonymous_1)","decl":{"start":{"line":8,"column":10},"end":{"line":8,"column":11}},"loc":{"start":{"line":8,"column":22},"end":{"line":8,"column":35}},"line":8},"2":{"name":"verify","decl":{"start":{"line":11,"column":16},"end":{"line":11,"column":22}},"loc":{"start":{"line":11,"column":43},"end":{"line":16,"column":1}},"line":11},"3":{"name":"(anonymous_3)","decl":{"start":{"line":15,"column":10},"end":{"line":15,"column":11}},"loc":{"start":{"line":15,"column":22},"end":{"line":15,"column":35}},"line":15},"4":{"name":"requestResetToken","decl":{"start":{"line":18,"column":16},"end":{"line":18,"column":33}},"loc":{"start":{"line":18,"column":42},"end":{"line":23,"column":1}},"line":18},"5":{"name":"(anonymous_5)","decl":{"start":{"line":22,"column":10},"end":{"line":22,"column":11}},"loc":{"start":{"line":22,"column":22},"end":{"line":22,"column":35}},"line":22},"6":{"name":"resetPassword","decl":{"start":{"line":25,"column":16},"end":{"line":25,"column":29}},"loc":{"start":{"line":25,"column":53},"end":{"line":31,"column":1}},"line":25},"7":{"name":"(anonymous_7)","decl":{"start":{"line":30,"column":10},"end":{"line":30,"column":11}},"loc":{"start":{"line":30,"column":22},"end":{"line":30,"column":35}},"line":30}},"branchMap":{},"s":{"0":5,"1":2,"2":2,"3":2,"4":2,"5":2,"6":2,"7":2},"f":{"0":5,"1":2,"2":2,"3":2,"4":2,"5":2,"6":2,"7":2},"b":{},"_coverageSchema":"332fd63041d2c1bcb487cc26dd0d5f7d97098a6c","hash":"9bad52d4174590f736be9ae69a8763261b7634b1"}
,"/Users/jordy/Projects/coinaly-app/src/api/balances.js": {"path":"/Users/jordy/Projects/coinaly-app/src/api/balances.js","statementMap":{"0":{"start":{"line":4,"column":28},"end":{"line":4,"column":70}},"1":{"start":{"line":6,"column":2},"end":{"line":7,"column":36}},"2":{"start":{"line":7,"column":22},"end":{"line":7,"column":35}}},"fnMap":{"0":{"name":"getAllBalances","decl":{"start":{"line":3,"column":16},"end":{"line":3,"column":30}},"loc":{"start":{"line":3,"column":64},"end":{"line":9,"column":1}},"line":3},"1":{"name":"(anonymous_1)","decl":{"start":{"line":7,"column":10},"end":{"line":7,"column":11}},"loc":{"start":{"line":7,"column":22},"end":{"line":7,"column":35}},"line":7}},"branchMap":{"0":{"loc":{"start":{"line":3,"column":32},"end":{"line":3,"column":52}},"type":"default-arg","locations":[{"start":{"line":3,"column":47},"end":{"line":3,"column":52}}],"line":3},"1":{"loc":{"start":{"line":4,"column":28},"end":{"line":4,"column":70}},"type":"cond-expr","locations":[{"start":{"line":4,"column":45},"end":{"line":4,"column":65}},{"start":{"line":4,"column":68},"end":{"line":4,"column":70}}],"line":4}},"s":{"0":2,"1":2,"2":2},"f":{"0":2,"1":2},"b":{"0":[0],"1":[0,2]},"_coverageSchema":"332fd63041d2c1bcb487cc26dd0d5f7d97098a6c","hash":"30c63bb26d27c6e556aa592c91657433ed49cd8b"}
,"/Users/jordy/Projects/coinaly-app/src/api/deposits.js": {"path":"/Users/jordy/Projects/coinaly-app/src/api/deposits.js","statementMap":{"0":{"start":{"line":4,"column":2},"end":{"line":10,"column":36}},"1":{"start":{"line":10,"column":22},"end":{"line":10,"column":35}}},"fnMap":{"0":{"name":"getDepositAddress","decl":{"start":{"line":3,"column":16},"end":{"line":3,"column":33}},"loc":{"start":{"line":3,"column":77},"end":{"line":11,"column":1}},"line":3},"1":{"name":"(anonymous_1)","decl":{"start":{"line":10,"column":10},"end":{"line":10,"column":11}},"loc":{"start":{"line":10,"column":22},"end":{"line":10,"column":35}},"line":10}},"branchMap":{"0":{"loc":{"start":{"line":3,"column":55},"end":{"line":3,"column":75}},"type":"default-arg","locations":[{"start":{"line":3,"column":70},"end":{"line":3,"column":75}}],"line":3}},"s":{"0":2,"1":2},"f":{"0":2,"1":2},"b":{"0":[1]},"_coverageSchema":"332fd63041d2c1bcb487cc26dd0d5f7d97098a6c","hash":"a74abd6692831fa4959b9d9ce8954615620c752f"}
,"/Users/jordy/Projects/coinaly-app/src/api/exchanges.js": {"path":"/Users/jordy/Projects/coinaly-app/src/api/exchanges.js","statementMap":{"0":{"start":{"line":4,"column":2},"end":{"line":5,"column":36}},"1":{"start":{"line":5,"column":22},"end":{"line":5,"column":35}}},"fnMap":{"0":{"name":"getAllExchanges","decl":{"start":{"line":3,"column":16},"end":{"line":3,"column":31}},"loc":{"start":{"line":3,"column":35},"end":{"line":6,"column":1}},"line":3},"1":{"name":"(anonymous_1)","decl":{"start":{"line":5,"column":10},"end":{"line":5,"column":11}},"loc":{"start":{"line":5,"column":22},"end":{"line":5,"column":35}},"line":5}},"branchMap":{},"s":{"0":2,"1":2},"f":{"0":2,"1":2},"b":{},"_coverageSchema":"332fd63041d2c1bcb487cc26dd0d5f7d97098a6c","hash":"ad7d72b6d302536c0e083474dfbffd47dae2235b"}
,"/Users/jordy/Projects/coinaly-app/src/api/keys.js": {"path":"/Users/jordy/Projects/coinaly-app/src/api/keys.js","statementMap":{"0":{"start":{"line":4,"column":2},"end":{"line":5,"column":36}},"1":{"start":{"line":5,"column":22},"end":{"line":5,"column":35}},"2":{"start":{"line":9,"column":2},"end":{"line":14,"column":36}},"3":{"start":{"line":14,"column":22},"end":{"line":14,"column":35}},"4":{"start":{"line":18,"column":2},"end":{"line":23,"column":36}},"5":{"start":{"line":23,"column":22},"end":{"line":23,"column":35}}},"fnMap":{"0":{"name":"getAllKeys","decl":{"start":{"line":3,"column":16},"end":{"line":3,"column":26}},"loc":{"start":{"line":3,"column":30},"end":{"line":6,"column":1}},"line":3},"1":{"name":"(anonymous_1)","decl":{"start":{"line":5,"column":10},"end":{"line":5,"column":11}},"loc":{"start":{"line":5,"column":22},"end":{"line":5,"column":35}},"line":5},"2":{"name":"createKey","decl":{"start":{"line":8,"column":16},"end":{"line":8,"column":25}},"loc":{"start":{"line":8,"column":58},"end":{"line":15,"column":1}},"line":8},"3":{"name":"(anonymous_3)","decl":{"start":{"line":14,"column":10},"end":{"line":14,"column":11}},"loc":{"start":{"line":14,"column":22},"end":{"line":14,"column":35}},"line":14},"4":{"name":"updateKey","decl":{"start":{"line":17,"column":16},"end":{"line":17,"column":25}},"loc":{"start":{"line":17,"column":58},"end":{"line":24,"column":1}},"line":17},"5":{"name":"(anonymous_5)","decl":{"start":{"line":23,"column":10},"end":{"line":23,"column":11}},"loc":{"start":{"line":23,"column":22},"end":{"line":23,"column":35}},"line":23}},"branchMap":{},"s":{"0":2,"1":2,"2":2,"3":2,"4":0,"5":0},"f":{"0":2,"1":2,"2":2,"3":2,"4":0,"5":0},"b":{},"_coverageSchema":"332fd63041d2c1bcb487cc26dd0d5f7d97098a6c","hash":"37da4c15d0674cdf458c04fa28c9408f52a9382c"}
,"/Users/jordy/Projects/coinaly-app/src/api/markets.js": {"path":"/Users/jordy/Projects/coinaly-app/src/api/markets.js","statementMap":{"0":{"start":{"line":4,"column":2},"end":{"line":9,"column":36}},"1":{"start":{"line":9,"column":22},"end":{"line":9,"column":35}},"2":{"start":{"line":13,"column":2},"end":{"line":20,"column":36}},"3":{"start":{"line":20,"column":22},"end":{"line":20,"column":35}}},"fnMap":{"0":{"name":"loadAllMarkets","decl":{"start":{"line":3,"column":16},"end":{"line":3,"column":30}},"loc":{"start":{"line":3,"column":64},"end":{"line":10,"column":1}},"line":3},"1":{"name":"(anonymous_1)","decl":{"start":{"line":9,"column":10},"end":{"line":9,"column":11}},"loc":{"start":{"line":9,"column":22},"end":{"line":9,"column":35}},"line":9},"2":{"name":"getOHLCV","decl":{"start":{"line":12,"column":16},"end":{"line":12,"column":24}},"loc":{"start":{"line":12,"column":82},"end":{"line":21,"column":1}},"line":12},"3":{"name":"(anonymous_3)","decl":{"start":{"line":20,"column":10},"end":{"line":20,"column":11}},"loc":{"start":{"line":20,"column":22},"end":{"line":20,"column":35}},"line":20}},"branchMap":{"0":{"loc":{"start":{"line":3,"column":32},"end":{"line":3,"column":52}},"type":"default-arg","locations":[{"start":{"line":3,"column":47},"end":{"line":3,"column":52}}],"line":3},"1":{"loc":{"start":{"line":12,"column":60},"end":{"line":12,"column":80}},"type":"default-arg","locations":[{"start":{"line":12,"column":75},"end":{"line":12,"column":80}}],"line":12}},"s":{"0":2,"1":2,"2":1,"3":1},"f":{"0":2,"1":2,"2":1,"3":1},"b":{"0":[0],"1":[0]},"_coverageSchema":"332fd63041d2c1bcb487cc26dd0d5f7d97098a6c","hash":"71fff3b0837439f1c9db3daf9afa42adffc2d403"}
,"/Users/jordy/Projects/coinaly-app/src/api/orders.js": {"path":"/Users/jordy/Projects/coinaly-app/src/api/orders.js","statementMap":{"0":{"start":{"line":4,"column":2},"end":{"line":5,"column":36}},"1":{"start":{"line":5,"column":22},"end":{"line":5,"column":35}}},"fnMap":{"0":{"name":"getAllClosedOrders","decl":{"start":{"line":3,"column":16},"end":{"line":3,"column":34}},"loc":{"start":{"line":3,"column":50},"end":{"line":6,"column":1}},"line":3},"1":{"name":"(anonymous_1)","decl":{"start":{"line":5,"column":10},"end":{"line":5,"column":11}},"loc":{"start":{"line":5,"column":22},"end":{"line":5,"column":35}},"line":5}},"branchMap":{},"s":{"0":2,"1":2},"f":{"0":2,"1":2},"b":{},"_coverageSchema":"332fd63041d2c1bcb487cc26dd0d5f7d97098a6c","hash":"ab97ea27bd326865046ffab125092c63571c076c"}
,"/Users/jordy/Projects/coinaly-app/src/api/prices.js": {"path":"/Users/jordy/Projects/coinaly-app/src/api/prices.js","statementMap":{"0":{"start":{"line":4,"column":2},"end":{"line":5,"column":36}},"1":{"start":{"line":5,"column":22},"end":{"line":5,"column":35}}},"fnMap":{"0":{"name":"getAllPrices","decl":{"start":{"line":3,"column":16},"end":{"line":3,"column":28}},"loc":{"start":{"line":3,"column":44},"end":{"line":6,"column":1}},"line":3},"1":{"name":"(anonymous_1)","decl":{"start":{"line":5,"column":10},"end":{"line":5,"column":11}},"loc":{"start":{"line":5,"column":22},"end":{"line":5,"column":35}},"line":5}},"branchMap":{},"s":{"0":2,"1":2},"f":{"0":2,"1":2},"b":{},"_coverageSchema":"332fd63041d2c1bcb487cc26dd0d5f7d97098a6c","hash":"8691e3f8de7aa702bb8f19c19f4cc13e5e0760e6"}
,"/Users/jordy/Projects/coinaly-app/src/api/symbols.js": {"path":"/Users/jordy/Projects/coinaly-app/src/api/symbols.js","statementMap":{"0":{"start":{"line":4,"column":2},"end":{"line":5,"column":36}},"1":{"start":{"line":5,"column":22},"end":{"line":5,"column":35}}},"fnMap":{"0":{"name":"getAllSymbols","decl":{"start":{"line":3,"column":16},"end":{"line":3,"column":29}},"loc":{"start":{"line":3,"column":63},"end":{"line":6,"column":1}},"line":3},"1":{"name":"(anonymous_1)","decl":{"start":{"line":5,"column":10},"end":{"line":5,"column":11}},"loc":{"start":{"line":5,"column":22},"end":{"line":5,"column":35}},"line":5}},"branchMap":{"0":{"loc":{"start":{"line":3,"column":31},"end":{"line":3,"column":51}},"type":"default-arg","locations":[{"start":{"line":3,"column":46},"end":{"line":3,"column":51}}],"line":3}},"s":{"0":2,"1":2},"f":{"0":2,"1":2},"b":{"0":[0]},"_coverageSchema":"332fd63041d2c1bcb487cc26dd0d5f7d97098a6c","hash":"76a0f020f86e5435906a35f559e1f90171702962"}
,"/Users/jordy/Projects/coinaly-app/src/api/users.js": {"path":"/Users/jordy/Projects/coinaly-app/src/api/users.js","statementMap":{"0":{"start":{"line":4,"column":2},"end":{"line":9,"column":36}},"1":{"start":{"line":9,"column":22},"end":{"line":9,"column":35}},"2":{"start":{"line":13,"column":2},"end":{"line":14,"column":36}},"3":{"start":{"line":14,"column":22},"end":{"line":14,"column":35}},"4":{"start":{"line":18,"column":2},"end":{"line":19,"column":36}},"5":{"start":{"line":19,"column":22},"end":{"line":19,"column":35}}},"fnMap":{"0":{"name":"create","decl":{"start":{"line":3,"column":16},"end":{"line":3,"column":22}},"loc":{"start":{"line":3,"column":53},"end":{"line":10,"column":1}},"line":3},"1":{"name":"(anonymous_1)","decl":{"start":{"line":9,"column":10},"end":{"line":9,"column":11}},"loc":{"start":{"line":9,"column":22},"end":{"line":9,"column":35}},"line":9},"2":{"name":"getMe","decl":{"start":{"line":12,"column":16},"end":{"line":12,"column":21}},"loc":{"start":{"line":12,"column":25},"end":{"line":15,"column":1}},"line":12},"3":{"name":"(anonymous_3)","decl":{"start":{"line":14,"column":10},"end":{"line":14,"column":11}},"loc":{"start":{"line":14,"column":22},"end":{"line":14,"column":35}},"line":14},"4":{"name":"deleteMe","decl":{"start":{"line":17,"column":16},"end":{"line":17,"column":24}},"loc":{"start":{"line":17,"column":28},"end":{"line":20,"column":1}},"line":17},"5":{"name":"(anonymous_5)","decl":{"start":{"line":19,"column":10},"end":{"line":19,"column":11}},"loc":{"start":{"line":19,"column":22},"end":{"line":19,"column":35}},"line":19}},"branchMap":{},"s":{"0":2,"1":2,"2":2,"3":2,"4":0,"5":0},"f":{"0":2,"1":2,"2":2,"3":2,"4":0,"5":0},"b":{},"_coverageSchema":"332fd63041d2c1bcb487cc26dd0d5f7d97098a6c","hash":"bd9f583878dbffbf093bbec68ee8d0a3c3cff762"}
,"/Users/jordy/Projects/coinaly-app/src/components/BalancesSummary.vue": {"path":"/Users/jordy/Projects/coinaly-app/src/components/BalancesSummary.vue","statementMap":{"0":{"start":{"line":11,"column":0},"end":{"line":null,"column":-1}},"1":{"start":{"line":22,"column":0},"end":{"line":null,"column":-1}},"2":{"start":{"line":23,"column":0},"end":{"line":null,"column":-1}},"3":{"start":{"line":26,"column":0},"end":{"line":30,"column":0}},"4":{"start":{"line":27,"column":0},"end":{"line":null,"column":-1}},"5":{"start":{"line":29,"column":0},"end":{"line":null,"column":-1}}},"fnMap":{"0":{"name":"totalPrice","decl":{"start":{"line":21,"column":0},"end":{"line":null,"column":-1}},"loc":{"start":{"line":21,"column":0},"end":{"line":24,"column":0}}},"1":{"name":"totalBTCPrice","decl":{"start":{"line":25,"column":0},"end":{"line":null,"column":-1}},"loc":{"start":{"line":25,"column":0},"end":{"line":31,"column":0}}}},"branchMap":{"0":{"loc":{"start":{"line":22,"column":0},"end":{"line":null,"column":-1}},"type":"if","locations":[{"start":{"line":22,"column":0},"end":{"line":null,"column":-1}},{"start":{"line":22,"column":0},"end":{"line":null,"column":-1}}]},"1":{"loc":{"start":{"line":26,"column":0},"end":{"line":30,"column":0}},"type":"if","locations":[{"start":{"line":26,"column":0},"end":{"line":30,"column":0}},{"start":{"line":26,"column":0},"end":{"line":30,"column":0}}]},"2":{"loc":{"start":{"line":26,"column":0},"end":{"line":null,"column":-1}},"type":"binary-expr","locations":[{"start":{"line":26,"column":0},"end":{"line":null,"column":-1}},{"start":{"line":26,"column":0},"end":{"line":null,"column":-1}}]}},"s":{"0":2,"1":3,"2":3,"3":3,"4":0,"5":3},"f":{"0":3,"1":3},"b":{"0":[0,3],"1":[0,3],"2":[3,0]}}
,"/Users/jordy/Projects/coinaly-app/src/components/EmptyState.vue": {"path":"/Users/jordy/Projects/coinaly-app/src/components/EmptyState.vue","statementMap":{"0":{"start":{"line":19,"column":0},"end":{"line":null,"column":-1}}},"fnMap":{"0":{"name":"data","decl":{"start":{"line":18,"column":0},"end":{"line":null,"column":-1}},"loc":{"start":{"line":18,"column":0},"end":{"line":20,"column":0}}}},"branchMap":{},"s":{"0":1},"f":{"0":1},"b":{}}
,"/Users/jordy/Projects/coinaly-app/src/components/ExchangeStatus.vue": {"path":"/Users/jordy/Projects/coinaly-app/src/components/ExchangeStatus.vue","statementMap":{"0":{"start":{"line":10,"column":0},"end":{"line":null,"column":-1}},"1":{"start":{"line":21,"column":0},"end":{"line":null,"column":-1}},"2":{"start":{"line":22,"column":0},"end":{"line":null,"column":-1}},"3":{"start":{"line":25,"column":0},"end":{"line":null,"column":-1}},"4":{"start":{"line":26,"column":0},"end":{"line":null,"column":-1}},"5":{"start":{"line":27,"column":0},"end":{"line":null,"column":-1}}},"fnMap":{"0":{"name":"userStatus","decl":{"start":{"line":20,"column":0},"end":{"line":null,"column":-1}},"loc":{"start":{"line":20,"column":0},"end":{"line":23,"column":0}}},"1":{"name":"friendlyMessage","decl":{"start":{"line":24,"column":0},"end":{"line":null,"column":-1}},"loc":{"start":{"line":24,"column":0},"end":{"line":28,"column":0}}}},"branchMap":{"0":{"loc":{"start":{"line":21,"column":0},"end":{"line":null,"column":-1}},"type":"if","locations":[{"start":{"line":21,"column":0},"end":{"line":null,"column":-1}},{"start":{"line":21,"column":0},"end":{"line":null,"column":-1}}]},"1":{"loc":{"start":{"line":25,"column":0},"end":{"line":null,"column":-1}},"type":"if","locations":[{"start":{"line":25,"column":0},"end":{"line":null,"column":-1}},{"start":{"line":25,"column":0},"end":{"line":null,"column":-1}}]},"2":{"loc":{"start":{"line":26,"column":0},"end":{"line":null,"column":-1}},"type":"if","locations":[{"start":{"line":26,"column":0},"end":{"line":null,"column":-1}},{"start":{"line":26,"column":0},"end":{"line":null,"column":-1}}]}},"s":{"0":1,"1":2,"2":0,"3":1,"4":1,"5":1},"f":{"0":1,"1":1},"b":{"0":[1,0],"1":[0,1],"2":[1,2]}}
,"/Users/jordy/Projects/coinaly-app/src/components/Icon.vue": {"path":"/Users/jordy/Projects/coinaly-app/src/components/Icon.vue","statementMap":{"0":{"start":{"line":13,"column":0},"end":{"line":null,"column":-1}},"1":{"start":{"line":16,"column":0},"end":{"line":null,"column":-1}}},"fnMap":{"0":{"name":"strokeColor","decl":{"start":{"line":12,"column":0},"end":{"line":null,"column":-1}},"loc":{"start":{"line":12,"column":0},"end":{"line":14,"column":0}}},"1":{"name":"fillColor","decl":{"start":{"line":15,"column":0},"end":{"line":null,"column":-1}},"loc":{"start":{"line":15,"column":0},"end":{"line":17,"column":0}}}},"branchMap":{"0":{"loc":{"start":{"line":13,"column":0},"end":{"line":null,"column":-1}},"type":"binary-expr","locations":[{"start":{"line":13,"column":0},"end":{"line":null,"column":-1}},{"start":{"line":13,"column":0},"end":{"line":null,"column":-1}}]},"1":{"loc":{"start":{"line":16,"column":0},"end":{"line":null,"column":-1}},"type":"binary-expr","locations":[{"start":{"line":16,"column":0},"end":{"line":null,"column":-1}},{"start":{"line":16,"column":0},"end":{"line":null,"column":-1}}]}},"s":{"0":4,"1":4},"f":{"0":4,"1":4},"b":{"0":[4,3],"1":[4,3]}}
,"/Users/jordy/Projects/coinaly-app/src/components/Logo.vue": {"path":"/Users/jordy/Projects/coinaly-app/src/components/Logo.vue","statementMap":{"0":{"start":{"line":26,"column":0},"end":{"line":null,"column":-1}},"1":{"start":{"line":29,"column":0},"end":{"line":null,"column":-1}},"2":{"start":{"line":32,"column":0},"end":{"line":null,"column":-1}}},"fnMap":{"0":{"name":"fillColor","decl":{"start":{"line":25,"column":0},"end":{"line":null,"column":-1}},"loc":{"start":{"line":25,"column":0},"end":{"line":27,"column":0}}},"1":{"name":"width","decl":{"start":{"line":28,"column":0},"end":{"line":null,"column":-1}},"loc":{"start":{"line":28,"column":0},"end":{"line":30,"column":0}}},"2":{"name":"height","decl":{"start":{"line":31,"column":0},"end":{"line":null,"column":-1}},"loc":{"start":{"line":31,"column":0},"end":{"line":33,"column":0}}}},"branchMap":{"0":{"loc":{"start":{"line":26,"column":0},"end":{"line":null,"column":-1}},"type":"cond-expr","locations":[{"start":{"line":26,"column":0},"end":{"line":null,"column":-1}},{"start":{"line":26,"column":0},"end":{"line":null,"column":-1}}]},"1":{"loc":{"start":{"line":29,"column":0},"end":{"line":null,"column":-1}},"type":"cond-expr","locations":[{"start":{"line":29,"column":0},"end":{"line":null,"column":-1}},{"start":{"line":29,"column":0},"end":{"line":null,"column":-1}}]},"2":{"loc":{"start":{"line":32,"column":0},"end":{"line":null,"column":-1}},"type":"cond-expr","locations":[{"start":{"line":32,"column":0},"end":{"line":null,"column":-1}},{"start":{"line":32,"column":0},"end":{"line":null,"column":-1}}]}},"s":{"0":8,"1":9,"2":9},"f":{"0":8,"1":9,"2":9},"b":{"0":[1,7],"1":[2,7],"2":[2,7]}}
,"/Users/jordy/Projects/coinaly-app/src/components/NavBar.vue": {"path":"/Users/jordy/Projects/coinaly-app/src/components/NavBar.vue","statementMap":{"0":{"start":{"line":26,"column":0},"end":{"line":null,"column":-1}},"1":{"start":{"line":27,"column":0},"end":{"line":null,"column":-1}},"2":{"start":{"line":28,"column":0},"end":{"line":null,"column":-1}},"3":{"start":{"line":29,"column":0},"end":{"line":null,"column":-1}},"4":{"start":{"line":30,"column":0},"end":{"line":null,"column":-1}},"5":{"start":{"line":31,"column":0},"end":{"line":null,"column":-1}},"6":{"start":{"line":42,"column":0},"end":{"line":null,"column":-1}},"7":{"start":{"line":50,"column":0},"end":{"line":null,"column":-1}},"8":{"start":{"line":53,"column":0},"end":{"line":58,"column":0}},"9":{"start":{"line":54,"column":0},"end":{"line":null,"column":-1}},"10":{"start":{"line":55,"column":0},"end":{"line":57,"column":0}},"11":{"start":{"line":56,"column":0},"end":{"line":null,"column":-1}},"12":{"start":{"line":59,"column":0},"end":{"line":null,"column":-1}}},"fnMap":{"0":{"name":"data","decl":{"start":{"line":42,"column":0},"end":{"line":null,"column":-1}},"loc":{"start":{"line":42,"column":0},"end":{"line":null,"column":-1}}},"1":{"name":"routeName","decl":{"start":{"line":49,"column":0},"end":{"line":null,"column":-1}},"loc":{"start":{"line":49,"column":0},"end":{"line":51,"column":0}}},"2":{"name":"showBack","decl":{"start":{"line":52,"column":0},"end":{"line":null,"column":-1}},"loc":{"start":{"line":52,"column":0},"end":{"line":60,"column":0}}}},"branchMap":{"0":{"loc":{"start":{"line":50,"column":0},"end":{"line":null,"column":-1}},"type":"if","locations":[{"start":{"line":50,"column":0},"end":{"line":null,"column":-1}},{"start":{"line":50,"column":0},"end":{"line":null,"column":-1}}]},"1":{"loc":{"start":{"line":53,"column":0},"end":{"line":58,"column":0}},"type":"if","locations":[{"start":{"line":53,"column":0},"end":{"line":58,"column":0}},{"start":{"line":53,"column":0},"end":{"line":58,"column":0}}]},"2":{"loc":{"start":{"line":53,"column":0},"end":{"line":null,"column":-1}},"type":"binary-expr","locations":[{"start":{"line":53,"column":0},"end":{"line":null,"column":-1}},{"start":{"line":53,"column":0},"end":{"line":null,"column":-1}}]},"3":{"loc":{"start":{"line":55,"column":0},"end":{"line":57,"column":0}},"type":"if","locations":[{"start":{"line":55,"column":0},"end":{"line":57,"column":0}},{"start":{"line":55,"column":0},"end":{"line":57,"column":0}}]}},"s":{"0":2,"1":2,"2":2,"3":2,"4":2,"5":2,"6":6,"7":32,"8":17,"9":17,"10":17,"11":9,"12":8},"f":{"0":6,"1":17,"2":17},"b":{"0":[32,19],"1":[17,0],"2":[17,17],"3":[9,8]}}
,"/Users/jordy/Projects/coinaly-app/src/components/OrdersTimeline.vue": {"path":"/Users/jordy/Projects/coinaly-app/src/components/OrdersTimeline.vue","statementMap":{"0":{"start":{"line":34,"column":0},"end":{"line":null,"column":-1}},"1":{"start":{"line":35,"column":0},"end":{"line":null,"column":-1}},"2":{"start":{"line":36,"column":0},"end":{"line":null,"column":-1}},"3":{"start":{"line":45,"column":0},"end":{"line":null,"column":-1}},"4":{"start":{"line":54,"column":0},"end":{"line":null,"column":-1}}},"fnMap":{"0":{"name":"created","decl":{"start":{"line":44,"column":0},"end":{"line":null,"column":-1}},"loc":{"start":{"line":44,"column":0},"end":{"line":46,"column":0}}},"1":{"name":"isLoading","decl":{"start":{"line":53,"column":0},"end":{"line":null,"column":-1}},"loc":{"start":{"line":53,"column":0},"end":{"line":55,"column":0}}}},"branchMap":{"0":{"loc":{"start":{"line":54,"column":0},"end":{"line":null,"column":-1}},"type":"binary-expr","locations":[{"start":{"line":54,"column":0},"end":{"line":null,"column":-1}},{"start":{"line":54,"column":0},"end":{"line":null,"column":-1}}]}},"s":{"0":1,"1":1,"2":1,"3":0,"4":0},"f":{"0":0,"1":0},"b":{"0":[0,0]}}
,"/Users/jordy/Projects/coinaly-app/src/components/PercentageBadge.vue": {"path":"/Users/jordy/Projects/coinaly-app/src/components/PercentageBadge.vue","statementMap":{"0":{"start":{"line":16,"column":0},"end":{"line":22,"column":0}},"1":{"start":{"line":17,"column":0},"end":{"line":null,"column":-1}},"2":{"start":{"line":18,"column":0},"end":{"line":22,"column":0}},"3":{"start":{"line":19,"column":0},"end":{"line":null,"column":-1}},"4":{"start":{"line":21,"column":0},"end":{"line":null,"column":-1}}},"fnMap":{"0":{"name":"colorClass","decl":{"start":{"line":15,"column":0},"end":{"line":null,"column":-1}},"loc":{"start":{"line":15,"column":0},"end":{"line":23,"column":0}}}},"branchMap":{"0":{"loc":{"start":{"line":16,"column":0},"end":{"line":22,"column":0}},"type":"if","locations":[{"start":{"line":16,"column":0},"end":{"line":22,"column":0}},{"start":{"line":16,"column":0},"end":{"line":22,"column":0}}]},"1":{"loc":{"start":{"line":18,"column":0},"end":{"line":22,"column":0}},"type":"if","locations":[{"start":{"line":18,"column":0},"end":{"line":22,"column":0}},{"start":{"line":18,"column":0},"end":{"line":22,"column":0}}]}},"s":{"0":15,"1":6,"2":9,"3":2,"4":7},"f":{"0":15},"b":{"0":[6,9],"1":[2,7]}}
,"/Users/jordy/Projects/coinaly-app/src/components/Search.vue": {"path":"/Users/jordy/Projects/coinaly-app/src/components/Search.vue","statementMap":{"0":{"start":{"line":20,"column":0},"end":{"line":null,"column":-1}},"1":{"start":{"line":26,"column":0},"end":{"line":null,"column":-1}},"2":{"start":{"line":31,"column":0},"end":{"line":null,"column":-1}}},"fnMap":{"0":{"name":"data","decl":{"start":{"line":19,"column":0},"end":{"line":null,"column":-1}},"loc":{"start":{"line":19,"column":0},"end":{"line":23,"column":0}}},"1":{"name":"placeholderLabel","decl":{"start":{"line":25,"column":0},"end":{"line":null,"column":-1}},"loc":{"start":{"line":25,"column":0},"end":{"line":27,"column":0}}},"2":{"name":"handleSearch","decl":{"start":{"line":30,"column":0},"end":{"line":null,"column":-1}},"loc":{"start":{"line":30,"column":0},"end":{"line":32,"column":0}}}},"branchMap":{"0":{"loc":{"start":{"line":26,"column":0},"end":{"line":null,"column":-1}},"type":"cond-expr","locations":[{"start":{"line":26,"column":0},"end":{"line":null,"column":-1}},{"start":{"line":26,"column":0},"end":{"line":null,"column":-1}}]}},"s":{"0":6,"1":8,"2":1},"f":{"0":6,"1":8,"2":1},"b":{"0":[2,6]}}
,"/Users/jordy/Projects/coinaly-app/src/components/SelectMarketQuote.vue": {"path":"/Users/jordy/Projects/coinaly-app/src/components/SelectMarketQuote.vue","statementMap":{"0":{"start":{"line":26,"column":0},"end":{"line":null,"column":-1}},"1":{"start":{"line":27,"column":0},"end":{"line":null,"column":-1}},"2":{"start":{"line":44,"column":0},"end":{"line":null,"column":-1}},"3":{"start":{"line":51,"column":0},"end":{"line":null,"column":-1}},"4":{"start":{"line":56,"column":0},"end":{"line":null,"column":-1}},"5":{"start":{"line":59,"column":0},"end":{"line":null,"column":-1}},"6":{"start":{"line":62,"column":0},"end":{"line":null,"column":-1}},"7":{"start":{"line":67,"column":0},"end":{"line":null,"column":-1}}},"fnMap":{"0":{"name":"data","decl":{"start":{"line":43,"column":0},"end":{"line":null,"column":-1}},"loc":{"start":{"line":43,"column":0},"end":{"line":48,"column":0}}},"1":{"name":"hasMarkets","decl":{"start":{"line":50,"column":0},"end":{"line":null,"column":-1}},"loc":{"start":{"line":50,"column":0},"end":{"line":52,"column":0}}},"2":{"name":"isAvailable","decl":{"start":{"line":55,"column":0},"end":{"line":null,"column":-1}},"loc":{"start":{"line":55,"column":0},"end":{"line":57,"column":0}}},"3":{"name":"setSelected","decl":{"start":{"line":58,"column":0},"end":{"line":null,"column":-1}},"loc":{"start":{"line":58,"column":0},"end":{"line":60,"column":0}}},"4":{"name":"marketNameToSymbol","decl":{"start":{"line":61,"column":0},"end":{"line":null,"column":-1}},"loc":{"start":{"line":61,"column":0},"end":{"line":63,"column":0}}},"5":{"name":"baseCurrency","decl":{"start":{"line":66,"column":0},"end":{"line":null,"column":-1}},"loc":{"start":{"line":66,"column":0},"end":{"line":68,"column":0}}}},"branchMap":{},"s":{"0":0,"1":0,"2":0,"3":0,"4":0,"5":0,"6":0,"7":0},"f":{"0":0,"1":0,"2":0,"3":0,"4":0,"5":0},"b":{}}
,"/Users/jordy/Projects/coinaly-app/src/components/Sorting.vue": {"path":"/Users/jordy/Projects/coinaly-app/src/components/Sorting.vue","statementMap":{"0":{"start":{"line":13,"column":0},"end":{"line":null,"column":-1}}},"fnMap":{"0":{"name":"handleClick","decl":{"start":{"line":12,"column":0},"end":{"line":null,"column":-1}},"loc":{"start":{"line":12,"column":0},"end":{"line":14,"column":0}}}},"branchMap":{},"s":{"0":0},"f":{"0":0},"b":{}}
,"/Users/jordy/Projects/coinaly-app/src/components/SubNav.vue": {"path":"/Users/jordy/Projects/coinaly-app/src/components/SubNav.vue","statementMap":{"0":{"start":{"line":17,"column":0},"end":{"line":null,"column":-1}}},"fnMap":{"0":{"name":"data","decl":{"start":{"line":16,"column":0},"end":{"line":null,"column":-1}},"loc":{"start":{"line":16,"column":0},"end":{"line":18,"column":0}}}},"branchMap":{},"s":{"0":1},"f":{"0":1},"b":{}}
,"/Users/jordy/Projects/coinaly-app/src/components/SupportChat.vue": {"path":"/Users/jordy/Projects/coinaly-app/src/components/SupportChat.vue","statementMap":{"0":{"start":{"line":20,"column":0},"end":{"line":null,"column":-1}},"1":{"start":{"line":23,"column":0},"end":{"line":null,"column":-1}},"2":{"start":{"line":28,"column":0},"end":{"line":32,"column":0}},"3":{"start":{"line":29,"column":0},"end":{"line":null,"column":-1}},"4":{"start":{"line":31,"column":0},"end":{"line":null,"column":-1}}},"fnMap":{"0":{"name":"buttonLabel","decl":{"start":{"line":19,"column":0},"end":{"line":null,"column":-1}},"loc":{"start":{"line":19,"column":0},"end":{"line":21,"column":0}}},"1":{"name":"btnClass","decl":{"start":{"line":22,"column":0},"end":{"line":null,"column":-1}},"loc":{"start":{"line":22,"column":0},"end":{"line":24,"column":0}}},"2":{"name":"handleClick","decl":{"start":{"line":27,"column":0},"end":{"line":null,"column":-1}},"loc":{"start":{"line":27,"column":0},"end":{"line":33,"column":0}}}},"branchMap":{"0":{"loc":{"start":{"line":20,"column":0},"end":{"line":null,"column":-1}},"type":"cond-expr","locations":[{"start":{"line":20,"column":0},"end":{"line":null,"column":-1}},{"start":{"line":20,"column":0},"end":{"line":null,"column":-1}}]},"1":{"loc":{"start":{"line":23,"column":0},"end":{"line":null,"column":-1}},"type":"cond-expr","locations":[{"start":{"line":23,"column":0},"end":{"line":null,"column":-1}},{"start":{"line":23,"column":0},"end":{"line":null,"column":-1}}]},"2":{"loc":{"start":{"line":28,"column":0},"end":{"line":32,"column":0}},"type":"if","locations":[{"start":{"line":28,"column":0},"end":{"line":32,"column":0}},{"start":{"line":28,"column":0},"end":{"line":32,"column":0}}]}},"s":{"0":7,"1":7,"2":0,"3":0,"4":0},"f":{"0":7,"1":7,"2":0},"b":{"0":[1,6],"1":[1,6],"2":[0,0]}}
,"/Users/jordy/Projects/coinaly-app/src/components/TabBar.vue": {"path":"/Users/jordy/Projects/coinaly-app/src/components/TabBar.vue","statementMap":{"0":{"start":{"line":27,"column":0},"end":{"line":null,"column":-1}}},"fnMap":{},"branchMap":{},"s":{"0":1},"f":{},"b":{}}
,"/Users/jordy/Projects/coinaly-app/src/components/TradingViewChart.vue": {"path":"/Users/jordy/Projects/coinaly-app/src/components/TradingViewChart.vue","statementMap":{"0":{"start":{"line":26,"column":0},"end":{"line":null,"column":-1}},"1":{"start":{"line":30,"column":0},"end":{"line":null,"column":-1}},"2":{"start":{"line":35,"column":0},"end":{"line":null,"column":-1}},"3":{"start":{"line":38,"column":0},"end":{"line":null,"column":-1}},"4":{"start":{"line":39,"column":0},"end":{"line":112,"column":0}},"5":{"start":{"line":41,"column":0},"end":{"line":null,"column":-1}}},"fnMap":{"0":{"name":"data","decl":{"start":{"line":25,"column":0},"end":{"line":null,"column":-1}},"loc":{"start":{"line":25,"column":0},"end":{"line":27,"column":0}}},"1":{"name":"tradingViewSymbol","decl":{"start":{"line":29,"column":0},"end":{"line":null,"column":-1}},"loc":{"start":{"line":29,"column":0},"end":{"line":31,"column":0}}},"2":{"name":"userTimezone","decl":{"start":{"line":32,"column":0},"end":{"line":null,"column":-1}},"loc":{"start":{"line":32,"column":0},"end":{"line":36,"column":0}}},"3":{"name":"created","decl":{"start":{"line":38,"column":0},"end":{"line":null,"column":-1}},"loc":{"start":{"line":38,"column":0},"end":{"line":113,"column":0}}},"4":{"name":"(anonymous_5)","decl":{"start":{"line":39,"column":0},"end":{"line":null,"column":-1}},"loc":{"start":{"line":39,"column":0},"end":{"line":112,"column":0}}}},"branchMap":{"0":{"loc":{"start":{"line":35,"column":0},"end":{"line":null,"column":-1}},"type":"binary-expr","locations":[{"start":{"line":35,"column":0},"end":{"line":null,"column":-1}},{"start":{"line":35,"column":0},"end":{"line":null,"column":-1}}]}},"s":{"0":6,"1":1,"2":1,"3":6,"4":6,"5":0},"f":{"0":6,"1":1,"2":1,"3":6,"4":0},"b":{"0":[1,0]}}
,"/Users/jordy/Projects/coinaly-app/src/components/UpdateBanner.vue": {"path":"/Users/jordy/Projects/coinaly-app/src/components/UpdateBanner.vue","statementMap":{"0":{"start":{"line":12,"column":0},"end":{"line":null,"column":-1}},"1":{"start":{"line":19,"column":0},"end":{"line":null,"column":-1}},"2":{"start":{"line":36,"column":0},"end":{"line":null,"column":-1}},"3":{"start":{"line":37,"column":0},"end":{"line":38,"column":0}},"4":{"start":{"line":38,"column":0},"end":{"line":64,"column":0}},"5":{"start":{"line":40,"column":0},"end":{"line":42,"column":0}},"6":{"start":{"line":41,"column":0},"end":{"line":null,"column":-1}},"7":{"start":{"line":43,"column":0},"end":{"line":null,"column":-1}},"8":{"start":{"line":46,"column":0},"end":{"line":49,"column":0}},"9":{"start":{"line":47,"column":0},"end":{"line":null,"column":-1}},"10":{"start":{"line":48,"column":0},"end":{"line":null,"column":-1}},"11":{"start":{"line":50,"column":0},"end":{"line":60,"column":0}},"12":{"start":{"line":52,"column":0},"end":{"line":null,"column":-1}},"13":{"start":{"line":55,"column":0},"end":{"line":null,"column":-1}},"14":{"start":{"line":59,"column":0},"end":{"line":null,"column":-1}},"15":{"start":{"line":63,"column":0},"end":{"line":null,"column":-1}},"16":{"start":{"line":70,"column":0},"end":{"line":74,"column":0}},"17":{"start":{"line":71,"column":0},"end":{"line":null,"column":-1}},"18":{"start":{"line":73,"column":0},"end":{"line":null,"column":-1}},"19":{"start":{"line":79,"column":0},"end":{"line":null,"column":-1}},"20":{"start":{"line":83,"column":0},"end":{"line":null,"column":-1}},"21":{"start":{"line":84,"column":0},"end":{"line":null,"column":-1}},"22":{"start":{"line":85,"column":0},"end":{"line":null,"column":-1}},"23":{"start":{"line":86,"column":0},"end":{"line":null,"column":-1}},"24":{"start":{"line":87,"column":0},"end":{"line":90,"column":0}},"25":{"start":{"line":88,"column":0},"end":{"line":null,"column":-1}},"26":{"start":{"line":89,"column":0},"end":{"line":null,"column":-1}},"27":{"start":{"line":91,"column":0},"end":{"line":null,"column":-1}}},"fnMap":{"0":{"name":"data","decl":{"start":{"line":19,"column":0},"end":{"line":null,"column":-1}},"loc":{"start":{"line":19,"column":0},"end":{"line":null,"column":-1}}},"1":{"name":"beforeMount","decl":{"start":{"line":36,"column":0},"end":{"line":null,"column":-1}},"loc":{"start":{"line":36,"column":0},"end":{"line":67,"column":0}}},"2":{"name":"(anonymous_4)","decl":{"start":{"line":37,"column":0},"end":{"line":null,"column":-1}},"loc":{"start":{"line":37,"column":0},"end":{"line":38,"column":0}}},"3":{"name":"(anonymous_5)","decl":{"start":{"line":38,"column":0},"end":{"line":null,"column":-1}},"loc":{"start":{"line":38,"column":0},"end":{"line":44,"column":0}}},"4":{"name":"(anonymous_6)","decl":{"start":{"line":44,"column":0},"end":{"line":null,"column":-1}},"loc":{"start":{"line":44,"column":0},"end":{"line":61,"column":0}}},"5":{"name":"(anonymous_7)","decl":{"start":{"line":61,"column":0},"end":{"line":null,"column":-1}},"loc":{"start":{"line":61,"column":0},"end":{"line":64,"column":0}}},"6":{"name":"fetchUrl","decl":{"start":{"line":69,"column":0},"end":{"line":null,"column":-1}},"loc":{"start":{"line":69,"column":0},"end":{"line":75,"column":0}}},"7":{"name":"handleClick","decl":{"start":{"line":78,"column":0},"end":{"line":null,"column":-1}},"loc":{"start":{"line":78,"column":0},"end":{"line":80,"column":0}}},"8":{"name":"hash","decl":{"start":{"line":81,"column":0},"end":{"line":null,"column":-1}},"loc":{"start":{"line":81,"column":0},"end":{"line":92,"column":0}}}},"branchMap":{"0":{"loc":{"start":{"line":40,"column":0},"end":{"line":42,"column":0}},"type":"if","locations":[{"start":{"line":40,"column":0},"end":{"line":42,"column":0}},{"start":{"line":40,"column":0},"end":{"line":42,"column":0}}]},"1":{"loc":{"start":{"line":46,"column":0},"end":{"line":49,"column":0}},"type":"if","locations":[{"start":{"line":46,"column":0},"end":{"line":49,"column":0}},{"start":{"line":46,"column":0},"end":{"line":49,"column":0}}]},"2":{"loc":{"start":{"line":50,"column":0},"end":{"line":60,"column":0}},"type":"if","locations":[{"start":{"line":50,"column":0},"end":{"line":60,"column":0}},{"start":{"line":50,"column":0},"end":{"line":60,"column":0}}]},"3":{"loc":{"start":{"line":70,"column":0},"end":{"line":74,"column":0}},"type":"if","locations":[{"start":{"line":70,"column":0},"end":{"line":74,"column":0}},{"start":{"line":70,"column":0},"end":{"line":74,"column":0}}]},"4":{"loc":{"start":{"line":85,"column":0},"end":{"line":null,"column":-1}},"type":"if","locations":[{"start":{"line":85,"column":0},"end":{"line":null,"column":-1}},{"start":{"line":85,"column":0},"end":{"line":null,"column":-1}}]}},"s":{"0":1,"1":4,"2":4,"3":4,"4":0,"5":0,"6":0,"7":0,"8":0,"9":0,"10":0,"11":0,"12":0,"13":0,"14":0,"15":0,"16":0,"17":0,"18":0,"19":0,"20":0,"21":0,"22":0,"23":0,"24":0,"25":0,"26":0,"27":0},"f":{"0":4,"1":4,"2":0,"3":0,"4":0,"5":0,"6":0,"7":0,"8":0},"b":{"0":[0,0],"1":[0,0],"2":[0,0],"3":[0,0],"4":[0,0]}}
,"/Users/jordy/Projects/coinaly-app/src/components/btn/Back.vue": {"path":"/Users/jordy/Projects/coinaly-app/src/components/btn/Back.vue","statementMap":{"0":{"start":{"line":14,"column":0},"end":{"line":null,"column":-1}}},"fnMap":{"0":{"name":"handleClick","decl":{"start":{"line":13,"column":0},"end":{"line":null,"column":-1}},"loc":{"start":{"line":13,"column":0},"end":{"line":15,"column":0}}}},"branchMap":{},"s":{"0":0},"f":{"0":0},"b":{}}
,"/Users/jordy/Projects/coinaly-app/src/components/btn/DeleteAccount.vue": {"path":"/Users/jordy/Projects/coinaly-app/src/components/btn/DeleteAccount.vue","statementMap":{"0":{"start":{"line":14,"column":0},"end":{"line":null,"column":-1}},"1":{"start":{"line":18,"column":0},"end":{"line":null,"column":-1}},"2":{"start":{"line":27,"column":0},"end":{"line":null,"column":-1}},"3":{"start":{"line":31,"column":0},"end":{"line":null,"column":-1}},"4":{"start":{"line":34,"column":0},"end":{"line":null,"column":-1}},"5":{"start":{"line":36,"column":0},"end":{"line":40,"column":0}},"6":{"start":{"line":37,"column":0},"end":{"line":null,"column":-1}},"7":{"start":{"line":39,"column":0},"end":{"line":null,"column":-1}},"8":{"start":{"line":45,"column":0},"end":{"line":null,"column":-1}},"9":{"start":{"line":47,"column":0},"end":{"line":null,"column":-1}},"10":{"start":{"line":48,"column":0},"end":{"line":51,"column":0}},"11":{"start":{"line":49,"column":0},"end":{"line":null,"column":-1}},"12":{"start":{"line":50,"column":0},"end":{"line":null,"column":-1}}},"fnMap":{"0":{"name":"data","decl":{"start":{"line":18,"column":0},"end":{"line":null,"column":-1}},"loc":{"start":{"line":18,"column":0},"end":{"line":null,"column":-1}}},"1":{"name":"submitLabel","decl":{"start":{"line":26,"column":0},"end":{"line":null,"column":-1}},"loc":{"start":{"line":26,"column":0},"end":{"line":28,"column":0}}},"2":{"name":"handleClick","decl":{"start":{"line":31,"column":0},"end":{"line":null,"column":-1}},"loc":{"start":{"line":31,"column":0},"end":{"line":43,"column":0}}},"3":{"name":"dispatchDeleteAccount","decl":{"start":{"line":44,"column":0},"end":{"line":null,"column":-1}},"loc":{"start":{"line":44,"column":0},"end":{"line":46,"column":0}}},"4":{"name":"dispatchLogout","decl":{"start":{"line":47,"column":0},"end":{"line":null,"column":-1}},"loc":{"start":{"line":47,"column":0},"end":{"line":52,"column":0}}},"5":{"name":"(anonymous_9)","decl":{"start":{"line":48,"column":0},"end":{"line":null,"column":-1}},"loc":{"start":{"line":48,"column":0},"end":{"line":51,"column":0}}}},"branchMap":{"0":{"loc":{"start":{"line":27,"column":0},"end":{"line":null,"column":-1}},"type":"cond-expr","locations":[{"start":{"line":27,"column":0},"end":{"line":null,"column":-1}},{"start":{"line":27,"column":0},"end":{"line":null,"column":-1}}]},"1":{"loc":{"start":{"line":31,"column":0},"end":{"line":null,"column":-1}},"type":"switch","locations":[{"start":{"line":31,"column":0},"end":{"line":null,"column":-1}},{"start":{"line":31,"column":0},"end":{"line":40,"column":0}},{"start":{"line":31,"column":0},"end":{"line":null,"column":-1}},{"start":{"line":31,"column":0},"end":{"line":null,"column":-1}}]},"2":{"loc":{"start":{"line":31,"column":0},"end":{"line":null,"column":-1}},"type":"if","locations":[{"start":{"line":31,"column":0},"end":{"line":null,"column":-1}},{"start":{"line":31,"column":0},"end":{"line":null,"column":-1}}]},"3":{"loc":{"start":{"line":36,"column":0},"end":{"line":40,"column":0}},"type":"if","locations":[{"start":{"line":36,"column":0},"end":{"line":40,"column":0}},{"start":{"line":36,"column":0},"end":{"line":40,"column":0}}]}},"s":{"0":2,"1":3,"2":4,"3":12,"4":1,"5":1,"6":1,"7":0,"8":0,"9":0,"10":0,"11":0,"12":0},"f":{"0":3,"1":4,"2":4,"3":0,"4":0,"5":0},"b":{"0":[1,3],"1":[1,1,1,1],"2":[0,2],"3":[1,0]}}
,"/Users/jordy/Projects/coinaly-app/src/components/btn/Favorite.vue": {"path":"/Users/jordy/Projects/coinaly-app/src/components/btn/Favorite.vue","statementMap":{"0":{"start":{"line":8,"column":0},"end":{"line":null,"column":-1}},"1":{"start":{"line":22,"column":0},"end":{"line":null,"column":-1}},"2":{"start":{"line":23,"column":0},"end":{"line":null,"column":-1}},"3":{"start":{"line":26,"column":0},"end":{"line":null,"column":-1}},"4":{"start":{"line":27,"column":0},"end":{"line":null,"column":-1}}},"fnMap":{"0":{"name":"fillColor","decl":{"start":{"line":21,"column":0},"end":{"line":null,"column":-1}},"loc":{"start":{"line":21,"column":0},"end":{"line":24,"column":0}}},"1":{"name":"strokeColor","decl":{"start":{"line":25,"column":0},"end":{"line":null,"column":-1}},"loc":{"start":{"line":25,"column":0},"end":{"line":28,"column":0}}}},"branchMap":{"0":{"loc":{"start":{"line":22,"column":0},"end":{"line":null,"column":-1}},"type":"if","locations":[{"start":{"line":22,"column":0},"end":{"line":null,"column":-1}},{"start":{"line":22,"column":0},"end":{"line":null,"column":-1}}]},"1":{"loc":{"start":{"line":23,"column":0},"end":{"line":null,"column":-1}},"type":"binary-expr","locations":[{"start":{"line":23,"column":0},"end":{"line":null,"column":-1}},{"start":{"line":23,"column":0},"end":{"line":null,"column":-1}}]},"2":{"loc":{"start":{"line":26,"column":0},"end":{"line":null,"column":-1}},"type":"if","locations":[{"start":{"line":26,"column":0},"end":{"line":null,"column":-1}},{"start":{"line":26,"column":0},"end":{"line":null,"column":-1}}]},"3":{"loc":{"start":{"line":27,"column":0},"end":{"line":null,"column":-1}},"type":"binary-expr","locations":[{"start":{"line":27,"column":0},"end":{"line":null,"column":-1}},{"start":{"line":27,"column":0},"end":{"line":null,"column":-1}}]}},"s":{"0":7,"1":8,"2":6,"3":8,"4":6},"f":{"0":7,"1":7},"b":{"0":[1,6],"1":[6,5],"2":[1,6],"3":[6,5]}}
,"/Users/jordy/Projects/coinaly-app/src/components/btn/Refresh.vue": {"path":"/Users/jordy/Projects/coinaly-app/src/components/btn/Refresh.vue","statementMap":{"0":{"start":{"line":8,"column":0},"end":{"line":null,"column":-1}},"1":{"start":{"line":17,"column":0},"end":{"line":21,"column":0}},"2":{"start":{"line":18,"column":0},"end":{"line":null,"column":-1}},"3":{"start":{"line":20,"column":0},"end":{"line":null,"column":-1}},"4":{"start":{"line":26,"column":0},"end":{"line":null,"column":-1}}},"fnMap":{"0":{"name":"refreshLabel","decl":{"start":{"line":16,"column":0},"end":{"line":null,"column":-1}},"loc":{"start":{"line":16,"column":0},"end":{"line":22,"column":0}}},"1":{"name":"refreshBalances","decl":{"start":{"line":25,"column":0},"end":{"line":null,"column":-1}},"loc":{"start":{"line":25,"column":0},"end":{"line":27,"column":0}}}},"branchMap":{"0":{"loc":{"start":{"line":17,"column":0},"end":{"line":21,"column":0}},"type":"if","locations":[{"start":{"line":17,"column":0},"end":{"line":21,"column":0}},{"start":{"line":17,"column":0},"end":{"line":21,"column":0}}]}},"s":{"0":3,"1":0,"2":0,"3":0,"4":0},"f":{"0":0,"1":0},"b":{"0":[0,0]}}
,"/Users/jordy/Projects/coinaly-app/src/components/btn/SelectExchange.vue": {"path":"/Users/jordy/Projects/coinaly-app/src/components/btn/SelectExchange.vue","statementMap":{"0":{"start":{"line":17,"column":0},"end":{"line":null,"column":-1}},"1":{"start":{"line":22,"column":0},"end":{"line":null,"column":-1}},"2":{"start":{"line":35,"column":0},"end":{"line":null,"column":-1}},"3":{"start":{"line":36,"column":0},"end":{"line":null,"column":-1}},"4":{"start":{"line":37,"column":0},"end":{"line":null,"column":-1}},"5":{"start":{"line":39,"column":0},"end":{"line":null,"column":-1}},"6":{"start":{"line":40,"column":0},"end":{"line":51,"column":0}},"7":{"start":{"line":41,"column":0},"end":{"line":48,"column":0}},"8":{"start":{"line":42,"column":0},"end":{"line":46,"column":0}},"9":{"start":{"line":43,"column":0},"end":{"line":45,"column":0}},"10":{"start":{"line":44,"column":0},"end":{"line":null,"column":-1}},"11":{"start":{"line":47,"column":0},"end":{"line":null,"column":-1}},"12":{"start":{"line":50,"column":0},"end":{"line":null,"column":-1}},"13":{"start":{"line":56,"column":0},"end":{"line":null,"column":-1}},"14":{"start":{"line":59,"column":0},"end":{"line":null,"column":-1}},"15":{"start":{"line":62,"column":0},"end":{"line":null,"column":-1}},"16":{"start":{"line":65,"column":0},"end":{"line":null,"column":-1}},"17":{"start":{"line":67,"column":0},"end":{"line":null,"column":-1}},"18":{"start":{"line":68,"column":0},"end":{"line":null,"column":-1}},"19":{"start":{"line":69,"column":0},"end":{"line":null,"column":-1}},"20":{"start":{"line":73,"column":0},"end":{"line":null,"column":-1}},"21":{"start":{"line":90,"column":0},"end":{"line":null,"column":-1}}},"fnMap":{"0":{"name":"data","decl":{"start":{"line":21,"column":0},"end":{"line":null,"column":-1}},"loc":{"start":{"line":21,"column":0},"end":{"line":26,"column":0}}},"1":{"name":"switchLabel","decl":{"start":{"line":34,"column":0},"end":{"line":null,"column":-1}},"loc":{"start":{"line":34,"column":0},"end":{"line":38,"column":0}}},"2":{"name":"userAvailableExchanges","decl":{"start":{"line":39,"column":0},"end":{"line":null,"column":-1}},"loc":{"start":{"line":39,"column":0},"end":{"line":52,"column":0}}},"3":{"name":"(anonymous_5)","decl":{"start":{"line":41,"column":0},"end":{"line":null,"column":-1}},"loc":{"start":{"line":41,"column":0},"end":{"line":48,"column":0}}},"4":{"name":"(anonymous_6)","decl":{"start":{"line":42,"column":0},"end":{"line":null,"column":-1}},"loc":{"start":{"line":42,"column":0},"end":{"line":46,"column":0}}},"5":{"name":"handleClickDropdownButton","decl":{"start":{"line":55,"column":0},"end":{"line":null,"column":-1}},"loc":{"start":{"line":55,"column":0},"end":{"line":57,"column":0}}},"6":{"name":"handleClickOutside","decl":{"start":{"line":58,"column":0},"end":{"line":null,"column":-1}},"loc":{"start":{"line":58,"column":0},"end":{"line":60,"column":0}}},"7":{"name":"handleClickReload","decl":{"start":{"line":61,"column":0},"end":{"line":null,"column":-1}},"loc":{"start":{"line":61,"column":0},"end":{"line":63,"column":0}}},"8":{"name":"handleClickLogout","decl":{"start":{"line":64,"column":0},"end":{"line":null,"column":-1}},"loc":{"start":{"line":64,"column":0},"end":{"line":66,"column":0}}},"9":{"name":"handleSwitch","decl":{"start":{"line":67,"column":0},"end":{"line":null,"column":-1}},"loc":{"start":{"line":67,"column":0},"end":{"line":72,"column":0}}},"10":{"name":"loadAllData","decl":{"start":{"line":73,"column":0},"end":{"line":null,"column":-1}},"loc":{"start":{"line":73,"column":0},"end":{"line":91,"column":0}}}},"branchMap":{"0":{"loc":{"start":{"line":35,"column":0},"end":{"line":null,"column":-1}},"type":"if","locations":[{"start":{"line":35,"column":0},"end":{"line":null,"column":-1}},{"start":{"line":35,"column":0},"end":{"line":null,"column":-1}}]},"1":{"loc":{"start":{"line":36,"column":0},"end":{"line":null,"column":-1}},"type":"if","locations":[{"start":{"line":36,"column":0},"end":{"line":null,"column":-1}},{"start":{"line":36,"column":0},"end":{"line":null,"column":-1}}]},"2":{"loc":{"start":{"line":36,"column":0},"end":{"line":null,"column":-1}},"type":"binary-expr","locations":[{"start":{"line":36,"column":0},"end":{"line":null,"column":-1}},{"start":{"line":36,"column":0},"end":{"line":null,"column":-1}},{"start":{"line":36,"column":0},"end":{"line":null,"column":-1}}]},"3":{"loc":{"start":{"line":40,"column":0},"end":{"line":51,"column":0}},"type":"if","locations":[{"start":{"line":40,"column":0},"end":{"line":51,"column":0}},{"start":{"line":40,"column":0},"end":{"line":51,"column":0}}]},"4":{"loc":{"start":{"line":40,"column":0},"end":{"line":null,"column":-1}},"type":"binary-expr","locations":[{"start":{"line":40,"column":0},"end":{"line":null,"column":-1}},{"start":{"line":40,"column":0},"end":{"line":null,"column":-1}}]},"5":{"loc":{"start":{"line":43,"column":0},"end":{"line":45,"column":0}},"type":"if","locations":[{"start":{"line":43,"column":0},"end":{"line":45,"column":0}},{"start":{"line":43,"column":0},"end":{"line":45,"column":0}}]},"6":{"loc":{"start":{"line":67,"column":0},"end":{"line":null,"column":-1}},"type":"switch","locations":[{"start":{"line":67,"column":0},"end":{"line":null,"column":-1}},{"start":{"line":67,"column":0},"end":{"line":null,"column":-1}},{"start":{"line":67,"column":0},"end":{"line":null,"column":-1}}]},"7":{"loc":{"start":{"line":73,"column":0},"end":{"line":null,"column":-1}},"type":"switch","locations":[{"start":{"line":73,"column":0},"end":{"line":null,"column":-1}},{"start":{"line":73,"column":0},"end":{"line":90,"column":0}},{"start":{"line":73,"column":0},"end":{"line":null,"column":-1}},{"start":{"line":73,"column":0},"end":{"line":null,"column":-1}}]}},"s":{"0":3,"1":8,"2":20,"3":16,"4":16,"5":16,"6":16,"7":8,"8":16,"9":32,"10":16,"11":16,"12":8,"13":3,"14":0,"15":0,"16":0,"17":20,"18":2,"19":2,"20":0,"21":0},"f":{"0":8,"1":18,"2":16,"3":16,"4":32,"5":3,"6":0,"7":0,"8":0,"9":8,"10":0},"b":{"0":[2,16],"1":[0,16],"2":[16,16,16],"3":[8,8],"4":[16,12],"5":[16,16],"6":[2,2,2],"7":[0,0,0,0]}}
,"/Users/jordy/Projects/coinaly-app/src/components/btn/Settings.vue": {"path":"/Users/jordy/Projects/coinaly-app/src/components/btn/Settings.vue","statementMap":{"0":{"start":{"line":8,"column":0},"end":{"line":null,"column":-1}}},"fnMap":{},"branchMap":{},"s":{"0":2},"f":{},"b":{}}
,"/Users/jordy/Projects/coinaly-app/src/components/card/BalanceQuoteMarkets.vue": {"path":"/Users/jordy/Projects/coinaly-app/src/components/card/BalanceQuoteMarkets.vue","statementMap":{"0":{"start":{"line":23,"column":0},"end":{"line":null,"column":-1}},"1":{"start":{"line":24,"column":0},"end":{"line":null,"column":-1}},"2":{"start":{"line":25,"column":0},"end":{"line":null,"column":-1}},"3":{"start":{"line":26,"column":0},"end":{"line":null,"column":-1}},"4":{"start":{"line":27,"column":0},"end":{"line":null,"column":-1}},"5":{"start":{"line":57,"column":0},"end":{"line":null,"column":-1}},"6":{"start":{"line":61,"column":0},"end":{"line":null,"column":-1}},"7":{"start":{"line":62,"column":0},"end":{"line":68,"column":0}},"8":{"start":{"line":63,"column":0},"end":{"line":67,"column":0}},"9":{"start":{"line":64,"column":0},"end":{"line":66,"column":0}},"10":{"start":{"line":65,"column":0},"end":{"line":null,"column":-1}},"11":{"start":{"line":69,"column":0},"end":{"line":null,"column":-1}},"12":{"start":{"line":71,"column":0},"end":{"line":null,"column":-1}},"13":{"start":{"line":72,"column":0},"end":{"line":null,"column":-1}},"14":{"start":{"line":73,"column":0},"end":{"line":75,"column":0}},"15":{"start":{"line":74,"column":0},"end":{"line":null,"column":-1}},"16":{"start":{"line":78,"column":0},"end":{"line":null,"column":-1}},"17":{"start":{"line":79,"column":0},"end":{"line":null,"column":-1}}},"fnMap":{"0":{"name":"isLoading","decl":{"start":{"line":56,"column":0},"end":{"line":null,"column":-1}},"loc":{"start":{"line":56,"column":0},"end":{"line":58,"column":0}}},"1":{"name":"availableBalances","decl":{"start":{"line":59,"column":0},"end":{"line":null,"column":-1}},"loc":{"start":{"line":59,"column":0},"end":{"line":70,"column":0}}},"2":{"name":"(anonymous_4)","decl":{"start":{"line":63,"column":0},"end":{"line":null,"column":-1}},"loc":{"start":{"line":63,"column":0},"end":{"line":67,"column":0}}},"3":{"name":"(anonymous_5)","decl":{"start":{"line":64,"column":0},"end":{"line":null,"column":-1}},"loc":{"start":{"line":64,"column":0},"end":{"line":66,"column":0}}},"4":{"name":"quoteMarkets","decl":{"start":{"line":71,"column":0},"end":{"line":null,"column":-1}},"loc":{"start":{"line":71,"column":0},"end":{"line":76,"column":0}}},"5":{"name":"(anonymous_7)","decl":{"start":{"line":73,"column":0},"end":{"line":null,"column":-1}},"loc":{"start":{"line":73,"column":0},"end":{"line":75,"column":0}}},"6":{"name":"emptyText","decl":{"start":{"line":77,"column":0},"end":{"line":null,"column":-1}},"loc":{"start":{"line":77,"column":0},"end":{"line":80,"column":0}}}},"branchMap":{"0":{"loc":{"start":{"line":57,"column":0},"end":{"line":null,"column":-1}},"type":"binary-expr","locations":[{"start":{"line":57,"column":0},"end":{"line":null,"column":-1}},{"start":{"line":57,"column":0},"end":{"line":null,"column":-1}},{"start":{"line":57,"column":0},"end":{"line":null,"column":-1}},{"start":{"line":57,"column":0},"end":{"line":null,"column":-1}}]},"1":{"loc":{"start":{"line":62,"column":0},"end":{"line":68,"column":0}},"type":"if","locations":[{"start":{"line":62,"column":0},"end":{"line":68,"column":0}},{"start":{"line":62,"column":0},"end":{"line":68,"column":0}}]},"2":{"loc":{"start":{"line":62,"column":0},"end":{"line":null,"column":-1}},"type":"binary-expr","locations":[{"start":{"line":62,"column":0},"end":{"line":null,"column":-1}},{"start":{"line":62,"column":0},"end":{"line":null,"column":-1}}]},"3":{"loc":{"start":{"line":78,"column":0},"end":{"line":null,"column":-1}},"type":"if","locations":[{"start":{"line":78,"column":0},"end":{"line":null,"column":-1}},{"start":{"line":78,"column":0},"end":{"line":null,"column":-1}}]}},"s":{"0":0,"1":0,"2":0,"3":0,"4":0,"5":0,"6":0,"7":0,"8":0,"9":0,"10":0,"11":0,"12":0,"13":0,"14":0,"15":0,"16":0,"17":0},"f":{"0":0,"1":0,"2":0,"3":0,"4":0,"5":0,"6":0},"b":{"0":[0,0,0,0],"1":[0,0],"2":[0,0],"3":[0,0]}}
,"/Users/jordy/Projects/coinaly-app/src/components/card/Balances.vue": {"path":"/Users/jordy/Projects/coinaly-app/src/components/card/Balances.vue","statementMap":{"0":{"start":{"line":20,"column":0},"end":{"line":null,"column":-1}},"1":{"start":{"line":21,"column":0},"end":{"line":null,"column":-1}},"2":{"start":{"line":22,"column":0},"end":{"line":null,"column":-1}},"3":{"start":{"line":23,"column":0},"end":{"line":null,"column":-1}},"4":{"start":{"line":47,"column":0},"end":{"line":null,"column":-1}},"5":{"start":{"line":50,"column":0},"end":{"line":null,"column":-1}},"6":{"start":{"line":51,"column":0},"end":{"line":null,"column":-1}}},"fnMap":{"0":{"name":"isLoading","decl":{"start":{"line":46,"column":0},"end":{"line":null,"column":-1}},"loc":{"start":{"line":46,"column":0},"end":{"line":48,"column":0}}},"1":{"name":"emptyText","decl":{"start":{"line":49,"column":0},"end":{"line":null,"column":-1}},"loc":{"start":{"line":49,"column":0},"end":{"line":52,"column":0}}}},"branchMap":{"0":{"loc":{"start":{"line":47,"column":0},"end":{"line":null,"column":-1}},"type":"binary-expr","locations":[{"start":{"line":47,"column":0},"end":{"line":null,"column":-1}},{"start":{"line":47,"column":0},"end":{"line":null,"column":-1}},{"start":{"line":47,"column":0},"end":{"line":null,"column":-1}},{"start":{"line":47,"column":0},"end":{"line":null,"column":-1}},{"start":{"line":47,"column":0},"end":{"line":null,"column":-1}}]},"1":{"loc":{"start":{"line":50,"column":0},"end":{"line":null,"column":-1}},"type":"if","locations":[{"start":{"line":50,"column":0},"end":{"line":null,"column":-1}},{"start":{"line":50,"column":0},"end":{"line":null,"column":-1}}]}},"s":{"0":1,"1":1,"2":1,"3":1,"4":0,"5":0,"6":0},"f":{"0":0,"1":0},"b":{"0":[0,0,0,0,0],"1":[0,0]}}
,"/Users/jordy/Projects/coinaly-app/src/components/card/BaseMarkets.vue": {"path":"/Users/jordy/Projects/coinaly-app/src/components/card/BaseMarkets.vue","statementMap":{"0":{"start":{"line":28,"column":0},"end":{"line":null,"column":-1}},"1":{"start":{"line":29,"column":0},"end":{"line":null,"column":-1}},"2":{"start":{"line":30,"column":0},"end":{"line":null,"column":-1}},"3":{"start":{"line":31,"column":0},"end":{"line":null,"column":-1}},"4":{"start":{"line":32,"column":0},"end":{"line":null,"column":-1}},"5":{"start":{"line":33,"column":0},"end":{"line":null,"column":-1}},"6":{"start":{"line":34,"column":0},"end":{"line":null,"column":-1}},"7":{"start":{"line":35,"column":0},"end":{"line":null,"column":-1}},"8":{"start":{"line":47,"column":0},"end":{"line":null,"column":-1}},"9":{"start":{"line":69,"column":0},"end":{"line":null,"column":-1}},"10":{"start":{"line":75,"column":0},"end":{"line":null,"column":-1}},"11":{"start":{"line":78,"column":0},"end":{"line":null,"column":-1}},"12":{"start":{"line":81,"column":0},"end":{"line":85,"column":0}},"13":{"start":{"line":82,"column":0},"end":{"line":null,"column":-1}},"14":{"start":{"line":84,"column":0},"end":{"line":null,"column":-1}},"15":{"start":{"line":88,"column":0},"end":{"line":96,"column":0}},"16":{"start":{"line":89,"column":0},"end":{"line":null,"column":-1}},"17":{"start":{"line":90,"column":0},"end":{"line":93,"column":0}},"18":{"start":{"line":91,"column":0},"end":{"line":null,"column":-1}},"19":{"start":{"line":92,"column":0},"end":{"line":null,"column":-1}},"20":{"start":{"line":95,"column":0},"end":{"line":null,"column":-1}},"21":{"start":{"line":99,"column":0},"end":{"line":null,"column":-1}},"22":{"start":{"line":100,"column":0},"end":{"line":null,"column":-1}},"23":{"start":{"line":104,"column":0},"end":{"line":112,"column":0}},"24":{"start":{"line":105,"column":0},"end":{"line":null,"column":-1}},"25":{"start":{"line":106,"column":0},"end":{"line":112,"column":0}},"26":{"start":{"line":107,"column":0},"end":{"line":null,"column":-1}},"27":{"start":{"line":108,"column":0},"end":{"line":112,"column":0}},"28":{"start":{"line":109,"column":0},"end":{"line":null,"column":-1}},"29":{"start":{"line":111,"column":0},"end":{"line":null,"column":-1}},"30":{"start":{"line":117,"column":0},"end":{"line":null,"column":-1}},"31":{"start":{"line":120,"column":0},"end":{"line":null,"column":-1}},"32":{"start":{"line":123,"column":0},"end":{"line":null,"column":-1}},"33":{"start":{"line":130,"column":0},"end":{"line":null,"column":-1}},"34":{"start":{"line":133,"column":0},"end":{"line":null,"column":-1}},"35":{"start":{"line":136,"column":0},"end":{"line":null,"column":-1}},"36":{"start":{"line":139,"column":0},"end":{"line":null,"column":-1}},"37":{"start":{"line":140,"column":0},"end":{"line":null,"column":-1}},"38":{"start":{"line":143,"column":0},"end":{"line":null,"column":-1}},"39":{"start":{"line":144,"column":0},"end":{"line":null,"column":-1}},"40":{"start":{"line":145,"column":0},"end":{"line":147,"column":0}},"41":{"start":{"line":146,"column":0},"end":{"line":null,"column":-1}},"42":{"start":{"line":148,"column":0},"end":{"line":null,"column":-1}}},"fnMap":{"0":{"name":"data","decl":{"start":{"line":47,"column":0},"end":{"line":null,"column":-1}},"loc":{"start":{"line":47,"column":0},"end":{"line":null,"column":-1}}},"1":{"name":"subNavItems","decl":{"start":{"line":68,"column":0},"end":{"line":null,"column":-1}},"loc":{"start":{"line":68,"column":0},"end":{"line":73,"column":0}}},"2":{"name":"isLoading","decl":{"start":{"line":74,"column":0},"end":{"line":null,"column":-1}},"loc":{"start":{"line":74,"column":0},"end":{"line":76,"column":0}}},"3":{"name":"filtering","decl":{"start":{"line":77,"column":0},"end":{"line":null,"column":-1}},"loc":{"start":{"line":77,"column":0},"end":{"line":79,"column":0}}},"4":{"name":"markets","decl":{"start":{"line":80,"column":0},"end":{"line":null,"column":-1}},"loc":{"start":{"line":80,"column":0},"end":{"line":86,"column":0}}},"5":{"name":"searchedMarkets","decl":{"start":{"line":87,"column":0},"end":{"line":null,"column":-1}},"loc":{"start":{"line":87,"column":0},"end":{"line":97,"column":0}}},"6":{"name":"(anonymous_8)","decl":{"start":{"line":90,"column":0},"end":{"line":null,"column":-1}},"loc":{"start":{"line":90,"column":0},"end":{"line":93,"column":0}}},"7":{"name":"hasSearchedMarkets","decl":{"start":{"line":98,"column":0},"end":{"line":null,"column":-1}},"loc":{"start":{"line":98,"column":0},"end":{"line":101,"column":0}}},"8":{"name":"emptyText","decl":{"start":{"line":102,"column":0},"end":{"line":null,"column":-1}},"loc":{"start":{"line":102,"column":0},"end":{"line":113,"column":0}}},"9":{"name":"handleSort","decl":{"start":{"line":116,"column":0},"end":{"line":null,"column":-1}},"loc":{"start":{"line":116,"column":0},"end":{"line":118,"column":0}}},"10":{"name":"handleSearch","decl":{"start":{"line":119,"column":0},"end":{"line":null,"column":-1}},"loc":{"start":{"line":119,"column":0},"end":{"line":121,"column":0}}},"11":{"name":"fallbackSymbol","decl":{"start":{"line":122,"column":0},"end":{"line":null,"column":-1}},"loc":{"start":{"line":122,"column":0},"end":{"line":128,"column":0}}},"12":{"name":"currency","decl":{"start":{"line":129,"column":0},"end":{"line":null,"column":-1}},"loc":{"start":{"line":129,"column":0},"end":{"line":131,"column":0}}},"13":{"name":"balance","decl":{"start":{"line":132,"column":0},"end":{"line":null,"column":-1}},"loc":{"start":{"line":132,"column":0},"end":{"line":134,"column":0}}},"14":{"name":"ticker","decl":{"start":{"line":135,"column":0},"end":{"line":null,"column":-1}},"loc":{"start":{"line":135,"column":0},"end":{"line":137,"column":0}}},"15":{"name":"tickerLast","decl":{"start":{"line":138,"column":0},"end":{"line":null,"column":-1}},"loc":{"start":{"line":138,"column":0},"end":{"line":141,"column":0}}},"16":{"name":"meta","decl":{"start":{"line":142,"column":0},"end":{"line":null,"column":-1}},"loc":{"start":{"line":142,"column":0},"end":{"line":149,"column":0}}}},"branchMap":{"0":{"loc":{"start":{"line":75,"column":0},"end":{"line":null,"column":-1}},"type":"binary-expr","locations":[{"start":{"line":75,"column":0},"end":{"line":null,"column":-1}},{"start":{"line":75,"column":0},"end":{"line":null,"column":-1}},{"start":{"line":75,"column":0},"end":{"line":null,"column":-1}},{"start":{"line":75,"column":0},"end":{"line":null,"column":-1}},{"start":{"line":75,"column":0},"end":{"line":null,"column":-1}}]},"1":{"loc":{"start":{"line":81,"column":0},"end":{"line":85,"column":0}},"type":"if","locations":[{"start":{"line":81,"column":0},"end":{"line":85,"column":0}},{"start":{"line":81,"column":0},"end":{"line":85,"column":0}}]},"2":{"loc":{"start":{"line":88,"column":0},"end":{"line":96,"column":0}},"type":"if","locations":[{"start":{"line":88,"column":0},"end":{"line":96,"column":0}},{"start":{"line":88,"column":0},"end":{"line":96,"column":0}}]},"3":{"loc":{"start":{"line":99,"column":0},"end":{"line":null,"column":-1}},"type":"if","locations":[{"start":{"line":99,"column":0},"end":{"line":null,"column":-1}},{"start":{"line":99,"column":0},"end":{"line":null,"column":-1}}]},"4":{"loc":{"start":{"line":104,"column":0},"end":{"line":112,"column":0}},"type":"if","locations":[{"start":{"line":104,"column":0},"end":{"line":112,"column":0}},{"start":{"line":104,"column":0},"end":{"line":112,"column":0}}]},"5":{"loc":{"start":{"line":104,"column":0},"end":{"line":null,"column":-1}},"type":"binary-expr","locations":[{"start":{"line":104,"column":0},"end":{"line":null,"column":-1}},{"start":{"line":104,"column":0},"end":{"line":null,"column":-1}},{"start":{"line":104,"column":0},"end":{"line":null,"column":-1}}]},"6":{"loc":{"start":{"line":106,"column":0},"end":{"line":112,"column":0}},"type":"if","locations":[{"start":{"line":106,"column":0},"end":{"line":112,"column":0}},{"start":{"line":106,"column":0},"end":{"line":112,"column":0}}]},"7":{"loc":{"start":{"line":106,"column":0},"end":{"line":null,"column":-1}},"type":"binary-expr","locations":[{"start":{"line":106,"column":0},"end":{"line":null,"column":-1}},{"start":{"line":106,"column":0},"end":{"line":null,"column":-1}}]},"8":{"loc":{"start":{"line":108,"column":0},"end":{"line":112,"column":0}},"type":"if","locations":[{"start":{"line":108,"column":0},"end":{"line":112,"column":0}},{"start":{"line":108,"column":0},"end":{"line":112,"column":0}}]},"9":{"loc":{"start":{"line":108,"column":0},"end":{"line":null,"column":-1}},"type":"binary-expr","locations":[{"start":{"line":108,"column":0},"end":{"line":null,"column":-1}},{"start":{"line":108,"column":0},"end":{"line":null,"column":-1}}]},"10":{"loc":{"start":{"line":130,"column":0},"end":{"line":null,"column":-1}},"type":"binary-expr","locations":[{"start":{"line":130,"column":0},"end":{"line":null,"column":-1}},{"start":{"line":130,"column":0},"end":{"line":null,"column":-1}}]},"11":{"loc":{"start":{"line":133,"column":0},"end":{"line":null,"column":-1}},"type":"binary-expr","locations":[{"start":{"line":133,"column":0},"end":{"line":null,"column":-1}},{"start":{"line":133,"column":0},"end":{"line":null,"column":-1}}]},"12":{"loc":{"start":{"line":139,"column":0},"end":{"line":null,"column":-1}},"type":"if","locations":[{"start":{"line":139,"column":0},"end":{"line":null,"column":-1}},{"start":{"line":139,"column":0},"end":{"line":null,"column":-1}}]},"13":{"loc":{"start":{"line":145,"column":0},"end":{"line":147,"column":0}},"type":"if","locations":[{"start":{"line":145,"column":0},"end":{"line":147,"column":0}},{"start":{"line":145,"column":0},"end":{"line":147,"column":0}}]}},"s":{"0":0,"1":0,"2":0,"3":0,"4":0,"5":0,"6":0,"7":0,"8":0,"9":0,"10":0,"11":0,"12":0,"13":0,"14":0,"15":0,"16":0,"17":0,"18":0,"19":0,"20":0,"21":0,"22":0,"23":0,"24":0,"25":0,"26":0,"27":0,"28":0,"29":0,"30":0,"31":0,"32":0,"33":0,"34":0,"35":0,"36":0,"37":0,"38":0,"39":0,"40":0,"41":0,"42":0},"f":{"0":0,"1":0,"2":0,"3":0,"4":0,"5":0,"6":0,"7":0,"8":0,"9":0,"10":0,"11":0,"12":0,"13":0,"14":0,"15":0,"16":0},"b":{"0":[0,0,0,0,0],"1":[0,0],"2":[0,0],"3":[0,0],"4":[0,0],"5":[0,0,0],"6":[0,0],"7":[0,0],"8":[0,0],"9":[0,0],"10":[0,0],"11":[0,0],"12":[0,0],"13":[0,0]}}
,"/Users/jordy/Projects/coinaly-app/src/components/card/CardPartialLoading.vue": {"path":"/Users/jordy/Projects/coinaly-app/src/components/card/CardPartialLoading.vue","statementMap":{"0":{"start":{"line":13,"column":0},"end":{"line":null,"column":-1}}},"fnMap":{"0":{"name":"data","decl":{"start":{"line":12,"column":0},"end":{"line":null,"column":-1}},"loc":{"start":{"line":12,"column":0},"end":{"line":14,"column":0}}}},"branchMap":{},"s":{"0":3},"f":{"0":3},"b":{}}
,"/Users/jordy/Projects/coinaly-app/src/components/card/CardSelectBalance.vue": {"path":"/Users/jordy/Projects/coinaly-app/src/components/card/CardSelectBalance.vue","statementMap":{"0":{"start":{"line":21,"column":0},"end":{"line":null,"column":-1}},"1":{"start":{"line":22,"column":0},"end":{"line":null,"column":-1}},"2":{"start":{"line":23,"column":0},"end":{"line":null,"column":-1}},"3":{"start":{"line":24,"column":0},"end":{"line":null,"column":-1}},"4":{"start":{"line":35,"column":0},"end":{"line":null,"column":-1}},"5":{"start":{"line":47,"column":0},"end":{"line":null,"column":-1}},"6":{"start":{"line":50,"column":0},"end":{"line":null,"column":-1}},"7":{"start":{"line":51,"column":0},"end":{"line":null,"column":-1}},"8":{"start":{"line":56,"column":0},"end":{"line":null,"column":-1}},"9":{"start":{"line":59,"column":0},"end":{"line":null,"column":-1}},"10":{"start":{"line":62,"column":0},"end":{"line":null,"column":-1}},"11":{"start":{"line":65,"column":0},"end":{"line":null,"column":-1}},"12":{"start":{"line":68,"column":0},"end":{"line":null,"column":-1}}},"fnMap":{"0":{"name":"data","decl":{"start":{"line":34,"column":0},"end":{"line":null,"column":-1}},"loc":{"start":{"line":34,"column":0},"end":{"line":38,"column":0}}},"1":{"name":"routeUrl","decl":{"start":{"line":46,"column":0},"end":{"line":null,"column":-1}},"loc":{"start":{"line":46,"column":0},"end":{"line":48,"column":0}}},"2":{"name":"emptyText","decl":{"start":{"line":49,"column":0},"end":{"line":null,"column":-1}},"loc":{"start":{"line":49,"column":0},"end":{"line":52,"column":0}}},"3":{"name":"currencyName","decl":{"start":{"line":55,"column":0},"end":{"line":null,"column":-1}},"loc":{"start":{"line":55,"column":0},"end":{"line":57,"column":0}}},"4":{"name":"currencyIconLocation","decl":{"start":{"line":58,"column":0},"end":{"line":null,"column":-1}},"loc":{"start":{"line":58,"column":0},"end":{"line":60,"column":0}}},"5":{"name":"handleSelectedCurrency","decl":{"start":{"line":61,"column":0},"end":{"line":null,"column":-1}},"loc":{"start":{"line":61,"column":0},"end":{"line":63,"column":0}}},"6":{"name":"isActive","decl":{"start":{"line":64,"column":0},"end":{"line":null,"column":-1}},"loc":{"start":{"line":64,"column":0},"end":{"line":66,"column":0}}},"7":{"name":"setSelected","decl":{"start":{"line":67,"column":0},"end":{"line":null,"column":-1}},"loc":{"start":{"line":67,"column":0},"end":{"line":69,"column":0}}}},"branchMap":{"0":{"loc":{"start":{"line":36,"column":0},"end":{"line":null,"column":-1}},"type":"binary-expr","locations":[{"start":{"line":36,"column":0},"end":{"line":null,"column":-1}},{"start":{"line":36,"column":0},"end":{"line":null,"column":-1}}]},"1":{"loc":{"start":{"line":50,"column":0},"end":{"line":null,"column":-1}},"type":"if","locations":[{"start":{"line":50,"column":0},"end":{"line":null,"column":-1}},{"start":{"line":50,"column":0},"end":{"line":null,"column":-1}}]},"2":{"loc":{"start":{"line":56,"column":0},"end":{"line":null,"column":-1}},"type":"cond-expr","locations":[{"start":{"line":56,"column":0},"end":{"line":null,"column":-1}},{"start":{"line":56,"column":0},"end":{"line":null,"column":-1}}]},"3":{"loc":{"start":{"line":59,"column":0},"end":{"line":null,"column":-1}},"type":"cond-expr","locations":[{"start":{"line":59,"column":0},"end":{"line":null,"column":-1}},{"start":{"line":59,"column":0},"end":{"line":null,"column":-1}}]},"4":{"loc":{"start":{"line":65,"column":0},"end":{"line":null,"column":-1}},"type":"binary-expr","locations":[{"start":{"line":65,"column":0},"end":{"line":null,"column":-1}},{"start":{"line":65,"column":0},"end":{"line":null,"column":-1}},{"start":{"line":65,"column":0},"end":{"line":null,"column":-1}}]}},"s":{"0":1,"1":1,"2":1,"3":1,"4":1,"5":0,"6":2,"7":0,"8":0,"9":0,"10":0,"11":0,"12":0},"f":{"0":1,"1":0,"2":1,"3":0,"4":0,"5":0,"6":0,"7":0},"b":{"0":[1,1],"1":[2,1],"2":[0,0],"3":[0,0],"4":[0,0,0]}}
,"/Users/jordy/Projects/coinaly-app/src/components/card/CardSelectMarket.vue": {"path":"/Users/jordy/Projects/coinaly-app/src/components/card/CardSelectMarket.vue","statementMap":{"0":{"start":{"line":23,"column":0},"end":{"line":null,"column":-1}},"1":{"start":{"line":24,"column":0},"end":{"line":null,"column":-1}},"2":{"start":{"line":44,"column":0},"end":{"line":null,"column":-1}},"3":{"start":{"line":50,"column":0},"end":{"line":null,"column":-1}},"4":{"start":{"line":51,"column":0},"end":{"line":null,"column":-1}},"5":{"start":{"line":54,"column":0},"end":{"line":null,"column":-1}},"6":{"start":{"line":59,"column":0},"end":{"line":null,"column":-1}},"7":{"start":{"line":64,"column":0},"end":{"line":null,"column":-1}}},"fnMap":{"0":{"name":"data","decl":{"start":{"line":43,"column":0},"end":{"line":null,"column":-1}},"loc":{"start":{"line":43,"column":0},"end":{"line":47,"column":0}}},"1":{"name":"hasMarkets","decl":{"start":{"line":49,"column":0},"end":{"line":null,"column":-1}},"loc":{"start":{"line":49,"column":0},"end":{"line":52,"column":0}}},"2":{"name":"routeUrl","decl":{"start":{"line":53,"column":0},"end":{"line":null,"column":-1}},"loc":{"start":{"line":53,"column":0},"end":{"line":55,"column":0}}},"3":{"name":"handleSelectedCurrency","decl":{"start":{"line":58,"column":0},"end":{"line":null,"column":-1}},"loc":{"start":{"line":58,"column":0},"end":{"line":60,"column":0}}},"4":{"name":"baseCurrency","decl":{"start":{"line":63,"column":0},"end":{"line":null,"column":-1}},"loc":{"start":{"line":63,"column":0},"end":{"line":65,"column":0}}}},"branchMap":{"0":{"loc":{"start":{"line":50,"column":0},"end":{"line":null,"column":-1}},"type":"if","locations":[{"start":{"line":50,"column":0},"end":{"line":null,"column":-1}},{"start":{"line":50,"column":0},"end":{"line":null,"column":-1}}]}},"s":{"0":1,"1":1,"2":2,"3":5,"4":1,"5":3,"6":1,"7":1},"f":{"0":2,"1":3,"2":3,"3":1,"4":1},"b":{"0":[2,1]}}
,"/Users/jordy/Projects/coinaly-app/src/components/card/CardTrade.vue": {"path":"/Users/jordy/Projects/coinaly-app/src/components/card/CardTrade.vue","statementMap":{"0":{"start":{"line":19,"column":0},"end":{"line":null,"column":-1}}},"fnMap":{"0":{"name":"data","decl":{"start":{"line":18,"column":0},"end":{"line":null,"column":-1}},"loc":{"start":{"line":18,"column":0},"end":{"line":20,"column":0}}}},"branchMap":{},"s":{"0":1},"f":{"0":1},"b":{}}
,"/Users/jordy/Projects/coinaly-app/src/components/card/Chart.vue": {"path":"/Users/jordy/Projects/coinaly-app/src/components/card/Chart.vue","statementMap":{"0":{"start":{"line":15,"column":0},"end":{"line":null,"column":-1}},"1":{"start":{"line":16,"column":0},"end":{"line":null,"column":-1}},"2":{"start":{"line":17,"column":0},"end":{"line":null,"column":-1}},"3":{"start":{"line":18,"column":0},"end":{"line":null,"column":-1}},"4":{"start":{"line":38,"column":0},"end":{"line":null,"column":-1}},"5":{"start":{"line":49,"column":0},"end":{"line":null,"column":-1}},"6":{"start":{"line":53,"column":0},"end":{"line":null,"column":-1}},"7":{"start":{"line":56,"column":0},"end":{"line":null,"column":-1}},"8":{"start":{"line":57,"column":0},"end":{"line":null,"column":-1}},"9":{"start":{"line":60,"column":0},"end":{"line":65,"column":0}},"10":{"start":{"line":61,"column":0},"end":{"line":null,"column":-1}},"11":{"start":{"line":62,"column":0},"end":{"line":null,"column":-1}},"12":{"start":{"line":64,"column":0},"end":{"line":null,"column":-1}},"13":{"start":{"line":68,"column":0},"end":{"line":87,"column":0}},"14":{"start":{"line":69,"column":0},"end":{"line":null,"column":-1}},"15":{"start":{"line":70,"column":0},"end":{"line":84,"column":0}},"16":{"start":{"line":71,"column":0},"end":{"line":null,"column":-1}},"17":{"start":{"line":86,"column":0},"end":{"line":null,"column":-1}},"18":{"start":{"line":89,"column":0},"end":{"line":null,"column":-1}},"19":{"start":{"line":90,"column":0},"end":{"line":95,"column":0}},"20":{"start":{"line":91,"column":0},"end":{"line":null,"column":-1}},"21":{"start":{"line":92,"column":0},"end":{"line":null,"column":-1}},"22":{"start":{"line":94,"column":0},"end":{"line":null,"column":-1}},"23":{"start":{"line":98,"column":0},"end":{"line":103,"column":0}},"24":{"start":{"line":99,"column":0},"end":{"line":null,"column":-1}},"25":{"start":{"line":100,"column":0},"end":{"line":null,"column":-1}},"26":{"start":{"line":102,"column":0},"end":{"line":null,"column":-1}},"27":{"start":{"line":108,"column":0},"end":{"line":null,"column":-1}},"28":{"start":{"line":113,"column":0},"end":{"line":null,"column":-1}},"29":{"start":{"line":114,"column":0},"end":{"line":null,"column":-1}},"30":{"start":{"line":125,"column":0},"end":{"line":127,"column":0}},"31":{"start":{"line":126,"column":0},"end":{"line":null,"column":-1}}},"fnMap":{"0":{"name":"beforeMount","decl":{"start":{"line":37,"column":0},"end":{"line":null,"column":-1}},"loc":{"start":{"line":37,"column":0},"end":{"line":39,"column":0}}},"1":{"name":"iconColor","decl":{"start":{"line":48,"column":0},"end":{"line":null,"column":-1}},"loc":{"start":{"line":48,"column":0},"end":{"line":50,"column":0}}},"2":{"name":"isLoading","decl":{"start":{"line":51,"column":0},"end":{"line":null,"column":-1}},"loc":{"start":{"line":51,"column":0},"end":{"line":54,"column":0}}},"3":{"name":"tickerLast","decl":{"start":{"line":55,"column":0},"end":{"line":null,"column":-1}},"loc":{"start":{"line":55,"column":0},"end":{"line":58,"column":0}}},"4":{"name":"iconUrl","decl":{"start":{"line":59,"column":0},"end":{"line":null,"column":-1}},"loc":{"start":{"line":59,"column":0},"end":{"line":66,"column":0}}},"5":{"name":"ohlcvData","decl":{"start":{"line":67,"column":0},"end":{"line":null,"column":-1}},"loc":{"start":{"line":67,"column":0},"end":{"line":88,"column":0}}},"6":{"name":"timestamps","decl":{"start":{"line":89,"column":0},"end":{"line":null,"column":-1}},"loc":{"start":{"line":89,"column":0},"end":{"line":96,"column":0}}},"7":{"name":"(anonymous_9)","decl":{"start":{"line":92,"column":0},"end":{"line":null,"column":-1}},"loc":{"start":{"line":92,"column":0},"end":{"line":null,"column":-1}}},"8":{"name":"closes","decl":{"start":{"line":97,"column":0},"end":{"line":null,"column":-1}},"loc":{"start":{"line":97,"column":0},"end":{"line":104,"column":0}}},"9":{"name":"(anonymous_11)","decl":{"start":{"line":100,"column":0},"end":{"line":null,"column":-1}},"loc":{"start":{"line":100,"column":0},"end":{"line":null,"column":-1}}},"10":{"name":"formatTimestamp","decl":{"start":{"line":107,"column":0},"end":{"line":null,"column":-1}},"loc":{"start":{"line":107,"column":0},"end":{"line":112,"column":0}}},"11":{"name":"dispatchGetOHLCV","decl":{"start":{"line":113,"column":0},"end":{"line":null,"column":-1}},"loc":{"start":{"line":113,"column":0},"end":{"line":121,"column":0}}},"12":{"name":"marketSymbol","decl":{"start":{"line":124,"column":0},"end":{"line":null,"column":-1}},"loc":{"start":{"line":124,"colu
[...]
,"/Users/jordy/Projects/coinaly-app/src/store/modules/symbols/getters.js": {"path":"/Users/jordy/Projects/coinaly-app/src/store/modules/symbols/getters.js","statementMap":{"0":{"start":{"line":3,"column":4},"end":{"line":3,"column":24}},"1":{"start":{"line":6,"column":4},"end":{"line":6,"column":26}},"2":{"start":{"line":8,"column":30},"end":{"line":11,"column":3}},"3":{"start":{"line":9,"column":4},"end":{"line":9,"column":81}},"4":{"start":{"line":9,"column":48},"end":{"line":9,"column":81}},"5":{"start":{"line":10,"column":4},"end":{"line":10,"column":15}}},"fnMap":{"0":{"name":"(anonymous_0)","decl":{"start":{"line":8,"column":19},"end":{"line":8,"column":20}},"loc":{"start":{"line":8,"column":30},"end":{"line":11,"column":3}},"line":8},"1":{"name":"(anonymous_1)","decl":{"start":{"line":8,"column":30},"end":{"line":8,"column":31}},"loc":{"start":{"line":8,"column":42},"end":{"line":11,"column":3}},"line":8}},"branchMap":{"0":{"loc":{"start":{"line":9,"column":4},"end":{"line":9,"column":81}},"type":"if","locations":[{"start":{"line":9,"column":4},"end":{"line":9,"column":81}},{"start":{"line":9,"column":4},"end":{"line":9,"column":81}}],"line":9},"1":{"loc":{"start":{"line":9,"column":8},"end":{"line":9,"column":46}},"type":"binary-expr","locations":[{"start":{"line":9,"column":8},"end":{"line":9,"column":21}},{"start":{"line":9,"column":25},"end":{"line":9,"column":46}}],"line":9}},"s":{"0":2,"1":4,"2":2,"3":2,"4":1,"5":1},"f":{"0":2,"1":2},"b":{"0":[1,1],"1":[2,1]},"_coverageSchema":"332fd63041d2c1bcb487cc26dd0d5f7d97098a6c","hash":"43b921ddff50d691f0c2353fcb83b9c91f20ef41"}
,"/Users/jordy/Projects/coinaly-app/src/store/modules/symbols/index.js": {"path":"/Users/jordy/Projects/coinaly-app/src/store/modules/symbols/index.js","statementMap":{},"fnMap":{},"branchMap":{},"s":{},"f":{},"b":{},"_coverageSchema":"332fd63041d2c1bcb487cc26dd0d5f7d97098a6c","hash":"946ac911c216bf394f2a399847848ad3cf110d6f"}
,"/Users/jordy/Projects/coinaly-app/src/store/modules/symbols/initialState.js": {"path":"/Users/jordy/Projects/coinaly-app/src/store/modules/symbols/initialState.js","statementMap":{"0":{"start":{"line":2,"column":2},"end":{"line":5,"column":3}}},"fnMap":{"0":{"name":"(anonymous_0)","decl":{"start":{"line":1,"column":15},"end":{"line":1,"column":16}},"loc":{"start":{"line":1,"column":21},"end":{"line":6,"column":1}},"line":1}},"branchMap":{},"s":{"0":6},"f":{"0":6},"b":{},"_coverageSchema":"332fd63041d2c1bcb487cc26dd0d5f7d97098a6c","hash":"3d8229563386f088de28bd656727d20b7875b64b"}
,"/Users/jordy/Projects/coinaly-app/src/store/modules/symbols/mutations.js": {"path":"/Users/jordy/Projects/coinaly-app/src/store/modules/symbols/mutations.js","statementMap":{"0":{"start":{"line":6,"column":4},"end":{"line":6,"column":38}},"1":{"start":{"line":9,"column":4},"end":{"line":9,"column":37}},"2":{"start":{"line":12,"column":4},"end":{"line":12,"column":37}},"3":{"start":{"line":15,"column":4},"end":{"line":15,"column":38}},"4":{"start":{"line":18,"column":14},"end":{"line":18,"column":28}},"5":{"start":{"line":19,"column":4},"end":{"line":21,"column":6}},"6":{"start":{"line":20,"column":6},"end":{"line":20,"column":25}}},"fnMap":{"0":{"name":"(anonymous_0)","decl":{"start":{"line":19,"column":27},"end":{"line":19,"column":28}},"loc":{"start":{"line":19,"column":34},"end":{"line":21,"column":5}},"line":19}},"branchMap":{},"s":{"0":1,"1":1,"2":2,"3":1,"4":1,"5":1,"6":2},"f":{"0":2},"b":{},"_coverageSchema":"332fd63041d2c1bcb487cc26dd0d5f7d97098a6c","hash":"f5df71545f0100f8cf366624f57c71b8e14fc53c"}
,"/Users/jordy/Projects/coinaly-app/src/store/modules/symbols/state.js": {"path":"/Users/jordy/Projects/coinaly-app/src/store/modules/symbols/state.js","statementMap":{},"fnMap":{},"branchMap":{},"s":{},"f":{},"b":{},"_coverageSchema":"332fd63041d2c1bcb487cc26dd0d5f7d97098a6c","hash":"425db4a4053f419d45d87efe2a6c7843edea2e06"}
,"/Users/jordy/Projects/coinaly-app/src/store/modules/tickers/getters.js": {"path":"/Users/jordy/Projects/coinaly-app/src/store/modules/tickers/getters.js","statementMap":{"0":{"start":{"line":3,"column":4},"end":{"line":3,"column":24}},"1":{"start":{"line":6,"column":4},"end":{"line":6,"column":26}},"2":{"start":{"line":8,"column":32},"end":{"line":14,"column":3}},"3":{"start":{"line":9,"column":4},"end":{"line":13,"column":5}},"4":{"start":{"line":10,"column":6},"end":{"line":10,"column":34}},"5":{"start":{"line":12,"column":6},"end":{"line":12,"column":17}}},"fnMap":{"0":{"name":"(anonymous_0)","decl":{"start":{"line":8,"column":21},"end":{"line":8,"column":22}},"loc":{"start":{"line":8,"column":32},"end":{"line":14,"column":3}},"line":8},"1":{"name":"(anonymous_1)","decl":{"start":{"line":8,"column":32},"end":{"line":8,"column":33}},"loc":{"start":{"line":8,"column":44},"end":{"line":14,"column":3}},"line":8}},"branchMap":{"0":{"loc":{"start":{"line":9,"column":4},"end":{"line":13,"column":5}},"type":"if","locations":[{"start":{"line":9,"column":4},"end":{"line":13,"column":5}},{"start":{"line":9,"column":4},"end":{"line":13,"column":5}}],"line":9},"1":{"loc":{"start":{"line":9,"column":8},"end":{"line":9,"column":46}},"type":"binary-expr","locations":[{"start":{"line":9,"column":8},"end":{"line":9,"column":21}},{"start":{"line":9,"column":25},"end":{"line":9,"column":46}}],"line":9}},"s":{"0":4,"1":4,"2":1,"3":1,"4":1,"5":0},"f":{"0":1,"1":1},"b":{"0":[1,0],"1":[1,1]},"_coverageSchema":"332fd63041d2c1bcb487cc26dd0d5f7d97098a6c","hash":"8f53319147ab636afe7851f9aded7be205231876"}
,"/Users/jordy/Projects/coinaly-app/src/store/modules/tickers/index.js": {"path":"/Users/jordy/Projects/coinaly-app/src/store/modules/tickers/index.js","statementMap":{},"fnMap":{},"branchMap":{},"s":{},"f":{},"b":{},"_coverageSchema":"332fd63041d2c1bcb487cc26dd0d5f7d97098a6c","hash":"c33354b3fbcda12314eacce963670942399c7b0e"}
,"/Users/jordy/Projects/coinaly-app/src/store/modules/tickers/initialState.js": {"path":"/Users/jordy/Projects/coinaly-app/src/store/modules/tickers/initialState.js","statementMap":{"0":{"start":{"line":2,"column":2},"end":{"line":5,"column":3}}},"fnMap":{"0":{"name":"(anonymous_0)","decl":{"start":{"line":1,"column":15},"end":{"line":1,"column":16}},"loc":{"start":{"line":1,"column":21},"end":{"line":6,"column":1}},"line":1}},"branchMap":{},"s":{"0":6},"f":{"0":6},"b":{},"_coverageSchema":"332fd63041d2c1bcb487cc26dd0d5f7d97098a6c","hash":"0882c700eab09702de9265c4603283a158999f34"}
,"/Users/jordy/Projects/coinaly-app/src/store/modules/tickers/mutations.js": {"path":"/Users/jordy/Projects/coinaly-app/src/store/modules/tickers/mutations.js","statementMap":{"0":{"start":{"line":6,"column":4},"end":{"line":6,"column":76}},"1":{"start":{"line":9,"column":4},"end":{"line":11,"column":6}},"2":{"start":{"line":10,"column":6},"end":{"line":10,"column":53}},"3":{"start":{"line":14,"column":4},"end":{"line":14,"column":37}},"4":{"start":{"line":17,"column":4},"end":{"line":17,"column":38}},"5":{"start":{"line":20,"column":14},"end":{"line":20,"column":28}},"6":{"start":{"line":21,"column":4},"end":{"line":23,"column":6}},"7":{"start":{"line":22,"column":6},"end":{"line":22,"column":25}}},"fnMap":{"0":{"name":"(anonymous_0)","decl":{"start":{"line":9,"column":33},"end":{"line":9,"column":34}},"loc":{"start":{"line":9,"column":52},"end":{"line":11,"column":5}},"line":9},"1":{"name":"(anonymous_1)","decl":{"start":{"line":21,"column":27},"end":{"line":21,"column":28}},"loc":{"start":{"line":21,"column":34},"end":{"line":23,"column":5}},"line":21}},"branchMap":{},"s":{"0":1,"1":2,"2":4,"3":1,"4":1,"5":1,"6":1,"7":2},"f":{"0":4,"1":2},"b":{},"_coverageSchema":"332fd63041d2c1bcb487cc26dd0d5f7d97098a6c","hash":"a82af41a3b78d4fec8689707cae6d935f8ec1b65"}
,"/Users/jordy/Projects/coinaly-app/src/store/modules/tickers/state.js": {"path":"/Users/jordy/Projects/coinaly-app/src/store/modules/tickers/state.js","statementMap":{},"fnMap":{},"branchMap":{},"s":{},"f":{},"b":{},"_coverageSchema":"332fd63041d2c1bcb487cc26dd0d5f7d97098a6c","hash":"7c38d763673dce1f5f93f04f14dc3c548b6f7a0c"}
,"/Users/jordy/Projects/coinaly-app/src/store/modules/user/actions.js": {"path":"/Users/jordy/Projects/coinaly-app/src/store/modules/user/actions.js","statementMap":{"0":{"start":{"line":5,"column":4},"end":{"line":5,"column":26}},"1":{"start":{"line":6,"column":4},"end":{"line":6,"column":25}},"2":{"start":{"line":8,"column":4},"end":{"line":20,"column":5}},"3":{"start":{"line":9,"column":23},"end":{"line":9,"column":92}},"4":{"start":{"line":10,"column":6},"end":{"line":13,"column":7}},"5":{"start":{"line":11,"column":8},"end":{"line":11,"column":29}},"6":{"start":{"line":12,"column":8},"end":{"line":12,"column":40}},"7":{"start":{"line":14,"column":6},"end":{"line":14,"column":21}},"8":{"start":{"line":16,"column":27},"end":{"line":16,"column":150}},"9":{"start":{"line":17,"column":6},"end":{"line":17,"column":38}},"10":{"start":{"line":18,"column":6},"end":{"line":18,"column":27}},"11":{"start":{"line":19,"column":6},"end":{"line":19,"column":41}},"12":{"start":{"line":24,"column":4},"end":{"line":24,"column":26}},"13":{"start":{"line":25,"column":4},"end":{"line":25,"column":25}},"14":{"start":{"line":27,"column":4},"end":{"line":39,"column":5}},"15":{"start":{"line":28,"column":23},"end":{"line":28,"column":40}},"16":{"start":{"line":29,"column":6},"end":{"line":32,"column":7}},"17":{"start":{"line":30,"column":8},"end":{"line":30,"column":29}},"18":{"start":{"line":31,"column":8},"end":{"line":31,"column":35}},"19":{"start":{"line":33,"column":6},"end":{"line":33,"column":21}},"20":{"start":{"line":35,"column":27},"end":{"line":35,"column":150}},"21":{"start":{"line":36,"column":6},"end":{"line":36,"column":38}},"22":{"start":{"line":37,"column":6},"end":{"line":37,"column":27}},"23":{"start":{"line":38,"column":6},"end":{"line":38,"column":18}},"24":{"start":{"line":43,"column":4},"end":{"line":43,"column":26}},"25":{"start":{"line":44,"column":4},"end":{"line":44,"column":25}},"26":{"start":{"line":45,"column":4},"end":{"line":45,"column":27}},"27":{"start":{"line":47,"column":4},"end":{"line":59,"column":5}},"28":{"start":{"line":48,"column":23},"end":{"line":48,"column":43}},"29":{"start":{"line":49,"column":6},"end":{"line":52,"column":7}},"30":{"start":{"line":50,"column":8},"end":{"line":50,"column":46}},"31":{"start":{"line":51,"column":8},"end":{"line":51,"column":29}},"32":{"start":{"line":53,"column":6},"end":{"line":53,"column":21}},"33":{"start":{"line":55,"column":27},"end":{"line":55,"column":150}},"34":{"start":{"line":56,"column":6},"end":{"line":56,"column":38}},"35":{"start":{"line":57,"column":6},"end":{"line":57,"column":27}},"36":{"start":{"line":58,"column":6},"end":{"line":58,"column":18}}},"fnMap":{},"branchMap":{"0":{"loc":{"start":{"line":10,"column":6},"end":{"line":13,"column":7}},"type":"if","locations":[{"start":{"line":10,"column":6},"end":{"line":13,"column":7}},{"start":{"line":10,"column":6},"end":{"line":13,"column":7}}],"line":10},"1":{"loc":{"start":{"line":16,"column":27},"end":{"line":16,"column":150}},"type":"cond-expr","locations":[{"start":{"line":16,"column":46},"end":{"line":16,"column":73}},{"start":{"line":16,"column":76},"end":{"line":16,"column":150}}],"line":16},"2":{"loc":{"start":{"line":29,"column":6},"end":{"line":32,"column":7}},"type":"if","locations":[{"start":{"line":29,"column":6},"end":{"line":32,"column":7}},{"start":{"line":29,"column":6},"end":{"line":32,"column":7}}],"line":29},"3":{"loc":{"start":{"line":35,"column":27},"end":{"line":35,"column":150}},"type":"cond-expr","locations":[{"start":{"line":35,"column":46},"end":{"line":35,"column":73}},{"start":{"line":35,"column":76},"end":{"line":35,"column":150}}],"line":35},"4":{"loc":{"start":{"line":49,"column":6},"end":{"line":52,"column":7}},"type":"if","locations":[{"start":{"line":49,"column":6},"end":{"line":52,"column":7}},{"start":{"line":49,"column":6},"end":{"line":52,"column":7}}],"line":49},"5":{"loc":{"start":{"line":55,"column":27},"end":{"line":55,"column":150}},"type":"cond-expr","locations":[{"start":{"line":55,"column":46},"end":{"line":55,"column":73}},{"start":{"line":55,"column":76},"end":{"line":55,"column":150}}],"line":55}},"s":{"0":1,"1":1,"2":1,"3":1,"4":1,"5":1,"6":1,"7":1,"8":0,"9":0,"10":0,"11":0,"12":1,"13":1,"14":1,"15":1,"16":1,"17":1,"18":1,"19":1,"20":0,"21":0,"22":0,"23":0,"24":0,"25":0,"26":0,"27":0,"28":0,"29":0,"30":0,"31":0,"32":0,"33":0,"34":0,"35":0,"36":0},"f":{},"b":{"0":[1,0],"1":[0,0],"2":[1,0],"3":[0,0],"4":[0,0],"5":[0,0]},"_coverageSchema":"332fd63041d2c1bcb487cc26dd0d5f7d97098a6c","hash":"77c2067d9637d6e6aec81b618921d157276cb77c"}
,"/Users/jordy/Projects/coinaly-app/src/store/modules/user/getters.js": {"path":"/Users/jordy/Projects/coinaly-app/src/store/modules/user/getters.js","statementMap":{"0":{"start":{"line":3,"column":4},"end":{"line":3,"column":25}},"1":{"start":{"line":6,"column":4},"end":{"line":6,"column":32}},"2":{"start":{"line":9,"column":4},"end":{"line":9,"column":21}},"3":{"start":{"line":12,"column":4},"end":{"line":12,"column":26}},"4":{"start":{"line":15,"column":4},"end":{"line":15,"column":22}},"5":{"start":{"line":18,"column":4},"end":{"line":18,"column":24}},"6":{"start":{"line":21,"column":4},"end":{"line":21,"column":54}}},"fnMap":{"0":{"name":"(anonymous_0)","decl":{"start":{"line":2,"column":12},"end":{"line":2,"column":13}},"loc":{"start":{"line":2,"column":21},"end":{"line":4,"column":3}},"line":2},"1":{"name":"(anonymous_1)","decl":{"start":{"line":5,"column":19},"end":{"line":5,"column":20}},"loc":{"start":{"line":5,"column":28},"end":{"line":7,"column":3}},"line":5},"2":{"name":"(anonymous_2)","decl":{"start":{"line":8,"column":8},"end":{"line":8,"column":9}},"loc":{"start":{"line":8,"column":17},"end":{"line":10,"column":3}},"line":8},"3":{"name":"(anonymous_3)","decl":{"start":{"line":11,"column":13},"end":{"line":11,"column":14}},"loc":{"start":{"line":11,"column":22},"end":{"line":13,"column":3}},"line":11},"4":{"name":"(anonymous_4)","decl":{"start":{"line":14,"column":9},"end":{"line":14,"column":10}},"loc":{"start":{"line":14,"column":18},"end":{"line":16,"column":3}},"line":14},"5":{"name":"(anonymous_5)","decl":{"start":{"line":17,"column":11},"end":{"line":17,"column":12}},"loc":{"start":{"line":17,"column":20},"end":{"line":19,"column":3}},"line":17},"6":{"name":"(anonymous_6)","decl":{"start":{"line":20,"column":15},"end":{"line":20,"column":16}},"loc":{"start":{"line":20,"column":24},"end":{"line":22,"column":3}},"line":20}},"branchMap":{"0":{"loc":{"start":{"line":21,"column":11},"end":{"line":21,"column":54}},"type":"cond-expr","locations":[{"start":{"line":21,"column":26},"end":{"line":21,"column":46}},{"start":{"line":21,"column":49},"end":{"line":21,"column":54}}],"line":21}},"s":{"0":3,"1":0,"2":1,"3":1,"4":17,"5":4,"6":4},"f":{"0":3,"1":0,"2":1,"3":1,"4":17,"5":4,"6":4},"b":{"0":[1,3]},"_coverageSchema":"332fd63041d2c1bcb487cc26dd0d5f7d97098a6c","hash":"9ac01ec3d6364054a346c31703c47898470060c7"}
,"/Users/jordy/Projects/coinaly-app/src/store/modules/user/index.js": {"path":"/Users/jordy/Projects/coinaly-app/src/store/modules/user/index.js","statementMap":{},"fnMap":{},"branchMap":{},"s":{},"f":{},"b":{},"_coverageSchema":"332fd63041d2c1bcb487cc26dd0d5f7d97098a6c","hash":"2ac268dcc06134b7fe1bbaa665b3e194b02ada37"}
,"/Users/jordy/Projects/coinaly-app/src/store/modules/user/initialState.js": {"path":"/Users/jordy/Projects/coinaly-app/src/store/modules/user/initialState.js","statementMap":{"0":{"start":{"line":1,"column":24},"end":{"line":1,"column":55}},"1":{"start":{"line":4,"column":2},"end":{"line":18,"column":3}}},"fnMap":{"0":{"name":"(anonymous_0)","decl":{"start":{"line":3,"column":15},"end":{"line":3,"column":16}},"loc":{"start":{"line":3,"column":21},"end":{"line":19,"column":1}},"line":3}},"branchMap":{"0":{"loc":{"start":{"line":1,"column":24},"end":{"line":1,"column":55}},"type":"binary-expr","locations":[{"start":{"line":1,"column":24},"end":{"line":1,"column":47}},{"start":{"line":1,"column":51},"end":{"line":1,"column":55}}],"line":1}},"s":{"0":7,"1":9},"f":{"0":9},"b":{"0":[7,0]},"_coverageSchema":"332fd63041d2c1bcb487cc26dd0d5f7d97098a6c","hash":"b86217f4b228528ee3d1a8e11031beb92423354c"}
,"/Users/jordy/Projects/coinaly-app/src/store/modules/user/mutations.js": {"path":"/Users/jordy/Projects/coinaly-app/src/store/modules/user/mutations.js","statementMap":{"0":{"start":{"line":6,"column":4},"end":{"line":6,"column":37}},"1":{"start":{"line":9,"column":4},"end":{"line":9,"column":36}},"2":{"start":{"line":12,"column":4},"end":{"line":12,"column":32}},"3":{"start":{"line":15,"column":4},"end":{"line":15,"column":37}},"4":{"start":{"line":18,"column":4},"end":{"line":18,"column":38}},"5":{"start":{"line":21,"column":4},"end":{"line":21,"column":34}},"6":{"start":{"line":24,"column":4},"end":{"line":24,"column":33}},"7":{"start":{"line":27,"column":4},"end":{"line":27,"column":38}},"8":{"start":{"line":30,"column":4},"end":{"line":30,"column":35}},"9":{"start":{"line":33,"column":14},"end":{"line":33,"column":28}},"10":{"start":{"line":34,"column":4},"end":{"line":36,"column":6}},"11":{"start":{"line":35,"column":6},"end":{"line":35,"column":25}}},"fnMap":{"0":{"name":"(anonymous_0)","decl":{"start":{"line":34,"column":27},"end":{"line":34,"column":28}},"loc":{"start":{"line":34,"column":34},"end":{"line":36,"column":5}},"line":34}},"branchMap":{},"s":{"0":1,"1":1,"2":2,"3":2,"4":1,"5":1,"6":1,"7":1,"8":1,"9":1,"10":1,"11":6},"f":{"0":6},"b":{},"_coverageSchema":"332fd63041d2c1bcb487cc26dd0d5f7d97098a6c","hash":"b5e1533a823829fe0bd3bb44158d4eecb2a69ede"}
,"/Users/jordy/Projects/coinaly-app/src/store/modules/user/state.js": {"path":"/Users/jordy/Projects/coinaly-app/src/store/modules/user/state.js","statementMap":{},"fnMap":{},"branchMap":{},"s":{},"f":{},"b":{},"_coverageSchema":"332fd63041d2c1bcb487cc26dd0d5f7d97098a6c","hash":"fd6361d204d07e658f0939e5f2071bfcc2cbb9a7"}
,"/Users/jordy/Projects/coinaly-app/src/websocket/index.js": {"path":"/Users/jordy/Projects/coinaly-app/src/websocket/index.js","statementMap":{"0":{"start":{"line":3,"column":14},"end":{"line":16,"column":1}},"1":{"start":{"line":19,"column":2},"end":{"line":19,"column":38}},"2":{"start":{"line":23,"column":2},"end":{"line":23,"column":34}},"3":{"start":{"line":27,"column":2},"end":{"line":27,"column":36}},"4":{"start":{"line":31,"column":2},"end":{"line":31,"column":30}},"5":{"start":{"line":35,"column":2},"end":{"line":35,"column":35}}},"fnMap":{"0":{"name":"websocketConnect","decl":{"start":{"line":18,"column":16},"end":{"line":18,"column":32}},"loc":{"start":{"line":18,"column":36},"end":{"line":20,"column":1}},"line":18},"1":{"name":"subscribe","decl":{"start":{"line":22,"column":16},"end":{"line":22,"column":25}},"loc":{"start":{"line":22,"column":44},"end":{"line":24,"column":1}},"line":22},"2":{"name":"unsubscribe","decl":{"start":{"line":26,"column":16},"end":{"line":26,"column":27}},"loc":{"start":{"line":26,"column":46},"end":{"line":28,"column":1}},"line":26},"3":{"name":"watch","decl":{"start":{"line":30,"column":16},"end":{"line":30,"column":21}},"loc":{"start":{"line":30,"column":40},"end":{"line":32,"column":1}},"line":30},"4":{"name":"disconnect","decl":{"start":{"line":34,"column":16},"end":{"line":34,"column":26}},"loc":{"start":{"line":34,"column":45},"end":{"line":36,"column":1}},"line":34}},"branchMap":{},"s":{"0":1,"1":0,"2":0,"3":0,"4":0,"5":0},"f":{"0":0,"1":0,"2":0,"3":0,"4":0},"b":{},"_coverageSchema":"332fd63041d2c1bcb487cc26dd0d5f7d97098a6c","hash":"51832429371fe1722d3b3c05bb06fd9fce08f80f"}
}
