TN:
SF:/Users/jordy/Projects/coinaly-app/src/axios.js
FNF:0
FNH:0
DA:1,41
DA:2,41
DA:6,41
DA:7,1
DA:9,40
DA:12,41
DA:17,41
DA:18,0
DA:19,0
DA:21,41
DA:24,41
LF:11
LH:9
BRDA:6,0,0,1
BRDA:6,0,1,40
BRDA:17,1,0,0
BRDA:17,1,1,41
BRF:4
BRH:3
end_of_record
TN:
SF:/Users/jordy/Projects/coinaly-app/src/api/auth.js
FN:3,login
FN:8,(anonymous_1)
FN:11,verify
FN:15,(anonymous_3)
FN:18,requestResetToken
FN:22,(anonymous_5)
FN:25,resetPassword
FN:30,(anonymous_7)
FNF:8
FNH:8
FNDA:5,login
FNDA:2,(anonymous_1)
FNDA:2,verify
FNDA:2,(anonymous_3)
FNDA:2,requestResetToken
FNDA:2,(anonymous_5)
FNDA:2,resetPassword
FNDA:2,(anonymous_7)
DA:4,5
DA:8,2
DA:12,2
DA:15,2
DA:19,2
DA:22,2
DA:26,2
DA:30,2
LF:8
LH:8
BRF:0
BRH:0
end_of_record
TN:
SF:/Users/jordy/Projects/coinaly-app/src/api/balances.js
FN:3,getAllBalances
FN:7,(anonymous_1)
FNF:2
FNH:2
FNDA:2,getAllBalances
FNDA:2,(anonymous_1)
DA:4,2
DA:6,2
DA:7,2
LF:3
LH:3
BRDA:3,0,0,0
BRDA:4,1,0,0
BRDA:4,1,1,2
BRF:3
BRH:1
end_of_record
TN:
SF:/Users/jordy/Projects/coinaly-app/src/api/deposits.js
FN:3,getDepositAddress
FN:10,(anonymous_1)
FNF:2
FNH:2
FNDA:2,getDepositAddress
FNDA:2,(anonymous_1)
DA:4,2
DA:10,2
LF:2
LH:2
BRDA:3,0,0,1
BRF:1
BRH:1
end_of_record
TN:
SF:/Users/jordy/Projects/coinaly-app/src/api/exchanges.js
FN:3,getAllExchanges
FN:5,(anonymous_1)
FNF:2
FNH:2
FNDA:2,getAllExchanges
FNDA:2,(anonymous_1)
DA:4,2
DA:5,2
LF:2
LH:2
BRF:0
BRH:0
end_of_record
TN:
SF:/Users/jordy/Projects/coinaly-app/src/api/keys.js
FN:3,getAllKeys
FN:5,(anonymous_1)
FN:8,createKey
FN:14,(anonymous_3)
FN:17,updateKey
FN:23,(anonymous_5)
FNF:6
FNH:4
FNDA:2,getAllKeys
FNDA:2,(anonymous_1)
FNDA:2,createKey
FNDA:2,(anonymous_3)
FNDA:0,updateKey
FNDA:0,(anonymous_5)
DA:4,2
DA:5,2
DA:9,2
DA:14,2
DA:18,0
DA:23,0
LF:6
LH:4
BRF:0
BRH:0
end_of_record
TN:
SF:/Users/jordy/Projects/coinaly-app/src/api/markets.js
FN:3,loadAllMarkets
FN:9,(anonymous_1)
FN:12,getOHLCV
FN:20,(anonymous_3)
FNF:4
FNH:4
FNDA:2,loadAllMarkets
FNDA:2,(anonymous_1)
FNDA:1,getOHLCV
FNDA:1,(anonymous_3)
DA:4,2
DA:9,2
DA:13,1
DA:20,1
LF:4
LH:4
BRDA:3,0,0,0
BRDA:12,1,0,0
BRF:2
BRH:0
end_of_record
TN:
SF:/Users/jordy/Projects/coinaly-app/src/api/orders.js
FN:3,getAllClosedOrders
FN:5,(anonymous_1)
FNF:2
FNH:2
FNDA:2,getAllClosedOrders
FNDA:2,(anonymous_1)
DA:4,2
DA:5,2
LF:2
LH:2
BRF:0
BRH:0
end_of_record
TN:
SF:/Users/jordy/Projects/coinaly-app/src/api/prices.js
FN:3,getAllPrices
FN:5,(anonymous_1)
FNF:2
FNH:2
FNDA:2,getAllPrices
FNDA:2,(anonymous_1)
DA:4,2
DA:5,2
LF:2
LH:2
BRF:0
BRH:0
end_of_record
TN:
SF:/Users/jordy/Projects/coinaly-app/src/api/symbols.js
FN:3,getAllSymbols
FN:5,(anonymous_1)
FNF:2
FNH:2
FNDA:2,getAllSymbols
FNDA:2,(anonymous_1)
DA:4,2
DA:5,2
LF:2
LH:2
BRDA:3,0,0,0
BRF:1
BRH:0
end_of_record
TN:
SF:/Users/jordy/Projects/coinaly-app/src/api/users.js
FN:3,create
FN:9,(anonymous_1)
FN:12,getMe
FN:14,(anonymous_3)
FN:17,deleteMe
FN:19,(anonymous_5)
FNF:6
FNH:4
FNDA:2,create
FNDA:2,(anonymous_1)
FNDA:2,getMe
FNDA:2,(anonymous_3)
FNDA:0,deleteMe
FNDA:0,(anonymous_5)
DA:4,2
DA:9,2
DA:13,2
DA:14,2
DA:18,0
DA:19,0
LF:6
LH:4
BRF:0
BRH:0
end_of_record
TN:
SF:/Users/jordy/Projects/coinaly-app/src/components/BalancesSummary.vue
FN:21,totalPrice
FN:25,totalBTCPrice
FNF:2
FNH:2
FNDA:3,totalPrice
FNDA:3,totalBTCPrice
DA:11,2
DA:22,3
DA:23,3
DA:26,3
DA:27,0
DA:29,3
LF:6
LH:5
BRDA:22,0,0,0
BRDA:22,0,1,3
BRDA:26,1,0,0
BRDA:26,1,1,3
BRDA:26,2,0,3
BRDA:26,2,1,0
BRF:6
BRH:3
end_of_record
TN:
SF:/Users/jordy/Projects/coinaly-app/src/components/EmptyState.vue
FN:18,data
FNF:1
FNH:1
FNDA:1,data
DA:19,1
LF:1
LH:1
BRF:0
BRH:0
end_of_record
TN:
SF:/Users/jordy/Projects/coinaly-app/src/components/ExchangeStatus.vue
FN:20,userStatus
FN:24,friendlyMessage
FNF:2
FNH:2
FNDA:1,userStatus
FNDA:1,friendlyMessage
DA:10,1
DA:21,2
DA:22,0
DA:25,1
DA:26,1
DA:27,1
LF:6
LH:5
BRDA:21,0,0,1
BRDA:21,0,1,0
BRDA:25,1,0,0
BRDA:25,1,1,1
BRDA:26,2,0,1
BRDA:26,2,1,2
BRF:6
BRH:4
end_of_record
TN:
SF:/Users/jordy/Projects/coinaly-app/src/components/Icon.vue
FN:12,strokeColor
FN:15,fillColor
FNF:2
FNH:2
FNDA:4,strokeColor
FNDA:4,fillColor
DA:13,4
DA:16,4
LF:2
LH:2
BRDA:13,0,0,4
BRDA:13,0,1,3
BRDA:16,1,0,4
BRDA:16,1,1,3
BRF:4
BRH:4
end_of_record
TN:
SF:/Users/jordy/Projects/coinaly-app/src/components/Logo.vue
FN:25,fillColor
FN:28,width
FN:31,height
FNF:3
FNH:3
FNDA:8,fillColor
FNDA:9,width
FNDA:9,height
DA:26,8
DA:29,9
DA:32,9
LF:3
LH:3
BRDA:26,0,0,1
BRDA:26,0,1,7
BRDA:29,1,0,2
BRDA:29,1,1,7
BRDA:32,2,0,2
BRDA:32,2,1,7
BRF:6
BRH:6
end_of_record
TN:
SF:/Users/jordy/Projects/coinaly-app/src/components/NavBar.vue
FN:42,data
FN:49,routeName
FN:52,showBack
FNF:3
FNH:3
FNDA:6,data
FNDA:17,routeName
FNDA:17,showBack
DA:26,2
DA:27,2
DA:28,2
DA:29,2
DA:30,2
DA:31,2
DA:42,6
DA:50,32
DA:53,17
DA:54,17
DA:55,17
DA:56,9
DA:59,8
LF:13
LH:13
BRDA:50,0,0,32
BRDA:50,0,1,19
BRDA:53,1,0,17
BRDA:53,1,1,0
BRDA:53,2,0,17
BRDA:53,2,1,17
BRDA:55,3,0,9
BRDA:55,3,1,8
BRF:8
BRH:7
end_of_record
TN:
SF:/Users/jordy/Projects/coinaly-app/src/components/OrdersTimeline.vue
FN:44,created
FN:53,isLoading
FNF:2
FNH:0
FNDA:0,created
FNDA:0,isLoading
DA:34,1
DA:35,1
DA:36,1
DA:45,0
DA:54,0
LF:5
LH:3
BRDA:54,0,0,0
BRDA:54,0,1,0
BRF:2
BRH:0
end_of_record
TN:
SF:/Users/jordy/Projects/coinaly-app/src/components/PercentageBadge.vue
FN:15,colorClass
FNF:1
FNH:1
FNDA:15,colorClass
DA:16,15
DA:17,6
DA:18,9
DA:19,2
DA:21,7
LF:5
LH:5
BRDA:16,0,0,6
BRDA:16,0,1,9
BRDA:18,1,0,2
BRDA:18,1,1,7
BRF:4
BRH:4
end_of_record
TN:
SF:/Users/jordy/Projects/coinaly-app/src/components/Search.vue
FN:19,data
FN:25,placeholderLabel
FN:30,handleSearch
FNF:3
FNH:3
FNDA:6,data
FNDA:8,placeholderLabel
FNDA:1,handleSearch
DA:20,6
DA:26,8
DA:31,1
LF:3
LH:3
BRDA:26,0,0,2
BRDA:26,0,1,6
BRF:2
BRH:2
end_of_record
TN:
SF:/Users/jordy/Projects/coinaly-app/src/components/SelectMarketQuote.vue
FN:43,data
FN:50,hasMarkets
FN:55,isAvailable
FN:58,setSelected
FN:61,marketNameToSymbol
FN:66,baseCurrency
FNF:6
FNH:0
FNDA:0,data
FNDA:0,hasMarkets
FNDA:0,isAvailable
FNDA:0,setSelected
FNDA:0,marketNameToSymbol
FNDA:0,baseCurrency
DA:26,0
DA:27,0
DA:44,0
DA:51,0
DA:56,0
DA:59,0
DA:62,0
DA:67,0
LF:8
LH:0
BRF:0
BRH:0
end_of_record
TN:
SF:/Users/jordy/Projects/coinaly-app/src/components/Sorting.vue
FN:12,handleClick
FNF:1
FNH:0
FNDA:0,handleClick
DA:13,0
LF:1
LH:0
BRF:0
BRH:0
end_of_record
TN:
SF:/Users/jordy/Projects/coinaly-app/src/components/SubNav.vue
FN:16,data
FNF:1
FNH:1
FNDA:1,data
DA:17,1
LF:1
LH:1
BRF:0
BRH:0
end_of_record
TN:
SF:/Users/jordy/Projects/coinaly-app/src/components/SupportChat.vue
FN:19,buttonLabel
FN:22,btnClass
FN:27,handleClick
FNF:3
FNH:2
FNDA:7,buttonLabel
FNDA:7,btnClass
FNDA:0,handleClick
DA:20,7
DA:23,7
DA:28,0
DA:29,0
DA:31,0
LF:5
LH:2
BRDA:20,0,0,1
BRDA:20,0,1,6
BRDA:23,1,0,1
BRDA:23,1,1,6
BRDA:28,2,0,0
BRDA:28,2,1,0
BRF:6
BRH:4
end_of_record
TN:
SF:/Users/jordy/Projects/coinaly-app/src/components/TabBar.vue
FNF:0
FNH:0
DA:27,1
LF:1
LH:1
BRF:0
BRH:0
end_of_record
TN:
SF:/Users/jordy/Projects/coinaly-app/src/components/TradingViewChart.vue
FN:25,data
FN:29,tradingViewSymbol
FN:32,userTimezone
FN:38,created
FN:39,(anonymous_5)
FNF:5
FNH:4
FNDA:6,data
FNDA:1,tradingViewSymbol
FNDA:1,userTimezone
FNDA:6,created
FNDA:0,(anonymous_5)
DA:26,6
DA:30,1
DA:35,1
DA:38,6
DA:39,6
DA:41,0
LF:6
LH:5
BRDA:35,0,0,1
BRDA:35,0,1,0
BRF:2
BRH:1
end_of_record
TN:
SF:/Users/jordy/Projects/coinaly-app/src/components/UpdateBanner.vue
FN:19,data
FN:36,beforeMount
FN:37,(anonymous_4)
FN:38,(anonymous_5)
FN:44,(anonymous_6)
FN:61,(anonymous_7)
FN:69,fetchUrl
FN:78,handleClick
FN:81,hash
FNF:9
FNH:2
FNDA:4,data
FNDA:4,beforeMount
FNDA:0,(anonymous_4)
FNDA:0,(anonymous_5)
FNDA:0,(anonymous_6)
FNDA:0,(anonymous_7)
FNDA:0,fetchUrl
FNDA:0,handleClick
FNDA:0,hash
DA:12,1
DA:19,4
DA:36,4
DA:37,4
DA:38,0
DA:40,0
DA:41,0
DA:43,0
DA:46,0
DA:47,0
DA:48,0
DA:50,0
DA:52,0
DA:55,0
DA:59,0
DA:63,0
DA:70,0
DA:71,0
DA:73,0
DA:79,0
DA:83,0
DA:84,0
DA:85,0
DA:86,0
DA:87,0
DA:88,0
DA:89,0
DA:91,0
LF:28
LH:4
BRDA:40,0,0,0
BRDA:40,0,1,0
BRDA:46,1,0,0
BRDA:46,1,1,0
BRDA:50,2,0,0
BRDA:50,2,1,0
BRDA:70,3,0,0
BRDA:70,3,1,0
BRDA:85,4,0,0
BRDA:85,4,1,0
BRF:10
BRH:0
end_of_record
TN:
SF:/Users/jordy/Projects/coinaly-app/src/components/btn/Back.vue
FN:13,handleClick
FNF:1
FNH:0
FNDA:0,handleClick
DA:14,0
LF:1
LH:0
BRF:0
BRH:0
end_of_record
TN:
SF:/Users/jordy/Projects/coinaly-app/src/components/btn/DeleteAccount.vue
FN:18,data
FN:26,submitLabel
FN:31,handleClick
FN:44,dispatchDeleteAccount
FN:47,dispatchLogout
FN:48,(anonymous_9)
FNF:6
FNH:3
FNDA:3,data
FNDA:4,submitLabel
FNDA:4,handleClick
FNDA:0,dispatchDeleteAccount
FNDA:0,dispatchLogout
FNDA:0,(anonymous_9)
DA:14,2
DA:18,3
DA:27,4
DA:31,12
DA:34,1
DA:36,1
DA:37,1
DA:39,0
DA:45,0
DA:47,0
DA:48,0
DA:49,0
DA:50,0
LF:13
LH:7
BRDA:27,0,0,1
BRDA:27,0,1,3
BRDA:31,1,0,1
BRDA:31,1,1,1
BRDA:31,1,2,1
BRDA:31,1,3,1
BRDA:31,2,0,0
BRDA:31,2,1,2
BRDA:36,3,0,1
BRDA:36,3,1,0
BRF:10
BRH:8
end_of_record
TN:
SF:/Users/jordy/Projects/coinaly-app/src/components/btn/Favorite.vue
FN:21,fillColor
FN:25,strokeColor
FNF:2
FNH:2
FNDA:7,fillColor
FNDA:7,strokeColor
DA:8,7
DA:22,8
DA:23,6
DA:26,8
DA:27,6
LF:5
LH:5
BRDA:22,0,0,1
BRDA:22,0,1,6
BRDA:23,1,0,6
BRDA:23,1,1,5
BRDA:26,2,0,1
BRDA:26,2,1,6
BRDA:27,3,0,6
BRDA:27,3,1,5
BRF:8
BRH:8
end_of_record
TN:
SF:/Users/jordy/Projects/coinaly-app/src/components/btn/Refresh.vue
FN:16,refreshLabel
FN:25,refreshBalances
FNF:2
FNH:0
FNDA:0,refreshLabel
FNDA:0,refreshBalances
DA:8,3
DA:17,0
DA:18,0
DA:20,0
DA:26,0
LF:5
LH:1
BRDA:17,0,0,0
BRDA:17,0,1,0
BRF:2
BRH:0
end_of_record
TN:
SF:/Users/jordy/Projects/coinaly-app/src/components/btn/SelectExchange.vue
FN:21,data
FN:34,switchLabel
FN:39,userAvailableExchanges
FN:41,(anonymous_5)
FN:42,(anonymous_6)
FN:55,handleClickDropdownButton
FN:58,handleClickOutside
FN:61,handleClickReload
FN:64,handleClickLogout
FN:67,handleSwitch
FN:73,loadAllData
FNF:11
FNH:7
FNDA:8,data
FNDA:18,switchLabel
FNDA:16,userAvailableExchanges
FNDA:16,(anonymous_5)
FNDA:32,(anonymous_6)
FNDA:3,handleClickDropdownButton
FNDA:0,handleClickOutside
FNDA:0,handleClickReload
FNDA:0,handleClickLogout
FNDA:8,handleSwitch
FNDA:0,loadAllData
DA:17,3
DA:22,8
DA:35,20
DA:36,16
DA:37,16
DA:39,16
DA:40,16
DA:41,8
DA:42,16
DA:43,32
DA:44,16
DA:47,16
DA:50,8
DA:56,3
DA:59,0
DA:62,0
DA:65,0
DA:67,20
DA:68,2
DA:69,2
DA:73,0
DA:90,0
LF:22
LH:17
BRDA:35,0,0,2
BRDA:35,0,1,16
BRDA:36,1,0,0
BRDA:36,1,1,16
BRDA:36,2,0,16
BRDA:36,2,1,16
BRDA:36,2,2,16
BRDA:40,3,0,8
BRDA:40,3,1,8
BRDA:40,4,0,16
BRDA:40,4,1,12
BRDA:43,5,0,16
BRDA:43,5,1,16
BRDA:67,6,0,2
BRDA:67,6,1,2
BRDA:67,6,2,2
BRDA:73,7,0,0
BRDA:73,7,1,0
BRDA:73,7,2,0
BRDA:73,7,3,0
BRF:20
BRH:15
end_of_record
TN:
SF:/Users/jordy/Projects/coinaly-app/src/components/btn/Settings.vue
FNF:0
FNH:0
DA:8,2
LF:1
LH:1
BRF:0
BRH:0
end_of_record
TN:
SF:/Users/jordy/Projects/coinaly-app/src/components/card/BalanceQuoteMarkets.vue
FN:56,isLoading
FN:59,availableBalances
FN:63,(anonymous_4)
FN:64,(anonymous_5)
FN:71,quoteMarkets
FN:73,(anonymous_7)
FN:77,emptyText
FNF:7
FNH:0
FNDA:0,isLoading
FNDA:0,availableBalances
FNDA:0,(anonymous_4)
FNDA:0,(anonymous_5)
FNDA:0,quoteMarkets
FNDA:0,(anonymous_7)
FNDA:0,emptyText
DA:23,0
DA:24,0
DA:25,0
DA:26,0
DA:27,0
DA:57,0
DA:61,0
DA:62,0
DA:63,0
DA:64,0
DA:65,0
DA:69,0
DA:71,0
DA:72,0
DA:73,0
DA:74,0
DA:78,0
DA:79,0
LF:18
LH:0
BRDA:57,0,0,0
BRDA:57,0,1,0
BRDA:57,0,2,0
BRDA:57,0,3,0
BRDA:62,1,0,0
BRDA:62,1,1,0
BRDA:62,2,0,0
BRDA:62,2,1,0
BRDA:78,3,0,0
BRDA:78,3,1,0
BRF:10
BRH:0
end_of_record
TN:
SF:/Users/jordy/Projects/coinaly-app/src/components/card/Balances.vue
FN:46,isLoading
FN:49,emptyText
FNF:2
FNH:0
FNDA:0,isLoading
FNDA:0,emptyText
DA:20,1
DA:21,1
DA:22,1
DA:23,1
DA:47,0
DA:50,0
DA:51,0
LF:7
LH:4
BRDA:47,0,0,0
BRDA:47,0,1,0
BRDA:47,0,2,0
BRDA:47,0,3,0
BRDA:47,0,4,0
BRDA:50,1,0,0
BRDA:50,1,1,0
BRF:7
BRH:0
end_of_record
TN:
SF:/Users/jordy/Projects/coinaly-app/src/components/card/BaseMarkets.vue
FN:47,data
FN:68,subNavItems
FN:74,isLoading
FN:77,filtering
FN:80,markets
FN:87,searchedMarkets
FN:90,(anonymous_8)
FN:98,hasSearchedMarkets
FN:102,emptyText
FN:116,handleSort
FN:119,handleSearch
FN:122,fallbackSymbol
FN:129,currency
FN:132,balance
FN:135,ticker
FN:138,tickerLast
FN:142,meta
FNF:17
FNH:0
FNDA:0,data
FNDA:0,subNavItems
FNDA:0,isLoading
FNDA:0,filtering
FNDA:0,markets
FNDA:0,searchedMarkets
FNDA:0,(anonymous_8)
FNDA:0,hasSearchedMarkets
FNDA:0,emptyText
FNDA:0,handleSort
FNDA:0,handleSearch
FNDA:0,fallbackSymbol
FNDA:0,currency
FNDA:0,balance
FNDA:0,ticker
FNDA:0,tickerLast
FNDA:0,meta
DA:28,0
DA:29,0
DA:30,0
DA:31,0
DA:32,0
DA:33,0
DA:34,0
DA:35,0
DA:47,0
DA:69,0
DA:75,0
DA:78,0
DA:81,0
DA:82,0
DA:84,0
DA:88,0
DA:89,0
DA:90,0
DA:91,0
DA:92,0
DA:95,0
DA:99,0
DA:100,0
DA:104,0
DA:105,0
DA:106,0
DA:107,0
DA:108,0
DA:109,0
DA:111,0
DA:117,0
DA:120,0
DA:123,0
DA:130,0
DA:133,0
DA:136,0
DA:139,0
DA:140,0
DA:143,0
DA:144,0
DA:145,0
DA:146,0
DA:148,0
LF:43
LH:0
BRDA:75,0,0,0
BRDA:75,0,1,0
BRDA:75,0,2,0
BRDA:75,0,3,0
BRDA:75,0,4,0
BRDA:81,1,0,0
BRDA:81,1,1,0
BRDA:88,2,0,0
BRDA:88,2,1,0
BRDA:99,3,0,0
BRDA:99,3,1,0
BRDA:104,4,0,0
BRDA:104,4,1,0
BRDA:104,5,0,0
BRDA:104,5,1,0
BRDA:104,5,2,0
BRDA:106,6,0,0
BRDA:106,6,1,0
BRDA:106,7,0,0
BRDA:106,7,1,0
BRDA:108,8,0,0
BRDA:108,8,1,0
BRDA:108,9,0,0
BRDA:108,9,1,0
BRDA:130,10,0,0
BRDA:130,10,1,0
BRDA:133,11,0,0
BRDA:133,11,1,0
BRDA:139,12,0,0
BRDA:139,12,1,0
BRDA:145,13,0,0
BRDA:145,13,1,0
BRF:32
BRH:0
end_of_record
TN:
SF:/Users/jordy/Projects/coinaly-app/src/components/card/CardPartialLoading.vue
FN:12,data
FNF:1
FNH:1
FNDA:3,data
DA:13,3
LF:1
LH:1
BRF:0
BRH:0
end_of_record
TN:
SF:/Users/jordy/Projects/coinaly-app/src/components/card/CardSelectBalance.vue
FN:34,data
FN:46,routeUrl
FN:49,emptyText
FN:55,currencyName
FN:58,currencyIconLocation
FN:61,handleSelectedCurrency
FN:64,isActive
FN:67,setSelected
FNF:8
FNH:2
FNDA:1,data
FNDA:0,routeUrl
FNDA:1,emptyText
FNDA:0,currencyName
FNDA:0,currencyIconLocation
FNDA:0,handleSelectedCurrency
FNDA:0,isActive
FNDA:0,setSelected
DA:21,1
DA:22,1
DA:23,1
DA:24,1
DA:35,1
DA:47,0
DA:50,2
DA:51,0
DA:56,0
DA:59,0
DA:62,0
DA:65,0
DA:68,0
LF:13
LH:6
BRDA:36,0,0,1
BRDA:36,0,1,1
BRDA:50,1,0,2
BRDA:50,1,1,1
BRDA:56,2,0,0
BRDA:56,2,1,0
BRDA:59,3,0,0
BRDA:59,3,1,0
BRDA:65,4,0,0
BRDA:65,4,1,0
BRDA:65,4,2,0
BRF:11
BRH:4
end_of_record
TN:
SF:/Users/jordy/Projects/coinaly-app/src/components/card/CardSelectMarket.vue
FN:43,data
FN:49,hasMarkets
FN:53,routeUrl
FN:58,handleSelectedCurrency
FN:63,baseCurrency
FNF:5
FNH:5
FNDA:2,data
FNDA:3,hasMarkets
FNDA:3,routeUrl
FNDA:1,handleSelectedCurrency
FNDA:1,baseCurrency
DA:23,1
DA:24,1
DA:44,2
DA:50,5
DA:51,1
DA:54,3
DA:59,1
DA:64,1
LF:8
LH:8
BRDA:50,0,0,2
BRDA:50,0,1,1
BRF:2
BRH:2
end_of_record
TN:
SF:/Users/jordy/Projects/coinaly-app/src/components/card/CardTrade.vue
FN:18,data
FNF:1
FNH:1
FNDA:1,data
DA:19,1
LF:1
LH:1
BRF:0
BRH:0
end_of_record
TN:
SF:/Users/jordy/Projects/coinaly-app/src/components/card/Chart.vue
FN:37,beforeMount
FN:48,iconColor
FN:51,isLoading
FN:55,tickerLast
FN:59,iconUrl
FN:67,ohlcvData
FN:89,timestamps
FN:92,(anonymous_9)
FN:97,closes
FN:100,(anonymous_11)
FN:107,formatTimestamp
FN:113,dispatchGetOHLCV
FN:124,marketSymbol
FNF:13
FNH:0
FNDA:0,beforeMount
FNDA:0,iconColor
FNDA:0,isLoading
FNDA:0,tickerLast
FNDA:0,iconUrl
FNDA:0,ohlcvData
FNDA:0,timestamps
FNDA:0,(anonymous_9)
FNDA:0,closes
FNDA:0,(anonymous_11)
FNDA:0,formatTimestamp
FNDA:0,dispatchGetOHLCV
FNDA:0,marketSymbol
DA:15,1
DA:16,1
DA:17,1
DA:18,1
DA:38,0
DA:49,0
DA:53,0
DA:56,0
DA:57,0
DA:60,0
DA:61,0
DA:62,0
DA:64,0
DA:68,0
DA:69,0
DA:70,0
DA:71,0
DA:86,0
DA:89,0
DA:90,0
DA:91,0
DA:92,0
DA:94,0
DA:98,0
DA:99,0
DA:100,0
DA:102,0
DA:108,0
DA:113,0
DA:114,0
DA:125,0
DA:126,0
LF:32
LH:4
BRDA:49,0,0,0
BRDA:49,0,1,0
BRDA:53,1,0,0
BRDA:53,1,1,0
BRDA:57,2,0,0
BRDA:57,2,1,0
BRDA:60,3,0,0
BRDA:60,3,1,0
BRDA:62,4,0,0
BRDA:62,4,1,0
BRDA:68,5,0,0
BRDA:68,5,1,0
BRDA:70,6,0,0
BRDA:70,6,1,0
BRDA:90,7,0,0
BRDA:90,7,1,0
BRDA:98,8,0,0
BRDA:98,8,1,0
BRDA:113,9,0,0
BRDA:113,9,1,0
BRDA:125,10,0,0
BRDA:125,10,1,0
BRDA:125,11,0,0
BRDA:125,11,1,0
BRF:24
BRH:0
end_of_record
TN:
SF:/Users/jordy/Projects/coinaly-app/src/components/card/Login.vue
FN:44,data
FN:51,mounted
FN:62,isDisabled
FN:65,submitLabel
FN:70,handleSubmit
FN:86,dispatchLogin
FN:92,dispatchGetMe
FN:95,redirect
FNF:8
FNH:6
FNDA:13,data
FNDA:13,mounted
FNDA:35,isDisabled
FNDA:13,submitLabel
FNDA:24,handleSubmit
FNDA:0,dispatchLogin
FNDA:0,dispatchGetMe
FNDA:1,redirect
DA:33,2
DA:34,2
DA:45,13
DA:52,13
DA:63,35
DA:66,13
DA:70,80
DA:71,5
DA:73,2
DA:76,2
DA:77,2
DA:78,0
DA:80,2
DA:83,2
DA:86,0
DA:92,0
DA:96,1
DA:97,0
DA:99,0
DA:100,0
DA:101,0
DA:102,0
DA:104,0
LF:23
LH:14
BRDA:63,0,0,35
BRDA:63,0,1,30
BRDA:70,1,0,5
BRDA:70,1,1,5
BRDA:70,1,2,2
BRDA:70,1,3,2
BRDA:70,1,4,5
BRDA:70,1,5,5
BRDA:70,2,0,3
BRDA:70,2,1,2
BRDA:76,3,0,2
BRDA:76,3,1,0
BRDA:77,4,0,0
BRDA:77,4,1,2
BRDA:86,5,0,0
BRDA:86,5,1,0
BRDA:86,5,2,0
BRDA:92,6,0,0
BRDA:92,6,1,0
BRDA:92,6,2,0
BRDA:96,7,0,0
BRDA:96,7,1,1
BRDA:96,8,0,1
BRDA:96,8,1,0
BRDA:99,9,0,0
BRDA:99,9,1,0
BRDA:101,10,0,0
BRDA:101,10,1,0
BRF:28
BRH:14
end_of_record
TN:
SF:/Users/jordy/Projects/coinaly-app/src/components/card/LoginForgotPassword.vue
FN:58,data
FN:65,mounted
FN:76,handleSubmit
FNF:3
FNH:2
FNDA:1,data
FNDA:1,mounted
FNDA:0,handleSubmit
DA:47,2
DA:48,2
DA:59,1
DA:66,1
DA:76,0
DA:77,0
LF:6
LH:4
BRDA:60,0,0,0
BRDA:60,0,1,1
BRDA:76,1,0,0
BRDA:76,1,1,0
BRDA:76,1,2,0
BRDA:76,1,3,0
BRDA:76,2,0,0
BRDA:76,2,1,0
BRF:8
BRH:1
end_of_record
TN:
SF:/Users/jordy/Projects/coinaly-app/src/components/card/LoginForgotReset.vue
FN:66,data
FN:76,resetToken
FN:85,handleSubmit
FN:94,showChat
FN:101,handleViewPassword
FNF:5
FNH:0
FNDA:0,data
FNDA:0,resetToken
FNDA:0,handleSubmit
FNDA:0,showChat
FNDA:0,handleViewPassword
DA:53,0
DA:54,0
DA:55,0
DA:66,0
DA:77,0
DA:78,0
DA:80,0
DA:85,0
DA:86,0
DA:95,0
DA:96,0
DA:98,0
DA:102,0
DA:103,0
DA:104,0
DA:105,0
DA:107,0
DA:108,0
LF:18
LH:0
BRDA:77,0,0,0
BRDA:77,0,1,0
BRDA:77,1,0,0
BRDA:77,1,1,0
BRDA:85,2,0,0
BRDA:85,2,1,0
BRDA:85,2,2,0
BRDA:85,2,3,0
BRDA:85,3,0,0
BRDA:85,3,1,0
BRDA:95,4,0,0
BRDA:95,4,1,0
BRDA:103,5,0,0
BRDA:103,5,1,0
BRF:14
BRH:0
end_of_record
TN:
SF:/Users/jordy/Projects/coinaly-app/src/components/card/Markets.vue
FN:51,isLoading
FN:54,emptyText
FN:58,subNavItems
FN:63,(anonymous_5)
FN:75,selected
FN:81,handleSearch
FN:84,handleSort
FNF:7
FNH:5
FNDA:2,isLoading
FNDA:4,emptyText
FNDA:2,subNavItems
FNDA:4,(anonymous_5)
FNDA:2,selected
FNDA:0,handleSearch
FNDA:0,handleSort
DA:23,2
DA:24,2
DA:25,2
DA:26,2
DA:27,2
DA:28,2
DA:52,2
DA:55,6
DA:56,2
DA:59,2
DA:63,2
DA:64,4
DA:73,2
DA:76,2
DA:77,2
DA:82,0
DA:85,0
LF:17
LH:15
BRDA:52,0,0,2
BRDA:52,0,1,2
BRDA:52,0,2,2
BRDA:55,1,0,6
BRDA:55,1,1,6
BRDA:76,2,0,0
BRDA:76,2,1,2
BRF:7
BRH:6
end_of_record
TN:
SF:/Users/jordy/Projects/coinaly-app/src/components/card/MarketsFavorites.vue
FN:36,data
FN:56,isLoading
FN:61,isFavoriteMarket
FN:64,isWithinPageLimit
FN:72,marketLink
FNF:5
FNH:0
FNDA:0,data
FNDA:0,isLoading
FNDA:0,isFavoriteMarket
FNDA:0,isWithinPageLimit
FNDA:0,marketLink
DA:24,1
DA:25,1
DA:26,1
DA:27,1
DA:37,0
DA:57,0
DA:62,0
DA:65,0
DA:66,0
DA:67,0
DA:69,0
DA:73,0
DA:74,0
LF:13
LH:4
BRDA:57,0,0,0
BRDA:57,0,1,0
BRDA:57,0,2,0
BRDA:66,1,0,0
BRDA:66,1,1,0
BRDA:73,2,0,0
BRDA:73,2,1,0
BRF:7
BRH:0
end_of_record
TN:
SF:/Users/jordy/Projects/coinaly-app/src/components/card/Onboarding.vue
FN:84,data
FN:95,exchangePlaceholder
FN:99,created
FN:104,handleSubmit
FNF:4
FNH:0
FNDA:0,data
FNDA:0,exchangePlaceholder
FNDA:0,created
FNDA:0,handleSubmit
DA:73,1
DA:74,1
DA:84,0
DA:96,0
DA:100,0
DA:101,0
DA:104,0
DA:105,0
DA:107,0
DA:117,0
DA:122,0
DA:124,0
LF:12
LH:2
BRDA:96,0,0,0
BRDA:96,0,1,0
BRDA:104,1,0,0
BRDA:104,1,1,0
BRDA:104,1,2,0
BRDA:104,1,3,0
BRDA:104,1,4,0
BRDA:104,1,5,0
BRDA:104,1,6,0
BRDA:104,1,7,0
BRDA:104,2,0,0
BRDA:104,2,1,0
BRF:12
BRH:0
end_of_record
TN:
SF:/Users/jordy/Projects/coinaly-app/src/components/card/PartialEmpty.vue
FN:15,data
FNF:1
FNH:1
FNDA:3,data
DA:16,3
LF:1
LH:1
BRF:0
BRH:0
end_of_record
TN:
SF:/Users/jordy/Projects/coinaly-app/src/components/card/QuoteMarkets.vue
FN:55,isLoading
FN:58,quoteMarkets
FN:61,emptyText
FN:67,tickerLast
FNF:4
FNH:0
FNDA:0,isLoading
FNDA:0,quoteMarkets
FNDA:0,emptyText
FNDA:0,tickerLast
DA:23,0
DA:24,0
DA:25,0
DA:26,0
DA:56,0
DA:59,0
DA:62,0
DA:63,0
DA:68,0
LF:9
LH:0
BRDA:56,0,0,0
BRDA:56,0,1,0
BRDA:56,0,2,0
BRDA:56,0,3,0
BRDA:62,1,0,0
BRDA:62,1,1,0
BRF:6
BRH:0
end_of_record
TN:
SF:/Users/jordy/Projects/coinaly-app/src/components/card/SelectPricing.vue
FN:119,validator
FN:124,data
FN:130,labelPrice
FN:133,quoteId
FN:137,baseId
FN:141,fee
FN:149,marketSymbol
FN:152,amountFreeInBalance
FN:156,marketLast
FN:159,priceMarketDifference
FN:162,priceMarketDifferencePercentage
FN:165,belowOrAboveCurrentMarket
FN:174,totalPrice
FN:177,totalFee
FN:180,disableSubmitButton
FN:185,handleInputAmountSetAmountPercentage
FN:195,handleSetMarketPrice
FN:198,handleInputPriceAdjust
FN:205,roundAmount
FN:208,handleSubmit
FNF:20
FNH:0
FNDA:0,validator
FNDA:0,data
FNDA:0,labelPrice
FNDA:0,quoteId
FNDA:0,baseId
FNDA:0,fee
FNDA:0,marketSymbol
FNDA:0,amountFreeInBalance
FNDA:0,marketLast
FNDA:0,priceMarketDifference
FNDA:0,priceMarketDifferencePercentage
FNDA:0,belowOrAboveCurrentMarket
FNDA:0,totalPrice
FNDA:0,totalFee
FNDA:0,disableSubmitButton
FNDA:0,handleInputAmountSetAmountPercentage
FNDA:0,handleSetMarketPrice
FNDA:0,handleInputPriceAdjust
FNDA:0,roundAmount
FNDA:0,handleSubmit
DA:93,0
DA:120,0
DA:124,0
DA:131,0
DA:134,0
DA:135,0
DA:138,0
DA:139,0
DA:143,0
DA:144,0
DA:146,0
DA:150,0
DA:153,0
DA:154,0
DA:157,0
DA:160,0
DA:163,0
DA:166,0
DA:167,0
DA:168,0
DA:169,0
DA:171,0
DA:175,0
DA:178,0
DA:181,0
DA:186,0
DA:187,0
DA:190,0
DA:191,0
DA:192,0
DA:196,0
DA:199,0
DA:200,0
DA:201,0
DA:202,0
DA:203,0
DA:206,0
DA:209,0
DA:216,0
LF:39
LH:0
BRDA:134,0,0,0
BRDA:134,0,1,0
BRDA:138,1,0,0
BRDA:138,1,1,0
BRDA:143,2,0,0
BRDA:143,2,1,0
BRDA:153,3,0,0
BRDA:153,3,1,0
BRDA:166,4,0,0
BRDA:166,4,1,0
BRDA:168,5,0,0
BRDA:168,5,1,0
BRDA:181,6,0,0
BRDA:181,6,1,0
BRDA:181,6,2,0
BRDA:186,7,0,0
BRDA:186,7,1,0
BRDA:202,8,0,0
BRDA:202,8,1,0
BRF:19
BRH:0
end_of_record
TN:
SF:/Users/jordy/Projects/coinaly-app/src/components/card/Signup.vue
FN:92,data
FN:100,mounted
FN:108,submitLabel
FN:111,isDisabled
FN:116,handleSubmit
FN:125,dispatchCreateUser
FN:132,redirectToSuccess
FN:135,handleViewPassword
FNF:8
FNH:6
FNDA:13,data
FNDA:13,mounted
FNDA:13,submitLabel
FNDA:19,isDisabled
FNDA:22,handleSubmit
FNDA:0,dispatchCreateUser
FNDA:0,redirectToSuccess
FNDA:2,handleViewPassword
DA:80,2
DA:82,2
DA:92,13
DA:101,13
DA:109,13
DA:112,19
DA:116,72
DA:117,5
DA:119,2
DA:121,4
DA:122,2
DA:125,0
DA:133,0
DA:136,2
DA:137,2
DA:138,2
DA:139,2
DA:141,0
DA:142,0
LF:19
LH:15
BRDA:116,0,0,5
BRDA:116,0,1,5
BRDA:116,0,2,2
BRDA:116,0,3,5
BRDA:116,0,4,5
BRDA:116,1,0,3
BRDA:116,1,1,2
BRDA:121,2,0,2
BRDA:121,2,1,0
BRDA:125,3,0,0
BRDA:125,3,1,0
BRDA:125,3,2,0
BRDA:133,4,0,0
BRDA:133,4,1,0
BRDA:137,5,0,2
BRDA:137,5,1,0
BRF:16
BRH:9
end_of_record
TN:
SF:/Users/jordy/Projects/coinaly-app/src/components/card/SignupVerify.vue
FN:29,verifyEmail
FN:37,showChat
FN:45,mounted
FN:48,(anonymous_7)
FN:58,isSuccess
FN:61,isBusy
FN:64,isFailed
FN:67,title
FN:76,subtitle
FN:85,paragraph
FN:94,verificationToken
FNF:11
FNH:7
FNDA:0,verifyEmail
FNDA:0,showChat
FNDA:1,mounted
FNDA:0,(anonymous_7)
FNDA:1,isSuccess
FNDA:2,isBusy
FNDA:1,isFailed
FNDA:2,title
FNDA:2,subtitle
FNDA:2,paragraph
FNDA:0,verificationToken
DA:18,1
DA:19,1
DA:20,1
DA:29,0
DA:38,0
DA:39,0
DA:41,0
DA:45,1
DA:46,1
DA:48,1
DA:49,0
DA:59,1
DA:62,2
DA:65,1
DA:68,2
DA:69,0
DA:70,2
DA:71,1
DA:73,1
DA:77,2
DA:78,0
DA:79,2
DA:80,1
DA:82,1
DA:86,2
DA:87,0
DA:88,2
DA:89,1
DA:91,1
DA:95,0
DA:96,0
DA:98,0
LF:32
LH:21
BRDA:29,0,0,0
BRDA:29,0,1,0
BRDA:29,0,2,0
BRDA:38,1,0,0
BRDA:38,1,1,0
BRDA:59,2,0,1
BRDA:59,2,1,0
BRDA:68,3,0,0
BRDA:68,3,1,2
BRDA:70,4,0,1
BRDA:70,4,1,1
BRDA:77,5,0,0
BRDA:77,5,1,2
BRDA:79,6,0,1
BRDA:79,6,1,1
BRDA:86,7,0,0
BRDA:86,7,1,2
BRDA:88,8,0,1
BRDA:88,8,1,1
BRDA:95,9,0,0
BRDA:95,9,1,0
BRDA:95,10,0,0
BRDA:95,10,1,0
BRF:23
BRH:10
end_of_record
TN:
SF:/Users/jordy/Projects/coinaly-app/src/components/card/Wallets.vue
FN:52,data
FN:68,isLoading
FN:71,searchedSymbols
FN:74,(anonymous_5)
FN:79,emptyText
FN:85,handleSort
FN:88,IsLoadingSymbol
FN:91,currencyIconLocation
FN:94,symbolName
FN:99,showAddress
FN:102,handleGetDepositAddress
FN:111,handleSearch
FN:114,copyToClipboard
FN:118,handleInputClick
FNF:14
FNH:0
FNDA:0,data
FNDA:0,isLoading
FNDA:0,searchedSymbols
FNDA:0,(anonymous_5)
FNDA:0,emptyText
FNDA:0,handleSort
FNDA:0,IsLoadingSymbol
FNDA:0,currencyIconLocation
FNDA:0,symbolName
FNDA:0,showAddress
FNDA:0,handleGetDepositAddress
FNDA:0,handleSearch
FNDA:0,copyToClipboard
FNDA:0,handleInputClick
DA:40,0
DA:41,0
DA:42,0
DA:43,0
DA:52,0
DA:69,0
DA:71,0
DA:73,0
DA:74,0
DA:76,0
DA:80,0
DA:81,0
DA:86,0
DA:89,0
DA:92,0
DA:95,0
DA:96,0
DA:97,0
DA:100,0
DA:102,0
DA:103,0
DA:108,0
DA:109,0
DA:112,0
DA:115,0
DA:116,0
DA:119,0
LF:27
LH:0
BRDA:69,0,0,0
BRDA:69,0,1,0
BRDA:73,1,0,0
BRDA:73,1,1,0
BRDA:80,2,0,0
BRDA:80,2,1,0
BRDA:92,3,0,0
BRDA:92,3,1,0
BRDA:96,4,0,0
BRDA:96,4,1,0
BRDA:102,5,0,0
BRDA:102,5,1,0
BRDA:102,5,2,0
BRDA:102,5,3,0
BRF:14
BRH:0
end_of_record
TN:
SF:/Users/jordy/Projects/coinaly-app/src/components/charts/Line.js
FN:6,(anonymous_0)
FNF:1
FNH:0
FNDA:0,(anonymous_0)
DA:4,1
DA:5,1
DA:7,0
DA:9,0
DA:10,0
DA:11,0
DA:12,0
DA:13,0
DA:14,0
DA:17,0
DA:18,0
DA:19,0
DA:20,0
DA:21,0
DA:22,0
DA:23,0
DA:24,0
DA:29,1
DA:38,0
LF:19
LH:3
BRDA:9,0,0,0
BRDA:9,0,1,0
BRDA:9,1,0,0
BRDA:9,1,1,0
BRF:4
BRH:0
end_of_record
TN:
SF:/Users/jordy/Projects/coinaly-app/src/components/list-group/Balances.vue
FN:51,tickerQuote
FN:57,balanceTicker
FN:60,tickerLast
FN:64,percentage
FNF:4
FNH:0
FNDA:0,tickerQuote
FNDA:0,balanceTicker
FNDA:0,tickerLast
FNDA:0,percentage
DA:25,1
DA:53,0
DA:54,0
DA:55,0
DA:58,0
DA:61,0
DA:62,0
DA:65,0
DA:66,0
DA:67,0
DA:68,0
DA:70,0
LF:12
LH:1
BRDA:54,0,0,0
BRDA:54,0,1,0
BRDA:61,1,0,0
BRDA:61,1,1,0
BRDA:65,2,0,0
BRDA:65,2,1,0
BRDA:65,3,0,0
BRDA:65,3,1,0
BRDA:67,4,0,0
BRDA:67,4,1,0
BRF:10
BRH:0
end_of_record
TN:
SF:/Users/jordy/Projects/coinaly-app/src/components/list-group/Markets.vue
FN:28,data
FN:47,isLoading
FN:50,filteredMarkets
FN:54,(anonymous_5)
FN:61,isFavoriteMarket
FN:64,isWithinPageLimit
FN:72,handleShowAllMarkets
FN:75,marketLink
FNF:8
FNH:2
FNDA:1,data
FNDA:0,isLoading
FNDA:1,filteredMarkets
FNDA:0,(anonymous_5)
FNDA:0,isFavoriteMarket
FNDA:0,isWithinPageLimit
FNDA:0,handleShowAllMarkets
FNDA:0,marketLink
DA:16,2
DA:17,2
DA:18,2
DA:29,1
DA:48,0
DA:50,1
DA:51,1
DA:52,0
DA:54,1
DA:55,0
DA:62,0
DA:65,0
DA:66,0
DA:67,0
DA:69,0
DA:73,0
DA:76,0
DA:77,0
LF:18
LH:7
BRDA:48,0,0,0
BRDA:48,0,1,0
BRDA:48,0,2,0
BRDA:48,0,3,0
BRDA:51,1,0,0
BRDA:51,1,1,1
BRDA:66,2,0,0
BRDA:66,2,1,0
BRDA:76,3,0,0
BRDA:76,3,1,0
BRF:10
BRH:1
end_of_record
TN:
SF:/Users/jordy/Projects/coinaly-app/src/components/list-group-item/Balance.vue
FN:60,data
FN:64,iconLocation
FN:71,totalPriceUSD
FN:77,totalPriceUSD
FN:84,(anonymous_6)
FN:89,(anonymous_7)
FNF:6
FNH:3
FNDA:4,data
FNDA:4,iconLocation
FNDA:4,totalPriceUSD
FNDA:0,totalPriceUSD
FNDA:0,(anonymous_6)
FNDA:0,(anonymous_7)
DA:23,2
DA:24,2
DA:25,2
DA:60,4
DA:65,4
DA:66,4
DA:68,0
DA:72,8
DA:73,0
DA:77,0
DA:81,0
DA:82,0
DA:83,0
DA:84,0
DA:85,0
DA:87,0
DA:88,0
DA:89,0
DA:90,0
LF:19
LH:7
BRDA:65,0,0,4
BRDA:65,0,1,0
BRDA:72,1,0,4
BRDA:72,1,1,0
BRDA:81,2,0,0
BRDA:81,2,1,0
BRDA:82,3,0,0
BRDA:82,3,1,0
BRDA:87,4,0,0
BRDA:87,4,1,0
BRF:10
BRH:2
end_of_record
TN:
SF:/Users/jordy/Projects/coinaly-app/src/components/list-group-item/Market.vue
FN:53,handleClickFavorite
FN:59,isFavorite
FN:62,base
FN:65,currencyName
FN:72,quote
FN:75,iconLocation
FN:82,tickerPercentage
FN:85,tickerLast
FN:92,tickerBaseVolume
FN:95,tickerQuoteVolume
FN:98,tickerPrice
FNF:11
FNH:10
FNDA:0,handleClickFavorite
FNDA:1,isFavorite
FNDA:1,base
FNDA:1,currencyName
FNDA:1,quote
FNDA:1,iconLocation
FNDA:1,tickerPercentage
FNDA:1,tickerLast
FNDA:1,tickerBaseVolume
FNDA:1,tickerQuoteVolume
FNDA:1,tickerPrice
DA:29,4
DA:30,4
DA:31,4
DA:54,0
DA:55,0
DA:60,1
DA:63,1
DA:66,1
DA:67,0
DA:69,1
DA:73,1
DA:76,1
DA:77,0
DA:79,1
DA:83,1
DA:86,1
DA:87,0
DA:89,1
DA:93,1
DA:96,1
DA:99,1
DA:100,0
DA:102,1
LF:23
LH:17
BRDA:60,0,0,1
BRDA:60,0,1,1
BRDA:66,1,0,0
BRDA:66,1,1,1
BRDA:76,2,0,0
BRDA:76,2,1,1
BRDA:83,3,0,0
BRDA:83,3,1,1
BRDA:86,4,0,0
BRDA:86,4,1,1
BRDA:86,5,0,1
BRDA:86,5,1,0
BRDA:89,6,0,0
BRDA:89,6,1,1
BRDA:93,7,0,0
BRDA:93,7,1,1
BRDA:96,8,0,0
BRDA:96,8,1,1
BRDA:99,9,0,0
BRDA:99,9,1,1
BRDA:102,10,0,0
BRDA:102,10,1,1
BRF:22
BRH:12
end_of_record
TN:
SF:/Users/jordy/Projects/coinaly-app/src/components/list-group-item/MarketSimple.vue
FN:34,iconLocation
FNF:1
FNH:0
FNDA:0,iconLocation
DA:35,0
DA:36,0
DA:38,0
LF:3
LH:0
BRDA:35,0,0,0
BRDA:35,0,1,0
BRF:2
BRH:0
end_of_record
TN:
SF:/Users/jordy/Projects/coinaly-app/src/components/list-group-item/SymbolSelect.vue
FN:37,data
FN:55,toPath
FN:61,selected
FNF:3
FNH:2
FNDA:2,data
FNDA:2,toPath
FNDA:0,selected
DA:30,2
DA:37,2
DA:56,4
DA:57,0
DA:62,0
LF:5
LH:3
BRDA:56,0,0,2
BRDA:56,0,1,0
BRF:2
BRH:1
end_of_record
TN:
SF:/Users/jordy/Projects/coinaly-app/src/directives/click-outside.js
FN:8,(anonymous_0)
FN:9,(anonymous_1)
FN:16,(anonymous_2)
FN:19,(anonymous_3)
FN:23,(anonymous_4)
FN:27,(anonymous_5)
FN:31,(anonymous_6)
FN:32,(anonymous_7)
FN:37,(anonymous_8)
FNF:9
FNH:9
FNDA:2,(anonymous_0)
FNDA:2,(anonymous_1)
FNDA:18,(anonymous_2)
FNDA:11,(anonymous_3)
FNDA:17,(anonymous_4)
FNDA:42,(anonymous_5)
FNDA:4,(anonymous_6)
FNDA:4,(anonymous_7)
FNDA:4,(anonymous_8)
DA:1,2
DA:3,2
DA:8,2
DA:9,2
DA:10,2
DA:11,1
DA:16,2
DA:17,18
DA:18,18
DA:19,11
DA:23,2
DA:24,17
DA:25,1
DA:27,42
DA:28,16
DA:31,2
DA:32,4
DA:33,4
DA:34,4
DA:36,4
DA:37,4
DA:41,2
DA:43,2
LF:23
LH:23
BRDA:1,0,0,2
BRDA:1,0,1,2
BRDA:5,1,0,0
BRDA:5,1,1,2
BRDA:10,2,0,1
BRDA:10,2,1,1
BRDA:10,3,0,2
BRDA:10,3,1,1
BRDA:11,4,0,1
BRDA:11,4,1,1
BRDA:18,5,0,9
BRDA:18,5,1,9
BRDA:24,6,0,1
BRDA:24,6,1,16
BRDA:33,7,0,4
BRDA:33,7,1,0
BRDA:36,8,0,3
BRDA:36,8,1,1
BRF:18
BRH:16
end_of_record
TN:
SF:/Users/jordy/Projects/coinaly-app/src/filters/index.js
FN:6,(anonymous_0)
FN:10,(anonymous_1)
FN:15,(anonymous_2)
FN:20,(anonymous_3)
FN:24,(anonymous_4)
FN:29,(anonymous_5)
FNF:6
FNH:6
FNDA:1,(anonymous_0)
FNDA:8,(anonymous_1)
FNDA:19,(anonymous_2)
FNDA:1,(anonymous_3)
FNDA:4,(anonymous_4)
FNDA:5,(anonymous_5)
DA:6,5
DA:7,1
DA:10,5
DA:11,8
DA:12,7
DA:15,5
DA:16,19
DA:17,17
DA:20,5
DA:21,1
DA:24,5
DA:25,4
DA:26,3
DA:29,5
DA:30,5
DA:31,3
LF:16
LH:16
BRDA:10,0,0,7
BRDA:11,1,0,1
BRDA:11,1,1,7
BRDA:16,2,0,2
BRDA:16,2,1,17
BRDA:16,3,0,19
BRDA:16,3,1,18
BRDA:24,4,0,2
BRDA:25,5,0,1
BRDA:25,5,1,3
BRDA:30,6,0,2
BRDA:30,6,1,3
BRF:12
BRH:12
end_of_record
TN:
SF:/Users/jordy/Projects/coinaly-app/src/helpers/numbers.js
FN:1,incrementNumber
FN:6,decrementNumber
FN:11,roundNumberFloor
FN:15,roundNumberCeil
FN:19,percentageDifference
FNF:5
FNH:5
FNDA:2,incrementNumber
FNDA:2,decrementNumber
FNDA:2,roundNumberFloor
FNDA:2,roundNumberCeil
FNDA:3,percentageDifference
DA:2,2
DA:3,2
DA:7,2
DA:8,2
DA:12,2
DA:16,2
DA:20,3
LF:7
LH:7
BRDA:1,0,0,2
BRDA:6,1,0,2
BRF:2
BRH:2
end_of_record
TN:
SF:/Users/jordy/Projects/coinaly-app/src/helpers/objects.js
FN:3,filterObjectKeys
FN:4,(anonymous_1)
FNF:2
FNH:2
FNDA:1,filterObjectKeys
FNDA:3,(anonymous_1)
DA:4,1
DA:5,3
LF:2
LH:2
BRF:0
BRH:0
end_of_record
TN:
SF:/Users/jordy/Projects/coinaly-app/src/helpers/symbols.js
FN:2,marketSymbolToBaseSymbol
FN:8,marketSymbolToQuoteSymbol
FNF:2
FNH:2
FNDA:3,marketSymbolToBaseSymbol
FNDA:3,marketSymbolToQuoteSymbol
DA:3,3
DA:4,3
DA:9,3
DA:10,3
LF:4
LH:4
BRF:0
BRH:0
end_of_record
TN:
SF:/Users/jordy/Projects/coinaly-app/src/layouts/Dashboard.vue
FN:35,beforeMount
FN:64,hideCrispChat
FN:67,loadInitialData
FN:71,connectWebsocket
FN:78,keys
FN:85,selectedExchange
FNF:6
FNH:0
FNDA:0,beforeMount
FNDA:0,hideCrispChat
FNDA:0,loadInitialData
FNDA:0,connectWebsocket
FNDA:0,keys
FNDA:0,selectedExchange
DA:19,0
DA:20,0
DA:21,0
DA:22,0
DA:23,0
DA:24,0
DA:36,0
DA:39,0
DA:40,0
DA:44,0
DA:45,0
DA:46,0
DA:47,0
DA:48,0
DA:50,0
DA:51,0
DA:55,0
DA:65,0
DA:68,0
DA:69,0
DA:72,0
DA:73,0
DA:74,0
DA:81,0
DA:82,0
DA:89,0
DA:90,0
LF:27
LH:0
BRDA:39,0,0,0
BRDA:39,0,1,0
BRDA:44,1,0,0
BRDA:44,1,1,0
BRDA:50,2,0,0
BRDA:50,2,1,0
BRDA:81,3,0,0
BRDA:81,3,1,0
BRDA:89,4,0,0
BRDA:89,4,1,0
BRDA:89,5,0,0
BRDA:89,5,1,0
BRF:12
BRH:0
end_of_record
TN:
SF:/Users/jordy/Projects/coinaly-app/src/layouts/Focus.vue
FN:29,mounted
FNF:1
FNH:1
FNDA:1,mounted
DA:20,1
DA:21,1
DA:30,1
LF:3
LH:3
BRF:0
BRH:0
end_of_record
TN:
SF:/Users/jordy/Projects/coinaly-app/src/layouts/Page.vue
FN:29,mounted
FNF:1
FNH:1
FNDA:1,mounted
DA:20,1
DA:21,1
DA:30,1
LF:3
LH:3
BRF:0
BRH:0
end_of_record
TN:
SF:/Users/jordy/Projects/coinaly-app/src/pages/balances/Home.vue
FNF:0
FNH:0
DA:17,1
DA:18,1
DA:19,1
LF:3
LH:3
BRF:0
BRH:0
end_of_record
TN:
SF:/Users/jordy/Projects/coinaly-app/src/pages/balances/Symbol.vue
FN:15,symbol
FNF:1
FNH:1
FNDA:1,symbol
DA:16,1
LF:1
LH:1
BRDA:16,0,0,0
BRDA:16,0,1,1
BRF:2
BRH:1
end_of_record
TN:
SF:/Users/jordy/Projects/coinaly-app/src/pages/buy/Index.vue
FN:10,data
FN:14,$route
FNF:2
FNH:0
FNDA:0,data
FNDA:0,$route
DA:10,0
DA:15,0
DA:16,0
DA:18,0
DA:19,0
DA:20,0
DA:21,0
DA:23,0
LF:8
LH:0
BRDA:18,0,0,0
BRDA:18,0,1,0
BRDA:20,1,0,0
BRDA:20,1,1,0
BRF:4
BRH:0
end_of_record
TN:
SF:/Users/jordy/Projects/coinaly-app/src/pages/buy/SelectBase.vue
FNF:0
FNH:0
DA:16,0
LF:1
LH:0
BRF:0
BRH:0
end_of_record
TN:
SF:/Users/jordy/Projects/coinaly-app/src/pages/buy/SelectPricing.vue
FN:46,isLoading
FN:49,balance
FN:52,marketSymbol
FN:55,market
FN:58,baseId
FN:61,quoteId
FN:64,ticker
FNF:7
FNH:0
FNDA:0,isLoading
FNDA:0,balance
FNDA:0,marketSymbol
FNDA:0,market
FNDA:0,baseId
FNDA:0,quoteId
FNDA:0,ticker
DA:27,0
DA:28,0
DA:29,0
DA:47,0
DA:50,0
DA:53,0
DA:56,0
DA:59,0
DA:62,0
DA:65,0
LF:10
LH:0
BRDA:47,0,0,0
BRDA:47,0,1,0
BRDA:47,0,2,0
BRF:3
BRH:0
end_of_record
TN:
SF:/Users/jordy/Projects/coinaly-app/src/pages/buy/SelectQuote.vue
FN:26,baseId
FNF:1
FNH:0
FNDA:0,baseId
DA:18,0
DA:27,0
LF:2
LH:0
BRF:0
BRH:0
end_of_record
TN:
SF:/Users/jordy/Projects/coinaly-app/src/pages/login/Index.vue
FNF:0
FNH:0
DA:6,1
LF:1
LH:1
BRF:0
BRH:0
end_of_record
TN:
SF:/Users/jordy/Projects/coinaly-app/src/pages/login/forgot/Index.vue
FNF:0
FNH:0
DA:6,1
LF:1
LH:1
BRF:0
BRH:0
end_of_record
TN:
SF:/Users/jordy/Projects/coinaly-app/src/pages/login/forgot/Reset.vue
FNF:0
FNH:0
DA:6,0
LF:1
LH:0
BRF:0
BRH:0
end_of_record
TN:
SF:/Users/jordy/Projects/coinaly-app/src/pages/markets/Index.vue
FN:24,data
FNF:1
FNH:1
FNDA:1,data
DA:15,1
DA:16,1
DA:25,1
LF:3
LH:3
BRF:0
BRH:0
end_of_record
TN:
SF:/Users/jordy/Projects/coinaly-app/src/pages/markets/quote/Index.vue
FN:14,marketQuote
FNF:1
FNH:1
FNDA:1,marketQuote
DA:6,1
DA:15,1
LF:2
LH:2
BRDA:15,0,0,1
BRDA:15,0,1,1
BRF:2
BRH:2
end_of_record
TN:
SF:/Users/jordy/Projects/coinaly-app/src/pages/markets/quote/base/Index.vue
FN:29,baseId
FN:32,quoteId
FN:35,marketSymbol
FN:40,handleClickRefresh
FN:43,dispatchGetOHLCV
FNF:5
FNH:3
FNDA:1,baseId
FNDA:1,quoteId
FNDA:1,marketSymbol
FNDA:0,handleClickRefresh
FNDA:0,dispatchGetOHLCV
DA:19,1
DA:20,1
DA:30,1
DA:33,1
DA:36,1
DA:41,0
DA:43,0
DA:44,0
DA:49,0
LF:9
LH:5
BRDA:30,0,0,0
BRDA:30,0,1,1
BRDA:33,1,0,0
BRDA:33,1,1,1
BRDA:36,2,0,0
BRDA:36,2,1,1
BRDA:36,3,0,1
BRDA:36,3,1,0
BRDA:36,3,2,0
BRDA:43,4,0,0
BRDA:43,4,1,0
BRF:11
BRH:4
end_of_record
TN:
SF:/Users/jordy/Projects/coinaly-app/src/pages/onboarding/Index.vue
FNF:0
FNH:0
DA:6,1
LF:1
LH:1
BRF:0
BRH:0
end_of_record
TN:
SF:/Users/jordy/Projects/coinaly-app/src/pages/sell/SelectBase.vue
FNF:0
FNH:0
DA:19,0
LF:1
LH:0
BRF:0
BRH:0
end_of_record
TN:
SF:/Users/jordy/Projects/coinaly-app/src/pages/sell/SelectPricing.vue
FN:37,data
FN:52,activeMarket
FN:53,(anonymous_4)
FN:57,activeBalance
FN:58,(anonymous_6)
FN:62,marketSymbol
FN:65,baseIdUppercased
FN:68,baseIdTitle
FNF:8
FNH:0
FNDA:0,data
FNDA:0,activeMarket
FNDA:0,(anonymous_4)
FNDA:0,activeBalance
FNDA:0,(anonymous_6)
FNDA:0,marketSymbol
FNDA:0,baseIdUppercased
FNDA:0,baseIdTitle
DA:26,0
DA:27,0
DA:28,0
DA:29,0
DA:38,0
DA:52,0
DA:53,0
DA:54,0
DA:57,0
DA:58,0
DA:59,0
DA:63,0
DA:66,0
DA:69,0
LF:14
LH:0
BRDA:66,0,0,0
BRDA:66,0,1,0
BRDA:69,1,0,0
BRDA:69,1,1,0
BRF:4
BRH:0
end_of_record
TN:
SF:/Users/jordy/Projects/coinaly-app/src/pages/sell/SelectQuote.vue
FN:26,baseId
FNF:1
FNH:0
FNDA:0,baseId
DA:18,0
DA:27,0
LF:2
LH:0
BRF:0
BRH:0
end_of_record
TN:
SF:/Users/jordy/Projects/coinaly-app/src/pages/settings/Index.vue
FN:32,data
FN:53,isLoading
FN:56,selected
FNF:3
FNH:2
FNDA:1,data
FNDA:0,isLoading
FNDA:1,selected
DA:22,1
DA:23,1
DA:24,1
DA:33,1
DA:54,0
DA:57,1
LF:6
LH:5
BRDA:54,0,0,0
BRDA:54,0,1,0
BRDA:57,1,0,1
BRDA:57,1,1,1
BRF:4
BRH:2
end_of_record
TN:
SF:/Users/jordy/Projects/coinaly-app/src/pages/settings/account/Index.vue
FN:30,data
FN:49,submitLabel
FN:60,handleChange
FN:65,handleSubmit
FN:70,(anonymous_5)
FN:74,(anonymous_6)
FNF:6
FNH:2
FNDA:1,data
FNDA:1,submitLabel
FNDA:0,handleChange
FNDA:0,handleSubmit
FNDA:0,(anonymous_5)
FNDA:0,(anonymous_6)
DA:31,1
DA:50,1
DA:51,0
DA:52,1
DA:53,0
DA:55,1
DA:61,0
DA:62,0
DA:63,0
DA:65,0
DA:66,0
DA:67,0
DA:68,0
DA:69,0
DA:70,0
DA:72,0
DA:73,0
DA:76,0
LF:18
LH:4
BRDA:50,0,0,0
BRDA:50,0,1,1
BRDA:52,1,0,0
BRDA:52,1,1,1
BRDA:68,2,0,0
BRDA:68,2,1,0
BRF:6
BRH:2
end_of_record
TN:
SF:/Users/jordy/Projects/coinaly-app/src/pages/settings/exchanges/Add.vue
FN:19,data
FNF:1
FNH:0
FNDA:0,data
DA:9,0
DA:19,0
LF:2
LH:0
BRF:0
BRH:0
end_of_record
TN:
SF:/Users/jordy/Projects/coinaly-app/src/pages/settings/exchanges/Edit.vue
FN:67,data
FN:80,isInitialLoading
FN:83,selectedExchangeSlug
FN:86,exchange
FN:88,(anonymous_6)
FN:95,exchangeName
FN:98,exchangeSlug
FN:103,handleSubmit
FN:113,dispatchUpdateKey
FNF:9
FNH:8
FNDA:8,data
FNDA:8,isInitialLoading
FNDA:8,selectedExchangeSlug
FNDA:9,exchange
FNDA:16,(anonymous_6)
FNDA:9,exchangeName
FNDA:9,exchangeSlug
FNDA:9,handleSubmit
FNDA:0,dispatchUpdateKey
DA:56,1
DA:57,1
DA:67,8
DA:81,8
DA:84,8
DA:86,9
DA:87,9
DA:88,8
DA:89,16
DA:92,1
DA:96,9
DA:99,9
DA:103,29
DA:104,2
DA:106,1
DA:111,2
DA:114,0
LF:17
LH:16
BRDA:81,0,0,8
BRDA:81,0,1,0
BRDA:84,1,0,8
BRDA:84,1,1,0
BRDA:87,2,0,8
BRDA:87,2,1,1
BRDA:96,3,0,9
BRDA:96,3,1,0
BRDA:99,4,0,9
BRDA:99,4,1,0
BRDA:103,5,0,2
BRDA:103,5,1,2
BRDA:103,5,2,2
BRDA:103,5,3,2
BRDA:103,5,4,2
BRDA:103,6,0,1
BRDA:103,6,1,1
BRF:17
BRH:13
end_of_record
TN:
SF:/Users/jordy/Projects/coinaly-app/src/pages/settings/exchanges/Index.vue
FN:36,data
FN:58,submitLabel
FN:69,handleChange
FN:74,handleSubmit
FN:79,(anonymous_6)
FN:83,(anonymous_7)
FNF:6
FNH:1
FNDA:1,data
FNDA:0,submitLabel
FNDA:0,handleChange
FNDA:0,handleSubmit
FNDA:0,(anonymous_6)
FNDA:0,(anonymous_7)
DA:32,1
DA:37,1
DA:59,0
DA:60,0
DA:61,0
DA:62,0
DA:64,0
DA:70,0
DA:71,0
DA:72,0
DA:74,0
DA:75,0
DA:76,0
DA:77,0
DA:78,0
DA:79,0
DA:81,0
DA:82,0
DA:85,0
LF:19
LH:2
BRDA:59,0,0,0
BRDA:59,0,1,0
BRDA:61,1,0,0
BRDA:61,1,1,0
BRDA:77,2,0,0
BRDA:77,2,1,0
BRF:6
BRH:0
end_of_record
TN:
SF:/Users/jordy/Projects/coinaly-app/src/pages/signup/Index.vue
FNF:0
FNH:0
DA:6,1
LF:1
LH:1
BRF:0
BRH:0
end_of_record
TN:
SF:/Users/jordy/Projects/coinaly-app/src/pages/signup/success/Index.vue
FNF:0
FNH:0
DA:6,1
LF:1
LH:1
BRF:0
BRH:0
end_of_record
TN:
SF:/Users/jordy/Projects/coinaly-app/src/pages/signup/verify/Index.vue
FNF:0
FNH:0
DA:6,0
LF:1
LH:0
BRF:0
BRH:0
end_of_record
TN:
SF:/Users/jordy/Projects/coinaly-app/src/pages/wallets/Index.vue
FNF:0
FNH:0
DA:16,0
LF:1
LH:0
BRF:0
BRH:0
end_of_record
TN:
SF:/Users/jordy/Projects/coinaly-app/src/store/index.js
FNF:0
FNH:0
DA:1,0
DA:2,0
DA:3,0
DA:5,0
DA:6,0
DA:7,0
DA:8,0
DA:9,0
DA:10,0
DA:11,0
DA:12,0
DA:13,0
DA:14,0
DA:15,0
DA:16,0
DA:18,0
LF:16
LH:0
BRF:0
BRH:0
end_of_record
TN:
SF:/Users/jordy/Projects/coinaly-app/src/store/modules/markets.old.js
FN:12,filterMarkets
FN:13,(anonymous_2)
FN:29,addAllMarkets
FN:29,setFavoriteMarkets
FN:29,startLoading
FN:29,stopLoading
FN:29,setSelectedMarket
FN:29,removeSelectedMarket
FN:75,priceIndexes
FN:78,selectedMarket
FN:81,allMarkets
FN:84,allFavoriteMarkets
FN:87,(anonymous_13)
FN:93,totalFavoriteMarkets
FN:96,hasFavoriteMarkets
FN:99,isFavoriteMarket
FN:102,allQuoteMarkets
FN:105,(anonymous_18)
FN:111,allBaseMarkets
FN:114,(anonymous_20)
FN:124,BTCUSDTMarket
FN:127,hasMarkets
FN:130,totalMarkets
FN:164,isLoading
FN:168,getAll
FN:172,(anonymous_26)
FN:177,(anonymous_27)
FN:180,(anonymous_28)
FN:168,loadAll
FN:189,(anonymous_30)
FN:192,(anonymous_31)
FNF:31
FNH:0
FNDA:0,filterMarkets
FNDA:0,(anonymous_2)
FNDA:0,addAllMarkets
FNDA:0,setFavoriteMarkets
FNDA:0,startLoading
FNDA:0,stopLoading
FNDA:0,setSelectedMarket
FNDA:0,removeSelectedMarket
FNDA:0,priceIndexes
FNDA:0,selectedMarket
FNDA:0,allMarkets
FNDA:0,allFavoriteMarkets
FNDA:0,(anonymous_13)
FNDA:0,totalFavoriteMarkets
FNDA:0,hasFavoriteMarkets
FNDA:0,isFavoriteMarket
FNDA:0,allQuoteMarkets
FNDA:0,(anonymous_18)
FNDA:0,allBaseMarkets
FNDA:0,(anonymous_20)
FNDA:0,BTCUSDTMarket
FNDA:0,hasMarkets
FNDA:0,totalMarkets
FNDA:0,isLoading
FNDA:0,getAll
FNDA:0,(anonymous_26)
FNDA:0,(anonymous_27)
FNDA:0,(anonymous_28)
FNDA:0,loadAll
FNDA:0,(anonymous_30)
FNDA:0,(anonymous_31)
DA:1,0
DA:2,0
DA:3,0
DA:4,0
DA:6,0
DA:7,0
DA:9,0
DA:10,0
DA:13,0
DA:14,0
DA:18,0
DA:31,0
DA:34,0
DA:56,0
DA:59,0
DA:62,0
DA:63,0
DA:64,0
DA:66,0
DA:70,0
DA:71,0
DA:76,0
DA:79,0
DA:82,0
DA:85,0
DA:86,0
DA:87,0
DA:88,0
DA:91,0
DA:94,0
DA:97,0
DA:100,0
DA:103,0
DA:105,0
DA:106,0
DA:108,0
DA:112,0
DA:114,0
DA:116,0
DA:117,0
DA:121,0
DA:125,0
DA:128,0
DA:131,0
DA:165,0
DA:170,0
DA:171,0
DA:173,0
DA:174,0
DA:175,0
DA:178,0
DA:181,0
DA:185,0
DA:186,0
DA:187,0
DA:188,0
DA:190,0
DA:193,0
LF:58
LH:0
BRDA:9,0,0,0
BRDA:9,0,1,0
BRDA:10,1,0,0
BRDA:10,1,1,0
BRDA:63,2,0,0
BRDA:63,2,1,0
BRDA:86,3,0,0
BRDA:86,3,1,0
BRDA:86,4,0,0
BRDA:86,4,1,0
BRDA:94,5,0,0
BRDA:94,5,1,0
BRDA:97,6,0,0
BRDA:97,6,1,0
BRDA:103,7,0,0
BRDA:103,7,1,0
BRDA:106,8,0,0
BRDA:106,8,1,0
BRDA:112,9,0,0
BRDA:112,9,1,0
BRDA:116,10,0,0
BRDA:116,10,1,0
BRF:22
BRH:0
end_of_record
TN:
SF:/Users/jordy/Projects/coinaly-app/src/store/modules/orders.old.js
FN:22,addAllHistory
FN:22,addAllOpen
FN:22,startLoading
FN:22,stopLoading
FN:22,setSelectedOrderType
FN:22,removeSelectedOrderType
FN:22,addServerErrorHistory
FN:22,addServerErrorOpen
FN:22,addServerErrorCreateBuyOrder
FN:22,removeServerErrors
FN:64,selectedOrderType
FN:67,getOpenOrders
FN:70,getAllHistory
FN:73,getAllBuyHistory
FN:75,(anonymous_15)
FN:82,getAllSellHistory
FN:84,(anonymous_17)
FN:91,isLoading
FN:94,orderHistoryServerError
FN:97,openOrdersServerError
FN:100,buyOrderServerError
FN:110,cancelOrder
FN:110,getAllHistory
FN:117,(anonymous_24)
FN:120,(anonymous_25)
FN:124,(anonymous_26)
FN:110,getOpenOrders
FN:131,(anonymous_28)
FN:135,(anonymous_29)
FN:140,(anonymous_30)
FN:110,createBuyOrder
FNF:31
FNH:0
FNDA:0,addAllHistory
FNDA:0,addAllOpen
FNDA:0,startLoading
FNDA:0,stopLoading
FNDA:0,setSelectedOrderType
FNDA:0,removeSelectedOrderType
FNDA:0,addServerErrorHistory
FNDA:0,addServerErrorOpen
FNDA:0,addServerErrorCreateBuyOrder
FNDA:0,removeServerErrors
FNDA:0,selectedOrderType
FNDA:0,getOpenOrders
FNDA:0,getAllHistory
FNDA:0,getAllBuyHistory
FNDA:0,(anonymous_15)
FNDA:0,getAllSellHistory
FNDA:0,(anonymous_17)
FNDA:0,isLoading
FNDA:0,orderHistoryServerError
FNDA:0,openOrdersServerError
FNDA:0,buyOrderServerError
FNDA:0,cancelOrder
FNDA:0,getAllHistory
FNDA:0,(anonymous_24)
FNDA:0,(anonymous_25)
FNDA:0,(anonymous_26)
FNDA:0,getOpenOrders
FNDA:0,(anonymous_28)
FNDA:0,(anonymous_29)
FNDA:0,(anonymous_30)
FNDA:0,createBuyOrder
DA:1,0
DA:2,0
DA:3,0
DA:4,0
DA:6,0
DA:7,0
DA:24,0
DA:27,0
DA:30,0
DA:33,0
DA:36,0
DA:37,0
DA:39,0
DA:41,0
DA:44,0
DA:45,0
DA:48,0
DA:51,0
DA:54,0
DA:57,0
DA:58,0
DA:59,0
DA:60,0
DA:65,0
DA:68,0
DA:71,0
DA:74,0
DA:75,0
DA:76,0
DA:79,0
DA:83,0
DA:84,0
DA:85,0
DA:88,0
DA:92,0
DA:95,0
DA:98,0
DA:101,0
DA:102,0
DA:103,0
DA:104,0
DA:106,0
DA:112,0
DA:115,0
DA:116,0
DA:118,0
DA:121,0
DA:122,0
DA:125,0
DA:129,0
DA:130,0
DA:132,0
DA:133,0
DA:136,0
DA:137,0
DA:138,0
DA:141,0
DA:145,0
LF:58
LH:0
BRDA:6,0,0,0
BRDA:6,0,1,0
BRDA:7,1,0,0
BRDA:7,1,1,0
BRDA:36,2,0,0
BRDA:36,2,1,0
BRDA:74,3,0,0
BRDA:74,3,1,0
BRDA:83,4,0,0
BRDA:83,4,1,0
BRDA:101,5,0,0
BRDA:101,5,1,0
BRDA:101,6,0,0
BRDA:101,6,1,0
BRDA:103,7,0,0
BRDA:103,7,1,0
BRDA:103,8,0,0
BRDA:103,8,1,0
BRF:18
BRH:0
end_of_record
TN:
SF:/Users/jordy/Projects/coinaly-app/src/store/modules/websockets.js
FN:52,(anonymous_0)
FN:55,(anonymous_1)
FN:58,(anonymous_2)
FN:62,(anonymous_3)
FN:65,(anonymous_4)
FN:91,(anonymous_5)
FN:133,(anonymous_6)
FN:141,(anonymous_7)
FN:149,(anonymous_8)
FN:157,(anonymous_9)
FN:165,(anonymous_10)
FN:173,(anonymous_11)
FN:180,(anonymous_12)
FN:188,(anonymous_13)
FN:197,(anonymous_14)
FN:205,(anonymous_15)
FN:213,(anonymous_16)
FNF:17
FNH:1
FNDA:0,(anonymous_0)
FNDA:1,(anonymous_1)
FNDA:0,(anonymous_2)
FNDA:0,(anonymous_3)
FNDA:0,(anonymous_4)
FNDA:0,(anonymous_5)
FNDA:0,(anonymous_6)
FNDA:0,(anonymous_7)
FNDA:0,(anonymous_8)
FNDA:0,(anonymous_9)
FNDA:0,(anonymous_10)
FNDA:0,(anonymous_11)
FNDA:0,(anonymous_12)
FNDA:0,(anonymous_13)
FNDA:0,(anonymous_14)
FNDA:0,(anonymous_15)
FNDA:0,(anonymous_16)
DA:24,0
DA:27,0
DA:30,0
DA:33,0
DA:36,0
DA:39,0
DA:43,0
DA:47,0
DA:48,0
DA:53,0
DA:56,1
DA:59,0
DA:60,0
DA:63,0
DA:66,0
DA:87,0
DA:88,0
DA:89,0
DA:91,0
DA:93,0
DA:95,0
DA:96,0
DA:102,0
DA:103,0
DA:104,0
DA:105,0
DA:109,0
DA:110,0
DA:111,0
DA:112,0
DA:116,0
DA:120,0
DA:133,0
DA:134,0
DA:135,0
DA:141,0
DA:142,0
DA:143,0
DA:149,0
DA:150,0
DA:151,0
DA:157,0
DA:158,0
DA:159,0
DA:165,0
DA:166,0
DA:167,0
DA:173,0
DA:180,0
DA:181,0
DA:185,0
DA:188,0
DA:189,0
DA:190,0
DA:191,0
DA:197,0
DA:198,0
DA:199,0
DA:205,0
DA:206,0
DA:207,0
DA:213,0
DA:214,0
DA:215,0
LF:64
LH:1
BRDA:59,0,0,0
BRDA:59,0,1,0
BRDA:95,1,0,0
BRDA:95,1,1,0
BRF:4
BRH:0
end_of_record
TN:
SF:/Users/jordy/Projects/coinaly-app/src/store/modules/auth/actions.js
FNF:0
FNH:0
DA:6,4
DA:7,4
DA:9,4
DA:10,4
DA:11,1
DA:12,1
DA:13,1
DA:14,1
DA:17,1
DA:19,1
DA:21,3
DA:22,3
DA:23,3
DA:24,3
DA:29,1
DA:30,1
DA:32,1
DA:33,1
DA:34,1
DA:35,1
DA:36,1
DA:38,1
DA:40,0
DA:41,0
DA:42,0
DA:43,0
DA:48,1
DA:49,1
DA:51,1
DA:52,1
DA:53,1
DA:54,1
DA:55,1
DA:57,1
DA:59,0
DA:60,0
DA:61,0
DA:62,0
DA:67,1
DA:68,1
DA:70,1
DA:71,1
DA:72,1
DA:73,1
DA:74,1
DA:76,1
DA:78,0
DA:79,0
DA:80,0
DA:81,0
DA:86,1
DA:87,1
DA:88,1
DA:92,1
DA:93,1
DA:94,1
LF:56
LH:44
BRDA:11,0,0,1
BRDA:11,0,1,0
BRDA:21,1,0,3
BRDA:21,1,1,0
BRDA:34,2,0,1
BRDA:34,2,1,0
BRDA:40,3,0,0
BRDA:40,3,1,0
BRDA:53,4,0,1
BRDA:53,4,1,0
BRDA:59,5,0,0
BRDA:59,5,1,0
BRDA:72,6,0,1
BRDA:72,6,1,0
BRDA:78,7,0,0
BRDA:78,7,1,0
BRF:16
BRH:5
end_of_record
TN:
SF:/Users/jordy/Projects/coinaly-app/src/store/modules/auth/getters.js
FN:2,(anonymous_0)
FN:5,(anonymous_1)
FN:8,(anonymous_2)
FN:11,(anonymous_3)
FN:14,(anonymous_4)
FN:17,(anonymous_5)
FNF:6
FNH:6
FNDA:38,(anonymous_0)
FNDA:28,(anonymous_1)
FNDA:1,(anonymous_2)
FNDA:30,(anonymous_3)
FNDA:2,(anonymous_4)
FNDA:2,(anonymous_5)
DA:3,38
DA:6,28
DA:9,1
DA:12,30
DA:15,2
DA:18,2
LF:6
LH:6
BRF:0
BRH:0
end_of_record
TN:
SF:/Users/jordy/Projects/coinaly-app/src/store/modules/auth/index.js
FNF:0
FNH:0
LF:0
LH:0
BRF:0
BRH:0
end_of_record
TN:
SF:/Users/jordy/Projects/coinaly-app/src/store/modules/auth/initialState.js
FN:1,(anonymous_0)
FNF:1
FNH:1
FNDA:8,(anonymous_0)
DA:2,8
LF:1
LH:1
BRF:0
BRH:0
end_of_record
TN:
SF:/Users/jordy/Projects/coinaly-app/src/store/modules/auth/mutations.js
FNF:0
FNH:0
DA:6,3
DA:9,2
DA:12,3
DA:15,2
DA:18,1
DA:19,1
DA:20,1
DA:23,1
DA:24,1
DA:27,2
DA:30,2
DA:33,1
DA:36,1
LF:13
LH:13
BRDA:19,0,0,0
BRDA:19,0,1,1
BRDA:20,1,0,1
BRDA:20,1,1,0
BRDA:24,2,0,0
BRDA:24,2,1,1
BRF:6
BRH:3
end_of_record
TN:
SF:/Users/jordy/Projects/coinaly-app/src/store/modules/auth/state.js
FNF:0
FNH:0
LF:0
LH:0
BRF:0
BRH:0
end_of_record
TN:
SF:/Users/jordy/Projects/coinaly-app/src/store/modules/balances/actions.js
FNF:0
FNH:0
DA:5,1
DA:6,1
DA:8,1
DA:9,1
DA:10,1
DA:11,1
DA:12,1
DA:14,1
DA:16,0
DA:17,0
DA:18,0
LF:11
LH:8
BRDA:10,0,0,1
BRDA:10,0,1,0
BRF:2
BRH:1
end_of_record
TN:
SF:/Users/jordy/Projects/coinaly-app/src/store/modules/balances/getters.js
FN:3,filterFilledBalances
FN:4,(anonymous_1)
FN:10,(anonymous_2)
FN:13,(anonymous_3)
FN:16,(anonymous_4)
FN:19,(anonymous_5)
FN:22,(anonymous_6)
FN:25,(anonymous_7)
FN:25,(anonymous_8)
FN:29,(anonymous_9)
FN:32,(anonymous_10)
FN:35,(anonymous_11)
FN:46,(anonymous_12)
FN:61,(anonymous_13)
FN:64,(anonymous_14)
FNF:15
FNH:13
FNDA:9,filterFilledBalances
FNDA:18,(anonymous_1)
FNDA:3,(anonymous_2)
FNDA:1,(anonymous_3)
FNDA:2,(anonymous_4)
FNDA:8,(anonymous_5)
FNDA:1,(anonymous_6)
FNDA:1,(anonymous_7)
FNDA:1,(anonymous_8)
FNDA:3,(anonymous_9)
FNDA:1,(anonymous_10)
FNDA:3,(anonymous_11)
FNDA:0,(anonymous_12)
FNDA:3,(anonymous_13)
FNDA:0,(anonymous_14)
DA:4,9
DA:5,18
DA:11,3
DA:14,1
DA:17,2
DA:20,8
DA:23,1
DA:25,1
DA:26,1
DA:27,0
DA:30,3
DA:33,1
DA:37,3
DA:38,3
DA:39,3
DA:40,3
DA:41,3
DA:42,3
DA:43,3
DA:45,3
DA:46,3
DA:47,0
DA:48,0
DA:49,0
DA:50,0
DA:51,0
DA:52,0
DA:53,0
DA:55,0
DA:58,0
DA:63,3
DA:64,3
DA:65,0
DA:68,0
LF:34
LH:22
BRDA:26,0,0,1
BRDA:26,0,1,0
BRDA:45,1,0,3
BRDA:45,1,1,0
BRDA:45,2,0,3
BRDA:45,2,1,3
BRDA:45,2,2,3
BRDA:45,2,3,3
BRDA:48,3,0,0
BRDA:48,3,1,0
BRDA:50,4,0,0
BRDA:50,4,1,0
BRDA:63,5,0,3
BRDA:63,5,1,0
BRF:14
BRH:7
end_of_record
TN:
SF:/Users/jordy/Projects/coinaly-app/src/store/modules/balances/index.js
FNF:0
FNH:0
LF:0
LH:0
BRF:0
BRH:0
end_of_record
TN:
SF:/Users/jordy/Projects/coinaly-app/src/store/modules/balances/initialState.js
FN:1,(anonymous_0)
FNF:1
FNH:1
FNDA:8,(anonymous_0)
DA:2,8
LF:1
LH:1
BRF:0
BRH:0
end_of_record
TN:
SF:/Users/jordy/Projects/coinaly-app/src/store/modules/balances/mutations.js
FN:26,(anonymous_0)
FNF:1
FNH:1
FNDA:5,(anonymous_0)
DA:6,2
DA:7,2
DA:10,1
DA:13,1
DA:16,1
DA:19,1
DA:22,1
DA:25,1
DA:26,1
DA:27,5
LF:10
LH:10
BRF:0
BRH:0
end_of_record
TN:
SF:/Users/jordy/Projects/coinaly-app/src/store/modules/balances/state.js
FNF:0
FNH:0
LF:0
LH:0
BRF:0
BRH:0
end_of_record
TN:
SF:/Users/jordy/Projects/coinaly-app/src/store/modules/deposits/actions.js
FNF:0
FNH:0
DA:5,1
DA:6,1
DA:8,1
DA:10,1
DA:11,1
DA:12,1
DA:13,1
DA:14,1
DA:16,1
DA:18,0
DA:19,0
DA:20,0
DA:21,0
LF:13
LH:9
BRDA:12,0,0,1
BRDA:12,0,1,0
BRDA:18,1,0,0
BRDA:18,1,1,0
BRF:4
BRH:1
end_of_record
TN:
SF:/Users/jordy/Projects/coinaly-app/src/store/modules/deposits/getters.js
FN:2,(anonymous_0)
FN:5,(anonymous_1)
FN:5,(anonymous_2)
FN:12,(anonymous_3)
FN:15,(anonymous_4)
FN:18,(anonymous_5)
FNF:6
FNH:6
FNDA:1,(anonymous_0)
FNDA:1,(anonymous_1)
FNDA:1,(anonymous_2)
FNDA:2,(anonymous_3)
FNDA:1,(anonymous_4)
FNDA:1,(anonymous_5)
DA:3,1
DA:5,1
DA:6,1
DA:7,1
DA:9,0
DA:13,2
DA:16,1
DA:19,1
LF:8
LH:7
BRDA:6,0,0,1
BRDA:6,0,1,0
BRDA:6,1,0,1
BRDA:6,1,1,1
BRF:4
BRH:3
end_of_record
TN:
SF:/Users/jordy/Projects/coinaly-app/src/store/modules/deposits/index.js
FNF:0
FNH:0
DA:1,0
DA:2,0
DA:3,0
DA:4,0
LF:4
LH:0
BRF:0
BRH:0
end_of_record
TN:
SF:/Users/jordy/Projects/coinaly-app/src/store/modules/deposits/initialState.js
FN:1,(anonymous_0)
FNF:1
FNH:1
FNDA:5,(anonymous_0)
DA:2,5
LF:1
LH:1
BRF:0
BRH:0
end_of_record
TN:
SF:/Users/jordy/Projects/coinaly-app/src/store/modules/deposits/mutations.js
FN:32,(anonymous_0)
FNF:1
FNH:1
FNDA:5,(anonymous_0)
DA:6,3
DA:7,3
DA:10,3
DA:13,1
DA:16,1
DA:19,2
DA:22,1
DA:25,1
DA:28,1
DA:31,1
DA:32,1
DA:33,5
LF:12
LH:12
BRF:0
BRH:0
end_of_record
TN:
SF:/Users/jordy/Projects/coinaly-app/src/store/modules/deposits/state.js
FNF:0
FNH:0
LF:0
LH:0
BRF:0
BRH:0
end_of_record
TN:
SF:/Users/jordy/Projects/coinaly-app/src/store/modules/exchanges/actions.js
FNF:0
FNH:0
DA:5,1
DA:7,1
DA:8,1
DA:9,1
DA:10,1
DA:11,1
DA:13,1
DA:15,0
DA:16,0
DA:17,0
LF:10
LH:7
BRDA:9,0,0,1
BRDA:9,0,1,0
BRF:2
BRH:1
end_of_record
TN:
SF:/Users/jordy/Projects/coinaly-app/src/store/modules/exchanges/getters.js
FN:7,(anonymous_0)
FNF:1
FNH:1
FNDA:51,(anonymous_0)
DA:3,1
DA:6,22
DA:7,17
DA:8,51
DA:11,5
DA:15,11
DA:18,9
DA:19,1
DA:21,8
DA:25,10
LF:10
LH:10
BRDA:6,0,0,17
BRDA:6,0,1,5
BRDA:18,1,0,1
BRDA:18,1,1,8
BRF:4
BRH:4
end_of_record
TN:
SF:/Users/jordy/Projects/coinaly-app/src/store/modules/exchanges/index.js
FNF:0
FNH:0
LF:0
LH:0
BRF:0
BRH:0
end_of_record
TN:
SF:/Users/jordy/Projects/coinaly-app/src/store/modules/exchanges/initialState.js
FN:7,(anonymous_0)
FNF:1
FNH:1
FNDA:9,(anonymous_0)
DA:1,7
DA:3,7
DA:4,0
DA:8,9
LF:4
LH:3
BRDA:3,0,0,0
BRDA:3,0,1,7
BRDA:4,1,0,0
BRDA:4,1,1,0
BRF:4
BRH:1
end_of_record
TN:
SF:/Users/jordy/Projects/coinaly-app/src/store/modules/exchanges/mutations.js
FN:24,(anonymous_0)
FNF:1
FNH:1
FNDA:4,(anonymous_0)
DA:6,12
DA:9,2
DA:10,2
DA:12,2
DA:13,0
DA:17,1
DA:20,1
DA:23,1
DA:24,1
DA:25,4
LF:10
LH:9
BRDA:12,0,0,0
BRDA:12,0,1,2
BRF:2
BRH:1
end_of_record
TN:
SF:/Users/jordy/Projects/coinaly-app/src/store/modules/exchanges/state.js
FNF:0
FNH:0
LF:0
LH:0
BRF:0
BRH:0
end_of_record
TN:
SF:/Users/jordy/Projects/coinaly-app/src/store/modules/keys/actions.js
FNF:0
FNH:0
DA:5,1
DA:6,1
DA:8,1
DA:9,1
DA:10,1
DA:11,1
DA:12,1
DA:14,1
DA:16,0
DA:17,0
DA:18,0
DA:19,0
DA:24,1
DA:25,1
DA:26,1
DA:28,1
DA:29,1
DA:30,1
DA:31,1
DA:32,1
DA:34,1
DA:36,0
DA:37,0
DA:38,0
DA:39,0
DA:44,0
DA:45,0
DA:46,0
DA:48,0
DA:49,0
DA:50,0
DA:51,0
DA:52,0
DA:54,0
DA:56,0
DA:57,0
DA:58,0
DA:59,0
LF:38
LH:17
BRDA:10,0,0,1
BRDA:10,0,1,0
BRDA:16,1,0,0
BRDA:16,1,1,0
BRDA:30,2,0,1
BRDA:30,2,1,0
BRDA:36,3,0,0
BRDA:36,3,1,0
BRDA:50,4,0,0
BRDA:50,4,1,0
BRDA:56,5,0,0
BRDA:56,5,1,0
BRF:12
BRH:2
end_of_record
TN:
SF:/Users/jordy/Projects/coinaly-app/src/store/modules/keys/getters.js
FN:2,(anonymous_0)
FN:5,(anonymous_1)
FN:8,(anonymous_2)
FN:11,(anonymous_3)
FN:14,(anonymous_4)
FNF:5
FNH:5
FNDA:14,(anonymous_0)
FNDA:2,(anonymous_1)
FNDA:2,(anonymous_2)
FNDA:9,(anonymous_3)
FNDA:8,(anonymous_4)
DA:3,14
DA:6,2
DA:9,2
DA:12,9
DA:15,8
LF:5
LH:5
BRDA:6,0,0,1
BRDA:6,0,1,1
BRF:2
BRH:2
end_of_record
TN:
SF:/Users/jordy/Projects/coinaly-app/src/store/modules/keys/index.js
FNF:0
FNH:0
LF:0
LH:0
BRF:0
BRH:0
end_of_record
TN:
SF:/Users/jordy/Projects/coinaly-app/src/store/modules/keys/initialState.js
FN:1,(anonymous_0)
FNF:1
FNH:1
FNDA:8,(anonymous_0)
DA:2,8
LF:1
LH:1
BRF:0
BRH:0
end_of_record
TN:
SF:/Users/jordy/Projects/coinaly-app/src/store/modules/keys/mutations.js
FN:28,(anonymous_0)
FNF:1
FNH:1
FNDA:4,(anonymous_0)
DA:6,4
DA:9,1
DA:12,1
DA:15,2
DA:18,1
DA:21,0
DA:24,0
DA:27,1
DA:28,1
DA:29,4
LF:10
LH:8
BRF:0
BRH:0
end_of_record
TN:
SF:/Users/jordy/Projects/coinaly-app/src/store/modules/keys/state.js
FNF:0
FNH:0
LF:0
LH:0
BRF:0
BRH:0
end_of_record
TN:
SF:/Users/jordy/Projects/coinaly-app/src/store/modules/markets/actions.js
FNF:0
FNH:0
DA:5,1
DA:7,1
DA:8,1
DA:9,1
DA:11,1
DA:12,1
DA:13,1
DA:15,1
DA:17,0
DA:18,0
DA:19,0
DA:20,0
DA:25,1
DA:27,1
DA:28,1
DA:29,1
DA:31,1
DA:32,1
DA:33,1
DA:35,1
DA:36,1
DA:41,1
DA:43,1
DA:45,0
DA:46,0
DA:47,0
DA:48,0
LF:27
LH:19
BRDA:11,0,0,1
BRDA:11,0,1,0
BRDA:17,1,0,0
BRDA:17,1,1,0
BRDA:35,2,0,1
BRDA:35,2,1,0
BRDA:45,3,0,0
BRDA:45,3,1,0
BRF:8
BRH:2
end_of_record
TN:
SF:/Users/jordy/Projects/coinaly-app/src/store/modules/markets/getters.js
FN:4,(anonymous_0)
FN:7,(anonymous_1)
FN:10,(anonymous_2)
FN:16,(anonymous_3)
FN:19,(anonymous_4)
FN:22,(anonymous_5)
FN:25,(anonymous_6)
FN:28,(anonymous_7)
FN:34,(anonymous_8)
FN:37,(anonymous_9)
FN:45,(anonymous_10)
FN:54,(anonymous_11)
FN:58,(anonymous_12)
FN:64,(anonymous_13)
FN:66,(anonymous_14)
FN:72,(anonymous_15)
FN:78,(anonymous_16)
FN:80,(anonymous_17)
FN:86,(anonymous_18)
FN:93,(anonymous_19)
FN:95,(anonymous_20)
FN:101,(anonymous_21)
FN:106,(anonymous_22)
FN:111,(anonymous_23)
FN:111,(anonymous_24)
FN:113,(anonymous_25)
FN:120,(anonymous_26)
FN:120,(anonymous_27)
FN:123,(anonymous_28)
FN:130,(anonymous_29)
FN:130,(anonymous_30)
FN:137,(anonymous_31)
FN:140,(anonymous_32)
FN:143,(anonymous_33)
FN:146,(anonymous_34)
FN:149,(anonymous_35)
FNF:36
FNH:27
FNDA:2,(anonymous_0)
FNDA:3,(anonymous_1)
FNDA:6,(anonymous_2)
FNDA:2,(anonymous_3)
FNDA:2,(anonymous_4)
FNDA:0,(anonymous_5)
FNDA:4,(anonymous_6)
FNDA:8,(anonymous_7)
FNDA:4,(anonymous_8)
FNDA:8,(anonymous_9)
FNDA:2,(anonymous_10)
FNDA:1,(anonymous_11)
FNDA:1,(anonymous_12)
FNDA:2,(anonymous_13)
FNDA:2,(anonymous_14)
FNDA:1,(anonymous_15)
FNDA:2,(anonymous_16)
FNDA:2,(anonymous_17)
FNDA:0,(anonymous_18)
FNDA:0,(anonymous_19)
FNDA:0,(anonymous_20)
FNDA:0,(anonymous_21)
FNDA:0,(anonymous_22)
FNDA:0,(anonymous_23)
FNDA:0,(anonymous_24)
FNDA:0,(anonymous_25)
FNDA:2,(anonymous_26)
FNDA:2,(anonymous_27)
FNDA:4,(anonymous_28)
FNDA:1,(anonymous_29)
FNDA:1,(anonymous_30)
FNDA:1,(anonymous_31)
FNDA:6,(anonymous_32)
FNDA:5,(anonymous_33)
FNDA:4,(anonymous_34)
FNDA:1,(anonymous_35)
DA:5,2
DA:8,3
DA:9,3
DA:10,3
DA:11,6
DA:14,3
DA:17,2
DA:20,2
DA:23,0
DA:26,4
DA:28,4
DA:29,8
DA:31,8
DA:35,4
DA:37,4
DA:38,8
DA:39,8
DA:42,8
DA:46,2
DA:48,2
DA:49,2
DA:52,2
DA:55,1
DA:56,1
DA:60,1
DA:61,1
DA:63,1
DA:64,1
DA:66,2
DA:67,2
DA:74,1
DA:75,1
DA:77,1
DA:78,1
DA:80,2
DA:81,2
DA:89,0
DA:90,0
DA:92,0
DA:93,0
DA:95,0
DA:96,0
DA:103,0
DA:104,0
DA:108,0
DA:109,0
DA:111,0
DA:112,0
DA:113,0
DA:114,0
DA:117,0
DA:120,2
DA:122,2
DA:123,2
DA:124,4
DA:127,0
DA:130,1
DA:132,1
DA:133,1
DA:135,0
DA:138,1
DA:141,6
DA:144,5
DA:147,4
DA:150,1
LF:65
LH:47
BRDA:9,0,0,3
BRDA:9,0,1,0
BRDA:9,1,0,3
BRDA:9,1,1,3
BRDA:17,2,0,1
BRDA:17,2,1,1
BRDA:20,3,0,1
BRDA:20,3,1,1
BRDA:26,4,0,0
BRDA:26,4,1,4
BRDA:26,5,0,4
BRDA:26,5,1,4
BRDA:29,6,0,8
BRDA:29,6,1,8
BRDA:35,7,0,0
BRDA:35,7,1,4
BRDA:35,8,0,4
BRDA:35,8,1,4
BRDA:38,9,0,8
BRDA:38,9,1,0
BRDA:46,10,0,0
BRDA:46,10,1,2
BRDA:46,11,0,2
BRDA:46,11,1,2
BRDA:55,12,0,0
BRDA:55,12,1,1
BRDA:63,13,0,1
BRDA:63,13,1,0
BRDA:63,14,0,1
BRDA:63,14,1,1
BRDA:77,15,0,1
BRDA:77,15,1,0
BRDA:77,16,0,1
BRDA:77,16,1,1
BRDA:92,17,0,0
BRDA:92,17,1,0
BRDA:92,18,0,0
BRDA:92,18,1,0
BRDA:103,19,0,0
BRDA:103,19,1,0
BRDA:108,20,0,0
BRDA:108,20,1,0
BRDA:112,21,0,0
BRDA:112,21,1,0
BRDA:122,22,0,2
BRDA:122,22,1,0
BRDA:132,23,0,1
BRDA:132,23,1,0
BRDA:141,24,0,3
BRDA:141,24,1,3
BRDA:144,25,0,3
BRDA:144,25,1,2
BRF:52
BRH:32
end_of_record
TN:
SF:/Users/jordy/Projects/coinaly-app/src/store/modules/markets/index.js
FNF:0
FNH:0
LF:0
LH:0
BRF:0
BRH:0
end_of_record
TN:
SF:/Users/jordy/Projects/coinaly-app/src/store/modules/markets/initialState.js
FN:1,(anonymous_0)
FNF:1
FNH:1
FNDA:7,(anonymous_0)
DA:2,7
LF:1
LH:1
BRF:0
BRH:0
end_of_record
TN:
SF:/Users/jordy/Projects/coinaly-app/src/store/modules/markets/mutations.js
FN:25,(anonymous_0)
FNF:1
FNH:1
FNDA:5,(anonymous_0)
DA:6,2
DA:9,1
DA:12,1
DA:15,1
DA:18,2
DA:21,1
DA:24,1
DA:25,1
DA:26,5
DA:30,2
DA:31,2
DA:38,2
LF:12
LH:12
BRF:0
BRH:0
end_of_record
TN:
SF:/Users/jordy/Projects/coinaly-app/src/store/modules/markets/state.js
FNF:0
FNH:0
LF:0
LH:0
BRF:0
BRH:0
end_of_record
TN:
SF:/Users/jordy/Projects/coinaly-app/src/store/modules/orders/actions.js
FNF:0
FNH:0
DA:5,1
DA:6,1
DA:8,1
DA:9,1
DA:10,1
DA:11,1
DA:12,1
DA:14,1
DA:16,0
DA:17,0
DA:18,0
DA:19,0
LF:12
LH:8
BRDA:10,0,0,1
BRDA:10,0,1,0
BRDA:16,1,0,0
BRDA:16,1,1,0
BRF:4
BRH:1
end_of_record
TN:
SF:/Users/jordy/Projects/coinaly-app/src/store/modules/orders/getters.js
FN:2,(anonymous_0)
FN:5,(anonymous_1)
FN:8,(anonymous_2)
FN:11,(anonymous_3)
FNF:4
FNH:4
FNDA:1,(anonymous_0)
FNDA:2,(anonymous_1)
FNDA:2,(anonymous_2)
FNDA:1,(anonymous_3)
DA:3,1
DA:6,2
DA:9,2
DA:12,1
LF:4
LH:4
BRDA:6,0,0,1
BRDA:6,0,1,1
BRF:2
BRH:2
end_of_record
TN:
SF:/Users/jordy/Projects/coinaly-app/src/store/modules/orders/index.js
FNF:0
FNH:0
DA:1,0
DA:2,0
DA:3,0
DA:4,0
LF:4
LH:0
BRF:0
BRH:0
end_of_record
TN:
SF:/Users/jordy/Projects/coinaly-app/src/store/modules/orders/initialState.js
FN:1,(anonymous_0)
FNF:1
FNH:1
FNDA:5,(anonymous_0)
DA:2,5
LF:1
LH:1
BRF:0
BRH:0
end_of_record
TN:
SF:/Users/jordy/Projects/coinaly-app/src/store/modules/orders/mutations.js
FN:22,(anonymous_0)
FNF:1
FNH:1
FNDA:4,(anonymous_0)
DA:6,1
DA:9,1
DA:12,1
DA:15,2
DA:18,1
DA:21,1
DA:22,1
DA:23,4
LF:8
LH:8
BRF:0
BRH:0
end_of_record
TN:
SF:/Users/jordy/Projects/coinaly-app/src/store/modules/orders/state.js
FNF:0
FNH:0
LF:0
LH:0
BRF:0
BRH:0
end_of_record
TN:
SF:/Users/jordy/Projects/coinaly-app/src/store/modules/prices/actions.js
FNF:0
FNH:0
DA:5,1
DA:6,1
DA:8,1
DA:9,1
DA:10,1
DA:11,1
DA:12,1
DA:14,1
DA:16,0
DA:17,0
DA:18,0
DA:19,0
LF:12
LH:8
BRDA:10,0,0,1
BRDA:10,0,1,0
BRDA:16,1,0,0
BRDA:16,1,1,0
BRF:4
BRH:1
end_of_record
TN:
SF:/Users/jordy/Projects/coinaly-app/src/store/modules/prices/getters.js
FN:2,(anonymous_0)
FN:5,(anonymous_1)
FN:8,(anonymous_2)
FN:8,(anonymous_3)
FN:12,(anonymous_4)
FN:15,(anonymous_5)
FNF:6
FNH:6
FNDA:1,(anonymous_0)
FNDA:2,(anonymous_1)
FNDA:5,(anonymous_2)
FNDA:2,(anonymous_3)
FNDA:5,(anonymous_4)
FNDA:1,(anonymous_5)
DA:3,1
DA:6,2
DA:8,5
DA:9,2
DA:10,1
DA:13,5
DA:16,1
LF:7
LH:7
BRDA:6,0,0,1
BRDA:6,0,1,1
BRDA:9,1,0,1
BRDA:9,1,1,1
BRF:4
BRH:4
end_of_record
TN:
SF:/Users/jordy/Projects/coinaly-app/src/store/modules/prices/index.js
FNF:0
FNH:0
LF:0
LH:0
BRF:0
BRH:0
end_of_record
TN:
SF:/Users/jordy/Projects/coinaly-app/src/store/modules/prices/initialState.js
FN:1,(anonymous_0)
FNF:1
FNH:1
FNDA:6,(anonymous_0)
DA:2,6
LF:1
LH:1
BRF:0
BRH:0
end_of_record
TN:
SF:/Users/jordy/Projects/coinaly-app/src/store/modules/prices/mutations.js
FN:22,(anonymous_0)
FNF:1
FNH:1
FNDA:3,(anonymous_0)
DA:6,1
DA:9,1
DA:12,1
DA:15,2
DA:18,1
DA:21,1
DA:22,1
DA:23,3
LF:8
LH:8
BRF:0
BRH:0
end_of_record
TN:
SF:/Users/jordy/Projects/coinaly-app/src/store/modules/prices/state.js
FNF:0
FNH:0
LF:0
LH:0
BRF:0
BRH:0
end_of_record
TN:
SF:/Users/jordy/Projects/coinaly-app/src/store/modules/symbols/actions.js
FNF:0
FNH:0
DA:5,1
DA:7,1
DA:8,1
DA:9,1
DA:10,1
DA:11,1
DA:13,1
DA:15,0
DA:16,0
DA:17,0
LF:10
LH:7
BRDA:9,0,0,1
BRDA:9,0,1,0
BRF:2
BRH:1
end_of_record
TN:
SF:/Users/jordy/Projects/coinaly-app/src/store/modules/symbols/getters.js
FN:8,(anonymous_0)
FN:8,(anonymous_1)
FNF:2
FNH:2
FNDA:2,(anonymous_0)
FNDA:2,(anonymous_1)
DA:3,2
DA:6,4
DA:8,2
DA:9,2
DA:10,1
LF:5
LH:5
BRDA:9,0,0,1
BRDA:9,0,1,1
BRDA:9,1,0,2
BRDA:9,1,1,1
BRF:4
BRH:4
end_of_record
TN:
SF:/Users/jordy/Projects/coinaly-app/src/store/modules/symbols/index.js
FNF:0
FNH:0
LF:0
LH:0
BRF:0
BRH:0
end_of_record
TN:
SF:/Users/jordy/Projects/coinaly-app/src/store/modules/symbols/initialState.js
FN:1,(anonymous_0)
FNF:1
FNH:1
FNDA:6,(anonymous_0)
DA:2,6
LF:1
LH:1
BRF:0
BRH:0
end_of_record
TN:
SF:/Users/jordy/Projects/coinaly-app/src/store/modules/symbols/mutations.js
FN:19,(anonymous_0)
FNF:1
FNH:1
FNDA:2,(anonymous_0)
DA:6,1
DA:9,1
DA:12,2
DA:15,1
DA:18,1
DA:19,1
DA:20,2
LF:7
LH:7
BRF:0
BRH:0
end_of_record
TN:
SF:/Users/jordy/Projects/coinaly-app/src/store/modules/symbols/state.js
FNF:0
FNH:0
LF:0
LH:0
BRF:0
BRH:0
end_of_record
TN:
SF:/Users/jordy/Projects/coinaly-app/src/store/modules/tickers/getters.js
FN:8,(anonymous_0)
FN:8,(anonymous_1)
FNF:2
FNH:2
FNDA:1,(anonymous_0)
FNDA:1,(anonymous_1)
DA:3,4
DA:6,4
DA:8,1
DA:9,1
DA:10,1
DA:12,0
LF:6
LH:5
BRDA:9,0,0,1
BRDA:9,0,1,0
BRDA:9,1,0,1
BRDA:9,1,1,1
BRF:4
BRH:3
end_of_record
TN:
SF:/Users/jordy/Projects/coinaly-app/src/store/modules/tickers/index.js
FNF:0
FNH:0
LF:0
LH:0
BRF:0
BRH:0
end_of_record
TN:
SF:/Users/jordy/Projects/coinaly-app/src/store/modules/tickers/initialState.js
FN:1,(anonymous_0)
FNF:1
FNH:1
FNDA:6,(anonymous_0)
DA:2,6
LF:1
LH:1
BRF:0
BRH:0
end_of_record
TN:
SF:/Users/jordy/Projects/coinaly-app/src/store/modules/tickers/mutations.js
FN:9,(anonymous_0)
FN:21,(anonymous_1)
FNF:2
FNH:2
FNDA:4,(anonymous_0)
FNDA:2,(anonymous_1)
DA:6,1
DA:9,2
DA:10,4
DA:14,1
DA:17,1
DA:20,1
DA:21,1
DA:22,2
LF:8
LH:8
BRF:0
BRH:0
end_of_record
TN:
SF:/Users/jordy/Projects/coinaly-app/src/store/modules/tickers/state.js
FNF:0
FNH:0
LF:0
LH:0
BRF:0
BRH:0
end_of_record
TN:
SF:/Users/jordy/Projects/coinaly-app/src/store/modules/user/actions.js
FNF:0
FNH:0
DA:5,1
DA:6,1
DA:8,1
DA:9,1
DA:10,1
DA:11,1
DA:12,1
DA:14,1
DA:16,0
DA:17,0
DA:18,0
DA:19,0
DA:24,1
DA:25,1
DA:27,1
DA:28,1
DA:29,1
DA:30,1
DA:31,1
DA:33,1
DA:35,0
DA:36,0
DA:37,0
DA:38,0
DA:43,0
DA:44,0
DA:45,0
DA:47,0
DA:48,0
DA:49,0
DA:50,0
DA:51,0
DA:53,0
DA:55,0
DA:56,0
DA:57,0
DA:58,0
LF:37
LH:16
BRDA:10,0,0,1
BRDA:10,0,1,0
BRDA:16,1,0,0
BRDA:16,1,1,0
BRDA:29,2,0,1
BRDA:29,2,1,0
BRDA:35,3,0,0
BRDA:35,3,1,0
BRDA:49,4,0,0
BRDA:49,4,1,0
BRDA:55,5,0,0
BRDA:55,5,1,0
BRF:12
BRH:2
end_of_record
TN:
SF:/Users/jordy/Projects/coinaly-app/src/store/modules/user/getters.js
FN:2,(anonymous_0)
FN:5,(anonymous_1)
FN:8,(anonymous_2)
FN:11,(anonymous_3)
FN:14,(anonymous_4)
FN:17,(anonymous_5)
FN:20,(anonymous_6)
FNF:7
FNH:6
FNDA:3,(anonymous_0)
FNDA:0,(anonymous_1)
FNDA:1,(anonymous_2)
FNDA:1,(anonymous_3)
FNDA:17,(anonymous_4)
FNDA:4,(anonymous_5)
FNDA:4,(anonymous_6)
DA:3,3
DA:6,0
DA:9,1
DA:12,1
DA:15,17
DA:18,4
DA:21,4
LF:7
LH:6
BRDA:21,0,0,1
BRDA:21,0,1,3
BRF:2
BRH:2
end_of_record
TN:
SF:/Users/jordy/Projects/coinaly-app/src/store/modules/user/index.js
FNF:0
FNH:0
LF:0
LH:0
BRF:0
BRH:0
end_of_record
TN:
SF:/Users/jordy/Projects/coinaly-app/src/store/modules/user/initialState.js
FN:3,(anonymous_0)
FNF:1
FNH:1
FNDA:9,(anonymous_0)
DA:1,7
DA:4,9
LF:2
LH:2
BRDA:1,0,0,7
BRDA:1,0,1,0
BRF:2
BRH:1
end_of_record
TN:
SF:/Users/jordy/Projects/coinaly-app/src/store/modules/user/mutations.js
FN:34,(anonymous_0)
FNF:1
FNH:1
FNDA:6,(anonymous_0)
DA:6,1
DA:9,1
DA:12,2
DA:15,2
DA:18,1
DA:21,1
DA:24,1
DA:27,1
DA:30,1
DA:33,1
DA:34,1
DA:35,6
LF:12
LH:12
BRF:0
BRH:0
end_of_record
TN:
SF:/Users/jordy/Projects/coinaly-app/src/store/modules/user/state.js
FNF:0
FNH:0
LF:0
LH:0
BRF:0
BRH:0
end_of_record
TN:
SF:/Users/jordy/Projects/coinaly-app/src/websocket/index.js
FN:18,websocketConnect
FN:22,subscribe
FN:26,unsubscribe
FN:30,watch
FN:34,disconnect
FNF:5
FNH:0
FNDA:0,websocketConnect
FNDA:0,subscribe
FNDA:0,unsubscribe
FNDA:0,watch
FNDA:0,disconnect
DA:3,1
DA:19,0
DA:23,0
DA:27,0
DA:31,0
DA:35,0
LF:6
LH:1
BRF:0
BRH:0
end_of_record
