<?xml version="1.0" encoding="UTF-8"?>
<coverage generated="1522782444415" clover="3.2.0">
  <project timestamp="1522782444415" name="All files">
    <metrics statements="56" coveredstatements="52" conditionals="27" coveredconditionals="26" methods="25" coveredmethods="22" elements="108" coveredelements="100" complexity="0" loc="56" ncloc="56" packages="3" files="4" classes="4">
      <package name="components">
        <metrics statements="23" coveredstatements="19" conditionals="9" coveredconditionals="8" methods="13" coveredmethods="10"/>
        <file name="ListRadioCurrency.vue" path="/Users/jordy/Projects/coinaly-app/src/components/ListRadioCurrency.vue">
          <metrics statements="7" coveredstatements="7" conditionals="5" coveredconditionals="5" methods="5" coveredmethods="5"/>
          <line num="21" count="2" type="stmt"/>
          <line num="27" count="10" type="stmt"/>
          <line num="35" count="2" type="stmt"/>
          <line num="38" count="78" type="cond" truecount="3" falsecount="0"/>
          <line num="43" count="12" type="cond" truecount="2" falsecount="0"/>
          <line num="44" count="10" type="stmt"/>
          <line num="49" count="2" type="stmt"/>
        </file>
        <file name="SelectMarket.vue" path="/Users/jordy/Projects/coinaly-app/src/components/SelectMarket.vue">
          <metrics statements="16" coveredstatements="12" conditionals="4" coveredconditionals="3" methods="8" coveredmethods="5"/>
          <line num="41" count="1" type="stmt"/>
          <line num="42" count="1" type="stmt"/>
          <line num="43" count="1" type="stmt"/>
          <line num="64" count="1" type="stmt"/>
          <line num="71" count="1" type="stmt"/>
          <line num="76" count="0" type="stmt"/>
          <line num="79" count="0" type="stmt"/>
          <line num="82" count="66" type="stmt"/>
          <line num="85" count="8" type="stmt"/>
          <line num="86" count="8" type="stmt"/>
          <line num="87" count="12" type="cond" truecount="2" falsecount="0"/>
          <line num="88" count="4" type="stmt"/>
          <line num="91" count="12" type="stmt"/>
          <line num="92" count="24" type="cond" truecount="1" falsecount="1"/>
          <line num="93" count="0" type="stmt"/>
          <line num="98" count="0" type="stmt"/>
        </file>
      </package>
      <package name="filters">
        <metrics statements="17" coveredstatements="17" conditionals="12" coveredconditionals="12" methods="6" coveredmethods="6"/>
        <file name="index.js" path="/Users/jordy/Projects/coinaly-app/src/filters/index.js">
          <metrics statements="17" coveredstatements="17" conditionals="12" coveredconditionals="12" methods="6" coveredmethods="6"/>
          <line num="3" count="3" type="stmt"/>
          <line num="5" count="3" type="stmt"/>
          <line num="6" count="1" type="stmt"/>
          <line num="9" count="3" type="cond" truecount="1" falsecount="0"/>
          <line num="10" count="3" type="cond" truecount="2" falsecount="0"/>
          <line num="11" count="2" type="stmt"/>
          <line num="14" count="3" type="stmt"/>
          <line num="15" count="4" type="cond" truecount="4" falsecount="0"/>
          <line num="16" count="2" type="stmt"/>
          <line num="19" count="3" type="stmt"/>
          <line num="20" count="1" type="stmt"/>
          <line num="23" count="3" type="cond" truecount="1" falsecount="0"/>
          <line num="24" count="2" type="cond" truecount="2" falsecount="0"/>
          <line num="25" count="1" type="stmt"/>
          <line num="28" count="3" type="stmt"/>
          <line num="29" count="87" type="cond" truecount="2" falsecount="0"/>
          <line num="30" count="81" type="stmt"/>
        </file>
      </package>
      <package name="helpers">
        <metrics statements="16" coveredstatements="16" conditionals="6" coveredconditionals="6" methods="6" coveredmethods="6"/>
        <file name="symbols.js" path="/Users/jordy/Projects/coinaly-app/src/helpers/symbols.js">
          <metrics statements="16" coveredstatements="16" conditionals="6" coveredconditionals="6" methods="6" coveredmethods="6"/>
          <line num="1" count="3" type="stmt"/>
          <line num="5" count="2" type="stmt"/>
          <line num="6" count="2" type="stmt"/>
          <line num="11" count="2" type="stmt"/>
          <line num="12" count="2" type="stmt"/>
          <line num="17" count="81" type="stmt"/>
          <line num="18" count="81" type="stmt"/>
          <line num="19" count="81" type="cond" truecount="2" falsecount="0"/>
          <line num="20" count="1" type="stmt"/>
          <line num="25" count="5" type="cond" truecount="2" falsecount="0"/>
          <line num="26" count="4" type="stmt"/>
          <line num="27" count="4" type="stmt"/>
          <line num="28" count="6" type="cond" truecount="2" falsecount="0"/>
          <line num="29" count="1" type="stmt"/>
          <line num="34" count="80" type="stmt"/>
          <line num="35" count="80" type="stmt"/>
        </file>
      </package>
    </metrics>
  </project>
</coverage>
