<?xml version="1.0" encoding="UTF-8"?>
<coverage generated="1522792458015" clover="3.2.0">
  <project timestamp="1522792458015" name="All files">
    <metrics statements="93" coveredstatements="83" conditionals="66" coveredconditionals="47" methods="44" coveredmethods="38" elements="203" coveredelements="168" complexity="0" loc="93" ncloc="93" packages="5" files="11" classes="11">
      <package name="components">
        <metrics statements="18" coveredstatements="18" conditionals="28" coveredconditionals="16" methods="7" coveredmethods="7"/>
        <file name="CardEmpty.vue" path="/Users/jordy/Projects/coinaly-app/src/components/CardEmpty.vue">
          <metrics statements="6" coveredstatements="6" conditionals="12" coveredconditionals="7" methods="2" coveredmethods="2"/>
          <line num="1" count="3" type="stmt"/>
          <line num="4" count="3" type="stmt"/>
          <line num="17" count="3" type="stmt"/>
          <line num="22" count="3" type="cond" truecount="2" falsecount="2"/>
          <line num="23" count="4" type="cond" truecount="5" falsecount="3"/>
          <line num="24" count="3" type="stmt"/>
        </file>
        <file name="CardLoading.vue" path="/Users/jordy/Projects/coinaly-app/src/components/CardLoading.vue">
          <metrics statements="6" coveredstatements="6" conditionals="8" coveredconditionals="5" methods="2" coveredmethods="2"/>
          <line num="1" count="3" type="stmt"/>
          <line num="4" count="3" type="stmt"/>
          <line num="14" count="3" type="stmt"/>
          <line num="19" count="3" type="cond" truecount="2" falsecount="2"/>
          <line num="20" count="4" type="cond" truecount="3" falsecount="1"/>
          <line num="21" count="3" type="stmt"/>
        </file>
        <file name="CardTrade.vue" path="/Users/jordy/Projects/coinaly-app/src/components/CardTrade.vue">
          <metrics statements="6" coveredstatements="6" conditionals="8" coveredconditionals="4" methods="3" coveredmethods="3"/>
          <line num="1" count="1" type="stmt"/>
          <line num="4" count="1" type="stmt"/>
          <line num="24" count="1" type="stmt"/>
          <line num="28" count="1" type="cond" truecount="2" falsecount="2"/>
          <line num="29" count="1" type="cond" truecount="1" falsecount="1"/>
          <line num="30" count="1" type="cond" truecount="1" falsecount="1"/>
        </file>
      </package>
      <package name="components.card">
        <metrics statements="15" coveredstatements="15" conditionals="6" coveredconditionals="6" methods="7" coveredmethods="7"/>
        <file name="CardSelectBalance.vue" path="/Users/jordy/Projects/coinaly-app/src/components/card/CardSelectBalance.vue">
          <metrics statements="7" coveredstatements="7" conditionals="4" coveredconditionals="4" methods="3" coveredmethods="3"/>
          <line num="23" count="1" type="stmt"/>
          <line num="24" count="1" type="stmt"/>
          <line num="25" count="1" type="stmt"/>
          <line num="36" count="4" type="stmt"/>
          <line num="42" count="10" type="cond" truecount="2" falsecount="0"/>
          <line num="43" count="2" type="stmt"/>
          <line num="48" count="1" type="stmt"/>
        </file>
        <file name="CardSelectMarket.vue" path="/Users/jordy/Projects/coinaly-app/src/components/card/CardSelectMarket.vue">
          <metrics statements="8" coveredstatements="8" conditionals="2" coveredconditionals="2" methods="4" coveredmethods="4"/>
          <line num="29" count="1" type="stmt"/>
          <line num="30" count="1" type="stmt"/>
          <line num="31" count="1" type="stmt"/>
          <line num="52" count="2" type="stmt"/>
          <line num="58" count="5" type="cond" truecount="2" falsecount="0"/>
          <line num="59" count="1" type="stmt"/>
          <line num="64" count="1" type="stmt"/>
          <line num="69" count="1" type="stmt"/>
        </file>
      </package>
      <package name="components.list-group">
        <metrics statements="18" coveredstatements="8" conditionals="12" coveredconditionals="5" methods="11" coveredmethods="5"/>
        <file name="ListGroupSelectCurrencies.vue" path="/Users/jordy/Projects/coinaly-app/src/components/list-group/ListGroupSelectCurrencies.vue">
          <metrics statements="7" coveredstatements="7" conditionals="5" coveredconditionals="5" methods="5" coveredmethods="5"/>
          <line num="18" count="2" type="stmt"/>
          <line num="24" count="11" type="stmt"/>
          <line num="32" count="2" type="stmt"/>
          <line num="35" count="84" type="cond" truecount="3" falsecount="0"/>
          <line num="40" count="3" type="cond" truecount="2" falsecount="0"/>
          <line num="41" count="1" type="stmt"/>
          <line num="46" count="2" type="stmt"/>
        </file>
        <file name="ListGroupSelectMarkets.vue" path="/Users/jordy/Projects/coinaly-app/src/components/list-group/ListGroupSelectMarkets.vue">
          <metrics statements="11" coveredstatements="1" conditionals="7" coveredconditionals="0" methods="6" coveredmethods="0"/>
          <line num="18" count="1" type="stmt"/>
          <line num="24" count="0" type="stmt"/>
          <line num="34" count="0" type="stmt"/>
          <line num="37" count="0" type="cond" truecount="0" falsecount="3"/>
          <line num="40" count="0" type="stmt"/>
          <line num="41" count="0" type="stmt"/>
          <line num="42" count="0" type="cond" truecount="0" falsecount="2"/>
          <line num="43" count="0" type="stmt"/>
          <line num="48" count="0" type="cond" truecount="0" falsecount="2"/>
          <line num="49" count="0" type="stmt"/>
          <line num="54" count="0" type="stmt"/>
        </file>
      </package>
      <package name="filters">
        <metrics statements="17" coveredstatements="17" conditionals="12" coveredconditionals="12" methods="6" coveredmethods="6"/>
        <file name="index.js" path="/Users/jordy/Projects/coinaly-app/src/filters/index.js">
          <metrics statements="17" coveredstatements="17" conditionals="12" coveredconditionals="12" methods="6" coveredmethods="6"/>
          <line num="3" count="3" type="stmt"/>
          <line num="5" count="3" type="stmt"/>
          <line num="6" count="1" type="stmt"/>
          <line num="9" count="3" type="cond" truecount="1" falsecount="0"/>
          <line num="10" count="3" type="cond" truecount="2" falsecount="0"/>
          <line num="11" count="2" type="stmt"/>
          <line num="14" count="3" type="stmt"/>
          <line num="15" count="4" type="cond" truecount="4" falsecount="0"/>
          <line num="16" count="2" type="stmt"/>
          <line num="19" count="3" type="stmt"/>
          <line num="20" count="1" type="stmt"/>
          <line num="23" count="3" type="cond" truecount="1" falsecount="0"/>
          <line num="24" count="2" type="cond" truecount="2" falsecount="0"/>
          <line num="25" count="1" type="stmt"/>
          <line num="28" count="3" type="stmt"/>
          <line num="29" count="87" type="cond" truecount="2" falsecount="0"/>
          <line num="30" count="85" type="stmt"/>
        </file>
      </package>
      <package name="helpers">
        <metrics statements="25" coveredstatements="25" conditionals="8" coveredconditionals="8" methods="13" coveredmethods="13"/>
        <file name="numbers.js" path="/Users/jordy/Projects/coinaly-app/src/helpers/numbers.js">
          <metrics statements="7" coveredstatements="7" conditionals="2" coveredconditionals="2" methods="5" coveredmethods="5"/>
          <line num="2" count="2" type="stmt"/>
          <line num="3" count="2" type="stmt"/>
          <line num="7" count="2" type="stmt"/>
          <line num="8" count="2" type="stmt"/>
          <line num="12" count="2" type="stmt"/>
          <line num="16" count="2" type="stmt"/>
          <line num="20" count="3" type="stmt"/>
        </file>
        <file name="objects.js" path="/Users/jordy/Projects/coinaly-app/src/helpers/objects.js">
          <metrics statements="2" coveredstatements="2" conditionals="0" coveredconditionals="0" methods="2" coveredmethods="2"/>
          <line num="4" count="1" type="stmt"/>
          <line num="5" count="3" type="stmt"/>
        </file>
        <file name="symbols.js" path="/Users/jordy/Projects/coinaly-app/src/helpers/symbols.js">
          <metrics statements="16" coveredstatements="16" conditionals="6" coveredconditionals="6" methods="6" coveredmethods="6"/>
          <line num="1" count="4" type="stmt"/>
          <line num="5" count="2" type="stmt"/>
          <line num="6" count="2" type="stmt"/>
          <line num="11" count="2" type="stmt"/>
          <line num="12" count="2" type="stmt"/>
          <line num="17" count="87" type="stmt"/>
          <line num="18" count="87" type="stmt"/>
          <line num="19" count="87" type="cond" truecount="2" falsecount="0"/>
          <line num="20" count="1" type="stmt"/>
          <line num="25" count="5" type="cond" truecount="2" falsecount="0"/>
          <line num="26" count="4" type="stmt"/>
          <line num="27" count="4" type="stmt"/>
          <line num="28" count="6" type="cond" truecount="2" falsecount="0"/>
          <line num="29" count="1" type="stmt"/>
          <line num="34" count="86" type="stmt"/>
          <line num="35" count="86" type="stmt"/>
        </file>
      </package>
    </metrics>
  </project>
</coverage>
