{"/Users/jordy/Projects/coinaly-app/src/components/CardEmpty.vue": {"path":"/Users/jordy/Projects/coinaly-app/src/components/CardEmpty.vue","statementMap":{"0":{"start":{"line":1,"column":1},"end":{"line":21,"column":4}},"1":{"start":{"line":4,"column":0},"end":{"line":6,"column":3}},"2":{"start":{"line":17,"column":0},"end":{"line":20,"column":2}},"3":{"start":{"line":22,"column":20},"end":{"line":22,"column":89}},"4":{"start":{"line":22,"column":114},"end":{"line":22,"column":187}},"5":{"start":{"line":23,"column":0},"end":{"line":23,"column":499}},"6":{"start":{"line":23,"column":54},"end":{"line":23,"column":58}},"7":{"start":{"line":23,"column":66},"end":{"line":23,"column":84}},"8":{"start":{"line":23,"column":92},"end":{"line":23,"column":108}},"9":{"start":{"line":23,"column":109},"end":{"line":23,"column":498}},"10":{"start":{"line":24,"column":0},"end":{"line":24,"column":37}}},"fnMap":{"0":{"name":"(anonymous_0)","decl":{"start":{"line":1,"column":2},"end":{"line":1,"column":3}},"loc":{"start":{"line":1,"column":12},"end":{"line":21,"column":1}},"line":1},"1":{"name":"render","decl":{"start":{"line":23,"column":35},"end":{"line":23,"column":41}},"loc":{"start":{"line":23,"column":45},"end":{"line":23,"column":499}},"line":23}},"branchMap":{"0":{"loc":{"start":{"line":22,"column":20},"end":{"line":22,"column":89}},"type":"cond-expr","locations":[{"start":{"line":22,"column":50},"end":{"line":22,"column":72}},{"start":{"line":22,"column":75},"end":{"line":22,"column":89}}],"line":22},"1":{"loc":{"start":{"line":22,"column":114},"end":{"line":22,"column":187}},"type":"cond-expr","locations":[{"start":{"line":22,"column":151},"end":{"line":22,"column":172}},{"start":{"line":22,"column":174},"end":{"line":22,"column":187}}],"line":22},"2":{"loc":{"start":{"line":23,"column":92},"end":{"line":23,"column":108}},"type":"binary-expr","locations":[{"start":{"line":23,"column":92},"end":{"line":23,"column":104}},{"start":{"line":23,"column":106},"end":{"line":23,"column":108}}],"line":23},"3":{"loc":{"start":{"line":23,"column":116},"end":{"line":23,"column":498}},"type":"cond-expr","locations":[{"start":{"line":23,"column":130},"end":{"line":23,"column":489}},{"start":{"line":23,"column":490},"end":{"line":23,"column":498}}],"line":23},"4":{"loc":{"start":{"line":23,"column":277},"end":{"line":23,"column":487}},"type":"cond-expr","locations":[{"start":{"line":23,"column":313},"end":{"line":23,"column":478}},{"start":{"line":23,"column":479},"end":{"line":23,"column":487}}],"line":23},"5":{"loc":{"start":{"line":23,"column":278},"end":{"line":23,"column":311}},"type":"binary-expr","locations":[{"start":{"line":23,"column":278},"end":{"line":23,"column":292}},{"start":{"line":23,"column":296},"end":{"line":23,"column":311}}],"line":23}},"s":{"0":3,"1":3,"2":3,"3":3,"4":3,"5":3,"6":4,"7":4,"8":4,"9":4,"10":3},"f":{"0":3,"1":4},"b":{"0":[3,0],"1":[0,3],"2":[4,0],"3":[3,1],"4":[0,3],"5":[3,0]},"_coverageSchema":"332fd63041d2c1bcb487cc26dd0d5f7d97098a6c","hash":"826a4d787def33c78cbce636ce58ae9b9bd54c95"}
,"/Users/jordy/Projects/coinaly-app/src/components/CardLoading.vue": {"path":"/Users/jordy/Projects/coinaly-app/src/components/CardLoading.vue","statementMap":{"0":{"start":{"line":1,"column":1},"end":{"line":18,"column":4}},"1":{"start":{"line":4,"column":0},"end":{"line":6,"column":3}},"2":{"start":{"line":14,"column":0},"end":{"line":17,"column":2}},"3":{"start":{"line":19,"column":20},"end":{"line":19,"column":89}},"4":{"start":{"line":19,"column":114},"end":{"line":19,"column":187}},"5":{"start":{"line":20,"column":0},"end":{"line":20,"column":259}},"6":{"start":{"line":20,"column":54},"end":{"line":20,"column":58}},"7":{"start":{"line":20,"column":66},"end":{"line":20,"column":84}},"8":{"start":{"line":20,"column":92},"end":{"line":20,"column":108}},"9":{"start":{"line":20,"column":109},"end":{"line":20,"column":258}},"10":{"start":{"line":21,"column":0},"end":{"line":21,"column":37}}},"fnMap":{"0":{"name":"(anonymous_0)","decl":{"start":{"line":1,"column":2},"end":{"line":1,"column":3}},"loc":{"start":{"line":1,"column":12},"end":{"line":18,"column":1}},"line":1},"1":{"name":"render","decl":{"start":{"line":20,"column":35},"end":{"line":20,"column":41}},"loc":{"start":{"line":20,"column":45},"end":{"line":20,"column":259}},"line":20}},"branchMap":{"0":{"loc":{"start":{"line":19,"column":20},"end":{"line":19,"column":89}},"type":"cond-expr","locations":[{"start":{"line":19,"column":50},"end":{"line":19,"column":72}},{"start":{"line":19,"column":75},"end":{"line":19,"column":89}}],"line":19},"1":{"loc":{"start":{"line":19,"column":114},"end":{"line":19,"column":187}},"type":"cond-expr","locations":[{"start":{"line":19,"column":151},"end":{"line":19,"column":172}},{"start":{"line":19,"column":174},"end":{"line":19,"column":187}}],"line":19},"2":{"loc":{"start":{"line":20,"column":92},"end":{"line":20,"column":108}},"type":"binary-expr","locations":[{"start":{"line":20,"column":92},"end":{"line":20,"column":104}},{"start":{"line":20,"column":106},"end":{"line":20,"column":108}}],"line":20},"3":{"loc":{"start":{"line":20,"column":116},"end":{"line":20,"column":258}},"type":"cond-expr","locations":[{"start":{"line":20,"column":132},"end":{"line":20,"column":249}},{"start":{"line":20,"column":250},"end":{"line":20,"column":258}}],"line":20}},"s":{"0":3,"1":3,"2":3,"3":3,"4":3,"5":3,"6":4,"7":4,"8":4,"9":4,"10":3},"f":{"0":3,"1":4},"b":{"0":[3,0],"1":[0,3],"2":[4,0],"3":[3,1]},"_coverageSchema":"332fd63041d2c1bcb487cc26dd0d5f7d97098a6c","hash":"dc38ef3a13821a5fc6ffdfdadac9165e299cbabc"}
,"/Users/jordy/Projects/coinaly-app/src/components/CardTrade.vue": {"path":"/Users/jordy/Projects/coinaly-app/src/components/CardTrade.vue","statementMap":{"0":{"start":{"line":1,"column":1},"end":{"line":27,"column":4}},"1":{"start":{"line":4,"column":0},"end":{"line":6,"column":3}},"2":{"start":{"line":24,"column":0},"end":{"line":26,"column":2}},"3":{"start":{"line":28,"column":20},"end":{"line":28,"column":89}},"4":{"start":{"line":28,"column":114},"end":{"line":28,"column":187}},"5":{"start":{"line":29,"column":0},"end":{"line":29,"column":126}},"6":{"start":{"line":29,"column":54},"end":{"line":29,"column":58}},"7":{"start":{"line":29,"column":66},"end":{"line":29,"column":84}},"8":{"start":{"line":29,"column":92},"end":{"line":29,"column":108}},"9":{"start":{"line":29,"column":109},"end":{"line":29,"column":125}},"10":{"start":{"line":30,"column":0},"end":{"line":30,"column":671}},"11":{"start":{"line":30,"column":64},"end":{"line":30,"column":68}},"12":{"start":{"line":30,"column":76},"end":{"line":30,"column":94}},"13":{"start":{"line":30,"column":102},"end":{"line":30,"column":118}},"14":{"start":{"line":30,"column":119},"end":{"line":30,"column":669}}},"fnMap":{"0":{"name":"(anonymous_0)","decl":{"start":{"line":1,"column":2},"end":{"line":1,"column":3}},"loc":{"start":{"line":1,"column":12},"end":{"line":27,"column":1}},"line":1},"1":{"name":"render","decl":{"start":{"line":29,"column":35},"end":{"line":29,"column":41}},"loc":{"start":{"line":29,"column":45},"end":{"line":29,"column":126}},"line":29},"2":{"name":"render","decl":{"start":{"line":30,"column":45},"end":{"line":30,"column":51}},"loc":{"start":{"line":30,"column":55},"end":{"line":30,"column":670}},"line":30}},"branchMap":{"0":{"loc":{"start":{"line":28,"column":20},"end":{"line":28,"column":89}},"type":"cond-expr","locations":[{"start":{"line":28,"column":50},"end":{"line":28,"column":72}},{"start":{"line":28,"column":75},"end":{"line":28,"column":89}}],"line":28},"1":{"loc":{"start":{"line":28,"column":114},"end":{"line":28,"column":187}},"type":"cond-expr","locations":[{"start":{"line":28,"column":151},"end":{"line":28,"column":172}},{"start":{"line":28,"column":174},"end":{"line":28,"column":187}}],"line":28},"2":{"loc":{"start":{"line":29,"column":92},"end":{"line":29,"column":108}},"type":"binary-expr","locations":[{"start":{"line":29,"column":92},"end":{"line":29,"column":104}},{"start":{"line":29,"column":106},"end":{"line":29,"column":108}}],"line":29},"3":{"loc":{"start":{"line":30,"column":102},"end":{"line":30,"column":118}},"type":"binary-expr","locations":[{"start":{"line":30,"column":102},"end":{"line":30,"column":114}},{"start":{"line":30,"column":116},"end":{"line":30,"column":118}}],"line":30}},"s":{"0":1,"1":1,"2":1,"3":1,"4":1,"5":1,"6":1,"7":1,"8":1,"9":1,"10":1,"11":1,"12":1,"13":1,"14":1},"f":{"0":1,"1":1,"2":1},"b":{"0":[1,0],"1":[0,1],"2":[1,0],"3":[1,0]},"_coverageSchema":"332fd63041d2c1bcb487cc26dd0d5f7d97098a6c","hash":"9cd3463ede9bb4a65883c47edb5b7f97affb02ba"}
,"/Users/jordy/Projects/coinaly-app/src/components/card/CardSelectBalance.vue": {"path":"/Users/jordy/Projects/coinaly-app/src/components/card/CardSelectBalance.vue","statementMap":{"0":{"start":{"line":23,"column":0},"end":{"line":null,"column":-1}},"1":{"start":{"line":24,"column":0},"end":{"line":null,"column":-1}},"2":{"start":{"line":25,"column":0},"end":{"line":null,"column":-1}},"3":{"start":{"line":36,"column":0},"end":{"line":null,"column":-1}},"4":{"start":{"line":42,"column":0},"end":{"line":null,"column":-1}},"5":{"start":{"line":43,"column":0},"end":{"line":null,"column":-1}},"6":{"start":{"line":48,"column":0},"end":{"line":null,"column":-1}}},"fnMap":{"0":{"name":"data","decl":{"start":{"line":35,"column":0},"end":{"line":null,"column":-1}},"loc":{"start":{"line":35,"column":0},"end":{"line":39,"column":0}}},"1":{"name":"hasBalances","decl":{"start":{"line":41,"column":0},"end":{"line":null,"column":-1}},"loc":{"start":{"line":41,"column":0},"end":{"line":44,"column":0}}},"2":{"name":"handleSelectedCurrency","decl":{"start":{"line":47,"column":0},"end":{"line":null,"column":-1}},"loc":{"start":{"line":47,"column":0},"end":{"line":49,"column":0}}}},"branchMap":{"0":{"loc":{"start":{"line":37,"column":0},"end":{"line":null,"column":-1}},"type":"binary-expr","locations":[{"start":{"line":37,"column":0},"end":{"line":null,"column":-1}},{"start":{"line":37,"column":0},"end":{"line":null,"column":-1}}]},"1":{"loc":{"start":{"line":42,"column":0},"end":{"line":null,"column":-1}},"type":"if","locations":[{"start":{"line":42,"column":0},"end":{"line":null,"column":-1}},{"start":{"line":42,"column":0},"end":{"line":null,"column":-1}}]}},"s":{"0":1,"1":1,"2":1,"3":4,"4":10,"5":2,"6":1},"f":{"0":4,"1":6,"2":1},"b":{"0":[4,4],"1":[4,2]}}
,"/Users/jordy/Projects/coinaly-app/src/components/card/CardSelectMarket.vue": {"path":"/Users/jordy/Projects/coinaly-app/src/components/card/CardSelectMarket.vue","statementMap":{"0":{"start":{"line":29,"column":0},"end":{"line":null,"column":-1}},"1":{"start":{"line":30,"column":0},"end":{"line":null,"column":-1}},"2":{"start":{"line":31,"column":0},"end":{"line":null,"column":-1}},"3":{"start":{"line":52,"column":0},"end":{"line":null,"column":-1}},"4":{"start":{"line":58,"column":0},"end":{"line":null,"column":-1}},"5":{"start":{"line":59,"column":0},"end":{"line":null,"column":-1}},"6":{"start":{"line":64,"column":0},"end":{"line":null,"column":-1}},"7":{"start":{"line":69,"column":0},"end":{"line":null,"column":-1}}},"fnMap":{"0":{"name":"data","decl":{"start":{"line":51,"column":0},"end":{"line":null,"column":-1}},"loc":{"start":{"line":51,"column":0},"end":{"line":55,"column":0}}},"1":{"name":"hasMarkets","decl":{"start":{"line":57,"column":0},"end":{"line":null,"column":-1}},"loc":{"start":{"line":57,"column":0},"end":{"line":60,"column":0}}},"2":{"name":"handleSelectedCurrency","decl":{"start":{"line":63,"column":0},"end":{"line":null,"column":-1}},"loc":{"start":{"line":63,"column":0},"end":{"line":65,"column":0}}},"3":{"name":"baseCurrency","decl":{"start":{"line":68,"column":0},"end":{"line":null,"column":-1}},"loc":{"start":{"line":68,"column":0},"end":{"line":70,"column":0}}}},"branchMap":{"0":{"loc":{"start":{"line":58,"column":0},"end":{"line":null,"column":-1}},"type":"if","locations":[{"start":{"line":58,"column":0},"end":{"line":null,"column":-1}},{"start":{"line":58,"column":0},"end":{"line":null,"column":-1}}]}},"s":{"0":1,"1":1,"2":1,"3":2,"4":5,"5":1,"6":1,"7":1},"f":{"0":2,"1":3,"2":1,"3":1},"b":{"0":[2,1]}}
,"/Users/jordy/Projects/coinaly-app/src/components/list-group/ListGroupSelectCurrencies.vue": {"path":"/Users/jordy/Projects/coinaly-app/src/components/list-group/ListGroupSelectCurrencies.vue","statementMap":{"0":{"start":{"line":18,"column":0},"end":{"line":null,"column":-1}},"1":{"start":{"line":24,"column":0},"end":{"line":null,"column":-1}},"2":{"start":{"line":32,"column":0},"end":{"line":null,"column":-1}},"3":{"start":{"line":35,"column":0},"end":{"line":null,"column":-1}},"4":{"start":{"line":40,"column":0},"end":{"line":null,"column":-1}},"5":{"start":{"line":41,"column":0},"end":{"line":null,"column":-1}},"6":{"start":{"line":46,"column":0},"end":{"line":null,"column":-1}}},"fnMap":{"0":{"name":"data","decl":{"start":{"line":23,"column":0},"end":{"line":null,"column":-1}},"loc":{"start":{"line":23,"column":0},"end":{"line":27,"column":0}}},"1":{"name":"setSelected","decl":{"start":{"line":31,"column":0},"end":{"line":null,"column":-1}},"loc":{"start":{"line":31,"column":0},"end":{"line":33,"column":0}}},"2":{"name":"isActive","decl":{"start":{"line":34,"column":0},"end":{"line":null,"column":-1}},"loc":{"start":{"line":34,"column":0},"end":{"line":36,"column":0}}},"3":{"name":"hasCurrencies","decl":{"start":{"line":39,"column":0},"end":{"line":null,"column":-1}},"loc":{"start":{"line":39,"column":0},"end":{"line":42,"column":0}}},"4":{"name":"currency","decl":{"start":{"line":45,"column":0},"end":{"line":null,"column":-1}},"loc":{"start":{"line":45,"column":0},"end":{"line":47,"column":0}}}},"branchMap":{"0":{"loc":{"start":{"line":35,"column":0},"end":{"line":null,"column":-1}},"type":"binary-expr","locations":[{"start":{"line":35,"column":0},"end":{"line":null,"column":-1}},{"start":{"line":35,"column":0},"end":{"line":null,"column":-1}},{"start":{"line":35,"column":0},"end":{"line":null,"column":-1}}]},"1":{"loc":{"start":{"line":40,"column":0},"end":{"line":null,"column":-1}},"type":"if","locations":[{"start":{"line":40,"column":0},"end":{"line":null,"column":-1}},{"start":{"line":40,"column":0},"end":{"line":null,"column":-1}}]}},"s":{"0":2,"1":11,"2":2,"3":84,"4":3,"5":1,"6":2},"f":{"0":11,"1":2,"2":84,"3":2,"4":2},"b":{"0":[84,82,81],"1":[1,1]}}
,"/Users/jordy/Projects/coinaly-app/src/components/list-group/ListGroupSelectMarkets.vue": {"path":"/Users/jordy/Projects/coinaly-app/src/components/list-group/ListGroupSelectMarkets.vue","statementMap":{"0":{"start":{"line":18,"column":0},"end":{"line":null,"column":-1}},"1":{"start":{"line":24,"column":0},"end":{"line":null,"column":-1}},"2":{"start":{"line":34,"column":0},"end":{"line":null,"column":-1}},"3":{"start":{"line":37,"column":0},"end":{"line":null,"column":-1}},"4":{"start":{"line":40,"column":0},"end":{"line":null,"column":-1}},"5":{"start":{"line":41,"column":0},"end":{"line":null,"column":-1}},"6":{"start":{"line":42,"column":0},"end":{"line":null,"column":-1}},"7":{"start":{"line":43,"column":0},"end":{"line":null,"column":-1}},"8":{"start":{"line":48,"column":0},"end":{"line":null,"column":-1}},"9":{"start":{"line":49,"column":0},"end":{"line":null,"column":-1}},"10":{"start":{"line":54,"column":0},"end":{"line":null,"column":-1}}},"fnMap":{"0":{"name":"data","decl":{"start":{"line":23,"column":0},"end":{"line":null,"column":-1}},"loc":{"start":{"line":23,"column":0},"end":{"line":27,"column":0}}},"1":{"name":"setSelected","decl":{"start":{"line":33,"column":0},"end":{"line":null,"column":-1}},"loc":{"start":{"line":33,"column":0},"end":{"line":35,"column":0}}},"2":{"name":"isActive","decl":{"start":{"line":36,"column":0},"end":{"line":null,"column":-1}},"loc":{"start":{"line":36,"column":0},"end":{"line":38,"column":0}}},"3":{"name":"maxSellPrice","decl":{"start":{"line":39,"column":0},"end":{"line":null,"column":-1}},"loc":{"start":{"line":39,"column":0},"end":{"line":44,"column":0}}},"4":{"name":"hasMarkets","decl":{"start":{"line":47,"column":0},"end":{"line":null,"column":-1}},"loc":{"start":{"line":47,"column":0},"end":{"line":50,"column":0}}},"5":{"name":"currency","decl":{"start":{"line":53,"column":0},"end":{"line":null,"column":-1}},"loc":{"start":{"line":53,"column":0},"end":{"line":55,"column":0}}}},"branchMap":{"0":{"loc":{"start":{"line":37,"column":0},"end":{"line":null,"column":-1}},"type":"binary-expr","locations":[{"start":{"line":37,"column":0},"end":{"line":null,"column":-1}},{"start":{"line":37,"column":0},"end":{"line":null,"column":-1}},{"start":{"line":37,"column":0},"end":{"line":null,"column":-1}}]},"1":{"loc":{"start":{"line":42,"column":0},"end":{"line":null,"column":-1}},"type":"if","locations":[{"start":{"line":42,"column":0},"end":{"line":null,"column":-1}},{"start":{"line":42,"column":0},"end":{"line":null,"column":-1}}]},"2":{"loc":{"start":{"line":48,"column":0},"end":{"line":null,"column":-1}},"type":"if","locations":[{"start":{"line":48,"column":0},"end":{"line":null,"column":-1}},{"start":{"line":48,"column":0},"end":{"line":null,"column":-1}}]}},"s":{"0":1,"1":0,"2":0,"3":0,"4":0,"5":0,"6":0,"7":0,"8":0,"9":0,"10":0},"f":{"0":0,"1":0,"2":0,"3":0,"4":0,"5":0},"b":{"0":[0,0,0],"1":[0,0],"2":[0,0]}}
,"/Users/jordy/Projects/coinaly-app/src/filters/index.js": {"path":"/Users/jordy/Projects/coinaly-app/src/filters/index.js","statementMap":{"0":{"start":{"line":3,"column":15},"end":{"line":3,"column":32}},"1":{"start":{"line":5,"column":0},"end":{"line":7,"column":2}},"2":{"start":{"line":6,"column":2},"end":{"line":6,"column":28}},"3":{"start":{"line":9,"column":0},"end":{"line":12,"column":2}},"4":{"start":{"line":10,"column":2},"end":{"line":10,"column":25}},"5":{"start":{"line":10,"column":14},"end":{"line":10,"column":25}},"6":{"start":{"line":11,"column":2},"end":{"line":11,"column":49}},"7":{"start":{"line":14,"column":0},"end":{"line":17,"column":2}},"8":{"start":{"line":15,"column":2},"end":{"line":15,"column":50}},"9":{"start":{"line":15,"column":38},"end":{"line":15,"column":50}},"10":{"start":{"line":16,"column":2},"end":{"line":16,"column":43}},"11":{"start":{"line":19,"column":0},"end":{"line":21,"column":2}},"12":{"start":{"line":20,"column":2},"end":{"line":20,"column":52}},"13":{"start":{"line":23,"column":0},"end":{"line":26,"column":2}},"14":{"start":{"line":24,"column":2},"end":{"line":24,"column":34}},"15":{"start":{"line":24,"column":22},"end":{"line":24,"column":34}},"16":{"start":{"line":25,"column":2},"end":{"line":25,"column":32}},"17":{"start":{"line":28,"column":0},"end":{"line":31,"column":2}},"18":{"start":{"line":29,"column":2},"end":{"line":29,"column":26}},"19":{"start":{"line":29,"column":14},"end":{"line":29,"column":26}},"20":{"start":{"line":30,"column":2},"end":{"line":30,"column":48}}},"fnMap":{"0":{"name":"(anonymous_0)","decl":{"start":{"line":5,"column":25},"end":{"line":5,"column":26}},"loc":{"start":{"line":5,"column":42},"end":{"line":7,"column":1}},"line":5},"1":{"name":"(anonymous_1)","decl":{"start":{"line":9,"column":23},"end":{"line":9,"column":24}},"loc":{"start":{"line":9,"column":54},"end":{"line":12,"column":1}},"line":9},"2":{"name":"(anonymous_2)","decl":{"start":{"line":14,"column":25},"end":{"line":14,"column":26}},"loc":{"start":{"line":14,"column":42},"end":{"line":17,"column":1}},"line":14},"3":{"name":"(anonymous_3)","decl":{"start":{"line":19,"column":27},"end":{"line":19,"column":28}},"loc":{"start":{"line":19,"column":44},"end":{"line":21,"column":1}},"line":19},"4":{"name":"(anonymous_4)","decl":{"start":{"line":23,"column":22},"end":{"line":23,"column":23}},"loc":{"start":{"line":23,"column":53},"end":{"line":26,"column":1}},"line":23},"5":{"name":"(anonymous_5)","decl":{"start":{"line":28,"column":21},"end":{"line":28,"column":22}},"loc":{"start":{"line":28,"column":38},"end":{"line":31,"column":1}},"line":28}},"branchMap":{"0":{"loc":{"start":{"line":9,"column":40},"end":{"line":9,"column":52}},"type":"default-arg","locations":[{"start":{"line":9,"column":49},"end":{"line":9,"column":52}}],"line":9},"1":{"loc":{"start":{"line":10,"column":2},"end":{"line":10,"column":25}},"type":"if","locations":[{"start":{"line":10,"column":2},"end":{"line":10,"column":25}},{"start":{"line":10,"column":2},"end":{"line":10,"column":25}}],"line":10},"2":{"loc":{"start":{"line":15,"column":2},"end":{"line":15,"column":50}},"type":"if","locations":[{"start":{"line":15,"column":2},"end":{"line":15,"column":50}},{"start":{"line":15,"column":2},"end":{"line":15,"column":50}}],"line":15},"3":{"loc":{"start":{"line":15,"column":6},"end":{"line":15,"column":36}},"type":"binary-expr","locations":[{"start":{"line":15,"column":6},"end":{"line":15,"column":20}},{"start":{"line":15,"column":24},"end":{"line":15,"column":36}}],"line":15},"4":{"loc":{"start":{"line":23,"column":39},"end":{"line":23,"column":51}},"type":"default-arg","locations":[{"start":{"line":23,"column":50},"end":{"line":23,"column":51}}],"line":23},"5":{"loc":{"start":{"line":24,"column":2},"end":{"line":24,"column":34}},"type":"if","locations":[{"start":{"line":24,"column":2},"end":{"line":24,"column":34}},{"start":{"line":24,"column":2},"end":{"line":24,"column":34}}],"line":24},"6":{"loc":{"start":{"line":29,"column":2},"end":{"line":29,"column":26}},"type":"if","locations":[{"start":{"line":29,"column":2},"end":{"line":29,"column":26}},{"start":{"line":29,"column":2},"end":{"line":29,"column":26}}],"line":29}},"s":{"0":3,"1":3,"2":1,"3":3,"4":3,"5":1,"6":2,"7":3,"8":4,"9":2,"10":2,"11":3,"12":1,"13":3,"14":2,"15":1,"16":1,"17":3,"18":87,"19":2,"20":85},"f":{"0":1,"1":3,"2":4,"3":1,"4":2,"5":87},"b":{"0":[2],"1":[1,2],"2":[2,2],"3":[4,3],"4":[2],"5":[1,1],"6":[2,85]},"_coverageSchema":"332fd63041d2c1bcb487cc26dd0d5f7d97098a6c","hash":"286e3b8b8fb9d6e3621d2e97f55c5db61bbabf21"}
,"/Users/jordy/Projects/coinaly-app/src/helpers/numbers.js": {"path":"/Users/jordy/Projects/coinaly-app/src/helpers/numbers.js","statementMap":{"0":{"start":{"line":2,"column":16},"end":{"line":2,"column":39}},"1":{"start":{"line":3,"column":2},"end":{"line":3,"column":53}},"2":{"start":{"line":7,"column":16},"end":{"line":7,"column":39}},"3":{"start":{"line":8,"column":2},"end":{"line":8,"column":53}},"4":{"start":{"line":12,"column":2},"end":{"line":12,"column":27}},"5":{"start":{"line":16,"column":2},"end":{"line":16,"column":26}},"6":{"start":{"line":20,"column":2},"end":{"line":20,"column":42}}},"fnMap":{"0":{"name":"incrementNumber","decl":{"start":{"line":1,"column":16},"end":{"line":1,"column":31}},"loc":{"start":{"line":1,"column":55},"end":{"line":4,"column":1}},"line":1},"1":{"name":"decrementNumber","decl":{"start":{"line":6,"column":16},"end":{"line":6,"column":31}},"loc":{"start":{"line":6,"column":55},"end":{"line":9,"column":1}},"line":6},"2":{"name":"roundNumberFloor","decl":{"start":{"line":11,"column":16},"end":{"line":11,"column":32}},"loc":{"start":{"line":11,"column":42},"end":{"line":13,"column":1}},"line":11},"3":{"name":"roundNumberCeil","decl":{"start":{"line":15,"column":16},"end":{"line":15,"column":31}},"loc":{"start":{"line":15,"column":41},"end":{"line":17,"column":1}},"line":15},"4":{"name":"percentageDifference","decl":{"start":{"line":19,"column":16},"end":{"line":19,"column":36}},"loc":{"start":{"line":19,"column":51},"end":{"line":21,"column":1}},"line":19}},"branchMap":{"0":{"loc":{"start":{"line":1,"column":41},"end":{"line":1,"column":53}},"type":"default-arg","locations":[{"start":{"line":1,"column":52},"end":{"line":1,"column":53}}],"line":1},"1":{"loc":{"start":{"line":6,"column":41},"end":{"line":6,"column":53}},"type":"default-arg","locations":[{"start":{"line":6,"column":52},"end":{"line":6,"column":53}}],"line":6}},"s":{"0":2,"1":2,"2":2,"3":2,"4":2,"5":2,"6":3},"f":{"0":2,"1":2,"2":2,"3":2,"4":3},"b":{"0":[2],"1":[2]},"_coverageSchema":"332fd63041d2c1bcb487cc26dd0d5f7d97098a6c","hash":"43e9957c1e7e672f44f133c40542a25ff30dc15b"}
,"/Users/jordy/Projects/coinaly-app/src/helpers/objects.js": {"path":"/Users/jordy/Projects/coinaly-app/src/helpers/objects.js","statementMap":{"0":{"start":{"line":4,"column":2},"end":{"line":6,"column":4}},"1":{"start":{"line":5,"column":4},"end":{"line":5,"column":30}}},"fnMap":{"0":{"name":"filterObjectKeys","decl":{"start":{"line":3,"column":16},"end":{"line":3,"column":32}},"loc":{"start":{"line":3,"column":47},"end":{"line":7,"column":1}},"line":3},"1":{"name":"(anonymous_1)","decl":{"start":{"line":4,"column":22},"end":{"line":4,"column":23}},"loc":{"start":{"line":4,"column":39},"end":{"line":6,"column":3}},"line":4}},"branchMap":{},"s":{"0":1,"1":3},"f":{"0":1,"1":3},"b":{},"_coverageSchema":"332fd63041d2c1bcb487cc26dd0d5f7d97098a6c","hash":"3cc5c31133983090d1e673781a1a8e0eec7637e3"}
,"/Users/jordy/Projects/coinaly-app/src/helpers/symbols.js": {"path":"/Users/jordy/Projects/coinaly-app/src/helpers/symbols.js","statementMap":{"0":{"start":{"line":1,"column":25},"end":{"line":1,"column":52}},"1":{"start":{"line":5,"column":33},"end":{"line":5,"column":59}},"2":{"start":{"line":6,"column":2},"end":{"line":6,"column":45}},"3":{"start":{"line":11,"column":33},"end":{"line":11,"column":59}},"4":{"start":{"line":12,"column":2},"end":{"line":12,"column":45}},"5":{"start":{"line":17,"column":27},"end":{"line":17,"column":47}},"6":{"start":{"line":18,"column":27},"end":{"line":18,"column":61}},"7":{"start":{"line":19,"column":2},"end":{"line":19,"column":47}},"8":{"start":{"line":19,"column":24},"end":{"line":19,"column":47}},"9":{"start":{"line":20,"column":2},"end":{"line":20,"column":13}},"10":{"start":{"line":25,"column":2},"end":{"line":25,"column":27}},"11":{"start":{"line":25,"column":16},"end":{"line":25,"column":27}},"12":{"start":{"line":26,"column":23},"end":{"line":26,"column":41}},"13":{"start":{"line":27,"column":2},"end":{"line":30,"column":4}},"14":{"start":{"line":28,"column":4},"end":{"line":28,"column":65}},"15":{"start":{"line":28,"column":34},"end":{"line":28,"column":65}},"16":{"start":{"line":29,"column":4},"end":{"line":29,"column":15}},"17":{"start":{"line":34,"column":27},"end":{"line":34,"column":47}},"18":{"start":{"line":35,"column":2},"end":{"line":35,"column":74}}},"fnMap":{"0":{"name":"marketSymbolToBaseSymbol","decl":{"start":{"line":4,"column":16},"end":{"line":4,"column":40}},"loc":{"start":{"line":4,"column":56},"end":{"line":7,"column":1}},"line":4},"1":{"name":"marketSymbolToQuoteSymbol","decl":{"start":{"line":10,"column":16},"end":{"line":10,"column":41}},"loc":{"start":{"line":10,"column":57},"end":{"line":13,"column":1}},"line":10},"2":{"name":"symbolToName","decl":{"start":{"line":16,"column":16},"end":{"line":16,"column":28}},"loc":{"start":{"line":16,"column":38},"end":{"line":21,"column":1}},"line":16},"3":{"name":"symbolsToNames","decl":{"start":{"line":24,"column":16},"end":{"line":24,"column":30}},"loc":{"start":{"line":24,"column":41},"end":{"line":31,"column":1}},"line":24},"4":{"name":"(anonymous_4)","decl":{"start":{"line":27,"column":26},"end":{"line":27,"column":27}},"loc":{"start":{"line":27,"column":36},"end":{"line":30,"column":3}},"line":27},"5":{"name":"symbolIconLocation","decl":{"start":{"line":33,"column":16},"end":{"line":33,"column":34}},"loc":{"start":{"line":33,"column":44},"end":{"line":36,"column":1}},"line":33}},"branchMap":{"0":{"loc":{"start":{"line":19,"column":2},"end":{"line":19,"column":47}},"type":"if","locations":[{"start":{"line":19,"column":2},"end":{"line":19,"column":47}},{"start":{"line":19,"column":2},"end":{"line":19,"column":47}}],"line":19},"1":{"loc":{"start":{"line":25,"column":2},"end":{"line":25,"column":27}},"type":"if","locations":[{"start":{"line":25,"column":2},"end":{"line":25,"column":27}},{"start":{"line":25,"column":2},"end":{"line":25,"column":27}}],"line":25},"2":{"loc":{"start":{"line":28,"column":4},"end":{"line":28,"column":65}},"type":"if","locations":[{"start":{"line":28,"column":4},"end":{"line":28,"column":65}},{"start":{"line":28,"column":4},"end":{"line":28,"column":65}}],"line":28}},"s":{"0":4,"1":2,"2":2,"3":2,"4":2,"5":87,"6":87,"7":87,"8":86,"9":1,"10":5,"11":1,"12":4,"13":4,"14":6,"15":5,"16":1,"17":86,"18":86},"f":{"0":2,"1":2,"2":87,"3":5,"4":6,"5":86},"b":{"0":[86,1],"1":[1,4],"2":[5,1]},"_coverageSchema":"332fd63041d2c1bcb487cc26dd0d5f7d97098a6c","hash":"cadbc3c222690259067b330232dfef5a76f1de01"}
}
