{"/Users/jordy/Projects/coinaly-app/src/components/ListRadioCurrency.vue": {"path":"/Users/jordy/Projects/coinaly-app/src/components/ListRadioCurrency.vue","statementMap":{"0":{"start":{"line":21,"column":0},"end":{"line":null,"column":-1}},"1":{"start":{"line":27,"column":0},"end":{"line":null,"column":-1}},"2":{"start":{"line":35,"column":0},"end":{"line":null,"column":-1}},"3":{"start":{"line":38,"column":0},"end":{"line":null,"column":-1}},"4":{"start":{"line":43,"column":0},"end":{"line":null,"column":-1}},"5":{"start":{"line":44,"column":0},"end":{"line":null,"column":-1}},"6":{"start":{"line":49,"column":0},"end":{"line":null,"column":-1}}},"fnMap":{"0":{"name":"data","decl":{"start":{"line":26,"column":0},"end":{"line":null,"column":-1}},"loc":{"start":{"line":26,"column":0},"end":{"line":30,"column":0}}},"1":{"name":"setSelected","decl":{"start":{"line":34,"column":0},"end":{"line":null,"column":-1}},"loc":{"start":{"line":34,"column":0},"end":{"line":36,"column":0}}},"2":{"name":"isActive","decl":{"start":{"line":37,"column":0},"end":{"line":null,"column":-1}},"loc":{"start":{"line":37,"column":0},"end":{"line":39,"column":0}}},"3":{"name":"hasCurrencies","decl":{"start":{"line":42,"column":0},"end":{"line":null,"column":-1}},"loc":{"start":{"line":42,"column":0},"end":{"line":45,"column":0}}},"4":{"name":"currency","decl":{"start":{"line":48,"column":0},"end":{"line":null,"column":-1}},"loc":{"start":{"line":48,"column":0},"end":{"line":50,"column":0}}}},"branchMap":{"0":{"loc":{"start":{"line":38,"column":0},"end":{"line":null,"column":-1}},"type":"binary-expr","locations":[{"start":{"line":38,"column":0},"end":{"line":null,"column":-1}},{"start":{"line":38,"column":0},"end":{"line":null,"column":-1}},{"start":{"line":38,"column":0},"end":{"line":null,"column":-1}}]},"1":{"loc":{"start":{"line":43,"column":0},"end":{"line":null,"column":-1}},"type":"if","locations":[{"start":{"line":43,"column":0},"end":{"line":null,"column":-1}},{"start":{"line":43,"column":0},"end":{"line":null,"column":-1}}]}},"s":{"0":2,"1":10,"2":2,"3":78,"4":12,"5":10,"6":2},"f":{"0":10,"1":2,"2":78,"3":11,"4":2},"b":{"0":[78,76,75],"1":[1,10]}}
,"/Users/jordy/Projects/coinaly-app/src/components/SelectMarket.vue": {"path":"/Users/jordy/Projects/coinaly-app/src/components/SelectMarket.vue","statementMap":{"0":{"start":{"line":41,"column":0},"end":{"line":null,"column":-1}},"1":{"start":{"line":42,"column":0},"end":{"line":null,"column":-1}},"2":{"start":{"line":43,"column":0},"end":{"line":null,"column":-1}},"3":{"start":{"line":64,"column":0},"end":{"line":null,"column":-1}},"4":{"start":{"line":71,"column":0},"end":{"line":null,"column":-1}},"5":{"start":{"line":76,"column":0},"end":{"line":null,"column":-1}},"6":{"start":{"line":79,"column":0},"end":{"line":null,"column":-1}},"7":{"start":{"line":82,"column":0},"end":{"line":null,"column":-1}},"8":{"start":{"line":85,"column":0},"end":{"line":null,"column":-1}},"9":{"start":{"line":86,"column":0},"end":{"line":null,"column":-1}},"10":{"start":{"line":87,"column":0},"end":{"line":null,"column":-1}},"11":{"start":{"line":88,"column":0},"end":{"line":null,"column":-1}},"12":{"start":{"line":91,"column":0},"end":{"line":null,"column":-1}},"13":{"start":{"line":92,"column":0},"end":{"line":null,"column":-1}},"14":{"start":{"line":93,"column":0},"end":{"line":null,"column":-1}},"15":{"start":{"line":98,"column":0},"end":{"line":null,"column":-1}}},"fnMap":{"0":{"name":"data","decl":{"start":{"line":63,"column":0},"end":{"line":null,"column":-1}},"loc":{"start":{"line":63,"column":0},"end":{"line":68,"column":0}}},"1":{"name":"hasMarkets","decl":{"start":{"line":70,"column":0},"end":{"line":null,"column":-1}},"loc":{"start":{"line":70,"column":0},"end":{"line":72,"column":0}}},"2":{"name":"setSelected","decl":{"start":{"line":75,"column":0},"end":{"line":null,"column":-1}},"loc":{"start":{"line":75,"column":0},"end":{"line":77,"column":0}}},"3":{"name":"handleSelectedCurrency","decl":{"start":{"line":78,"column":0},"end":{"line":null,"column":-1}},"loc":{"start":{"line":78,"column":0},"end":{"line":80,"column":0}}},"4":{"name":"marketSymbolToBaseSymbol","decl":{"start":{"line":81,"column":0},"end":{"line":null,"column":-1}},"loc":{"start":{"line":81,"column":0},"end":{"line":83,"column":0}}},"5":{"name":"maxSellPrice","decl":{"start":{"line":84,"column":0},"end":{"line":null,"column":-1}},"loc":{"start":{"line":84,"column":0},"end":{"line":89,"column":0}}},"6":{"name":"fullCurrencyName","decl":{"start":{"line":90,"column":0},"end":{"line":null,"column":-1}},"loc":{"start":{"line":90,"column":0},"end":{"line":94,"column":0}}},"7":{"name":"baseCurrency","decl":{"start":{"line":97,"column":0},"end":{"line":null,"column":-1}},"loc":{"start":{"line":97,"column":0},"end":{"line":99,"column":0}}}},"branchMap":{"0":{"loc":{"start":{"line":87,"column":0},"end":{"line":null,"column":-1}},"type":"if","locations":[{"start":{"line":87,"column":0},"end":{"line":null,"column":-1}},{"start":{"line":87,"column":0},"end":{"line":null,"column":-1}}]},"1":{"loc":{"start":{"line":92,"column":0},"end":{"line":null,"column":-1}},"type":"if","locations":[{"start":{"line":92,"column":0},"end":{"line":null,"column":-1}},{"start":{"line":92,"column":0},"end":{"line":null,"column":-1}}]}},"s":{"0":1,"1":1,"2":1,"3":1,"4":1,"5":0,"6":0,"7":66,"8":8,"9":8,"10":12,"11":4,"12":12,"13":24,"14":0,"15":0},"f":{"0":1,"1":1,"2":0,"3":0,"4":66,"5":8,"6":12,"7":0},"b":{"0":[12,12],"1":[12,0]}}
,"/Users/jordy/Projects/coinaly-app/src/filters/index.js": {"path":"/Users/jordy/Projects/coinaly-app/src/filters/index.js","statementMap":{"0":{"start":{"line":3,"column":15},"end":{"line":3,"column":32}},"1":{"start":{"line":5,"column":0},"end":{"line":7,"column":2}},"2":{"start":{"line":6,"column":2},"end":{"line":6,"column":28}},"3":{"start":{"line":9,"column":0},"end":{"line":12,"column":2}},"4":{"start":{"line":10,"column":2},"end":{"line":10,"column":25}},"5":{"start":{"line":10,"column":14},"end":{"line":10,"column":25}},"6":{"start":{"line":11,"column":2},"end":{"line":11,"column":49}},"7":{"start":{"line":14,"column":0},"end":{"line":17,"column":2}},"8":{"start":{"line":15,"column":2},"end":{"line":15,"column":50}},"9":{"start":{"line":15,"column":38},"end":{"line":15,"column":50}},"10":{"start":{"line":16,"column":2},"end":{"line":16,"column":43}},"11":{"start":{"line":19,"column":0},"end":{"line":21,"column":2}},"12":{"start":{"line":20,"column":2},"end":{"line":20,"column":52}},"13":{"start":{"line":23,"column":0},"end":{"line":26,"column":2}},"14":{"start":{"line":24,"column":2},"end":{"line":24,"column":34}},"15":{"start":{"line":24,"column":22},"end":{"line":24,"column":34}},"16":{"start":{"line":25,"column":2},"end":{"line":25,"column":32}},"17":{"start":{"line":28,"column":0},"end":{"line":31,"column":2}},"18":{"start":{"line":29,"column":2},"end":{"line":29,"column":26}},"19":{"start":{"line":29,"column":14},"end":{"line":29,"column":26}},"20":{"start":{"line":30,"column":2},"end":{"line":30,"column":48}}},"fnMap":{"0":{"name":"(anonymous_0)","decl":{"start":{"line":5,"column":25},"end":{"line":5,"column":26}},"loc":{"start":{"line":5,"column":42},"end":{"line":7,"column":1}},"line":5},"1":{"name":"(anonymous_1)","decl":{"start":{"line":9,"column":23},"end":{"line":9,"column":24}},"loc":{"start":{"line":9,"column":54},"end":{"line":12,"column":1}},"line":9},"2":{"name":"(anonymous_2)","decl":{"start":{"line":14,"column":25},"end":{"line":14,"column":26}},"loc":{"start":{"line":14,"column":42},"end":{"line":17,"column":1}},"line":14},"3":{"name":"(anonymous_3)","decl":{"start":{"line":19,"column":27},"end":{"line":19,"column":28}},"loc":{"start":{"line":19,"column":44},"end":{"line":21,"column":1}},"line":19},"4":{"name":"(anonymous_4)","decl":{"start":{"line":23,"column":22},"end":{"line":23,"column":23}},"loc":{"start":{"line":23,"column":53},"end":{"line":26,"column":1}},"line":23},"5":{"name":"(anonymous_5)","decl":{"start":{"line":28,"column":21},"end":{"line":28,"column":22}},"loc":{"start":{"line":28,"column":38},"end":{"line":31,"column":1}},"line":28}},"branchMap":{"0":{"loc":{"start":{"line":9,"column":40},"end":{"line":9,"column":52}},"type":"default-arg","locations":[{"start":{"line":9,"column":49},"end":{"line":9,"column":52}}],"line":9},"1":{"loc":{"start":{"line":10,"column":2},"end":{"line":10,"column":25}},"type":"if","locations":[{"start":{"line":10,"column":2},"end":{"line":10,"column":25}},{"start":{"line":10,"column":2},"end":{"line":10,"column":25}}],"line":10},"2":{"loc":{"start":{"line":15,"column":2},"end":{"line":15,"column":50}},"type":"if","locations":[{"start":{"line":15,"column":2},"end":{"line":15,"column":50}},{"start":{"line":15,"column":2},"end":{"line":15,"column":50}}],"line":15},"3":{"loc":{"start":{"line":15,"column":6},"end":{"line":15,"column":36}},"type":"binary-expr","locations":[{"start":{"line":15,"column":6},"end":{"line":15,"column":20}},{"start":{"line":15,"column":24},"end":{"line":15,"column":36}}],"line":15},"4":{"loc":{"start":{"line":23,"column":39},"end":{"line":23,"column":51}},"type":"default-arg","locations":[{"start":{"line":23,"column":50},"end":{"line":23,"column":51}}],"line":23},"5":{"loc":{"start":{"line":24,"column":2},"end":{"line":24,"column":34}},"type":"if","locations":[{"start":{"line":24,"column":2},"end":{"line":24,"column":34}},{"start":{"line":24,"column":2},"end":{"line":24,"column":34}}],"line":24},"6":{"loc":{"start":{"line":29,"column":2},"end":{"line":29,"column":26}},"type":"if","locations":[{"start":{"line":29,"column":2},"end":{"line":29,"column":26}},{"start":{"line":29,"column":2},"end":{"line":29,"column":26}}],"line":29}},"s":{"0":3,"1":3,"2":1,"3":3,"4":3,"5":1,"6":2,"7":3,"8":4,"9":2,"10":2,"11":3,"12":1,"13":3,"14":2,"15":1,"16":1,"17":3,"18":87,"19":6,"20":81},"f":{"0":1,"1":3,"2":4,"3":1,"4":2,"5":87},"b":{"0":[2],"1":[1,2],"2":[2,2],"3":[4,3],"4":[2],"5":[1,1],"6":[6,81]},"_coverageSchema":"332fd63041d2c1bcb487cc26dd0d5f7d97098a6c","hash":"286e3b8b8fb9d6e3621d2e97f55c5db61bbabf21"}
,"/Users/jordy/Projects/coinaly-app/src/helpers/symbols.js": {"path":"/Users/jordy/Projects/coinaly-app/src/helpers/symbols.js","statementMap":{"0":{"start":{"line":1,"column":25},"end":{"line":1,"column":52}},"1":{"start":{"line":5,"column":33},"end":{"line":5,"column":59}},"2":{"start":{"line":6,"column":2},"end":{"line":6,"column":45}},"3":{"start":{"line":11,"column":33},"end":{"line":11,"column":59}},"4":{"start":{"line":12,"column":2},"end":{"line":12,"column":45}},"5":{"start":{"line":17,"column":27},"end":{"line":17,"column":47}},"6":{"start":{"line":18,"column":27},"end":{"line":18,"column":61}},"7":{"start":{"line":19,"column":2},"end":{"line":19,"column":47}},"8":{"start":{"line":19,"column":24},"end":{"line":19,"column":47}},"9":{"start":{"line":20,"column":2},"end":{"line":20,"column":13}},"10":{"start":{"line":25,"column":2},"end":{"line":25,"column":27}},"11":{"start":{"line":25,"column":16},"end":{"line":25,"column":27}},"12":{"start":{"line":26,"column":23},"end":{"line":26,"column":41}},"13":{"start":{"line":27,"column":2},"end":{"line":30,"column":4}},"14":{"start":{"line":28,"column":4},"end":{"line":28,"column":65}},"15":{"start":{"line":28,"column":34},"end":{"line":28,"column":65}},"16":{"start":{"line":29,"column":4},"end":{"line":29,"column":15}},"17":{"start":{"line":34,"column":27},"end":{"line":34,"column":47}},"18":{"start":{"line":35,"column":2},"end":{"line":35,"column":74}}},"fnMap":{"0":{"name":"marketSymbolToBaseSymbol","decl":{"start":{"line":4,"column":16},"end":{"line":4,"column":40}},"loc":{"start":{"line":4,"column":56},"end":{"line":7,"column":1}},"line":4},"1":{"name":"marketSymbolToQuoteSymbol","decl":{"start":{"line":10,"column":16},"end":{"line":10,"column":41}},"loc":{"start":{"line":10,"column":57},"end":{"line":13,"column":1}},"line":10},"2":{"name":"symbolToName","decl":{"start":{"line":16,"column":16},"end":{"line":16,"column":28}},"loc":{"start":{"line":16,"column":38},"end":{"line":21,"column":1}},"line":16},"3":{"name":"symbolsToNames","decl":{"start":{"line":24,"column":16},"end":{"line":24,"column":30}},"loc":{"start":{"line":24,"column":41},"end":{"line":31,"column":1}},"line":24},"4":{"name":"(anonymous_4)","decl":{"start":{"line":27,"column":26},"end":{"line":27,"column":27}},"loc":{"start":{"line":27,"column":36},"end":{"line":30,"column":3}},"line":27},"5":{"name":"symbolIconLocation","decl":{"start":{"line":33,"column":16},"end":{"line":33,"column":34}},"loc":{"start":{"line":33,"column":44},"end":{"line":36,"column":1}},"line":33}},"branchMap":{"0":{"loc":{"start":{"line":19,"column":2},"end":{"line":19,"column":47}},"type":"if","locations":[{"start":{"line":19,"column":2},"end":{"line":19,"column":47}},{"start":{"line":19,"column":2},"end":{"line":19,"column":47}}],"line":19},"1":{"loc":{"start":{"line":25,"column":2},"end":{"line":25,"column":27}},"type":"if","locations":[{"start":{"line":25,"column":2},"end":{"line":25,"column":27}},{"start":{"line":25,"column":2},"end":{"line":25,"column":27}}],"line":25},"2":{"loc":{"start":{"line":28,"column":4},"end":{"line":28,"column":65}},"type":"if","locations":[{"start":{"line":28,"column":4},"end":{"line":28,"column":65}},{"start":{"line":28,"column":4},"end":{"line":28,"column":65}}],"line":28}},"s":{"0":3,"1":2,"2":2,"3":2,"4":2,"5":81,"6":81,"7":81,"8":80,"9":1,"10":5,"11":1,"12":4,"13":4,"14":6,"15":5,"16":1,"17":80,"18":80},"f":{"0":2,"1":2,"2":81,"3":5,"4":6,"5":80},"b":{"0":[80,1],"1":[1,4],"2":[5,1]},"_coverageSchema":"332fd63041d2c1bcb487cc26dd0d5f7d97098a6c","hash":"cadbc3c222690259067b330232dfef5a76f1de01"}
}
