TN:
SF:/Users/jordy/Projects/coinaly-app/src/components/ListRadioCurrency.vue
FN:26,data
FN:34,setSelected
FN:37,isActive
FN:42,hasCurrencies
FN:48,currency
FNF:5
FNH:5
FNDA:10,data
FNDA:2,setSelected
FNDA:78,isActive
FNDA:11,hasCurrencies
FNDA:2,currency
DA:21,2
DA:27,10
DA:35,2
DA:38,78
DA:43,12
DA:44,10
DA:49,2
LF:7
LH:7
BRDA:38,0,0,78
BRDA:38,0,1,76
BRDA:38,0,2,75
BRDA:43,1,0,1
BRDA:43,1,1,10
BRF:5
BRH:5
end_of_record
TN:
SF:/Users/jordy/Projects/coinaly-app/src/components/SelectMarket.vue
FN:63,data
FN:70,hasMarkets
FN:75,setSelected
FN:78,handleSelectedCurrency
FN:81,marketSymbolToBaseSymbol
FN:84,maxSellPrice
FN:90,fullCurrencyName
FN:97,baseCurrency
FNF:8
FNH:5
FNDA:1,data
FNDA:1,hasMarkets
FNDA:0,setSelected
FNDA:0,handleSelectedCurrency
FNDA:66,marketSymbolToBaseSymbol
FNDA:8,maxSellPrice
FNDA:12,fullCurrencyName
FNDA:0,baseCurrency
DA:41,1
DA:42,1
DA:43,1
DA:64,1
DA:71,1
DA:76,0
DA:79,0
DA:82,66
DA:85,8
DA:86,8
DA:87,12
DA:88,4
DA:91,12
DA:92,24
DA:93,0
DA:98,0
LF:16
LH:12
BRDA:87,0,0,12
BRDA:87,0,1,12
BRDA:92,1,0,12
BRDA:92,1,1,0
BRF:4
BRH:3
end_of_record
TN:
SF:/Users/jordy/Projects/coinaly-app/src/filters/index.js
FN:5,(anonymous_0)
FN:9,(anonymous_1)
FN:14,(anonymous_2)
FN:19,(anonymous_3)
FN:23,(anonymous_4)
FN:28,(anonymous_5)
FNF:6
FNH:6
FNDA:1,(anonymous_0)
FNDA:3,(anonymous_1)
FNDA:4,(anonymous_2)
FNDA:1,(anonymous_3)
FNDA:2,(anonymous_4)
FNDA:87,(anonymous_5)
DA:3,3
DA:5,3
DA:6,1
DA:9,3
DA:10,3
DA:11,2
DA:14,3
DA:15,4
DA:16,2
DA:19,3
DA:20,1
DA:23,3
DA:24,2
DA:25,1
DA:28,3
DA:29,87
DA:30,81
LF:17
LH:17
BRDA:9,0,0,2
BRDA:10,1,0,1
BRDA:10,1,1,2
BRDA:15,2,0,2
BRDA:15,2,1,2
BRDA:15,3,0,4
BRDA:15,3,1,3
BRDA:23,4,0,2
BRDA:24,5,0,1
BRDA:24,5,1,1
BRDA:29,6,0,6
BRDA:29,6,1,81
BRF:12
BRH:12
end_of_record
TN:
SF:/Users/jordy/Projects/coinaly-app/src/helpers/symbols.js
FN:4,marketSymbolToBaseSymbol
FN:10,marketSymbolToQuoteSymbol
FN:16,symbolToName
FN:24,symbolsToNames
FN:27,(anonymous_4)
FN:33,symbolIconLocation
FNF:6
FNH:6
FNDA:2,marketSymbolToBaseSymbol
FNDA:2,marketSymbolToQuoteSymbol
FNDA:81,symbolToName
FNDA:5,symbolsToNames
FNDA:6,(anonymous_4)
FNDA:80,symbolIconLocation
DA:1,3
DA:5,2
DA:6,2
DA:11,2
DA:12,2
DA:17,81
DA:18,81
DA:19,81
DA:20,1
DA:25,5
DA:26,4
DA:27,4
DA:28,6
DA:29,1
DA:34,80
DA:35,80
LF:16
LH:16
BRDA:19,0,0,80
BRDA:19,0,1,1
BRDA:25,1,0,1
BRDA:25,1,1,4
BRDA:28,2,0,5
BRDA:28,2,1,1
BRF:6
BRH:6
end_of_record
