TN:
SF:/Users/jordy/Projects/coinaly-app/src/components/CardEmpty.vue
FN:1,(anonymous_0)
FN:23,render
FNF:2
FNH:2
FNDA:3,(anonymous_0)
FNDA:4,render
DA:1,3
DA:4,3
DA:17,3
DA:22,3
DA:23,4
DA:24,3
LF:6
LH:6
BRDA:22,0,0,3
BRDA:22,0,1,0
BRDA:22,1,0,0
BRDA:22,1,1,3
BRDA:23,2,0,4
BRDA:23,2,1,0
BRDA:23,3,0,3
BRDA:23,3,1,1
BRDA:23,4,0,0
BRDA:23,4,1,3
BRDA:23,5,0,3
BRDA:23,5,1,0
BRF:12
BRH:7
end_of_record
TN:
SF:/Users/jordy/Projects/coinaly-app/src/components/CardLoading.vue
FN:1,(anonymous_0)
FN:20,render
FNF:2
FNH:2
FNDA:3,(anonymous_0)
FNDA:4,render
DA:1,3
DA:4,3
DA:14,3
DA:19,3
DA:20,4
DA:21,3
LF:6
LH:6
BRDA:19,0,0,3
BRDA:19,0,1,0
BRDA:19,1,0,0
BRDA:19,1,1,3
BRDA:20,2,0,4
BRDA:20,2,1,0
BRDA:20,3,0,3
BRDA:20,3,1,1
BRF:8
BRH:5
end_of_record
TN:
SF:/Users/jordy/Projects/coinaly-app/src/components/CardTrade.vue
FN:1,(anonymous_0)
FN:29,render
FN:30,render
FNF:3
FNH:3
FNDA:1,(anonymous_0)
FNDA:1,render
FNDA:1,render
DA:1,1
DA:4,1
DA:24,1
DA:28,1
DA:29,1
DA:30,1
LF:6
LH:6
BRDA:28,0,0,1
BRDA:28,0,1,0
BRDA:28,1,0,0
BRDA:28,1,1,1
BRDA:29,2,0,1
BRDA:29,2,1,0
BRDA:30,3,0,1
BRDA:30,3,1,0
BRF:8
BRH:4
end_of_record
TN:
SF:/Users/jordy/Projects/coinaly-app/src/components/card/CardSelectBalance.vue
FN:35,data
FN:41,hasBalances
FN:47,handleSelectedCurrency
FNF:3
FNH:3
FNDA:4,data
FNDA:6,hasBalances
FNDA:1,handleSelectedCurrency
DA:23,1
DA:24,1
DA:25,1
DA:36,4
DA:42,10
DA:43,2
DA:48,1
LF:7
LH:7
BRDA:37,0,0,4
BRDA:37,0,1,4
BRDA:42,1,0,4
BRDA:42,1,1,2
BRF:4
BRH:4
end_of_record
TN:
SF:/Users/jordy/Projects/coinaly-app/src/components/card/CardSelectMarket.vue
FN:51,data
FN:57,hasMarkets
FN:63,handleSelectedCurrency
FN:68,baseCurrency
FNF:4
FNH:4
FNDA:2,data
FNDA:3,hasMarkets
FNDA:1,handleSelectedCurrency
FNDA:1,baseCurrency
DA:29,1
DA:30,1
DA:31,1
DA:52,2
DA:58,5
DA:59,1
DA:64,1
DA:69,1
LF:8
LH:8
BRDA:58,0,0,2
BRDA:58,0,1,1
BRF:2
BRH:2
end_of_record
TN:
SF:/Users/jordy/Projects/coinaly-app/src/components/list-group/ListGroupSelectCurrencies.vue
FN:23,data
FN:31,setSelected
FN:34,isActive
FN:39,hasCurrencies
FN:45,currency
FNF:5
FNH:5
FNDA:11,data
FNDA:2,setSelected
FNDA:84,isActive
FNDA:2,hasCurrencies
FNDA:2,currency
DA:18,2
DA:24,11
DA:32,2
DA:35,84
DA:40,3
DA:41,1
DA:46,2
LF:7
LH:7
BRDA:35,0,0,84
BRDA:35,0,1,82
BRDA:35,0,2,81
BRDA:40,1,0,1
BRDA:40,1,1,1
BRF:5
BRH:5
end_of_record
TN:
SF:/Users/jordy/Projects/coinaly-app/src/components/list-group/ListGroupSelectMarkets.vue
FN:23,data
FN:33,setSelected
FN:36,isActive
FN:39,maxSellPrice
FN:47,hasMarkets
FN:53,currency
FNF:6
FNH:0
FNDA:0,data
FNDA:0,setSelected
FNDA:0,isActive
FNDA:0,maxSellPrice
FNDA:0,hasMarkets
FNDA:0,currency
DA:18,1
DA:24,0
DA:34,0
DA:37,0
DA:40,0
DA:41,0
DA:42,0
DA:43,0
DA:48,0
DA:49,0
DA:54,0
LF:11
LH:1
BRDA:37,0,0,0
BRDA:37,0,1,0
BRDA:37,0,2,0
BRDA:42,1,0,0
BRDA:42,1,1,0
BRDA:48,2,0,0
BRDA:48,2,1,0
BRF:7
BRH:0
end_of_record
TN:
SF:/Users/jordy/Projects/coinaly-app/src/filters/index.js
FN:5,(anonymous_0)
FN:9,(anonymous_1)
FN:14,(anonymous_2)
FN:19,(anonymous_3)
FN:23,(anonymous_4)
FN:28,(anonymous_5)
FNF:6
FNH:6
FNDA:1,(anonymous_0)
FNDA:3,(anonymous_1)
FNDA:4,(anonymous_2)
FNDA:1,(anonymous_3)
FNDA:2,(anonymous_4)
FNDA:87,(anonymous_5)
DA:3,3
DA:5,3
DA:6,1
DA:9,3
DA:10,3
DA:11,2
DA:14,3
DA:15,4
DA:16,2
DA:19,3
DA:20,1
DA:23,3
DA:24,2
DA:25,1
DA:28,3
DA:29,87
DA:30,85
LF:17
LH:17
BRDA:9,0,0,2
BRDA:10,1,0,1
BRDA:10,1,1,2
BRDA:15,2,0,2
BRDA:15,2,1,2
BRDA:15,3,0,4
BRDA:15,3,1,3
BRDA:23,4,0,2
BRDA:24,5,0,1
BRDA:24,5,1,1
BRDA:29,6,0,2
BRDA:29,6,1,85
BRF:12
BRH:12
end_of_record
TN:
SF:/Users/jordy/Projects/coinaly-app/src/helpers/numbers.js
FN:1,incrementNumber
FN:6,decrementNumber
FN:11,roundNumberFloor
FN:15,roundNumberCeil
FN:19,percentageDifference
FNF:5
FNH:5
FNDA:2,incrementNumber
FNDA:2,decrementNumber
FNDA:2,roundNumberFloor
FNDA:2,roundNumberCeil
FNDA:3,percentageDifference
DA:2,2
DA:3,2
DA:7,2
DA:8,2
DA:12,2
DA:16,2
DA:20,3
LF:7
LH:7
BRDA:1,0,0,2
BRDA:6,1,0,2
BRF:2
BRH:2
end_of_record
TN:
SF:/Users/jordy/Projects/coinaly-app/src/helpers/objects.js
FN:3,filterObjectKeys
FN:4,(anonymous_1)
FNF:2
FNH:2
FNDA:1,filterObjectKeys
FNDA:3,(anonymous_1)
DA:4,1
DA:5,3
LF:2
LH:2
BRF:0
BRH:0
end_of_record
TN:
SF:/Users/jordy/Projects/coinaly-app/src/helpers/symbols.js
FN:4,marketSymbolToBaseSymbol
FN:10,marketSymbolToQuoteSymbol
FN:16,symbolToName
FN:24,symbolsToNames
FN:27,(anonymous_4)
FN:33,symbolIconLocation
FNF:6
FNH:6
FNDA:2,marketSymbolToBaseSymbol
FNDA:2,marketSymbolToQuoteSymbol
FNDA:87,symbolToName
FNDA:5,symbolsToNames
FNDA:6,(anonymous_4)
FNDA:86,symbolIconLocation
DA:1,4
DA:5,2
DA:6,2
DA:11,2
DA:12,2
DA:17,87
DA:18,87
DA:19,87
DA:20,1
DA:25,5
DA:26,4
DA:27,4
DA:28,6
DA:29,1
DA:34,86
DA:35,86
LF:16
LH:16
BRDA:19,0,0,86
BRDA:19,0,1,1
BRDA:25,1,0,1
BRDA:25,1,1,4
BRDA:28,2,0,5
BRDA:28,2,1,1
BRF:6
BRH:6
end_of_record
